[2021-09-16 01:35:04,274] {scheduler_job.py:182} INFO - Started process (PID=45140) to work on /home/airflow/airflow/dags/elasticsearch_dag.py
[2021-09-16 01:35:04,292] {scheduler_job.py:633} INFO - Processing file /home/airflow/airflow/dags/elasticsearch_dag.py for tasks to queue
[2021-09-16 01:35:04,297] {logging_mixin.py:104} INFO - [2021-09-16 01:35:04,297] {dagbag.py:487} INFO - Filling up the DagBag from /home/airflow/airflow/dags/elasticsearch_dag.py
[2021-09-16 01:35:08,591] {scheduler_job.py:643} INFO - DAG(s) dict_keys(['elasticsearch_dag']) retrieved from /home/airflow/airflow/dags/elasticsearch_dag.py
[2021-09-16 01:35:08,718] {logging_mixin.py:104} INFO - [2021-09-16 01:35:08,717] {dag.py:1832} INFO - Sync 1 DAGs
[2021-09-16 01:35:08,895] {logging_mixin.py:104} INFO - [2021-09-16 01:35:08,895] {dag.py:2305} INFO - Setting next_dagrun for elasticsearch_dag to 2021-09-16 00:00:00+00:00
[2021-09-16 01:35:08,987] {scheduler_job.py:190} INFO - Processing /home/airflow/airflow/dags/elasticsearch_dag.py took 4.721 seconds
[2021-09-16 01:35:39,757] {scheduler_job.py:182} INFO - Started process (PID=45925) to work on /home/airflow/airflow/dags/elasticsearch_dag.py
[2021-09-16 01:35:39,759] {scheduler_job.py:633} INFO - Processing file /home/airflow/airflow/dags/elasticsearch_dag.py for tasks to queue
[2021-09-16 01:35:39,763] {logging_mixin.py:104} INFO - [2021-09-16 01:35:39,763] {dagbag.py:487} INFO - Filling up the DagBag from /home/airflow/airflow/dags/elasticsearch_dag.py
[2021-09-16 01:35:40,029] {scheduler_job.py:643} INFO - DAG(s) dict_keys(['elasticsearch_dag']) retrieved from /home/airflow/airflow/dags/elasticsearch_dag.py
[2021-09-16 01:35:40,045] {logging_mixin.py:104} INFO - [2021-09-16 01:35:40,045] {dag.py:1832} INFO - Sync 1 DAGs
[2021-09-16 01:35:40,056] {logging_mixin.py:104} INFO - [2021-09-16 01:35:40,056] {dag.py:2305} INFO - Setting next_dagrun for elasticsearch_dag to 2021-09-16 00:00:00+00:00
[2021-09-16 01:35:40,063] {scheduler_job.py:190} INFO - Processing /home/airflow/airflow/dags/elasticsearch_dag.py took 0.309 seconds
[2021-09-16 01:36:10,401] {scheduler_job.py:182} INFO - Started process (PID=46443) to work on /home/airflow/airflow/dags/elasticsearch_dag.py
[2021-09-16 01:36:10,402] {scheduler_job.py:633} INFO - Processing file /home/airflow/airflow/dags/elasticsearch_dag.py for tasks to queue
[2021-09-16 01:36:10,403] {logging_mixin.py:104} INFO - [2021-09-16 01:36:10,403] {dagbag.py:487} INFO - Filling up the DagBag from /home/airflow/airflow/dags/elasticsearch_dag.py
[2021-09-16 01:36:10,720] {scheduler_job.py:643} INFO - DAG(s) dict_keys(['elasticsearch_dag']) retrieved from /home/airflow/airflow/dags/elasticsearch_dag.py
[2021-09-16 01:36:10,731] {logging_mixin.py:104} INFO - [2021-09-16 01:36:10,731] {dag.py:1832} INFO - Sync 1 DAGs
[2021-09-16 01:36:10,740] {logging_mixin.py:104} INFO - [2021-09-16 01:36:10,740] {dag.py:2305} INFO - Setting next_dagrun for elasticsearch_dag to 2021-09-16 00:00:00+00:00
[2021-09-16 01:36:10,747] {scheduler_job.py:190} INFO - Processing /home/airflow/airflow/dags/elasticsearch_dag.py took 0.349 seconds
[2021-09-16 01:36:40,905] {scheduler_job.py:182} INFO - Started process (PID=46622) to work on /home/airflow/airflow/dags/elasticsearch_dag.py
[2021-09-16 01:36:40,912] {scheduler_job.py:633} INFO - Processing file /home/airflow/airflow/dags/elasticsearch_dag.py for tasks to queue
[2021-09-16 01:36:40,916] {logging_mixin.py:104} INFO - [2021-09-16 01:36:40,916] {dagbag.py:487} INFO - Filling up the DagBag from /home/airflow/airflow/dags/elasticsearch_dag.py
[2021-09-16 01:36:43,359] {scheduler_job.py:643} INFO - DAG(s) dict_keys(['elasticsearch_dag']) retrieved from /home/airflow/airflow/dags/elasticsearch_dag.py
[2021-09-16 01:36:43,458] {logging_mixin.py:104} INFO - [2021-09-16 01:36:43,458] {dag.py:1832} INFO - Sync 1 DAGs
[2021-09-16 01:36:43,583] {logging_mixin.py:104} INFO - [2021-09-16 01:36:43,583] {dag.py:2305} INFO - Setting next_dagrun for elasticsearch_dag to 2021-09-16 00:00:00+00:00
[2021-09-16 01:36:43,662] {scheduler_job.py:190} INFO - Processing /home/airflow/airflow/dags/elasticsearch_dag.py took 2.772 seconds
[2021-09-16 01:37:14,048] {scheduler_job.py:182} INFO - Started process (PID=47292) to work on /home/airflow/airflow/dags/elasticsearch_dag.py
[2021-09-16 01:37:14,050] {scheduler_job.py:633} INFO - Processing file /home/airflow/airflow/dags/elasticsearch_dag.py for tasks to queue
[2021-09-16 01:37:14,051] {logging_mixin.py:104} INFO - [2021-09-16 01:37:14,051] {dagbag.py:487} INFO - Filling up the DagBag from /home/airflow/airflow/dags/elasticsearch_dag.py
[2021-09-16 01:37:14,339] {scheduler_job.py:643} INFO - DAG(s) dict_keys(['elasticsearch_dag']) retrieved from /home/airflow/airflow/dags/elasticsearch_dag.py
[2021-09-16 01:37:14,351] {logging_mixin.py:104} INFO - [2021-09-16 01:37:14,351] {dag.py:1832} INFO - Sync 1 DAGs
[2021-09-16 01:37:14,360] {logging_mixin.py:104} INFO - [2021-09-16 01:37:14,360] {dag.py:2305} INFO - Setting next_dagrun for elasticsearch_dag to 2021-09-16 00:00:00+00:00
[2021-09-16 01:37:14,364] {scheduler_job.py:190} INFO - Processing /home/airflow/airflow/dags/elasticsearch_dag.py took 0.319 seconds
[2021-09-16 01:37:44,705] {scheduler_job.py:182} INFO - Started process (PID=47463) to work on /home/airflow/airflow/dags/elasticsearch_dag.py
[2021-09-16 01:37:44,707] {scheduler_job.py:633} INFO - Processing file /home/airflow/airflow/dags/elasticsearch_dag.py for tasks to queue
[2021-09-16 01:37:44,708] {logging_mixin.py:104} INFO - [2021-09-16 01:37:44,708] {dagbag.py:487} INFO - Filling up the DagBag from /home/airflow/airflow/dags/elasticsearch_dag.py
[2021-09-16 01:37:44,986] {scheduler_job.py:643} INFO - DAG(s) dict_keys(['elasticsearch_dag']) retrieved from /home/airflow/airflow/dags/elasticsearch_dag.py
[2021-09-16 01:37:45,000] {logging_mixin.py:104} INFO - [2021-09-16 01:37:45,000] {dag.py:1832} INFO - Sync 1 DAGs
[2021-09-16 01:37:45,010] {logging_mixin.py:104} INFO - [2021-09-16 01:37:45,010] {dag.py:2305} INFO - Setting next_dagrun for elasticsearch_dag to 2021-09-16 00:00:00+00:00
[2021-09-16 01:37:45,017] {scheduler_job.py:190} INFO - Processing /home/airflow/airflow/dags/elasticsearch_dag.py took 0.318 seconds
[2021-09-16 01:38:15,432] {scheduler_job.py:182} INFO - Started process (PID=47566) to work on /home/airflow/airflow/dags/elasticsearch_dag.py
[2021-09-16 01:38:15,436] {scheduler_job.py:633} INFO - Processing file /home/airflow/airflow/dags/elasticsearch_dag.py for tasks to queue
[2021-09-16 01:38:15,437] {logging_mixin.py:104} INFO - [2021-09-16 01:38:15,437] {dagbag.py:487} INFO - Filling up the DagBag from /home/airflow/airflow/dags/elasticsearch_dag.py
[2021-09-16 01:38:15,675] {scheduler_job.py:643} INFO - DAG(s) dict_keys(['elasticsearch_dag']) retrieved from /home/airflow/airflow/dags/elasticsearch_dag.py
[2021-09-16 01:38:15,687] {logging_mixin.py:104} INFO - [2021-09-16 01:38:15,687] {dag.py:1832} INFO - Sync 1 DAGs
[2021-09-16 01:38:15,697] {logging_mixin.py:104} INFO - [2021-09-16 01:38:15,696] {dag.py:2305} INFO - Setting next_dagrun for elasticsearch_dag to 2021-09-16 00:00:00+00:00
[2021-09-16 01:38:15,702] {scheduler_job.py:190} INFO - Processing /home/airflow/airflow/dags/elasticsearch_dag.py took 0.273 seconds
[2021-09-16 01:38:46,067] {scheduler_job.py:182} INFO - Started process (PID=47675) to work on /home/airflow/airflow/dags/elasticsearch_dag.py
[2021-09-16 01:38:46,068] {scheduler_job.py:633} INFO - Processing file /home/airflow/airflow/dags/elasticsearch_dag.py for tasks to queue
[2021-09-16 01:38:46,069] {logging_mixin.py:104} INFO - [2021-09-16 01:38:46,069] {dagbag.py:487} INFO - Filling up the DagBag from /home/airflow/airflow/dags/elasticsearch_dag.py
[2021-09-16 01:38:46,352] {scheduler_job.py:643} INFO - DAG(s) dict_keys(['elasticsearch_dag']) retrieved from /home/airflow/airflow/dags/elasticsearch_dag.py
[2021-09-16 01:38:46,368] {logging_mixin.py:104} INFO - [2021-09-16 01:38:46,368] {dag.py:1832} INFO - Sync 1 DAGs
[2021-09-16 01:38:46,377] {logging_mixin.py:104} INFO - [2021-09-16 01:38:46,377] {dag.py:2305} INFO - Setting next_dagrun for elasticsearch_dag to 2021-09-16 00:00:00+00:00
[2021-09-16 01:38:46,382] {scheduler_job.py:190} INFO - Processing /home/airflow/airflow/dags/elasticsearch_dag.py took 0.318 seconds
[2021-09-16 01:39:16,738] {scheduler_job.py:182} INFO - Started process (PID=47791) to work on /home/airflow/airflow/dags/elasticsearch_dag.py
[2021-09-16 01:39:16,740] {scheduler_job.py:633} INFO - Processing file /home/airflow/airflow/dags/elasticsearch_dag.py for tasks to queue
[2021-09-16 01:39:16,741] {logging_mixin.py:104} INFO - [2021-09-16 01:39:16,741] {dagbag.py:487} INFO - Filling up the DagBag from /home/airflow/airflow/dags/elasticsearch_dag.py
[2021-09-16 01:39:17,074] {scheduler_job.py:643} INFO - DAG(s) dict_keys(['elasticsearch_dag']) retrieved from /home/airflow/airflow/dags/elasticsearch_dag.py
[2021-09-16 01:39:17,093] {logging_mixin.py:104} INFO - [2021-09-16 01:39:17,093] {dag.py:1832} INFO - Sync 1 DAGs
[2021-09-16 01:39:17,105] {logging_mixin.py:104} INFO - [2021-09-16 01:39:17,105] {dag.py:2305} INFO - Setting next_dagrun for elasticsearch_dag to 2021-09-16 00:00:00+00:00
[2021-09-16 01:39:17,112] {scheduler_job.py:190} INFO - Processing /home/airflow/airflow/dags/elasticsearch_dag.py took 0.377 seconds
[2021-09-16 01:39:48,077] {scheduler_job.py:182} INFO - Started process (PID=47906) to work on /home/airflow/airflow/dags/elasticsearch_dag.py
[2021-09-16 01:39:48,078] {scheduler_job.py:633} INFO - Processing file /home/airflow/airflow/dags/elasticsearch_dag.py for tasks to queue
[2021-09-16 01:39:48,079] {logging_mixin.py:104} INFO - [2021-09-16 01:39:48,079] {dagbag.py:487} INFO - Filling up the DagBag from /home/airflow/airflow/dags/elasticsearch_dag.py
[2021-09-16 01:39:48,720] {scheduler_job.py:643} INFO - DAG(s) dict_keys(['elasticsearch_dag']) retrieved from /home/airflow/airflow/dags/elasticsearch_dag.py
[2021-09-16 01:39:48,754] {logging_mixin.py:104} INFO - [2021-09-16 01:39:48,753] {dag.py:1832} INFO - Sync 1 DAGs
[2021-09-16 01:39:48,778] {logging_mixin.py:104} INFO - [2021-09-16 01:39:48,778] {dag.py:2305} INFO - Setting next_dagrun for elasticsearch_dag to 2021-09-16 00:00:00+00:00
[2021-09-16 01:39:48,785] {scheduler_job.py:190} INFO - Processing /home/airflow/airflow/dags/elasticsearch_dag.py took 0.711 seconds
[2021-09-16 01:40:19,137] {scheduler_job.py:182} INFO - Started process (PID=48262) to work on /home/airflow/airflow/dags/elasticsearch_dag.py
[2021-09-16 01:40:19,139] {scheduler_job.py:633} INFO - Processing file /home/airflow/airflow/dags/elasticsearch_dag.py for tasks to queue
[2021-09-16 01:40:19,140] {logging_mixin.py:104} INFO - [2021-09-16 01:40:19,140] {dagbag.py:487} INFO - Filling up the DagBag from /home/airflow/airflow/dags/elasticsearch_dag.py
[2021-09-16 01:40:19,831] {scheduler_job.py:643} INFO - DAG(s) dict_keys(['elasticsearch_dag']) retrieved from /home/airflow/airflow/dags/elasticsearch_dag.py
[2021-09-16 01:40:19,854] {logging_mixin.py:104} INFO - [2021-09-16 01:40:19,854] {dag.py:1832} INFO - Sync 1 DAGs
[2021-09-16 01:40:19,872] {logging_mixin.py:104} INFO - [2021-09-16 01:40:19,872] {dag.py:2305} INFO - Setting next_dagrun for elasticsearch_dag to 2021-09-16 00:00:00+00:00
[2021-09-16 01:40:19,886] {scheduler_job.py:190} INFO - Processing /home/airflow/airflow/dags/elasticsearch_dag.py took 0.755 seconds
[2021-09-16 01:40:50,257] {scheduler_job.py:182} INFO - Started process (PID=48377) to work on /home/airflow/airflow/dags/elasticsearch_dag.py
[2021-09-16 01:40:50,261] {scheduler_job.py:633} INFO - Processing file /home/airflow/airflow/dags/elasticsearch_dag.py for tasks to queue
[2021-09-16 01:40:50,268] {logging_mixin.py:104} INFO - [2021-09-16 01:40:50,268] {dagbag.py:487} INFO - Filling up the DagBag from /home/airflow/airflow/dags/elasticsearch_dag.py
[2021-09-16 01:40:50,827] {scheduler_job.py:643} INFO - DAG(s) dict_keys(['elasticsearch_dag']) retrieved from /home/airflow/airflow/dags/elasticsearch_dag.py
[2021-09-16 01:40:50,850] {logging_mixin.py:104} INFO - [2021-09-16 01:40:50,850] {dag.py:1832} INFO - Sync 1 DAGs
[2021-09-16 01:40:50,865] {logging_mixin.py:104} INFO - [2021-09-16 01:40:50,865] {dag.py:2305} INFO - Setting next_dagrun for elasticsearch_dag to 2021-09-16 00:00:00+00:00
[2021-09-16 01:40:50,889] {scheduler_job.py:190} INFO - Processing /home/airflow/airflow/dags/elasticsearch_dag.py took 0.635 seconds
[2021-09-16 01:41:21,249] {scheduler_job.py:182} INFO - Started process (PID=48492) to work on /home/airflow/airflow/dags/elasticsearch_dag.py
[2021-09-16 01:41:21,256] {scheduler_job.py:633} INFO - Processing file /home/airflow/airflow/dags/elasticsearch_dag.py for tasks to queue
[2021-09-16 01:41:21,257] {logging_mixin.py:104} INFO - [2021-09-16 01:41:21,257] {dagbag.py:487} INFO - Filling up the DagBag from /home/airflow/airflow/dags/elasticsearch_dag.py
[2021-09-16 01:41:21,888] {scheduler_job.py:643} INFO - DAG(s) dict_keys(['elasticsearch_dag']) retrieved from /home/airflow/airflow/dags/elasticsearch_dag.py
[2021-09-16 01:41:21,915] {logging_mixin.py:104} INFO - [2021-09-16 01:41:21,915] {dag.py:1832} INFO - Sync 1 DAGs
[2021-09-16 01:41:21,933] {logging_mixin.py:104} INFO - [2021-09-16 01:41:21,932] {dag.py:2305} INFO - Setting next_dagrun for elasticsearch_dag to 2021-09-16 00:00:00+00:00
[2021-09-16 01:41:21,947] {scheduler_job.py:190} INFO - Processing /home/airflow/airflow/dags/elasticsearch_dag.py took 0.700 seconds
[2021-09-16 01:41:52,340] {scheduler_job.py:182} INFO - Started process (PID=48615) to work on /home/airflow/airflow/dags/elasticsearch_dag.py
[2021-09-16 01:41:52,357] {scheduler_job.py:633} INFO - Processing file /home/airflow/airflow/dags/elasticsearch_dag.py for tasks to queue
[2021-09-16 01:41:52,358] {logging_mixin.py:104} INFO - [2021-09-16 01:41:52,358] {dagbag.py:487} INFO - Filling up the DagBag from /home/airflow/airflow/dags/elasticsearch_dag.py
[2021-09-16 01:41:53,194] {scheduler_job.py:643} INFO - DAG(s) dict_keys(['elasticsearch_dag']) retrieved from /home/airflow/airflow/dags/elasticsearch_dag.py
[2021-09-16 01:41:53,219] {logging_mixin.py:104} INFO - [2021-09-16 01:41:53,219] {dag.py:1832} INFO - Sync 1 DAGs
[2021-09-16 01:41:53,240] {logging_mixin.py:104} INFO - [2021-09-16 01:41:53,240] {dag.py:2305} INFO - Setting next_dagrun for elasticsearch_dag to 2021-09-16 00:00:00+00:00
[2021-09-16 01:41:53,251] {scheduler_job.py:190} INFO - Processing /home/airflow/airflow/dags/elasticsearch_dag.py took 0.913 seconds
[2021-09-16 01:42:23,577] {scheduler_job.py:182} INFO - Started process (PID=48736) to work on /home/airflow/airflow/dags/elasticsearch_dag.py
[2021-09-16 01:42:23,578] {scheduler_job.py:633} INFO - Processing file /home/airflow/airflow/dags/elasticsearch_dag.py for tasks to queue
[2021-09-16 01:42:23,583] {logging_mixin.py:104} INFO - [2021-09-16 01:42:23,583] {dagbag.py:487} INFO - Filling up the DagBag from /home/airflow/airflow/dags/elasticsearch_dag.py
[2021-09-16 01:42:24,063] {scheduler_job.py:643} INFO - DAG(s) dict_keys(['elasticsearch_dag']) retrieved from /home/airflow/airflow/dags/elasticsearch_dag.py
[2021-09-16 01:42:24,088] {logging_mixin.py:104} INFO - [2021-09-16 01:42:24,088] {dag.py:1832} INFO - Sync 1 DAGs
[2021-09-16 01:42:24,102] {logging_mixin.py:104} INFO - [2021-09-16 01:42:24,102] {dag.py:2305} INFO - Setting next_dagrun for elasticsearch_dag to 2021-09-16 00:00:00+00:00
[2021-09-16 01:42:24,117] {scheduler_job.py:190} INFO - Processing /home/airflow/airflow/dags/elasticsearch_dag.py took 0.545 seconds
[2021-09-16 01:42:54,447] {scheduler_job.py:182} INFO - Started process (PID=48858) to work on /home/airflow/airflow/dags/elasticsearch_dag.py
[2021-09-16 01:42:54,455] {scheduler_job.py:633} INFO - Processing file /home/airflow/airflow/dags/elasticsearch_dag.py for tasks to queue
[2021-09-16 01:42:54,456] {logging_mixin.py:104} INFO - [2021-09-16 01:42:54,456] {dagbag.py:487} INFO - Filling up the DagBag from /home/airflow/airflow/dags/elasticsearch_dag.py
[2021-09-16 01:42:54,954] {scheduler_job.py:643} INFO - DAG(s) dict_keys(['elasticsearch_dag']) retrieved from /home/airflow/airflow/dags/elasticsearch_dag.py
[2021-09-16 01:42:54,974] {logging_mixin.py:104} INFO - [2021-09-16 01:42:54,974] {dag.py:1832} INFO - Sync 1 DAGs
[2021-09-16 01:42:54,989] {logging_mixin.py:104} INFO - [2021-09-16 01:42:54,989] {dag.py:2305} INFO - Setting next_dagrun for elasticsearch_dag to 2021-09-16 00:00:00+00:00
[2021-09-16 01:42:55,007] {scheduler_job.py:190} INFO - Processing /home/airflow/airflow/dags/elasticsearch_dag.py took 0.562 seconds
[2021-09-16 01:43:25,339] {scheduler_job.py:182} INFO - Started process (PID=48979) to work on /home/airflow/airflow/dags/elasticsearch_dag.py
[2021-09-16 01:43:25,343] {scheduler_job.py:633} INFO - Processing file /home/airflow/airflow/dags/elasticsearch_dag.py for tasks to queue
[2021-09-16 01:43:25,349] {logging_mixin.py:104} INFO - [2021-09-16 01:43:25,349] {dagbag.py:487} INFO - Filling up the DagBag from /home/airflow/airflow/dags/elasticsearch_dag.py
[2021-09-16 01:43:25,851] {scheduler_job.py:643} INFO - DAG(s) dict_keys(['elasticsearch_dag']) retrieved from /home/airflow/airflow/dags/elasticsearch_dag.py
[2021-09-16 01:43:25,870] {logging_mixin.py:104} INFO - [2021-09-16 01:43:25,870] {dag.py:1832} INFO - Sync 1 DAGs
[2021-09-16 01:43:25,886] {logging_mixin.py:104} INFO - [2021-09-16 01:43:25,886] {dag.py:2305} INFO - Setting next_dagrun for elasticsearch_dag to 2021-09-16 00:00:00+00:00
[2021-09-16 01:43:25,899] {scheduler_job.py:190} INFO - Processing /home/airflow/airflow/dags/elasticsearch_dag.py took 0.565 seconds
[2021-09-16 01:43:56,231] {scheduler_job.py:182} INFO - Started process (PID=49100) to work on /home/airflow/airflow/dags/elasticsearch_dag.py
[2021-09-16 01:43:56,237] {scheduler_job.py:633} INFO - Processing file /home/airflow/airflow/dags/elasticsearch_dag.py for tasks to queue
[2021-09-16 01:43:56,238] {logging_mixin.py:104} INFO - [2021-09-16 01:43:56,238] {dagbag.py:487} INFO - Filling up the DagBag from /home/airflow/airflow/dags/elasticsearch_dag.py
[2021-09-16 01:43:56,801] {scheduler_job.py:643} INFO - DAG(s) dict_keys(['elasticsearch_dag']) retrieved from /home/airflow/airflow/dags/elasticsearch_dag.py
[2021-09-16 01:43:56,832] {logging_mixin.py:104} INFO - [2021-09-16 01:43:56,832] {dag.py:1832} INFO - Sync 1 DAGs
[2021-09-16 01:43:56,845] {logging_mixin.py:104} INFO - [2021-09-16 01:43:56,845] {dag.py:2305} INFO - Setting next_dagrun for elasticsearch_dag to 2021-09-16 00:00:00+00:00
[2021-09-16 01:43:56,858] {scheduler_job.py:190} INFO - Processing /home/airflow/airflow/dags/elasticsearch_dag.py took 0.632 seconds
[2021-09-16 01:44:27,208] {scheduler_job.py:182} INFO - Started process (PID=49224) to work on /home/airflow/airflow/dags/elasticsearch_dag.py
[2021-09-16 01:44:27,240] {scheduler_job.py:633} INFO - Processing file /home/airflow/airflow/dags/elasticsearch_dag.py for tasks to queue
[2021-09-16 01:44:27,241] {logging_mixin.py:104} INFO - [2021-09-16 01:44:27,241] {dagbag.py:487} INFO - Filling up the DagBag from /home/airflow/airflow/dags/elasticsearch_dag.py
[2021-09-16 01:44:27,780] {scheduler_job.py:643} INFO - DAG(s) dict_keys(['elasticsearch_dag']) retrieved from /home/airflow/airflow/dags/elasticsearch_dag.py
[2021-09-16 01:44:27,800] {logging_mixin.py:104} INFO - [2021-09-16 01:44:27,800] {dag.py:1832} INFO - Sync 1 DAGs
[2021-09-16 01:44:27,811] {logging_mixin.py:104} INFO - [2021-09-16 01:44:27,811] {dag.py:2305} INFO - Setting next_dagrun for elasticsearch_dag to 2021-09-16 00:00:00+00:00
[2021-09-16 01:44:27,818] {scheduler_job.py:190} INFO - Processing /home/airflow/airflow/dags/elasticsearch_dag.py took 0.612 seconds
[2021-09-16 01:44:58,150] {scheduler_job.py:182} INFO - Started process (PID=49349) to work on /home/airflow/airflow/dags/elasticsearch_dag.py
[2021-09-16 01:44:58,153] {scheduler_job.py:633} INFO - Processing file /home/airflow/airflow/dags/elasticsearch_dag.py for tasks to queue
[2021-09-16 01:44:58,157] {logging_mixin.py:104} INFO - [2021-09-16 01:44:58,157] {dagbag.py:487} INFO - Filling up the DagBag from /home/airflow/airflow/dags/elasticsearch_dag.py
[2021-09-16 01:44:58,633] {scheduler_job.py:643} INFO - DAG(s) dict_keys(['elasticsearch_dag']) retrieved from /home/airflow/airflow/dags/elasticsearch_dag.py
[2021-09-16 01:44:58,656] {logging_mixin.py:104} INFO - [2021-09-16 01:44:58,656] {dag.py:1832} INFO - Sync 1 DAGs
[2021-09-16 01:44:58,674] {logging_mixin.py:104} INFO - [2021-09-16 01:44:58,674] {dag.py:2305} INFO - Setting next_dagrun for elasticsearch_dag to 2021-09-16 00:00:00+00:00
[2021-09-16 01:44:58,683] {scheduler_job.py:190} INFO - Processing /home/airflow/airflow/dags/elasticsearch_dag.py took 0.535 seconds
[2021-09-16 01:45:29,016] {scheduler_job.py:182} INFO - Started process (PID=49713) to work on /home/airflow/airflow/dags/elasticsearch_dag.py
[2021-09-16 01:45:29,023] {scheduler_job.py:633} INFO - Processing file /home/airflow/airflow/dags/elasticsearch_dag.py for tasks to queue
[2021-09-16 01:45:29,025] {logging_mixin.py:104} INFO - [2021-09-16 01:45:29,025] {dagbag.py:487} INFO - Filling up the DagBag from /home/airflow/airflow/dags/elasticsearch_dag.py
[2021-09-16 01:45:29,507] {scheduler_job.py:643} INFO - DAG(s) dict_keys(['elasticsearch_dag']) retrieved from /home/airflow/airflow/dags/elasticsearch_dag.py
[2021-09-16 01:45:29,541] {logging_mixin.py:104} INFO - [2021-09-16 01:45:29,541] {dag.py:1832} INFO - Sync 1 DAGs
[2021-09-16 01:45:29,552] {logging_mixin.py:104} INFO - [2021-09-16 01:45:29,552] {dag.py:2305} INFO - Setting next_dagrun for elasticsearch_dag to 2021-09-16 00:00:00+00:00
[2021-09-16 01:45:29,566] {scheduler_job.py:190} INFO - Processing /home/airflow/airflow/dags/elasticsearch_dag.py took 0.553 seconds
[2021-09-16 01:45:59,877] {scheduler_job.py:182} INFO - Started process (PID=49840) to work on /home/airflow/airflow/dags/elasticsearch_dag.py
[2021-09-16 01:45:59,879] {scheduler_job.py:633} INFO - Processing file /home/airflow/airflow/dags/elasticsearch_dag.py for tasks to queue
[2021-09-16 01:45:59,886] {logging_mixin.py:104} INFO - [2021-09-16 01:45:59,886] {dagbag.py:487} INFO - Filling up the DagBag from /home/airflow/airflow/dags/elasticsearch_dag.py
[2021-09-16 01:46:00,358] {scheduler_job.py:643} INFO - DAG(s) dict_keys(['elasticsearch_dag']) retrieved from /home/airflow/airflow/dags/elasticsearch_dag.py
[2021-09-16 01:46:00,392] {logging_mixin.py:104} INFO - [2021-09-16 01:46:00,392] {dag.py:1832} INFO - Sync 1 DAGs
[2021-09-16 01:46:00,407] {logging_mixin.py:104} INFO - [2021-09-16 01:46:00,407] {dag.py:2305} INFO - Setting next_dagrun for elasticsearch_dag to 2021-09-16 00:00:00+00:00
[2021-09-16 01:46:00,420] {scheduler_job.py:190} INFO - Processing /home/airflow/airflow/dags/elasticsearch_dag.py took 0.547 seconds
[2021-09-16 01:46:30,754] {scheduler_job.py:182} INFO - Started process (PID=49964) to work on /home/airflow/airflow/dags/elasticsearch_dag.py
[2021-09-16 01:46:30,758] {scheduler_job.py:633} INFO - Processing file /home/airflow/airflow/dags/elasticsearch_dag.py for tasks to queue
[2021-09-16 01:46:30,762] {logging_mixin.py:104} INFO - [2021-09-16 01:46:30,762] {dagbag.py:487} INFO - Filling up the DagBag from /home/airflow/airflow/dags/elasticsearch_dag.py
[2021-09-16 01:46:31,363] {scheduler_job.py:643} INFO - DAG(s) dict_keys(['elasticsearch_dag']) retrieved from /home/airflow/airflow/dags/elasticsearch_dag.py
[2021-09-16 01:46:31,387] {logging_mixin.py:104} INFO - [2021-09-16 01:46:31,387] {dag.py:1832} INFO - Sync 1 DAGs
[2021-09-16 01:46:31,405] {logging_mixin.py:104} INFO - [2021-09-16 01:46:31,405] {dag.py:2305} INFO - Setting next_dagrun for elasticsearch_dag to 2021-09-16 00:00:00+00:00
[2021-09-16 01:46:31,413] {scheduler_job.py:190} INFO - Processing /home/airflow/airflow/dags/elasticsearch_dag.py took 0.661 seconds
[2021-09-16 01:47:01,729] {scheduler_job.py:182} INFO - Started process (PID=50088) to work on /home/airflow/airflow/dags/elasticsearch_dag.py
[2021-09-16 01:47:01,734] {scheduler_job.py:633} INFO - Processing file /home/airflow/airflow/dags/elasticsearch_dag.py for tasks to queue
[2021-09-16 01:47:01,735] {logging_mixin.py:104} INFO - [2021-09-16 01:47:01,735] {dagbag.py:487} INFO - Filling up the DagBag from /home/airflow/airflow/dags/elasticsearch_dag.py
[2021-09-16 01:47:02,389] {scheduler_job.py:643} INFO - DAG(s) dict_keys(['elasticsearch_dag']) retrieved from /home/airflow/airflow/dags/elasticsearch_dag.py
[2021-09-16 01:47:02,441] {logging_mixin.py:104} INFO - [2021-09-16 01:47:02,441] {dag.py:1832} INFO - Sync 1 DAGs
[2021-09-16 01:47:02,460] {logging_mixin.py:104} INFO - [2021-09-16 01:47:02,460] {dag.py:2305} INFO - Setting next_dagrun for elasticsearch_dag to 2021-09-16 00:00:00+00:00
[2021-09-16 01:47:02,470] {scheduler_job.py:190} INFO - Processing /home/airflow/airflow/dags/elasticsearch_dag.py took 0.744 seconds
[2021-09-16 01:47:32,950] {scheduler_job.py:182} INFO - Started process (PID=50215) to work on /home/airflow/airflow/dags/elasticsearch_dag.py
[2021-09-16 01:47:32,952] {scheduler_job.py:633} INFO - Processing file /home/airflow/airflow/dags/elasticsearch_dag.py for tasks to queue
[2021-09-16 01:47:32,960] {logging_mixin.py:104} INFO - [2021-09-16 01:47:32,959] {dagbag.py:487} INFO - Filling up the DagBag from /home/airflow/airflow/dags/elasticsearch_dag.py
[2021-09-16 01:47:33,435] {scheduler_job.py:643} INFO - DAG(s) dict_keys(['elasticsearch_dag']) retrieved from /home/airflow/airflow/dags/elasticsearch_dag.py
[2021-09-16 01:47:33,460] {logging_mixin.py:104} INFO - [2021-09-16 01:47:33,460] {dag.py:1832} INFO - Sync 1 DAGs
[2021-09-16 01:47:33,475] {logging_mixin.py:104} INFO - [2021-09-16 01:47:33,475] {dag.py:2305} INFO - Setting next_dagrun for elasticsearch_dag to 2021-09-16 00:00:00+00:00
[2021-09-16 01:47:33,484] {scheduler_job.py:190} INFO - Processing /home/airflow/airflow/dags/elasticsearch_dag.py took 0.537 seconds
[2021-09-16 01:48:03,801] {scheduler_job.py:182} INFO - Started process (PID=50338) to work on /home/airflow/airflow/dags/elasticsearch_dag.py
[2021-09-16 01:48:03,808] {scheduler_job.py:633} INFO - Processing file /home/airflow/airflow/dags/elasticsearch_dag.py for tasks to queue
[2021-09-16 01:48:03,809] {logging_mixin.py:104} INFO - [2021-09-16 01:48:03,809] {dagbag.py:487} INFO - Filling up the DagBag from /home/airflow/airflow/dags/elasticsearch_dag.py
[2021-09-16 01:48:04,291] {scheduler_job.py:643} INFO - DAG(s) dict_keys(['elasticsearch_dag']) retrieved from /home/airflow/airflow/dags/elasticsearch_dag.py
[2021-09-16 01:48:04,319] {logging_mixin.py:104} INFO - [2021-09-16 01:48:04,319] {dag.py:1832} INFO - Sync 1 DAGs
[2021-09-16 01:48:04,330] {logging_mixin.py:104} INFO - [2021-09-16 01:48:04,329] {dag.py:2305} INFO - Setting next_dagrun for elasticsearch_dag to 2021-09-16 00:00:00+00:00
[2021-09-16 01:48:04,343] {scheduler_job.py:190} INFO - Processing /home/airflow/airflow/dags/elasticsearch_dag.py took 0.544 seconds
[2021-09-16 01:48:34,663] {scheduler_job.py:182} INFO - Started process (PID=50459) to work on /home/airflow/airflow/dags/elasticsearch_dag.py
[2021-09-16 01:48:34,665] {scheduler_job.py:633} INFO - Processing file /home/airflow/airflow/dags/elasticsearch_dag.py for tasks to queue
[2021-09-16 01:48:34,666] {logging_mixin.py:104} INFO - [2021-09-16 01:48:34,666] {dagbag.py:487} INFO - Filling up the DagBag from /home/airflow/airflow/dags/elasticsearch_dag.py
[2021-09-16 01:48:35,154] {scheduler_job.py:643} INFO - DAG(s) dict_keys(['elasticsearch_dag']) retrieved from /home/airflow/airflow/dags/elasticsearch_dag.py
[2021-09-16 01:48:35,177] {logging_mixin.py:104} INFO - [2021-09-16 01:48:35,177] {dag.py:1832} INFO - Sync 1 DAGs
[2021-09-16 01:48:35,194] {logging_mixin.py:104} INFO - [2021-09-16 01:48:35,194] {dag.py:2305} INFO - Setting next_dagrun for elasticsearch_dag to 2021-09-16 00:00:00+00:00
[2021-09-16 01:48:35,198] {scheduler_job.py:190} INFO - Processing /home/airflow/airflow/dags/elasticsearch_dag.py took 0.541 seconds
[2021-09-16 01:49:05,529] {scheduler_job.py:182} INFO - Started process (PID=50580) to work on /home/airflow/airflow/dags/elasticsearch_dag.py
[2021-09-16 01:49:05,530] {scheduler_job.py:633} INFO - Processing file /home/airflow/airflow/dags/elasticsearch_dag.py for tasks to queue
[2021-09-16 01:49:05,531] {logging_mixin.py:104} INFO - [2021-09-16 01:49:05,531] {dagbag.py:487} INFO - Filling up the DagBag from /home/airflow/airflow/dags/elasticsearch_dag.py
[2021-09-16 01:49:06,065] {scheduler_job.py:643} INFO - DAG(s) dict_keys(['elasticsearch_dag']) retrieved from /home/airflow/airflow/dags/elasticsearch_dag.py
[2021-09-16 01:49:06,121] {logging_mixin.py:104} INFO - [2021-09-16 01:49:06,121] {dag.py:1832} INFO - Sync 1 DAGs
[2021-09-16 01:49:06,160] {logging_mixin.py:104} INFO - [2021-09-16 01:49:06,160] {dag.py:2305} INFO - Setting next_dagrun for elasticsearch_dag to 2021-09-16 00:00:00+00:00
[2021-09-16 01:49:06,194] {scheduler_job.py:190} INFO - Processing /home/airflow/airflow/dags/elasticsearch_dag.py took 0.668 seconds
[2021-09-16 01:49:36,529] {scheduler_job.py:182} INFO - Started process (PID=50701) to work on /home/airflow/airflow/dags/elasticsearch_dag.py
[2021-09-16 01:49:36,534] {scheduler_job.py:633} INFO - Processing file /home/airflow/airflow/dags/elasticsearch_dag.py for tasks to queue
[2021-09-16 01:49:36,536] {logging_mixin.py:104} INFO - [2021-09-16 01:49:36,535] {dagbag.py:487} INFO - Filling up the DagBag from /home/airflow/airflow/dags/elasticsearch_dag.py
[2021-09-16 01:49:37,081] {scheduler_job.py:643} INFO - DAG(s) dict_keys(['elasticsearch_dag']) retrieved from /home/airflow/airflow/dags/elasticsearch_dag.py
[2021-09-16 01:49:37,114] {logging_mixin.py:104} INFO - [2021-09-16 01:49:37,114] {dag.py:1832} INFO - Sync 1 DAGs
[2021-09-16 01:49:37,129] {logging_mixin.py:104} INFO - [2021-09-16 01:49:37,129] {dag.py:2305} INFO - Setting next_dagrun for elasticsearch_dag to 2021-09-16 00:00:00+00:00
[2021-09-16 01:49:37,140] {scheduler_job.py:190} INFO - Processing /home/airflow/airflow/dags/elasticsearch_dag.py took 0.614 seconds
[2021-09-16 01:50:07,477] {scheduler_job.py:182} INFO - Started process (PID=50949) to work on /home/airflow/airflow/dags/elasticsearch_dag.py
[2021-09-16 01:50:07,478] {scheduler_job.py:633} INFO - Processing file /home/airflow/airflow/dags/elasticsearch_dag.py for tasks to queue
[2021-09-16 01:50:07,479] {logging_mixin.py:104} INFO - [2021-09-16 01:50:07,479] {dagbag.py:487} INFO - Filling up the DagBag from /home/airflow/airflow/dags/elasticsearch_dag.py
[2021-09-16 01:50:07,964] {scheduler_job.py:643} INFO - DAG(s) dict_keys(['elasticsearch_dag']) retrieved from /home/airflow/airflow/dags/elasticsearch_dag.py
[2021-09-16 01:50:07,981] {logging_mixin.py:104} INFO - [2021-09-16 01:50:07,981] {dag.py:1832} INFO - Sync 1 DAGs
[2021-09-16 01:50:07,997] {logging_mixin.py:104} INFO - [2021-09-16 01:50:07,997] {dag.py:2305} INFO - Setting next_dagrun for elasticsearch_dag to 2021-09-16 00:00:00+00:00
[2021-09-16 01:50:08,011] {scheduler_job.py:190} INFO - Processing /home/airflow/airflow/dags/elasticsearch_dag.py took 0.535 seconds
[2021-09-16 01:50:38,356] {scheduler_job.py:182} INFO - Started process (PID=51190) to work on /home/airflow/airflow/dags/elasticsearch_dag.py
[2021-09-16 01:50:38,367] {scheduler_job.py:633} INFO - Processing file /home/airflow/airflow/dags/elasticsearch_dag.py for tasks to queue
[2021-09-16 01:50:38,369] {logging_mixin.py:104} INFO - [2021-09-16 01:50:38,369] {dagbag.py:487} INFO - Filling up the DagBag from /home/airflow/airflow/dags/elasticsearch_dag.py
[2021-09-16 01:50:38,862] {scheduler_job.py:643} INFO - DAG(s) dict_keys(['elasticsearch_dag']) retrieved from /home/airflow/airflow/dags/elasticsearch_dag.py
[2021-09-16 01:50:38,893] {logging_mixin.py:104} INFO - [2021-09-16 01:50:38,892] {dag.py:1832} INFO - Sync 1 DAGs
[2021-09-16 01:50:38,917] {logging_mixin.py:104} INFO - [2021-09-16 01:50:38,917] {dag.py:2305} INFO - Setting next_dagrun for elasticsearch_dag to 2021-09-16 00:00:00+00:00
[2021-09-16 01:50:38,922] {scheduler_job.py:190} INFO - Processing /home/airflow/airflow/dags/elasticsearch_dag.py took 0.569 seconds
[2021-09-16 01:51:09,310] {scheduler_job.py:182} INFO - Started process (PID=51318) to work on /home/airflow/airflow/dags/elasticsearch_dag.py
[2021-09-16 01:51:09,315] {scheduler_job.py:633} INFO - Processing file /home/airflow/airflow/dags/elasticsearch_dag.py for tasks to queue
[2021-09-16 01:51:09,317] {logging_mixin.py:104} INFO - [2021-09-16 01:51:09,317] {dagbag.py:487} INFO - Filling up the DagBag from /home/airflow/airflow/dags/elasticsearch_dag.py
[2021-09-16 01:51:09,802] {scheduler_job.py:643} INFO - DAG(s) dict_keys(['elasticsearch_dag']) retrieved from /home/airflow/airflow/dags/elasticsearch_dag.py
[2021-09-16 01:51:09,835] {logging_mixin.py:104} INFO - [2021-09-16 01:51:09,834] {dag.py:1832} INFO - Sync 1 DAGs
[2021-09-16 01:51:09,844] {logging_mixin.py:104} INFO - [2021-09-16 01:51:09,844] {dag.py:2305} INFO - Setting next_dagrun for elasticsearch_dag to 2021-09-16 00:00:00+00:00
[2021-09-16 01:51:09,860] {scheduler_job.py:190} INFO - Processing /home/airflow/airflow/dags/elasticsearch_dag.py took 0.553 seconds
[2021-09-16 01:51:40,186] {scheduler_job.py:182} INFO - Started process (PID=51439) to work on /home/airflow/airflow/dags/elasticsearch_dag.py
[2021-09-16 01:51:40,188] {scheduler_job.py:633} INFO - Processing file /home/airflow/airflow/dags/elasticsearch_dag.py for tasks to queue
[2021-09-16 01:51:40,188] {logging_mixin.py:104} INFO - [2021-09-16 01:51:40,188] {dagbag.py:487} INFO - Filling up the DagBag from /home/airflow/airflow/dags/elasticsearch_dag.py
[2021-09-16 01:51:40,757] {scheduler_job.py:643} INFO - DAG(s) dict_keys(['elasticsearch_dag']) retrieved from /home/airflow/airflow/dags/elasticsearch_dag.py
[2021-09-16 01:51:40,779] {logging_mixin.py:104} INFO - [2021-09-16 01:51:40,779] {dag.py:1832} INFO - Sync 1 DAGs
[2021-09-16 01:51:40,792] {logging_mixin.py:104} INFO - [2021-09-16 01:51:40,792] {dag.py:2305} INFO - Setting next_dagrun for elasticsearch_dag to 2021-09-16 00:00:00+00:00
[2021-09-16 01:51:40,807] {scheduler_job.py:190} INFO - Processing /home/airflow/airflow/dags/elasticsearch_dag.py took 0.626 seconds
[2021-09-16 01:52:11,155] {scheduler_job.py:182} INFO - Started process (PID=51566) to work on /home/airflow/airflow/dags/elasticsearch_dag.py
[2021-09-16 01:52:11,161] {scheduler_job.py:633} INFO - Processing file /home/airflow/airflow/dags/elasticsearch_dag.py for tasks to queue
[2021-09-16 01:52:11,162] {logging_mixin.py:104} INFO - [2021-09-16 01:52:11,162] {dagbag.py:487} INFO - Filling up the DagBag from /home/airflow/airflow/dags/elasticsearch_dag.py
[2021-09-16 01:52:11,635] {scheduler_job.py:643} INFO - DAG(s) dict_keys(['elasticsearch_dag']) retrieved from /home/airflow/airflow/dags/elasticsearch_dag.py
[2021-09-16 01:52:11,658] {logging_mixin.py:104} INFO - [2021-09-16 01:52:11,658] {dag.py:1832} INFO - Sync 1 DAGs
[2021-09-16 01:52:11,672] {logging_mixin.py:104} INFO - [2021-09-16 01:52:11,672] {dag.py:2305} INFO - Setting next_dagrun for elasticsearch_dag to 2021-09-16 00:00:00+00:00
[2021-09-16 01:52:11,682] {scheduler_job.py:190} INFO - Processing /home/airflow/airflow/dags/elasticsearch_dag.py took 0.530 seconds
[2021-09-16 01:52:42,024] {scheduler_job.py:182} INFO - Started process (PID=51693) to work on /home/airflow/airflow/dags/elasticsearch_dag.py
[2021-09-16 01:52:42,032] {scheduler_job.py:633} INFO - Processing file /home/airflow/airflow/dags/elasticsearch_dag.py for tasks to queue
[2021-09-16 01:52:42,033] {logging_mixin.py:104} INFO - [2021-09-16 01:52:42,033] {dagbag.py:487} INFO - Filling up the DagBag from /home/airflow/airflow/dags/elasticsearch_dag.py
[2021-09-16 01:52:42,536] {scheduler_job.py:643} INFO - DAG(s) dict_keys(['elasticsearch_dag']) retrieved from /home/airflow/airflow/dags/elasticsearch_dag.py
[2021-09-16 01:52:42,557] {logging_mixin.py:104} INFO - [2021-09-16 01:52:42,557] {dag.py:1832} INFO - Sync 1 DAGs
[2021-09-16 01:52:42,568] {logging_mixin.py:104} INFO - [2021-09-16 01:52:42,568] {dag.py:2305} INFO - Setting next_dagrun for elasticsearch_dag to 2021-09-16 00:00:00+00:00
[2021-09-16 01:52:42,580] {scheduler_job.py:190} INFO - Processing /home/airflow/airflow/dags/elasticsearch_dag.py took 0.559 seconds
[2021-09-16 01:53:12,904] {scheduler_job.py:182} INFO - Started process (PID=51820) to work on /home/airflow/airflow/dags/elasticsearch_dag.py
[2021-09-16 01:53:12,905] {scheduler_job.py:633} INFO - Processing file /home/airflow/airflow/dags/elasticsearch_dag.py for tasks to queue
[2021-09-16 01:53:12,906] {logging_mixin.py:104} INFO - [2021-09-16 01:53:12,906] {dagbag.py:487} INFO - Filling up the DagBag from /home/airflow/airflow/dags/elasticsearch_dag.py
[2021-09-16 01:53:13,388] {scheduler_job.py:643} INFO - DAG(s) dict_keys(['elasticsearch_dag']) retrieved from /home/airflow/airflow/dags/elasticsearch_dag.py
[2021-09-16 01:53:13,413] {logging_mixin.py:104} INFO - [2021-09-16 01:53:13,412] {dag.py:1832} INFO - Sync 1 DAGs
[2021-09-16 01:53:13,428] {logging_mixin.py:104} INFO - [2021-09-16 01:53:13,428] {dag.py:2305} INFO - Setting next_dagrun for elasticsearch_dag to 2021-09-16 00:00:00+00:00
[2021-09-16 01:53:13,437] {scheduler_job.py:190} INFO - Processing /home/airflow/airflow/dags/elasticsearch_dag.py took 0.536 seconds
[2021-09-16 01:53:43,765] {scheduler_job.py:182} INFO - Started process (PID=51948) to work on /home/airflow/airflow/dags/elasticsearch_dag.py
[2021-09-16 01:53:43,767] {scheduler_job.py:633} INFO - Processing file /home/airflow/airflow/dags/elasticsearch_dag.py for tasks to queue
[2021-09-16 01:53:43,773] {logging_mixin.py:104} INFO - [2021-09-16 01:53:43,773] {dagbag.py:487} INFO - Filling up the DagBag from /home/airflow/airflow/dags/elasticsearch_dag.py
[2021-09-16 01:53:44,254] {scheduler_job.py:643} INFO - DAG(s) dict_keys(['elasticsearch_dag']) retrieved from /home/airflow/airflow/dags/elasticsearch_dag.py
[2021-09-16 01:53:44,273] {logging_mixin.py:104} INFO - [2021-09-16 01:53:44,273] {dag.py:1832} INFO - Sync 1 DAGs
[2021-09-16 01:53:44,280] {logging_mixin.py:104} INFO - [2021-09-16 01:53:44,280] {dag.py:2305} INFO - Setting next_dagrun for elasticsearch_dag to 2021-09-16 00:00:00+00:00
[2021-09-16 01:53:44,290] {scheduler_job.py:190} INFO - Processing /home/airflow/airflow/dags/elasticsearch_dag.py took 0.529 seconds
[2021-09-16 01:54:14,632] {scheduler_job.py:182} INFO - Started process (PID=52071) to work on /home/airflow/airflow/dags/elasticsearch_dag.py
[2021-09-16 01:54:14,642] {scheduler_job.py:633} INFO - Processing file /home/airflow/airflow/dags/elasticsearch_dag.py for tasks to queue
[2021-09-16 01:54:14,643] {logging_mixin.py:104} INFO - [2021-09-16 01:54:14,642] {dagbag.py:487} INFO - Filling up the DagBag from /home/airflow/airflow/dags/elasticsearch_dag.py
[2021-09-16 01:54:15,187] {scheduler_job.py:643} INFO - DAG(s) dict_keys(['elasticsearch_dag']) retrieved from /home/airflow/airflow/dags/elasticsearch_dag.py
[2021-09-16 01:54:15,207] {logging_mixin.py:104} INFO - [2021-09-16 01:54:15,207] {dag.py:1832} INFO - Sync 1 DAGs
[2021-09-16 01:54:15,224] {logging_mixin.py:104} INFO - [2021-09-16 01:54:15,224] {dag.py:2305} INFO - Setting next_dagrun for elasticsearch_dag to 2021-09-16 00:00:00+00:00
[2021-09-16 01:54:15,235] {scheduler_job.py:190} INFO - Processing /home/airflow/airflow/dags/elasticsearch_dag.py took 0.605 seconds
[2021-09-16 01:54:45,550] {scheduler_job.py:182} INFO - Started process (PID=52198) to work on /home/airflow/airflow/dags/elasticsearch_dag.py
[2021-09-16 01:54:45,554] {scheduler_job.py:633} INFO - Processing file /home/airflow/airflow/dags/elasticsearch_dag.py for tasks to queue
[2021-09-16 01:54:45,555] {logging_mixin.py:104} INFO - [2021-09-16 01:54:45,555] {dagbag.py:487} INFO - Filling up the DagBag from /home/airflow/airflow/dags/elasticsearch_dag.py
[2021-09-16 01:54:46,062] {scheduler_job.py:643} INFO - DAG(s) dict_keys(['elasticsearch_dag']) retrieved from /home/airflow/airflow/dags/elasticsearch_dag.py
[2021-09-16 01:54:46,094] {logging_mixin.py:104} INFO - [2021-09-16 01:54:46,094] {dag.py:1832} INFO - Sync 1 DAGs
[2021-09-16 01:54:46,110] {logging_mixin.py:104} INFO - [2021-09-16 01:54:46,110] {dag.py:2305} INFO - Setting next_dagrun for elasticsearch_dag to 2021-09-16 00:00:00+00:00
[2021-09-16 01:54:46,125] {scheduler_job.py:190} INFO - Processing /home/airflow/airflow/dags/elasticsearch_dag.py took 0.577 seconds
[2021-09-16 01:55:16,483] {scheduler_job.py:182} INFO - Started process (PID=52568) to work on /home/airflow/airflow/dags/elasticsearch_dag.py
[2021-09-16 01:55:16,496] {scheduler_job.py:633} INFO - Processing file /home/airflow/airflow/dags/elasticsearch_dag.py for tasks to queue
[2021-09-16 01:55:16,497] {logging_mixin.py:104} INFO - [2021-09-16 01:55:16,497] {dagbag.py:487} INFO - Filling up the DagBag from /home/airflow/airflow/dags/elasticsearch_dag.py
[2021-09-16 01:55:16,959] {scheduler_job.py:643} INFO - DAG(s) dict_keys(['elasticsearch_dag']) retrieved from /home/airflow/airflow/dags/elasticsearch_dag.py
[2021-09-16 01:55:16,985] {logging_mixin.py:104} INFO - [2021-09-16 01:55:16,985] {dag.py:1832} INFO - Sync 1 DAGs
[2021-09-16 01:55:16,993] {logging_mixin.py:104} INFO - [2021-09-16 01:55:16,993] {dag.py:2305} INFO - Setting next_dagrun for elasticsearch_dag to 2021-09-16 00:00:00+00:00
[2021-09-16 01:55:17,005] {scheduler_job.py:190} INFO - Processing /home/airflow/airflow/dags/elasticsearch_dag.py took 0.524 seconds
[2021-09-16 01:55:47,342] {scheduler_job.py:182} INFO - Started process (PID=52689) to work on /home/airflow/airflow/dags/elasticsearch_dag.py
[2021-09-16 01:55:47,343] {scheduler_job.py:633} INFO - Processing file /home/airflow/airflow/dags/elasticsearch_dag.py for tasks to queue
[2021-09-16 01:55:47,344] {logging_mixin.py:104} INFO - [2021-09-16 01:55:47,344] {dagbag.py:487} INFO - Filling up the DagBag from /home/airflow/airflow/dags/elasticsearch_dag.py
[2021-09-16 01:55:47,979] {scheduler_job.py:643} INFO - DAG(s) dict_keys(['elasticsearch_dag']) retrieved from /home/airflow/airflow/dags/elasticsearch_dag.py
[2021-09-16 01:55:48,017] {logging_mixin.py:104} INFO - [2021-09-16 01:55:48,016] {dag.py:1832} INFO - Sync 1 DAGs
[2021-09-16 01:55:48,037] {logging_mixin.py:104} INFO - [2021-09-16 01:55:48,037] {dag.py:2305} INFO - Setting next_dagrun for elasticsearch_dag to 2021-09-16 00:00:00+00:00
[2021-09-16 01:55:48,045] {scheduler_job.py:190} INFO - Processing /home/airflow/airflow/dags/elasticsearch_dag.py took 0.706 seconds
[2021-09-16 01:56:18,469] {scheduler_job.py:182} INFO - Started process (PID=52816) to work on /home/airflow/airflow/dags/elasticsearch_dag.py
[2021-09-16 01:56:18,471] {scheduler_job.py:633} INFO - Processing file /home/airflow/airflow/dags/elasticsearch_dag.py for tasks to queue
[2021-09-16 01:56:18,472] {logging_mixin.py:104} INFO - [2021-09-16 01:56:18,472] {dagbag.py:487} INFO - Filling up the DagBag from /home/airflow/airflow/dags/elasticsearch_dag.py
[2021-09-16 01:56:18,969] {scheduler_job.py:643} INFO - DAG(s) dict_keys(['elasticsearch_dag']) retrieved from /home/airflow/airflow/dags/elasticsearch_dag.py
[2021-09-16 01:56:18,993] {logging_mixin.py:104} INFO - [2021-09-16 01:56:18,993] {dag.py:1832} INFO - Sync 1 DAGs
[2021-09-16 01:56:19,012] {logging_mixin.py:104} INFO - [2021-09-16 01:56:19,012] {dag.py:2305} INFO - Setting next_dagrun for elasticsearch_dag to 2021-09-16 00:00:00+00:00
[2021-09-16 01:56:19,021] {scheduler_job.py:190} INFO - Processing /home/airflow/airflow/dags/elasticsearch_dag.py took 0.559 seconds
[2021-09-16 01:56:49,340] {scheduler_job.py:182} INFO - Started process (PID=52943) to work on /home/airflow/airflow/dags/elasticsearch_dag.py
[2021-09-16 01:56:49,349] {scheduler_job.py:633} INFO - Processing file /home/airflow/airflow/dags/elasticsearch_dag.py for tasks to queue
[2021-09-16 01:56:49,350] {logging_mixin.py:104} INFO - [2021-09-16 01:56:49,350] {dagbag.py:487} INFO - Filling up the DagBag from /home/airflow/airflow/dags/elasticsearch_dag.py
[2021-09-16 01:56:49,828] {scheduler_job.py:643} INFO - DAG(s) dict_keys(['elasticsearch_dag']) retrieved from /home/airflow/airflow/dags/elasticsearch_dag.py
[2021-09-16 01:56:49,851] {logging_mixin.py:104} INFO - [2021-09-16 01:56:49,851] {dag.py:1832} INFO - Sync 1 DAGs
[2021-09-16 01:56:49,870] {logging_mixin.py:104} INFO - [2021-09-16 01:56:49,870] {dag.py:2305} INFO - Setting next_dagrun for elasticsearch_dag to 2021-09-16 00:00:00+00:00
[2021-09-16 01:56:49,879] {scheduler_job.py:190} INFO - Processing /home/airflow/airflow/dags/elasticsearch_dag.py took 0.542 seconds
[2021-09-16 01:57:20,187] {scheduler_job.py:182} INFO - Started process (PID=53065) to work on /home/airflow/airflow/dags/elasticsearch_dag.py
[2021-09-16 01:57:20,194] {scheduler_job.py:633} INFO - Processing file /home/airflow/airflow/dags/elasticsearch_dag.py for tasks to queue
[2021-09-16 01:57:20,195] {logging_mixin.py:104} INFO - [2021-09-16 01:57:20,195] {dagbag.py:487} INFO - Filling up the DagBag from /home/airflow/airflow/dags/elasticsearch_dag.py
[2021-09-16 01:57:20,681] {scheduler_job.py:643} INFO - DAG(s) dict_keys(['elasticsearch_dag']) retrieved from /home/airflow/airflow/dags/elasticsearch_dag.py
[2021-09-16 01:57:20,703] {logging_mixin.py:104} INFO - [2021-09-16 01:57:20,702] {dag.py:1832} INFO - Sync 1 DAGs
[2021-09-16 01:57:20,717] {logging_mixin.py:104} INFO - [2021-09-16 01:57:20,717] {dag.py:2305} INFO - Setting next_dagrun for elasticsearch_dag to 2021-09-16 00:00:00+00:00
[2021-09-16 01:57:20,724] {scheduler_job.py:190} INFO - Processing /home/airflow/airflow/dags/elasticsearch_dag.py took 0.541 seconds
[2021-09-16 01:57:51,044] {scheduler_job.py:182} INFO - Started process (PID=53192) to work on /home/airflow/airflow/dags/elasticsearch_dag.py
[2021-09-16 01:57:51,047] {scheduler_job.py:633} INFO - Processing file /home/airflow/airflow/dags/elasticsearch_dag.py for tasks to queue
[2021-09-16 01:57:51,053] {logging_mixin.py:104} INFO - [2021-09-16 01:57:51,053] {dagbag.py:487} INFO - Filling up the DagBag from /home/airflow/airflow/dags/elasticsearch_dag.py
[2021-09-16 01:57:51,523] {scheduler_job.py:643} INFO - DAG(s) dict_keys(['elasticsearch_dag']) retrieved from /home/airflow/airflow/dags/elasticsearch_dag.py
[2021-09-16 01:57:51,543] {logging_mixin.py:104} INFO - [2021-09-16 01:57:51,543] {dag.py:1832} INFO - Sync 1 DAGs
[2021-09-16 01:57:51,560] {logging_mixin.py:104} INFO - [2021-09-16 01:57:51,560] {dag.py:2305} INFO - Setting next_dagrun for elasticsearch_dag to 2021-09-16 00:00:00+00:00
[2021-09-16 01:57:51,572] {scheduler_job.py:190} INFO - Processing /home/airflow/airflow/dags/elasticsearch_dag.py took 0.530 seconds
[2021-09-16 01:58:21,883] {scheduler_job.py:182} INFO - Started process (PID=53313) to work on /home/airflow/airflow/dags/elasticsearch_dag.py
[2021-09-16 01:58:21,885] {scheduler_job.py:633} INFO - Processing file /home/airflow/airflow/dags/elasticsearch_dag.py for tasks to queue
[2021-09-16 01:58:21,892] {logging_mixin.py:104} INFO - [2021-09-16 01:58:21,891] {dagbag.py:487} INFO - Filling up the DagBag from /home/airflow/airflow/dags/elasticsearch_dag.py
[2021-09-16 01:58:22,364] {scheduler_job.py:643} INFO - DAG(s) dict_keys(['elasticsearch_dag']) retrieved from /home/airflow/airflow/dags/elasticsearch_dag.py
[2021-09-16 01:58:22,401] {logging_mixin.py:104} INFO - [2021-09-16 01:58:22,401] {dag.py:1832} INFO - Sync 1 DAGs
[2021-09-16 01:58:22,412] {logging_mixin.py:104} INFO - [2021-09-16 01:58:22,412] {dag.py:2305} INFO - Setting next_dagrun for elasticsearch_dag to 2021-09-16 00:00:00+00:00
[2021-09-16 01:58:22,432] {scheduler_job.py:190} INFO - Processing /home/airflow/airflow/dags/elasticsearch_dag.py took 0.553 seconds
[2021-09-16 01:58:52,755] {scheduler_job.py:182} INFO - Started process (PID=53440) to work on /home/airflow/airflow/dags/elasticsearch_dag.py
[2021-09-16 01:58:52,758] {scheduler_job.py:633} INFO - Processing file /home/airflow/airflow/dags/elasticsearch_dag.py for tasks to queue
[2021-09-16 01:58:52,759] {logging_mixin.py:104} INFO - [2021-09-16 01:58:52,759] {dagbag.py:487} INFO - Filling up the DagBag from /home/airflow/airflow/dags/elasticsearch_dag.py
[2021-09-16 01:58:53,286] {scheduler_job.py:643} INFO - DAG(s) dict_keys(['elasticsearch_dag']) retrieved from /home/airflow/airflow/dags/elasticsearch_dag.py
[2021-09-16 01:58:53,309] {logging_mixin.py:104} INFO - [2021-09-16 01:58:53,309] {dag.py:1832} INFO - Sync 1 DAGs
[2021-09-16 01:58:53,327] {logging_mixin.py:104} INFO - [2021-09-16 01:58:53,327] {dag.py:2305} INFO - Setting next_dagrun for elasticsearch_dag to 2021-09-16 00:00:00+00:00
[2021-09-16 01:58:53,336] {scheduler_job.py:190} INFO - Processing /home/airflow/airflow/dags/elasticsearch_dag.py took 0.585 seconds
[2021-09-16 01:59:23,663] {scheduler_job.py:182} INFO - Started process (PID=53561) to work on /home/airflow/airflow/dags/elasticsearch_dag.py
[2021-09-16 01:59:23,666] {scheduler_job.py:633} INFO - Processing file /home/airflow/airflow/dags/elasticsearch_dag.py for tasks to queue
[2021-09-16 01:59:23,669] {logging_mixin.py:104} INFO - [2021-09-16 01:59:23,669] {dagbag.py:487} INFO - Filling up the DagBag from /home/airflow/airflow/dags/elasticsearch_dag.py
[2021-09-16 01:59:24,289] {scheduler_job.py:643} INFO - DAG(s) dict_keys(['elasticsearch_dag']) retrieved from /home/airflow/airflow/dags/elasticsearch_dag.py
[2021-09-16 01:59:24,311] {logging_mixin.py:104} INFO - [2021-09-16 01:59:24,310] {dag.py:1832} INFO - Sync 1 DAGs
[2021-09-16 01:59:24,323] {logging_mixin.py:104} INFO - [2021-09-16 01:59:24,323] {dag.py:2305} INFO - Setting next_dagrun for elasticsearch_dag to 2021-09-16 00:00:00+00:00
[2021-09-16 01:59:24,329] {scheduler_job.py:190} INFO - Processing /home/airflow/airflow/dags/elasticsearch_dag.py took 0.669 seconds
[2021-09-16 01:59:54,669] {scheduler_job.py:182} INFO - Started process (PID=53690) to work on /home/airflow/airflow/dags/elasticsearch_dag.py
[2021-09-16 01:59:54,670] {scheduler_job.py:633} INFO - Processing file /home/airflow/airflow/dags/elasticsearch_dag.py for tasks to queue
[2021-09-16 01:59:54,671] {logging_mixin.py:104} INFO - [2021-09-16 01:59:54,671] {dagbag.py:487} INFO - Filling up the DagBag from /home/airflow/airflow/dags/elasticsearch_dag.py
[2021-09-16 01:59:55,162] {scheduler_job.py:643} INFO - DAG(s) dict_keys(['elasticsearch_dag']) retrieved from /home/airflow/airflow/dags/elasticsearch_dag.py
[2021-09-16 01:59:55,190] {logging_mixin.py:104} INFO - [2021-09-16 01:59:55,190] {dag.py:1832} INFO - Sync 1 DAGs
[2021-09-16 01:59:55,205] {logging_mixin.py:104} INFO - [2021-09-16 01:59:55,205] {dag.py:2305} INFO - Setting next_dagrun for elasticsearch_dag to 2021-09-16 00:00:00+00:00
[2021-09-16 01:59:55,214] {scheduler_job.py:190} INFO - Processing /home/airflow/airflow/dags/elasticsearch_dag.py took 0.547 seconds
