[2021-09-16 01:35:06,480] {scheduler_job.py:182} INFO - Started process (PID=45226) to work on /home/airflow/airflow/dags/user_processing.py
[2021-09-16 01:35:06,508] {scheduler_job.py:633} INFO - Processing file /home/airflow/airflow/dags/user_processing.py for tasks to queue
[2021-09-16 01:35:06,509] {logging_mixin.py:104} INFO - [2021-09-16 01:35:06,509] {dagbag.py:487} INFO - Filling up the DagBag from /home/airflow/airflow/dags/user_processing.py
[2021-09-16 01:35:09,883] {logging_mixin.py:104} WARNING - /home/airflow/sandbox/lib/python3.8/site-packages/airflow/providers/sqlite/operators/sqlite.py:25 DeprecationWarning: This decorator is deprecated.

In previous versions, all subclasses of BaseOperator must use apply_default decorator for the`default_args` feature to work properly.

In current version, it is optional. The decorator is applied automatically using the metaclass.
[2021-09-16 01:35:10,251] {scheduler_job.py:643} INFO - DAG(s) dict_keys(['user_processing']) retrieved from /home/airflow/airflow/dags/user_processing.py
[2021-09-16 01:35:10,432] {logging_mixin.py:104} INFO - [2021-09-16 01:35:10,431] {dag.py:1832} INFO - Sync 1 DAGs
[2021-09-16 01:35:10,520] {logging_mixin.py:104} INFO - [2021-09-16 01:35:10,520] {dag.py:2305} INFO - Setting next_dagrun for user_processing to 2021-09-15 00:00:00+00:00
[2021-09-16 01:35:10,625] {scheduler_job.py:190} INFO - Processing /home/airflow/airflow/dags/user_processing.py took 4.157 seconds
[2021-09-16 01:35:40,799] {scheduler_job.py:182} INFO - Started process (PID=46008) to work on /home/airflow/airflow/dags/user_processing.py
[2021-09-16 01:35:40,801] {scheduler_job.py:633} INFO - Processing file /home/airflow/airflow/dags/user_processing.py for tasks to queue
[2021-09-16 01:35:40,802] {logging_mixin.py:104} INFO - [2021-09-16 01:35:40,802] {dagbag.py:487} INFO - Filling up the DagBag from /home/airflow/airflow/dags/user_processing.py
[2021-09-16 01:35:41,054] {logging_mixin.py:104} WARNING - /home/airflow/sandbox/lib/python3.8/site-packages/airflow/providers/sqlite/operators/sqlite.py:25 DeprecationWarning: This decorator is deprecated.

In previous versions, all subclasses of BaseOperator must use apply_default decorator for the`default_args` feature to work properly.

In current version, it is optional. The decorator is applied automatically using the metaclass.
[2021-09-16 01:35:41,088] {scheduler_job.py:643} INFO - DAG(s) dict_keys(['user_processing']) retrieved from /home/airflow/airflow/dags/user_processing.py
[2021-09-16 01:35:41,102] {logging_mixin.py:104} INFO - [2021-09-16 01:35:41,101] {dag.py:1832} INFO - Sync 1 DAGs
[2021-09-16 01:35:41,114] {logging_mixin.py:104} INFO - [2021-09-16 01:35:41,114] {dag.py:2305} INFO - Setting next_dagrun for user_processing to 2021-09-16 00:00:00+00:00
[2021-09-16 01:35:41,119] {scheduler_job.py:190} INFO - Processing /home/airflow/airflow/dags/user_processing.py took 0.324 seconds
[2021-09-16 01:36:11,443] {scheduler_job.py:182} INFO - Started process (PID=46455) to work on /home/airflow/airflow/dags/user_processing.py
[2021-09-16 01:36:11,445] {scheduler_job.py:633} INFO - Processing file /home/airflow/airflow/dags/user_processing.py for tasks to queue
[2021-09-16 01:36:11,446] {logging_mixin.py:104} INFO - [2021-09-16 01:36:11,446] {dagbag.py:487} INFO - Filling up the DagBag from /home/airflow/airflow/dags/user_processing.py
[2021-09-16 01:36:11,694] {logging_mixin.py:104} WARNING - /home/airflow/sandbox/lib/python3.8/site-packages/airflow/providers/sqlite/operators/sqlite.py:25 DeprecationWarning: This decorator is deprecated.

In previous versions, all subclasses of BaseOperator must use apply_default decorator for the`default_args` feature to work properly.

In current version, it is optional. The decorator is applied automatically using the metaclass.
[2021-09-16 01:36:11,722] {scheduler_job.py:643} INFO - DAG(s) dict_keys(['user_processing']) retrieved from /home/airflow/airflow/dags/user_processing.py
[2021-09-16 01:36:11,734] {logging_mixin.py:104} INFO - [2021-09-16 01:36:11,734] {dag.py:1832} INFO - Sync 1 DAGs
[2021-09-16 01:36:11,743] {logging_mixin.py:104} INFO - [2021-09-16 01:36:11,743] {dag.py:2305} INFO - Setting next_dagrun for user_processing to 2021-09-16 00:00:00+00:00
[2021-09-16 01:36:11,750] {scheduler_job.py:190} INFO - Processing /home/airflow/airflow/dags/user_processing.py took 0.310 seconds
[2021-09-16 01:36:41,904] {scheduler_job.py:182} INFO - Started process (PID=46625) to work on /home/airflow/airflow/dags/user_processing.py
[2021-09-16 01:36:41,909] {scheduler_job.py:633} INFO - Processing file /home/airflow/airflow/dags/user_processing.py for tasks to queue
[2021-09-16 01:36:41,910] {logging_mixin.py:104} INFO - [2021-09-16 01:36:41,910] {dagbag.py:487} INFO - Filling up the DagBag from /home/airflow/airflow/dags/user_processing.py
[2021-09-16 01:36:44,460] {logging_mixin.py:104} WARNING - /home/airflow/sandbox/lib/python3.8/site-packages/airflow/providers/sqlite/operators/sqlite.py:25 DeprecationWarning: This decorator is deprecated.

In previous versions, all subclasses of BaseOperator must use apply_default decorator for the`default_args` feature to work properly.

In current version, it is optional. The decorator is applied automatically using the metaclass.
[2021-09-16 01:36:44,645] {scheduler_job.py:643} INFO - DAG(s) dict_keys(['user_processing']) retrieved from /home/airflow/airflow/dags/user_processing.py
[2021-09-16 01:36:44,894] {logging_mixin.py:104} INFO - [2021-09-16 01:36:44,894] {dag.py:1832} INFO - Sync 1 DAGs
[2021-09-16 01:36:44,903] {logging_mixin.py:104} INFO - [2021-09-16 01:36:44,903] {dag.py:2305} INFO - Setting next_dagrun for user_processing to 2021-09-16 00:00:00+00:00
[2021-09-16 01:36:44,912] {scheduler_job.py:190} INFO - Processing /home/airflow/airflow/dags/user_processing.py took 3.029 seconds
[2021-09-16 01:37:15,086] {scheduler_job.py:182} INFO - Started process (PID=47304) to work on /home/airflow/airflow/dags/user_processing.py
[2021-09-16 01:37:15,088] {scheduler_job.py:633} INFO - Processing file /home/airflow/airflow/dags/user_processing.py for tasks to queue
[2021-09-16 01:37:15,089] {logging_mixin.py:104} INFO - [2021-09-16 01:37:15,089] {dagbag.py:487} INFO - Filling up the DagBag from /home/airflow/airflow/dags/user_processing.py
[2021-09-16 01:37:15,370] {logging_mixin.py:104} WARNING - /home/airflow/sandbox/lib/python3.8/site-packages/airflow/providers/sqlite/operators/sqlite.py:25 DeprecationWarning: This decorator is deprecated.

In previous versions, all subclasses of BaseOperator must use apply_default decorator for the`default_args` feature to work properly.

In current version, it is optional. The decorator is applied automatically using the metaclass.
[2021-09-16 01:37:15,398] {scheduler_job.py:643} INFO - DAG(s) dict_keys(['user_processing']) retrieved from /home/airflow/airflow/dags/user_processing.py
[2021-09-16 01:37:15,410] {logging_mixin.py:104} INFO - [2021-09-16 01:37:15,410] {dag.py:1832} INFO - Sync 1 DAGs
[2021-09-16 01:37:15,418] {logging_mixin.py:104} INFO - [2021-09-16 01:37:15,418] {dag.py:2305} INFO - Setting next_dagrun for user_processing to 2021-09-16 00:00:00+00:00
[2021-09-16 01:37:15,423] {scheduler_job.py:190} INFO - Processing /home/airflow/airflow/dags/user_processing.py took 0.340 seconds
[2021-09-16 01:37:45,758] {scheduler_job.py:182} INFO - Started process (PID=47469) to work on /home/airflow/airflow/dags/user_processing.py
[2021-09-16 01:37:45,759] {scheduler_job.py:633} INFO - Processing file /home/airflow/airflow/dags/user_processing.py for tasks to queue
[2021-09-16 01:37:45,760] {logging_mixin.py:104} INFO - [2021-09-16 01:37:45,760] {dagbag.py:487} INFO - Filling up the DagBag from /home/airflow/airflow/dags/user_processing.py
[2021-09-16 01:37:45,996] {logging_mixin.py:104} WARNING - /home/airflow/sandbox/lib/python3.8/site-packages/airflow/providers/sqlite/operators/sqlite.py:25 DeprecationWarning: This decorator is deprecated.

In previous versions, all subclasses of BaseOperator must use apply_default decorator for the`default_args` feature to work properly.

In current version, it is optional. The decorator is applied automatically using the metaclass.
[2021-09-16 01:37:46,022] {scheduler_job.py:643} INFO - DAG(s) dict_keys(['user_processing']) retrieved from /home/airflow/airflow/dags/user_processing.py
[2021-09-16 01:37:46,034] {logging_mixin.py:104} INFO - [2021-09-16 01:37:46,033] {dag.py:1832} INFO - Sync 1 DAGs
[2021-09-16 01:37:46,041] {logging_mixin.py:104} INFO - [2021-09-16 01:37:46,041] {dag.py:2305} INFO - Setting next_dagrun for user_processing to 2021-09-16 00:00:00+00:00
[2021-09-16 01:37:46,045] {scheduler_job.py:190} INFO - Processing /home/airflow/airflow/dags/user_processing.py took 0.290 seconds
[2021-09-16 01:38:16,469] {scheduler_job.py:182} INFO - Started process (PID=47578) to work on /home/airflow/airflow/dags/user_processing.py
[2021-09-16 01:38:16,474] {scheduler_job.py:633} INFO - Processing file /home/airflow/airflow/dags/user_processing.py for tasks to queue
[2021-09-16 01:38:16,475] {logging_mixin.py:104} INFO - [2021-09-16 01:38:16,475] {dagbag.py:487} INFO - Filling up the DagBag from /home/airflow/airflow/dags/user_processing.py
[2021-09-16 01:38:16,699] {logging_mixin.py:104} WARNING - /home/airflow/sandbox/lib/python3.8/site-packages/airflow/providers/sqlite/operators/sqlite.py:25 DeprecationWarning: This decorator is deprecated.

In previous versions, all subclasses of BaseOperator must use apply_default decorator for the`default_args` feature to work properly.

In current version, it is optional. The decorator is applied automatically using the metaclass.
[2021-09-16 01:38:16,729] {scheduler_job.py:643} INFO - DAG(s) dict_keys(['user_processing']) retrieved from /home/airflow/airflow/dags/user_processing.py
[2021-09-16 01:38:16,742] {logging_mixin.py:104} INFO - [2021-09-16 01:38:16,742] {dag.py:1832} INFO - Sync 1 DAGs
[2021-09-16 01:38:16,749] {logging_mixin.py:104} INFO - [2021-09-16 01:38:16,749] {dag.py:2305} INFO - Setting next_dagrun for user_processing to 2021-09-16 00:00:00+00:00
[2021-09-16 01:38:16,755] {scheduler_job.py:190} INFO - Processing /home/airflow/airflow/dags/user_processing.py took 0.289 seconds
[2021-09-16 01:38:47,110] {scheduler_job.py:182} INFO - Started process (PID=47687) to work on /home/airflow/airflow/dags/user_processing.py
[2021-09-16 01:38:47,112] {scheduler_job.py:633} INFO - Processing file /home/airflow/airflow/dags/user_processing.py for tasks to queue
[2021-09-16 01:38:47,113] {logging_mixin.py:104} INFO - [2021-09-16 01:38:47,113] {dagbag.py:487} INFO - Filling up the DagBag from /home/airflow/airflow/dags/user_processing.py
[2021-09-16 01:38:47,374] {logging_mixin.py:104} WARNING - /home/airflow/sandbox/lib/python3.8/site-packages/airflow/providers/sqlite/operators/sqlite.py:25 DeprecationWarning: This decorator is deprecated.

In previous versions, all subclasses of BaseOperator must use apply_default decorator for the`default_args` feature to work properly.

In current version, it is optional. The decorator is applied automatically using the metaclass.
[2021-09-16 01:38:47,403] {scheduler_job.py:643} INFO - DAG(s) dict_keys(['user_processing']) retrieved from /home/airflow/airflow/dags/user_processing.py
[2021-09-16 01:38:47,414] {logging_mixin.py:104} INFO - [2021-09-16 01:38:47,414] {dag.py:1832} INFO - Sync 1 DAGs
[2021-09-16 01:38:47,422] {logging_mixin.py:104} INFO - [2021-09-16 01:38:47,422] {dag.py:2305} INFO - Setting next_dagrun for user_processing to 2021-09-16 00:00:00+00:00
[2021-09-16 01:38:47,427] {scheduler_job.py:190} INFO - Processing /home/airflow/airflow/dags/user_processing.py took 0.320 seconds
[2021-09-16 01:39:17,774] {scheduler_job.py:182} INFO - Started process (PID=47797) to work on /home/airflow/airflow/dags/user_processing.py
[2021-09-16 01:39:17,775] {scheduler_job.py:633} INFO - Processing file /home/airflow/airflow/dags/user_processing.py for tasks to queue
[2021-09-16 01:39:17,776] {logging_mixin.py:104} INFO - [2021-09-16 01:39:17,776] {dagbag.py:487} INFO - Filling up the DagBag from /home/airflow/airflow/dags/user_processing.py
[2021-09-16 01:39:18,030] {logging_mixin.py:104} WARNING - /home/airflow/sandbox/lib/python3.8/site-packages/airflow/providers/sqlite/operators/sqlite.py:25 DeprecationWarning: This decorator is deprecated.

In previous versions, all subclasses of BaseOperator must use apply_default decorator for the`default_args` feature to work properly.

In current version, it is optional. The decorator is applied automatically using the metaclass.
[2021-09-16 01:39:18,058] {scheduler_job.py:643} INFO - DAG(s) dict_keys(['user_processing']) retrieved from /home/airflow/airflow/dags/user_processing.py
[2021-09-16 01:39:18,070] {logging_mixin.py:104} INFO - [2021-09-16 01:39:18,070] {dag.py:1832} INFO - Sync 1 DAGs
[2021-09-16 01:39:18,078] {logging_mixin.py:104} INFO - [2021-09-16 01:39:18,078] {dag.py:2305} INFO - Setting next_dagrun for user_processing to 2021-09-16 00:00:00+00:00
[2021-09-16 01:39:18,081] {scheduler_job.py:190} INFO - Processing /home/airflow/airflow/dags/user_processing.py took 0.311 seconds
[2021-09-16 01:39:48,117] {scheduler_job.py:182} INFO - Started process (PID=47909) to work on /home/airflow/airflow/dags/user_processing.py
[2021-09-16 01:39:48,118] {scheduler_job.py:633} INFO - Processing file /home/airflow/airflow/dags/user_processing.py for tasks to queue
[2021-09-16 01:39:48,119] {logging_mixin.py:104} INFO - [2021-09-16 01:39:48,119] {dagbag.py:487} INFO - Filling up the DagBag from /home/airflow/airflow/dags/user_processing.py
[2021-09-16 01:39:48,743] {logging_mixin.py:104} WARNING - /home/airflow/sandbox/lib/python3.8/site-packages/airflow/providers/sqlite/operators/sqlite.py:25 DeprecationWarning: This decorator is deprecated.

In previous versions, all subclasses of BaseOperator must use apply_default decorator for the`default_args` feature to work properly.

In current version, it is optional. The decorator is applied automatically using the metaclass.
[2021-09-16 01:39:48,821] {scheduler_job.py:643} INFO - DAG(s) dict_keys(['user_processing']) retrieved from /home/airflow/airflow/dags/user_processing.py
[2021-09-16 01:39:48,840] {logging_mixin.py:104} INFO - [2021-09-16 01:39:48,839] {dag.py:1832} INFO - Sync 1 DAGs
[2021-09-16 01:39:48,852] {logging_mixin.py:104} INFO - [2021-09-16 01:39:48,852] {dag.py:2305} INFO - Setting next_dagrun for user_processing to 2021-09-16 00:00:00+00:00
[2021-09-16 01:39:48,858] {scheduler_job.py:190} INFO - Processing /home/airflow/airflow/dags/user_processing.py took 0.748 seconds
[2021-09-16 01:40:19,127] {scheduler_job.py:182} INFO - Started process (PID=48261) to work on /home/airflow/airflow/dags/user_processing.py
[2021-09-16 01:40:19,129] {scheduler_job.py:633} INFO - Processing file /home/airflow/airflow/dags/user_processing.py for tasks to queue
[2021-09-16 01:40:19,135] {logging_mixin.py:104} INFO - [2021-09-16 01:40:19,135] {dagbag.py:487} INFO - Filling up the DagBag from /home/airflow/airflow/dags/user_processing.py
[2021-09-16 01:40:19,786] {logging_mixin.py:104} WARNING - /home/airflow/sandbox/lib/python3.8/site-packages/airflow/providers/sqlite/operators/sqlite.py:25 DeprecationWarning: This decorator is deprecated.

In previous versions, all subclasses of BaseOperator must use apply_default decorator for the`default_args` feature to work properly.

In current version, it is optional. The decorator is applied automatically using the metaclass.
[2021-09-16 01:40:19,860] {scheduler_job.py:643} INFO - DAG(s) dict_keys(['user_processing']) retrieved from /home/airflow/airflow/dags/user_processing.py
[2021-09-16 01:40:19,889] {logging_mixin.py:104} INFO - [2021-09-16 01:40:19,889] {dag.py:1832} INFO - Sync 1 DAGs
[2021-09-16 01:40:19,902] {logging_mixin.py:104} INFO - [2021-09-16 01:40:19,902] {dag.py:2305} INFO - Setting next_dagrun for user_processing to 2021-09-16 00:00:00+00:00
[2021-09-16 01:40:19,907] {scheduler_job.py:190} INFO - Processing /home/airflow/airflow/dags/user_processing.py took 0.783 seconds
[2021-09-16 01:40:50,251] {scheduler_job.py:182} INFO - Started process (PID=48376) to work on /home/airflow/airflow/dags/user_processing.py
[2021-09-16 01:40:50,258] {scheduler_job.py:633} INFO - Processing file /home/airflow/airflow/dags/user_processing.py for tasks to queue
[2021-09-16 01:40:50,259] {logging_mixin.py:104} INFO - [2021-09-16 01:40:50,259] {dagbag.py:487} INFO - Filling up the DagBag from /home/airflow/airflow/dags/user_processing.py
[2021-09-16 01:40:50,799] {logging_mixin.py:104} WARNING - /home/airflow/sandbox/lib/python3.8/site-packages/airflow/providers/sqlite/operators/sqlite.py:25 DeprecationWarning: This decorator is deprecated.

In previous versions, all subclasses of BaseOperator must use apply_default decorator for the`default_args` feature to work properly.

In current version, it is optional. The decorator is applied automatically using the metaclass.
[2021-09-16 01:40:50,867] {scheduler_job.py:643} INFO - DAG(s) dict_keys(['user_processing']) retrieved from /home/airflow/airflow/dags/user_processing.py
[2021-09-16 01:40:50,913] {logging_mixin.py:104} INFO - [2021-09-16 01:40:50,913] {dag.py:1832} INFO - Sync 1 DAGs
[2021-09-16 01:40:50,923] {logging_mixin.py:104} INFO - [2021-09-16 01:40:50,923] {dag.py:2305} INFO - Setting next_dagrun for user_processing to 2021-09-16 00:00:00+00:00
[2021-09-16 01:40:50,928] {scheduler_job.py:190} INFO - Processing /home/airflow/airflow/dags/user_processing.py took 0.680 seconds
[2021-09-16 01:41:21,242] {scheduler_job.py:182} INFO - Started process (PID=48491) to work on /home/airflow/airflow/dags/user_processing.py
[2021-09-16 01:41:21,244] {scheduler_job.py:633} INFO - Processing file /home/airflow/airflow/dags/user_processing.py for tasks to queue
[2021-09-16 01:41:21,251] {logging_mixin.py:104} INFO - [2021-09-16 01:41:21,251] {dagbag.py:487} INFO - Filling up the DagBag from /home/airflow/airflow/dags/user_processing.py
[2021-09-16 01:41:21,853] {logging_mixin.py:104} WARNING - /home/airflow/sandbox/lib/python3.8/site-packages/airflow/providers/sqlite/operators/sqlite.py:25 DeprecationWarning: This decorator is deprecated.

In previous versions, all subclasses of BaseOperator must use apply_default decorator for the`default_args` feature to work properly.

In current version, it is optional. The decorator is applied automatically using the metaclass.
[2021-09-16 01:41:21,921] {scheduler_job.py:643} INFO - DAG(s) dict_keys(['user_processing']) retrieved from /home/airflow/airflow/dags/user_processing.py
[2021-09-16 01:41:21,952] {logging_mixin.py:104} INFO - [2021-09-16 01:41:21,951] {dag.py:1832} INFO - Sync 1 DAGs
[2021-09-16 01:41:21,964] {logging_mixin.py:104} INFO - [2021-09-16 01:41:21,964] {dag.py:2305} INFO - Setting next_dagrun for user_processing to 2021-09-16 00:00:00+00:00
[2021-09-16 01:41:21,974] {scheduler_job.py:190} INFO - Processing /home/airflow/airflow/dags/user_processing.py took 0.734 seconds
[2021-09-16 01:41:52,330] {scheduler_job.py:182} INFO - Started process (PID=48613) to work on /home/airflow/airflow/dags/user_processing.py
[2021-09-16 01:41:52,334] {scheduler_job.py:633} INFO - Processing file /home/airflow/airflow/dags/user_processing.py for tasks to queue
[2021-09-16 01:41:52,335] {logging_mixin.py:104} INFO - [2021-09-16 01:41:52,335] {dagbag.py:487} INFO - Filling up the DagBag from /home/airflow/airflow/dags/user_processing.py
[2021-09-16 01:41:53,150] {logging_mixin.py:104} WARNING - /home/airflow/sandbox/lib/python3.8/site-packages/airflow/providers/sqlite/operators/sqlite.py:25 DeprecationWarning: This decorator is deprecated.

In previous versions, all subclasses of BaseOperator must use apply_default decorator for the`default_args` feature to work properly.

In current version, it is optional. The decorator is applied automatically using the metaclass.
[2021-09-16 01:41:53,218] {scheduler_job.py:643} INFO - DAG(s) dict_keys(['user_processing']) retrieved from /home/airflow/airflow/dags/user_processing.py
[2021-09-16 01:41:53,242] {logging_mixin.py:104} INFO - [2021-09-16 01:41:53,242] {dag.py:1832} INFO - Sync 1 DAGs
[2021-09-16 01:41:53,257] {logging_mixin.py:104} INFO - [2021-09-16 01:41:53,257] {dag.py:2305} INFO - Setting next_dagrun for user_processing to 2021-09-16 00:00:00+00:00
[2021-09-16 01:41:53,269] {scheduler_job.py:190} INFO - Processing /home/airflow/airflow/dags/user_processing.py took 0.945 seconds
[2021-09-16 01:42:23,569] {scheduler_job.py:182} INFO - Started process (PID=48735) to work on /home/airflow/airflow/dags/user_processing.py
[2021-09-16 01:42:23,570] {scheduler_job.py:633} INFO - Processing file /home/airflow/airflow/dags/user_processing.py for tasks to queue
[2021-09-16 01:42:23,576] {logging_mixin.py:104} INFO - [2021-09-16 01:42:23,575] {dagbag.py:487} INFO - Filling up the DagBag from /home/airflow/airflow/dags/user_processing.py
[2021-09-16 01:42:24,043] {logging_mixin.py:104} WARNING - /home/airflow/sandbox/lib/python3.8/site-packages/airflow/providers/sqlite/operators/sqlite.py:25 DeprecationWarning: This decorator is deprecated.

In previous versions, all subclasses of BaseOperator must use apply_default decorator for the`default_args` feature to work properly.

In current version, it is optional. The decorator is applied automatically using the metaclass.
[2021-09-16 01:42:24,092] {scheduler_job.py:643} INFO - DAG(s) dict_keys(['user_processing']) retrieved from /home/airflow/airflow/dags/user_processing.py
[2021-09-16 01:42:24,123] {logging_mixin.py:104} INFO - [2021-09-16 01:42:24,122] {dag.py:1832} INFO - Sync 1 DAGs
[2021-09-16 01:42:24,136] {logging_mixin.py:104} INFO - [2021-09-16 01:42:24,136] {dag.py:2305} INFO - Setting next_dagrun for user_processing to 2021-09-16 00:00:00+00:00
[2021-09-16 01:42:24,141] {scheduler_job.py:190} INFO - Processing /home/airflow/airflow/dags/user_processing.py took 0.575 seconds
[2021-09-16 01:42:54,441] {scheduler_job.py:182} INFO - Started process (PID=48857) to work on /home/airflow/airflow/dags/user_processing.py
[2021-09-16 01:42:54,442] {scheduler_job.py:633} INFO - Processing file /home/airflow/airflow/dags/user_processing.py for tasks to queue
[2021-09-16 01:42:54,449] {logging_mixin.py:104} INFO - [2021-09-16 01:42:54,449] {dagbag.py:487} INFO - Filling up the DagBag from /home/airflow/airflow/dags/user_processing.py
[2021-09-16 01:42:54,917] {logging_mixin.py:104} WARNING - /home/airflow/sandbox/lib/python3.8/site-packages/airflow/providers/sqlite/operators/sqlite.py:25 DeprecationWarning: This decorator is deprecated.

In previous versions, all subclasses of BaseOperator must use apply_default decorator for the`default_args` feature to work properly.

In current version, it is optional. The decorator is applied automatically using the metaclass.
[2021-09-16 01:42:54,973] {scheduler_job.py:643} INFO - DAG(s) dict_keys(['user_processing']) retrieved from /home/airflow/airflow/dags/user_processing.py
[2021-09-16 01:42:55,011] {logging_mixin.py:104} INFO - [2021-09-16 01:42:55,011] {dag.py:1832} INFO - Sync 1 DAGs
[2021-09-16 01:42:55,027] {logging_mixin.py:104} INFO - [2021-09-16 01:42:55,027] {dag.py:2305} INFO - Setting next_dagrun for user_processing to 2021-09-16 00:00:00+00:00
[2021-09-16 01:42:55,032] {scheduler_job.py:190} INFO - Processing /home/airflow/airflow/dags/user_processing.py took 0.594 seconds
[2021-09-16 01:43:25,330] {scheduler_job.py:182} INFO - Started process (PID=48978) to work on /home/airflow/airflow/dags/user_processing.py
[2021-09-16 01:43:25,332] {scheduler_job.py:633} INFO - Processing file /home/airflow/airflow/dags/user_processing.py for tasks to queue
[2021-09-16 01:43:25,337] {logging_mixin.py:104} INFO - [2021-09-16 01:43:25,337] {dagbag.py:487} INFO - Filling up the DagBag from /home/airflow/airflow/dags/user_processing.py
[2021-09-16 01:43:25,810] {logging_mixin.py:104} WARNING - /home/airflow/sandbox/lib/python3.8/site-packages/airflow/providers/sqlite/operators/sqlite.py:25 DeprecationWarning: This decorator is deprecated.

In previous versions, all subclasses of BaseOperator must use apply_default decorator for the`default_args` feature to work properly.

In current version, it is optional. The decorator is applied automatically using the metaclass.
[2021-09-16 01:43:25,878] {scheduler_job.py:643} INFO - DAG(s) dict_keys(['user_processing']) retrieved from /home/airflow/airflow/dags/user_processing.py
[2021-09-16 01:43:25,904] {logging_mixin.py:104} INFO - [2021-09-16 01:43:25,904] {dag.py:1832} INFO - Sync 1 DAGs
[2021-09-16 01:43:25,917] {logging_mixin.py:104} INFO - [2021-09-16 01:43:25,917] {dag.py:2305} INFO - Setting next_dagrun for user_processing to 2021-09-16 00:00:00+00:00
[2021-09-16 01:43:25,925] {scheduler_job.py:190} INFO - Processing /home/airflow/airflow/dags/user_processing.py took 0.598 seconds
[2021-09-16 01:43:56,223] {scheduler_job.py:182} INFO - Started process (PID=49099) to work on /home/airflow/airflow/dags/user_processing.py
[2021-09-16 01:43:56,224] {scheduler_job.py:633} INFO - Processing file /home/airflow/airflow/dags/user_processing.py for tasks to queue
[2021-09-16 01:43:56,229] {logging_mixin.py:104} INFO - [2021-09-16 01:43:56,229] {dagbag.py:487} INFO - Filling up the DagBag from /home/airflow/airflow/dags/user_processing.py
[2021-09-16 01:43:56,750] {logging_mixin.py:104} WARNING - /home/airflow/sandbox/lib/python3.8/site-packages/airflow/providers/sqlite/operators/sqlite.py:25 DeprecationWarning: This decorator is deprecated.

In previous versions, all subclasses of BaseOperator must use apply_default decorator for the`default_args` feature to work properly.

In current version, it is optional. The decorator is applied automatically using the metaclass.
[2021-09-16 01:43:56,830] {scheduler_job.py:643} INFO - DAG(s) dict_keys(['user_processing']) retrieved from /home/airflow/airflow/dags/user_processing.py
[2021-09-16 01:43:56,856] {logging_mixin.py:104} INFO - [2021-09-16 01:43:56,856] {dag.py:1832} INFO - Sync 1 DAGs
[2021-09-16 01:43:56,873] {logging_mixin.py:104} INFO - [2021-09-16 01:43:56,873] {dag.py:2305} INFO - Setting next_dagrun for user_processing to 2021-09-16 00:00:00+00:00
[2021-09-16 01:43:56,877] {scheduler_job.py:190} INFO - Processing /home/airflow/airflow/dags/user_processing.py took 0.656 seconds
[2021-09-16 01:44:27,177] {scheduler_job.py:182} INFO - Started process (PID=49223) to work on /home/airflow/airflow/dags/user_processing.py
[2021-09-16 01:44:27,210] {scheduler_job.py:633} INFO - Processing file /home/airflow/airflow/dags/user_processing.py for tasks to queue
[2021-09-16 01:44:27,234] {logging_mixin.py:104} INFO - [2021-09-16 01:44:27,234] {dagbag.py:487} INFO - Filling up the DagBag from /home/airflow/airflow/dags/user_processing.py
[2021-09-16 01:44:27,745] {logging_mixin.py:104} WARNING - /home/airflow/sandbox/lib/python3.8/site-packages/airflow/providers/sqlite/operators/sqlite.py:25 DeprecationWarning: This decorator is deprecated.

In previous versions, all subclasses of BaseOperator must use apply_default decorator for the`default_args` feature to work properly.

In current version, it is optional. The decorator is applied automatically using the metaclass.
[2021-09-16 01:44:27,809] {scheduler_job.py:643} INFO - DAG(s) dict_keys(['user_processing']) retrieved from /home/airflow/airflow/dags/user_processing.py
[2021-09-16 01:44:27,835] {logging_mixin.py:104} INFO - [2021-09-16 01:44:27,834] {dag.py:1832} INFO - Sync 1 DAGs
[2021-09-16 01:44:27,843] {logging_mixin.py:104} INFO - [2021-09-16 01:44:27,843] {dag.py:2305} INFO - Setting next_dagrun for user_processing to 2021-09-16 00:00:00+00:00
[2021-09-16 01:44:27,848] {scheduler_job.py:190} INFO - Processing /home/airflow/airflow/dags/user_processing.py took 0.672 seconds
[2021-09-16 01:44:58,144] {scheduler_job.py:182} INFO - Started process (PID=49348) to work on /home/airflow/airflow/dags/user_processing.py
[2021-09-16 01:44:58,145] {scheduler_job.py:633} INFO - Processing file /home/airflow/airflow/dags/user_processing.py for tasks to queue
[2021-09-16 01:44:58,151] {logging_mixin.py:104} INFO - [2021-09-16 01:44:58,151] {dagbag.py:487} INFO - Filling up the DagBag from /home/airflow/airflow/dags/user_processing.py
[2021-09-16 01:44:58,602] {logging_mixin.py:104} WARNING - /home/airflow/sandbox/lib/python3.8/site-packages/airflow/providers/sqlite/operators/sqlite.py:25 DeprecationWarning: This decorator is deprecated.

In previous versions, all subclasses of BaseOperator must use apply_default decorator for the`default_args` feature to work properly.

In current version, it is optional. The decorator is applied automatically using the metaclass.
[2021-09-16 01:44:58,648] {scheduler_job.py:643} INFO - DAG(s) dict_keys(['user_processing']) retrieved from /home/airflow/airflow/dags/user_processing.py
[2021-09-16 01:44:58,675] {logging_mixin.py:104} INFO - [2021-09-16 01:44:58,675] {dag.py:1832} INFO - Sync 1 DAGs
[2021-09-16 01:44:58,694] {logging_mixin.py:104} INFO - [2021-09-16 01:44:58,693] {dag.py:2305} INFO - Setting next_dagrun for user_processing to 2021-09-16 00:00:00+00:00
[2021-09-16 01:44:58,699] {scheduler_job.py:190} INFO - Processing /home/airflow/airflow/dags/user_processing.py took 0.558 seconds
[2021-09-16 01:45:29,007] {scheduler_job.py:182} INFO - Started process (PID=49712) to work on /home/airflow/airflow/dags/user_processing.py
[2021-09-16 01:45:29,011] {scheduler_job.py:633} INFO - Processing file /home/airflow/airflow/dags/user_processing.py for tasks to queue
[2021-09-16 01:45:29,019] {logging_mixin.py:104} INFO - [2021-09-16 01:45:29,018] {dagbag.py:487} INFO - Filling up the DagBag from /home/airflow/airflow/dags/user_processing.py
[2021-09-16 01:45:29,479] {logging_mixin.py:104} WARNING - /home/airflow/sandbox/lib/python3.8/site-packages/airflow/providers/sqlite/operators/sqlite.py:25 DeprecationWarning: This decorator is deprecated.

In previous versions, all subclasses of BaseOperator must use apply_default decorator for the`default_args` feature to work properly.

In current version, it is optional. The decorator is applied automatically using the metaclass.
[2021-09-16 01:45:29,540] {scheduler_job.py:643} INFO - DAG(s) dict_keys(['user_processing']) retrieved from /home/airflow/airflow/dags/user_processing.py
[2021-09-16 01:45:29,569] {logging_mixin.py:104} INFO - [2021-09-16 01:45:29,569] {dag.py:1832} INFO - Sync 1 DAGs
[2021-09-16 01:45:29,582] {logging_mixin.py:104} INFO - [2021-09-16 01:45:29,582] {dag.py:2305} INFO - Setting next_dagrun for user_processing to 2021-09-16 00:00:00+00:00
[2021-09-16 01:45:29,586] {scheduler_job.py:190} INFO - Processing /home/airflow/airflow/dags/user_processing.py took 0.587 seconds
[2021-09-16 01:45:59,870] {scheduler_job.py:182} INFO - Started process (PID=49839) to work on /home/airflow/airflow/dags/user_processing.py
[2021-09-16 01:45:59,871] {scheduler_job.py:633} INFO - Processing file /home/airflow/airflow/dags/user_processing.py for tasks to queue
[2021-09-16 01:45:59,876] {logging_mixin.py:104} INFO - [2021-09-16 01:45:59,876] {dagbag.py:487} INFO - Filling up the DagBag from /home/airflow/airflow/dags/user_processing.py
[2021-09-16 01:46:00,343] {logging_mixin.py:104} WARNING - /home/airflow/sandbox/lib/python3.8/site-packages/airflow/providers/sqlite/operators/sqlite.py:25 DeprecationWarning: This decorator is deprecated.

In previous versions, all subclasses of BaseOperator must use apply_default decorator for the`default_args` feature to work properly.

In current version, it is optional. The decorator is applied automatically using the metaclass.
[2021-09-16 01:46:00,391] {scheduler_job.py:643} INFO - DAG(s) dict_keys(['user_processing']) retrieved from /home/airflow/airflow/dags/user_processing.py
[2021-09-16 01:46:00,423] {logging_mixin.py:104} INFO - [2021-09-16 01:46:00,419] {dag.py:1832} INFO - Sync 1 DAGs
[2021-09-16 01:46:00,436] {logging_mixin.py:104} INFO - [2021-09-16 01:46:00,436] {dag.py:2305} INFO - Setting next_dagrun for user_processing to 2021-09-16 00:00:00+00:00
[2021-09-16 01:46:00,440] {scheduler_job.py:190} INFO - Processing /home/airflow/airflow/dags/user_processing.py took 0.573 seconds
[2021-09-16 01:46:30,756] {scheduler_job.py:182} INFO - Started process (PID=49963) to work on /home/airflow/airflow/dags/user_processing.py
[2021-09-16 01:46:30,760] {scheduler_job.py:633} INFO - Processing file /home/airflow/airflow/dags/user_processing.py for tasks to queue
[2021-09-16 01:46:30,763] {logging_mixin.py:104} INFO - [2021-09-16 01:46:30,763] {dagbag.py:487} INFO - Filling up the DagBag from /home/airflow/airflow/dags/user_processing.py
[2021-09-16 01:46:31,334] {logging_mixin.py:104} WARNING - /home/airflow/sandbox/lib/python3.8/site-packages/airflow/providers/sqlite/operators/sqlite.py:25 DeprecationWarning: This decorator is deprecated.

In previous versions, all subclasses of BaseOperator must use apply_default decorator for the`default_args` feature to work properly.

In current version, it is optional. The decorator is applied automatically using the metaclass.
[2021-09-16 01:46:31,380] {scheduler_job.py:643} INFO - DAG(s) dict_keys(['user_processing']) retrieved from /home/airflow/airflow/dags/user_processing.py
[2021-09-16 01:46:31,405] {logging_mixin.py:104} INFO - [2021-09-16 01:46:31,405] {dag.py:1832} INFO - Sync 1 DAGs
[2021-09-16 01:46:31,424] {logging_mixin.py:104} INFO - [2021-09-16 01:46:31,424] {dag.py:2305} INFO - Setting next_dagrun for user_processing to 2021-09-16 00:00:00+00:00
[2021-09-16 01:46:31,429] {scheduler_job.py:190} INFO - Processing /home/airflow/airflow/dags/user_processing.py took 0.682 seconds
[2021-09-16 01:47:01,722] {scheduler_job.py:182} INFO - Started process (PID=50087) to work on /home/airflow/airflow/dags/user_processing.py
[2021-09-16 01:47:01,730] {scheduler_job.py:633} INFO - Processing file /home/airflow/airflow/dags/user_processing.py for tasks to queue
[2021-09-16 01:47:01,731] {logging_mixin.py:104} INFO - [2021-09-16 01:47:01,731] {dagbag.py:487} INFO - Filling up the DagBag from /home/airflow/airflow/dags/user_processing.py
[2021-09-16 01:47:02,253] {logging_mixin.py:104} WARNING - /home/airflow/sandbox/lib/python3.8/site-packages/airflow/providers/sqlite/operators/sqlite.py:25 DeprecationWarning: This decorator is deprecated.

In previous versions, all subclasses of BaseOperator must use apply_default decorator for the`default_args` feature to work properly.

In current version, it is optional. The decorator is applied automatically using the metaclass.
[2021-09-16 01:47:02,432] {scheduler_job.py:643} INFO - DAG(s) dict_keys(['user_processing']) retrieved from /home/airflow/airflow/dags/user_processing.py
[2021-09-16 01:47:02,461] {logging_mixin.py:104} INFO - [2021-09-16 01:47:02,461] {dag.py:1832} INFO - Sync 1 DAGs
[2021-09-16 01:47:02,475] {logging_mixin.py:104} INFO - [2021-09-16 01:47:02,475] {dag.py:2305} INFO - Setting next_dagrun for user_processing to 2021-09-16 00:00:00+00:00
[2021-09-16 01:47:02,484] {scheduler_job.py:190} INFO - Processing /home/airflow/airflow/dags/user_processing.py took 0.765 seconds
[2021-09-16 01:47:32,958] {scheduler_job.py:182} INFO - Started process (PID=50214) to work on /home/airflow/airflow/dags/user_processing.py
[2021-09-16 01:47:32,961] {scheduler_job.py:633} INFO - Processing file /home/airflow/airflow/dags/user_processing.py for tasks to queue
[2021-09-16 01:47:32,964] {logging_mixin.py:104} INFO - [2021-09-16 01:47:32,963] {dagbag.py:487} INFO - Filling up the DagBag from /home/airflow/airflow/dags/user_processing.py
[2021-09-16 01:47:33,426] {logging_mixin.py:104} WARNING - /home/airflow/sandbox/lib/python3.8/site-packages/airflow/providers/sqlite/operators/sqlite.py:25 DeprecationWarning: This decorator is deprecated.

In previous versions, all subclasses of BaseOperator must use apply_default decorator for the`default_args` feature to work properly.

In current version, it is optional. The decorator is applied automatically using the metaclass.
[2021-09-16 01:47:33,496] {scheduler_job.py:643} INFO - DAG(s) dict_keys(['user_processing']) retrieved from /home/airflow/airflow/dags/user_processing.py
[2021-09-16 01:47:33,510] {logging_mixin.py:104} INFO - [2021-09-16 01:47:33,509] {dag.py:1832} INFO - Sync 1 DAGs
[2021-09-16 01:47:33,517] {logging_mixin.py:104} INFO - [2021-09-16 01:47:33,517] {dag.py:2305} INFO - Setting next_dagrun for user_processing to 2021-09-16 00:00:00+00:00
[2021-09-16 01:47:33,522] {scheduler_job.py:190} INFO - Processing /home/airflow/airflow/dags/user_processing.py took 0.567 seconds
[2021-09-16 01:48:03,794] {scheduler_job.py:182} INFO - Started process (PID=50337) to work on /home/airflow/airflow/dags/user_processing.py
[2021-09-16 01:48:03,796] {scheduler_job.py:633} INFO - Processing file /home/airflow/airflow/dags/user_processing.py for tasks to queue
[2021-09-16 01:48:03,802] {logging_mixin.py:104} INFO - [2021-09-16 01:48:03,802] {dagbag.py:487} INFO - Filling up the DagBag from /home/airflow/airflow/dags/user_processing.py
[2021-09-16 01:48:04,265] {logging_mixin.py:104} WARNING - /home/airflow/sandbox/lib/python3.8/site-packages/airflow/providers/sqlite/operators/sqlite.py:25 DeprecationWarning: This decorator is deprecated.

In previous versions, all subclasses of BaseOperator must use apply_default decorator for the`default_args` feature to work properly.

In current version, it is optional. The decorator is applied automatically using the metaclass.
[2021-09-16 01:48:04,317] {scheduler_job.py:643} INFO - DAG(s) dict_keys(['user_processing']) retrieved from /home/airflow/airflow/dags/user_processing.py
[2021-09-16 01:48:04,348] {logging_mixin.py:104} INFO - [2021-09-16 01:48:04,348] {dag.py:1832} INFO - Sync 1 DAGs
[2021-09-16 01:48:04,361] {logging_mixin.py:104} INFO - [2021-09-16 01:48:04,361] {dag.py:2305} INFO - Setting next_dagrun for user_processing to 2021-09-16 00:00:00+00:00
[2021-09-16 01:48:04,365] {scheduler_job.py:190} INFO - Processing /home/airflow/airflow/dags/user_processing.py took 0.575 seconds
[2021-09-16 01:48:34,653] {scheduler_job.py:182} INFO - Started process (PID=50458) to work on /home/airflow/airflow/dags/user_processing.py
[2021-09-16 01:48:34,654] {scheduler_job.py:633} INFO - Processing file /home/airflow/airflow/dags/user_processing.py for tasks to queue
[2021-09-16 01:48:34,660] {logging_mixin.py:104} INFO - [2021-09-16 01:48:34,660] {dagbag.py:487} INFO - Filling up the DagBag from /home/airflow/airflow/dags/user_processing.py
[2021-09-16 01:48:35,143] {logging_mixin.py:104} WARNING - /home/airflow/sandbox/lib/python3.8/site-packages/airflow/providers/sqlite/operators/sqlite.py:25 DeprecationWarning: This decorator is deprecated.

In previous versions, all subclasses of BaseOperator must use apply_default decorator for the`default_args` feature to work properly.

In current version, it is optional. The decorator is applied automatically using the metaclass.
[2021-09-16 01:48:35,189] {scheduler_job.py:643} INFO - DAG(s) dict_keys(['user_processing']) retrieved from /home/airflow/airflow/dags/user_processing.py
[2021-09-16 01:48:35,216] {logging_mixin.py:104} INFO - [2021-09-16 01:48:35,216] {dag.py:1832} INFO - Sync 1 DAGs
[2021-09-16 01:48:35,224] {logging_mixin.py:104} INFO - [2021-09-16 01:48:35,224] {dag.py:2305} INFO - Setting next_dagrun for user_processing to 2021-09-16 00:00:00+00:00
[2021-09-16 01:48:35,228] {scheduler_job.py:190} INFO - Processing /home/airflow/airflow/dags/user_processing.py took 0.580 seconds
[2021-09-16 01:49:05,517] {scheduler_job.py:182} INFO - Started process (PID=50579) to work on /home/airflow/airflow/dags/user_processing.py
[2021-09-16 01:49:05,519] {scheduler_job.py:633} INFO - Processing file /home/airflow/airflow/dags/user_processing.py for tasks to queue
[2021-09-16 01:49:05,520] {logging_mixin.py:104} INFO - [2021-09-16 01:49:05,520] {dagbag.py:487} INFO - Filling up the DagBag from /home/airflow/airflow/dags/user_processing.py
[2021-09-16 01:49:06,003] {logging_mixin.py:104} WARNING - /home/airflow/sandbox/lib/python3.8/site-packages/airflow/providers/sqlite/operators/sqlite.py:25 DeprecationWarning: This decorator is deprecated.

In previous versions, all subclasses of BaseOperator must use apply_default decorator for the`default_args` feature to work properly.

In current version, it is optional. The decorator is applied automatically using the metaclass.
[2021-09-16 01:49:06,198] {scheduler_job.py:643} INFO - DAG(s) dict_keys(['user_processing']) retrieved from /home/airflow/airflow/dags/user_processing.py
[2021-09-16 01:49:06,251] {logging_mixin.py:104} INFO - [2021-09-16 01:49:06,251] {dag.py:1832} INFO - Sync 1 DAGs
[2021-09-16 01:49:06,270] {logging_mixin.py:104} INFO - [2021-09-16 01:49:06,270] {dag.py:2305} INFO - Setting next_dagrun for user_processing to 2021-09-16 00:00:00+00:00
[2021-09-16 01:49:06,277] {scheduler_job.py:190} INFO - Processing /home/airflow/airflow/dags/user_processing.py took 0.762 seconds
[2021-09-16 01:49:36,521] {scheduler_job.py:182} INFO - Started process (PID=50700) to work on /home/airflow/airflow/dags/user_processing.py
[2021-09-16 01:49:36,522] {scheduler_job.py:633} INFO - Processing file /home/airflow/airflow/dags/user_processing.py for tasks to queue
[2021-09-16 01:49:36,530] {logging_mixin.py:104} INFO - [2021-09-16 01:49:36,530] {dagbag.py:487} INFO - Filling up the DagBag from /home/airflow/airflow/dags/user_processing.py
[2021-09-16 01:49:37,066] {logging_mixin.py:104} WARNING - /home/airflow/sandbox/lib/python3.8/site-packages/airflow/providers/sqlite/operators/sqlite.py:25 DeprecationWarning: This decorator is deprecated.

In previous versions, all subclasses of BaseOperator must use apply_default decorator for the`default_args` feature to work properly.

In current version, it is optional. The decorator is applied automatically using the metaclass.
[2021-09-16 01:49:37,132] {scheduler_job.py:643} INFO - DAG(s) dict_keys(['user_processing']) retrieved from /home/airflow/airflow/dags/user_processing.py
[2021-09-16 01:49:37,158] {logging_mixin.py:104} INFO - [2021-09-16 01:49:37,158] {dag.py:1832} INFO - Sync 1 DAGs
[2021-09-16 01:49:37,166] {logging_mixin.py:104} INFO - [2021-09-16 01:49:37,166] {dag.py:2305} INFO - Setting next_dagrun for user_processing to 2021-09-16 00:00:00+00:00
[2021-09-16 01:49:37,170] {scheduler_job.py:190} INFO - Processing /home/airflow/airflow/dags/user_processing.py took 0.652 seconds
[2021-09-16 01:50:07,473] {scheduler_job.py:182} INFO - Started process (PID=50948) to work on /home/airflow/airflow/dags/user_processing.py
[2021-09-16 01:50:07,474] {scheduler_job.py:633} INFO - Processing file /home/airflow/airflow/dags/user_processing.py for tasks to queue
[2021-09-16 01:50:07,479] {logging_mixin.py:104} INFO - [2021-09-16 01:50:07,479] {dagbag.py:487} INFO - Filling up the DagBag from /home/airflow/airflow/dags/user_processing.py
[2021-09-16 01:50:07,920] {logging_mixin.py:104} WARNING - /home/airflow/sandbox/lib/python3.8/site-packages/airflow/providers/sqlite/operators/sqlite.py:25 DeprecationWarning: This decorator is deprecated.

In previous versions, all subclasses of BaseOperator must use apply_default decorator for the`default_args` feature to work properly.

In current version, it is optional. The decorator is applied automatically using the metaclass.
[2021-09-16 01:50:07,995] {scheduler_job.py:643} INFO - DAG(s) dict_keys(['user_processing']) retrieved from /home/airflow/airflow/dags/user_processing.py
[2021-09-16 01:50:08,017] {logging_mixin.py:104} INFO - [2021-09-16 01:50:08,016] {dag.py:1832} INFO - Sync 1 DAGs
[2021-09-16 01:50:08,028] {logging_mixin.py:104} INFO - [2021-09-16 01:50:08,028] {dag.py:2305} INFO - Setting next_dagrun for user_processing to 2021-09-16 00:00:00+00:00
[2021-09-16 01:50:08,032] {scheduler_job.py:190} INFO - Processing /home/airflow/airflow/dags/user_processing.py took 0.563 seconds
[2021-09-16 01:50:38,363] {scheduler_job.py:182} INFO - Started process (PID=51189) to work on /home/airflow/airflow/dags/user_processing.py
[2021-09-16 01:50:38,370] {scheduler_job.py:633} INFO - Processing file /home/airflow/airflow/dags/user_processing.py for tasks to queue
[2021-09-16 01:50:38,375] {logging_mixin.py:104} INFO - [2021-09-16 01:50:38,375] {dagbag.py:487} INFO - Filling up the DagBag from /home/airflow/airflow/dags/user_processing.py
[2021-09-16 01:50:38,832] {logging_mixin.py:104} WARNING - /home/airflow/sandbox/lib/python3.8/site-packages/airflow/providers/sqlite/operators/sqlite.py:25 DeprecationWarning: This decorator is deprecated.

In previous versions, all subclasses of BaseOperator must use apply_default decorator for the`default_args` feature to work properly.

In current version, it is optional. The decorator is applied automatically using the metaclass.
[2021-09-16 01:50:38,911] {scheduler_job.py:643} INFO - DAG(s) dict_keys(['user_processing']) retrieved from /home/airflow/airflow/dags/user_processing.py
[2021-09-16 01:50:38,959] {logging_mixin.py:104} INFO - [2021-09-16 01:50:38,959] {dag.py:1832} INFO - Sync 1 DAGs
[2021-09-16 01:50:38,976] {logging_mixin.py:104} INFO - [2021-09-16 01:50:38,976] {dag.py:2305} INFO - Setting next_dagrun for user_processing to 2021-09-16 00:00:00+00:00
[2021-09-16 01:50:38,986] {scheduler_job.py:190} INFO - Processing /home/airflow/airflow/dags/user_processing.py took 0.628 seconds
[2021-09-16 01:51:09,303] {scheduler_job.py:182} INFO - Started process (PID=51317) to work on /home/airflow/airflow/dags/user_processing.py
[2021-09-16 01:51:09,305] {scheduler_job.py:633} INFO - Processing file /home/airflow/airflow/dags/user_processing.py for tasks to queue
[2021-09-16 01:51:09,311] {logging_mixin.py:104} INFO - [2021-09-16 01:51:09,311] {dagbag.py:487} INFO - Filling up the DagBag from /home/airflow/airflow/dags/user_processing.py
[2021-09-16 01:51:09,787] {logging_mixin.py:104} WARNING - /home/airflow/sandbox/lib/python3.8/site-packages/airflow/providers/sqlite/operators/sqlite.py:25 DeprecationWarning: This decorator is deprecated.

In previous versions, all subclasses of BaseOperator must use apply_default decorator for the`default_args` feature to work properly.

In current version, it is optional. The decorator is applied automatically using the metaclass.
[2021-09-16 01:51:09,834] {scheduler_job.py:643} INFO - DAG(s) dict_keys(['user_processing']) retrieved from /home/airflow/airflow/dags/user_processing.py
[2021-09-16 01:51:09,866] {logging_mixin.py:104} INFO - [2021-09-16 01:51:09,866] {dag.py:1832} INFO - Sync 1 DAGs
[2021-09-16 01:51:09,879] {logging_mixin.py:104} INFO - [2021-09-16 01:51:09,878] {dag.py:2305} INFO - Setting next_dagrun for user_processing to 2021-09-16 00:00:00+00:00
[2021-09-16 01:51:09,883] {scheduler_job.py:190} INFO - Processing /home/airflow/airflow/dags/user_processing.py took 0.582 seconds
[2021-09-16 01:51:40,175] {scheduler_job.py:182} INFO - Started process (PID=51438) to work on /home/airflow/airflow/dags/user_processing.py
[2021-09-16 01:51:40,177] {scheduler_job.py:633} INFO - Processing file /home/airflow/airflow/dags/user_processing.py for tasks to queue
[2021-09-16 01:51:40,178] {logging_mixin.py:104} INFO - [2021-09-16 01:51:40,178] {dagbag.py:487} INFO - Filling up the DagBag from /home/airflow/airflow/dags/user_processing.py
[2021-09-16 01:51:40,713] {logging_mixin.py:104} WARNING - /home/airflow/sandbox/lib/python3.8/site-packages/airflow/providers/sqlite/operators/sqlite.py:25 DeprecationWarning: This decorator is deprecated.

In previous versions, all subclasses of BaseOperator must use apply_default decorator for the`default_args` feature to work properly.

In current version, it is optional. The decorator is applied automatically using the metaclass.
[2021-09-16 01:51:40,785] {scheduler_job.py:643} INFO - DAG(s) dict_keys(['user_processing']) retrieved from /home/airflow/airflow/dags/user_processing.py
[2021-09-16 01:51:40,810] {logging_mixin.py:104} INFO - [2021-09-16 01:51:40,810] {dag.py:1832} INFO - Sync 1 DAGs
[2021-09-16 01:51:40,823] {logging_mixin.py:104} INFO - [2021-09-16 01:51:40,823] {dag.py:2305} INFO - Setting next_dagrun for user_processing to 2021-09-16 00:00:00+00:00
[2021-09-16 01:51:40,831] {scheduler_job.py:190} INFO - Processing /home/airflow/airflow/dags/user_processing.py took 0.658 seconds
[2021-09-16 01:52:11,146] {scheduler_job.py:182} INFO - Started process (PID=51565) to work on /home/airflow/airflow/dags/user_processing.py
[2021-09-16 01:52:11,149] {scheduler_job.py:633} INFO - Processing file /home/airflow/airflow/dags/user_processing.py for tasks to queue
[2021-09-16 01:52:11,149] {logging_mixin.py:104} INFO - [2021-09-16 01:52:11,149] {dagbag.py:487} INFO - Filling up the DagBag from /home/airflow/airflow/dags/user_processing.py
[2021-09-16 01:52:11,605] {logging_mixin.py:104} WARNING - /home/airflow/sandbox/lib/python3.8/site-packages/airflow/providers/sqlite/operators/sqlite.py:25 DeprecationWarning: This decorator is deprecated.

In previous versions, all subclasses of BaseOperator must use apply_default decorator for the`default_args` feature to work properly.

In current version, it is optional. The decorator is applied automatically using the metaclass.
[2021-09-16 01:52:11,657] {scheduler_job.py:643} INFO - DAG(s) dict_keys(['user_processing']) retrieved from /home/airflow/airflow/dags/user_processing.py
[2021-09-16 01:52:11,681] {logging_mixin.py:104} INFO - [2021-09-16 01:52:11,680] {dag.py:1832} INFO - Sync 1 DAGs
[2021-09-16 01:52:11,696] {logging_mixin.py:104} INFO - [2021-09-16 01:52:11,696] {dag.py:2305} INFO - Setting next_dagrun for user_processing to 2021-09-16 00:00:00+00:00
[2021-09-16 01:52:11,700] {scheduler_job.py:190} INFO - Processing /home/airflow/airflow/dags/user_processing.py took 0.557 seconds
[2021-09-16 01:52:42,016] {scheduler_job.py:182} INFO - Started process (PID=51692) to work on /home/airflow/airflow/dags/user_processing.py
[2021-09-16 01:52:42,018] {scheduler_job.py:633} INFO - Processing file /home/airflow/airflow/dags/user_processing.py for tasks to queue
[2021-09-16 01:52:42,019] {logging_mixin.py:104} INFO - [2021-09-16 01:52:42,019] {dagbag.py:487} INFO - Filling up the DagBag from /home/airflow/airflow/dags/user_processing.py
[2021-09-16 01:52:42,506] {logging_mixin.py:104} WARNING - /home/airflow/sandbox/lib/python3.8/site-packages/airflow/providers/sqlite/operators/sqlite.py:25 DeprecationWarning: This decorator is deprecated.

In previous versions, all subclasses of BaseOperator must use apply_default decorator for the`default_args` feature to work properly.

In current version, it is optional. The decorator is applied automatically using the metaclass.
[2021-09-16 01:52:42,568] {scheduler_job.py:643} INFO - DAG(s) dict_keys(['user_processing']) retrieved from /home/airflow/airflow/dags/user_processing.py
[2021-09-16 01:52:42,587] {logging_mixin.py:104} INFO - [2021-09-16 01:52:42,587] {dag.py:1832} INFO - Sync 1 DAGs
[2021-09-16 01:52:42,599] {logging_mixin.py:104} INFO - [2021-09-16 01:52:42,599] {dag.py:2305} INFO - Setting next_dagrun for user_processing to 2021-09-16 00:00:00+00:00
[2021-09-16 01:52:42,603] {scheduler_job.py:190} INFO - Processing /home/airflow/airflow/dags/user_processing.py took 0.590 seconds
[2021-09-16 01:53:12,888] {scheduler_job.py:182} INFO - Started process (PID=51819) to work on /home/airflow/airflow/dags/user_processing.py
[2021-09-16 01:53:12,890] {scheduler_job.py:633} INFO - Processing file /home/airflow/airflow/dags/user_processing.py for tasks to queue
[2021-09-16 01:53:12,891] {logging_mixin.py:104} INFO - [2021-09-16 01:53:12,890] {dagbag.py:487} INFO - Filling up the DagBag from /home/airflow/airflow/dags/user_processing.py
[2021-09-16 01:53:13,346] {logging_mixin.py:104} WARNING - /home/airflow/sandbox/lib/python3.8/site-packages/airflow/providers/sqlite/operators/sqlite.py:25 DeprecationWarning: This decorator is deprecated.

In previous versions, all subclasses of BaseOperator must use apply_default decorator for the`default_args` feature to work properly.

In current version, it is optional. The decorator is applied automatically using the metaclass.
[2021-09-16 01:53:13,416] {scheduler_job.py:643} INFO - DAG(s) dict_keys(['user_processing']) retrieved from /home/airflow/airflow/dags/user_processing.py
[2021-09-16 01:53:13,440] {logging_mixin.py:104} INFO - [2021-09-16 01:53:13,436] {dag.py:1832} INFO - Sync 1 DAGs
[2021-09-16 01:53:13,452] {logging_mixin.py:104} INFO - [2021-09-16 01:53:13,452] {dag.py:2305} INFO - Setting next_dagrun for user_processing to 2021-09-16 00:00:00+00:00
[2021-09-16 01:53:13,456] {scheduler_job.py:190} INFO - Processing /home/airflow/airflow/dags/user_processing.py took 0.571 seconds
[2021-09-16 01:53:43,757] {scheduler_job.py:182} INFO - Started process (PID=51947) to work on /home/airflow/airflow/dags/user_processing.py
[2021-09-16 01:53:43,758] {scheduler_job.py:633} INFO - Processing file /home/airflow/airflow/dags/user_processing.py for tasks to queue
[2021-09-16 01:53:43,763] {logging_mixin.py:104} INFO - [2021-09-16 01:53:43,763] {dagbag.py:487} INFO - Filling up the DagBag from /home/airflow/airflow/dags/user_processing.py
[2021-09-16 01:53:44,221] {logging_mixin.py:104} WARNING - /home/airflow/sandbox/lib/python3.8/site-packages/airflow/providers/sqlite/operators/sqlite.py:25 DeprecationWarning: This decorator is deprecated.

In previous versions, all subclasses of BaseOperator must use apply_default decorator for the`default_args` feature to work properly.

In current version, it is optional. The decorator is applied automatically using the metaclass.
[2021-09-16 01:53:44,283] {scheduler_job.py:643} INFO - DAG(s) dict_keys(['user_processing']) retrieved from /home/airflow/airflow/dags/user_processing.py
[2021-09-16 01:53:44,307] {logging_mixin.py:104} INFO - [2021-09-16 01:53:44,307] {dag.py:1832} INFO - Sync 1 DAGs
[2021-09-16 01:53:44,315] {logging_mixin.py:104} INFO - [2021-09-16 01:53:44,315] {dag.py:2305} INFO - Setting next_dagrun for user_processing to 2021-09-16 00:00:00+00:00
[2021-09-16 01:53:44,325] {scheduler_job.py:190} INFO - Processing /home/airflow/airflow/dags/user_processing.py took 0.571 seconds
[2021-09-16 01:54:14,626] {scheduler_job.py:182} INFO - Started process (PID=52070) to work on /home/airflow/airflow/dags/user_processing.py
[2021-09-16 01:54:14,627] {scheduler_job.py:633} INFO - Processing file /home/airflow/airflow/dags/user_processing.py for tasks to queue
[2021-09-16 01:54:14,633] {logging_mixin.py:104} INFO - [2021-09-16 01:54:14,633] {dagbag.py:487} INFO - Filling up the DagBag from /home/airflow/airflow/dags/user_processing.py
[2021-09-16 01:54:15,147] {logging_mixin.py:104} WARNING - /home/airflow/sandbox/lib/python3.8/site-packages/airflow/providers/sqlite/operators/sqlite.py:25 DeprecationWarning: This decorator is deprecated.

In previous versions, all subclasses of BaseOperator must use apply_default decorator for the`default_args` feature to work properly.

In current version, it is optional. The decorator is applied automatically using the metaclass.
[2021-09-16 01:54:15,200] {scheduler_job.py:643} INFO - DAG(s) dict_keys(['user_processing']) retrieved from /home/airflow/airflow/dags/user_processing.py
[2021-09-16 01:54:15,225] {logging_mixin.py:104} INFO - [2021-09-16 01:54:15,225] {dag.py:1832} INFO - Sync 1 DAGs
[2021-09-16 01:54:15,240] {logging_mixin.py:104} INFO - [2021-09-16 01:54:15,240] {dag.py:2305} INFO - Setting next_dagrun for user_processing to 2021-09-16 00:00:00+00:00
[2021-09-16 01:54:15,248] {scheduler_job.py:190} INFO - Processing /home/airflow/airflow/dags/user_processing.py took 0.625 seconds
[2021-09-16 01:54:45,544] {scheduler_job.py:182} INFO - Started process (PID=52197) to work on /home/airflow/airflow/dags/user_processing.py
[2021-09-16 01:54:45,546] {scheduler_job.py:633} INFO - Processing file /home/airflow/airflow/dags/user_processing.py for tasks to queue
[2021-09-16 01:54:45,552] {logging_mixin.py:104} INFO - [2021-09-16 01:54:45,552] {dagbag.py:487} INFO - Filling up the DagBag from /home/airflow/airflow/dags/user_processing.py
[2021-09-16 01:54:46,045] {logging_mixin.py:104} WARNING - /home/airflow/sandbox/lib/python3.8/site-packages/airflow/providers/sqlite/operators/sqlite.py:25 DeprecationWarning: This decorator is deprecated.

In previous versions, all subclasses of BaseOperator must use apply_default decorator for the`default_args` feature to work properly.

In current version, it is optional. The decorator is applied automatically using the metaclass.
[2021-09-16 01:54:46,093] {scheduler_job.py:643} INFO - DAG(s) dict_keys(['user_processing']) retrieved from /home/airflow/airflow/dags/user_processing.py
[2021-09-16 01:54:46,121] {logging_mixin.py:104} INFO - [2021-09-16 01:54:46,120] {dag.py:1832} INFO - Sync 1 DAGs
[2021-09-16 01:54:46,149] {logging_mixin.py:104} INFO - [2021-09-16 01:54:46,149] {dag.py:2305} INFO - Setting next_dagrun for user_processing to 2021-09-16 00:00:00+00:00
[2021-09-16 01:54:46,168] {scheduler_job.py:190} INFO - Processing /home/airflow/airflow/dags/user_processing.py took 0.627 seconds
[2021-09-16 01:55:16,477] {scheduler_job.py:182} INFO - Started process (PID=52567) to work on /home/airflow/airflow/dags/user_processing.py
[2021-09-16 01:55:16,478] {scheduler_job.py:633} INFO - Processing file /home/airflow/airflow/dags/user_processing.py for tasks to queue
[2021-09-16 01:55:16,484] {logging_mixin.py:104} INFO - [2021-09-16 01:55:16,484] {dagbag.py:487} INFO - Filling up the DagBag from /home/airflow/airflow/dags/user_processing.py
[2021-09-16 01:55:16,929] {logging_mixin.py:104} WARNING - /home/airflow/sandbox/lib/python3.8/site-packages/airflow/providers/sqlite/operators/sqlite.py:25 DeprecationWarning: This decorator is deprecated.

In previous versions, all subclasses of BaseOperator must use apply_default decorator for the`default_args` feature to work properly.

In current version, it is optional. The decorator is applied automatically using the metaclass.
[2021-09-16 01:55:16,991] {scheduler_job.py:643} INFO - DAG(s) dict_keys(['user_processing']) retrieved from /home/airflow/airflow/dags/user_processing.py
[2021-09-16 01:55:17,016] {logging_mixin.py:104} INFO - [2021-09-16 01:55:17,016] {dag.py:1832} INFO - Sync 1 DAGs
[2021-09-16 01:55:17,025] {logging_mixin.py:104} INFO - [2021-09-16 01:55:17,025] {dag.py:2305} INFO - Setting next_dagrun for user_processing to 2021-09-16 00:00:00+00:00
[2021-09-16 01:55:17,029] {scheduler_job.py:190} INFO - Processing /home/airflow/airflow/dags/user_processing.py took 0.555 seconds
[2021-09-16 01:55:47,330] {scheduler_job.py:182} INFO - Started process (PID=52688) to work on /home/airflow/airflow/dags/user_processing.py
[2021-09-16 01:55:47,331] {scheduler_job.py:633} INFO - Processing file /home/airflow/airflow/dags/user_processing.py for tasks to queue
[2021-09-16 01:55:47,332] {logging_mixin.py:104} INFO - [2021-09-16 01:55:47,332] {dagbag.py:487} INFO - Filling up the DagBag from /home/airflow/airflow/dags/user_processing.py
[2021-09-16 01:55:47,878] {logging_mixin.py:104} WARNING - /home/airflow/sandbox/lib/python3.8/site-packages/airflow/providers/sqlite/operators/sqlite.py:25 DeprecationWarning: This decorator is deprecated.

In previous versions, all subclasses of BaseOperator must use apply_default decorator for the`default_args` feature to work properly.

In current version, it is optional. The decorator is applied automatically using the metaclass.
[2021-09-16 01:55:48,030] {scheduler_job.py:643} INFO - DAG(s) dict_keys(['user_processing']) retrieved from /home/airflow/airflow/dags/user_processing.py
[2021-09-16 01:55:48,061] {logging_mixin.py:104} INFO - [2021-09-16 01:55:48,061] {dag.py:1832} INFO - Sync 1 DAGs
[2021-09-16 01:55:48,070] {logging_mixin.py:104} INFO - [2021-09-16 01:55:48,070] {dag.py:2305} INFO - Setting next_dagrun for user_processing to 2021-09-16 00:00:00+00:00
[2021-09-16 01:55:48,074] {scheduler_job.py:190} INFO - Processing /home/airflow/airflow/dags/user_processing.py took 0.747 seconds
[2021-09-16 01:56:18,459] {scheduler_job.py:182} INFO - Started process (PID=52815) to work on /home/airflow/airflow/dags/user_processing.py
[2021-09-16 01:56:18,460] {scheduler_job.py:633} INFO - Processing file /home/airflow/airflow/dags/user_processing.py for tasks to queue
[2021-09-16 01:56:18,466] {logging_mixin.py:104} INFO - [2021-09-16 01:56:18,466] {dagbag.py:487} INFO - Filling up the DagBag from /home/airflow/airflow/dags/user_processing.py
[2021-09-16 01:56:18,938] {logging_mixin.py:104} WARNING - /home/airflow/sandbox/lib/python3.8/site-packages/airflow/providers/sqlite/operators/sqlite.py:25 DeprecationWarning: This decorator is deprecated.

In previous versions, all subclasses of BaseOperator must use apply_default decorator for the`default_args` feature to work properly.

In current version, it is optional. The decorator is applied automatically using the metaclass.
[2021-09-16 01:56:18,985] {scheduler_job.py:643} INFO - DAG(s) dict_keys(['user_processing']) retrieved from /home/airflow/airflow/dags/user_processing.py
[2021-09-16 01:56:19,012] {logging_mixin.py:104} INFO - [2021-09-16 01:56:19,012] {dag.py:1832} INFO - Sync 1 DAGs
[2021-09-16 01:56:19,027] {logging_mixin.py:104} INFO - [2021-09-16 01:56:19,027] {dag.py:2305} INFO - Setting next_dagrun for user_processing to 2021-09-16 00:00:00+00:00
[2021-09-16 01:56:19,039] {scheduler_job.py:190} INFO - Processing /home/airflow/airflow/dags/user_processing.py took 0.583 seconds
[2021-09-16 01:56:49,334] {scheduler_job.py:182} INFO - Started process (PID=52942) to work on /home/airflow/airflow/dags/user_processing.py
[2021-09-16 01:56:49,335] {scheduler_job.py:633} INFO - Processing file /home/airflow/airflow/dags/user_processing.py for tasks to queue
[2021-09-16 01:56:49,341] {logging_mixin.py:104} INFO - [2021-09-16 01:56:49,341] {dagbag.py:487} INFO - Filling up the DagBag from /home/airflow/airflow/dags/user_processing.py
[2021-09-16 01:56:49,798] {logging_mixin.py:104} WARNING - /home/airflow/sandbox/lib/python3.8/site-packages/airflow/providers/sqlite/operators/sqlite.py:25 DeprecationWarning: This decorator is deprecated.

In previous versions, all subclasses of BaseOperator must use apply_default decorator for the`default_args` feature to work properly.

In current version, it is optional. The decorator is applied automatically using the metaclass.
[2021-09-16 01:56:49,844] {scheduler_job.py:643} INFO - DAG(s) dict_keys(['user_processing']) retrieved from /home/airflow/airflow/dags/user_processing.py
[2021-09-16 01:56:49,871] {logging_mixin.py:104} INFO - [2021-09-16 01:56:49,871] {dag.py:1832} INFO - Sync 1 DAGs
[2021-09-16 01:56:49,886] {logging_mixin.py:104} INFO - [2021-09-16 01:56:49,886] {dag.py:2305} INFO - Setting next_dagrun for user_processing to 2021-09-16 00:00:00+00:00
[2021-09-16 01:56:49,895] {scheduler_job.py:190} INFO - Processing /home/airflow/airflow/dags/user_processing.py took 0.564 seconds
[2021-09-16 01:57:20,193] {scheduler_job.py:182} INFO - Started process (PID=53064) to work on /home/airflow/airflow/dags/user_processing.py
[2021-09-16 01:57:20,196] {scheduler_job.py:633} INFO - Processing file /home/airflow/airflow/dags/user_processing.py for tasks to queue
[2021-09-16 01:57:20,198] {logging_mixin.py:104} INFO - [2021-09-16 01:57:20,198] {dagbag.py:487} INFO - Filling up the DagBag from /home/airflow/airflow/dags/user_processing.py
[2021-09-16 01:57:20,648] {logging_mixin.py:104} WARNING - /home/airflow/sandbox/lib/python3.8/site-packages/airflow/providers/sqlite/operators/sqlite.py:25 DeprecationWarning: This decorator is deprecated.

In previous versions, all subclasses of BaseOperator must use apply_default decorator for the`default_args` feature to work properly.

In current version, it is optional. The decorator is applied automatically using the metaclass.
[2021-09-16 01:57:20,715] {scheduler_job.py:643} INFO - DAG(s) dict_keys(['user_processing']) retrieved from /home/airflow/airflow/dags/user_processing.py
[2021-09-16 01:57:20,741] {logging_mixin.py:104} INFO - [2021-09-16 01:57:20,741] {dag.py:1832} INFO - Sync 1 DAGs
[2021-09-16 01:57:20,748] {logging_mixin.py:104} INFO - [2021-09-16 01:57:20,748] {dag.py:2305} INFO - Setting next_dagrun for user_processing to 2021-09-16 00:00:00+00:00
[2021-09-16 01:57:20,753] {scheduler_job.py:190} INFO - Processing /home/airflow/airflow/dags/user_processing.py took 0.562 seconds
[2021-09-16 01:57:51,037] {scheduler_job.py:182} INFO - Started process (PID=53191) to work on /home/airflow/airflow/dags/user_processing.py
[2021-09-16 01:57:51,039] {scheduler_job.py:633} INFO - Processing file /home/airflow/airflow/dags/user_processing.py for tasks to queue
[2021-09-16 01:57:51,046] {logging_mixin.py:104} INFO - [2021-09-16 01:57:51,045] {dagbag.py:487} INFO - Filling up the DagBag from /home/airflow/airflow/dags/user_processing.py
[2021-09-16 01:57:51,491] {logging_mixin.py:104} WARNING - /home/airflow/sandbox/lib/python3.8/site-packages/airflow/providers/sqlite/operators/sqlite.py:25 DeprecationWarning: This decorator is deprecated.

In previous versions, all subclasses of BaseOperator must use apply_default decorator for the`default_args` feature to work properly.

In current version, it is optional. The decorator is applied automatically using the metaclass.
[2021-09-16 01:57:51,550] {scheduler_job.py:643} INFO - DAG(s) dict_keys(['user_processing']) retrieved from /home/airflow/airflow/dags/user_processing.py
[2021-09-16 01:57:51,575] {logging_mixin.py:104} INFO - [2021-09-16 01:57:51,571] {dag.py:1832} INFO - Sync 1 DAGs
[2021-09-16 01:57:51,587] {logging_mixin.py:104} INFO - [2021-09-16 01:57:51,587] {dag.py:2305} INFO - Setting next_dagrun for user_processing to 2021-09-16 00:00:00+00:00
[2021-09-16 01:57:51,592] {scheduler_job.py:190} INFO - Processing /home/airflow/airflow/dags/user_processing.py took 0.557 seconds
[2021-09-16 01:58:21,874] {scheduler_job.py:182} INFO - Started process (PID=53312) to work on /home/airflow/airflow/dags/user_processing.py
[2021-09-16 01:58:21,877] {scheduler_job.py:633} INFO - Processing file /home/airflow/airflow/dags/user_processing.py for tasks to queue
[2021-09-16 01:58:21,882] {logging_mixin.py:104} INFO - [2021-09-16 01:58:21,882] {dagbag.py:487} INFO - Filling up the DagBag from /home/airflow/airflow/dags/user_processing.py
[2021-09-16 01:58:22,337] {logging_mixin.py:104} WARNING - /home/airflow/sandbox/lib/python3.8/site-packages/airflow/providers/sqlite/operators/sqlite.py:25 DeprecationWarning: This decorator is deprecated.

In previous versions, all subclasses of BaseOperator must use apply_default decorator for the`default_args` feature to work properly.

In current version, it is optional. The decorator is applied automatically using the metaclass.
[2021-09-16 01:58:22,394] {scheduler_job.py:643} INFO - DAG(s) dict_keys(['user_processing']) retrieved from /home/airflow/airflow/dags/user_processing.py
[2021-09-16 01:58:22,434] {logging_mixin.py:104} INFO - [2021-09-16 01:58:22,434] {dag.py:1832} INFO - Sync 1 DAGs
[2021-09-16 01:58:22,450] {logging_mixin.py:104} INFO - [2021-09-16 01:58:22,450] {dag.py:2305} INFO - Setting next_dagrun for user_processing to 2021-09-16 00:00:00+00:00
[2021-09-16 01:58:22,457] {scheduler_job.py:190} INFO - Processing /home/airflow/airflow/dags/user_processing.py took 0.586 seconds
[2021-09-16 01:58:52,747] {scheduler_job.py:182} INFO - Started process (PID=53439) to work on /home/airflow/airflow/dags/user_processing.py
[2021-09-16 01:58:52,749] {scheduler_job.py:633} INFO - Processing file /home/airflow/airflow/dags/user_processing.py for tasks to queue
[2021-09-16 01:58:52,754] {logging_mixin.py:104} INFO - [2021-09-16 01:58:52,754] {dagbag.py:487} INFO - Filling up the DagBag from /home/airflow/airflow/dags/user_processing.py
[2021-09-16 01:58:53,243] {logging_mixin.py:104} WARNING - /home/airflow/sandbox/lib/python3.8/site-packages/airflow/providers/sqlite/operators/sqlite.py:25 DeprecationWarning: This decorator is deprecated.

In previous versions, all subclasses of BaseOperator must use apply_default decorator for the`default_args` feature to work properly.

In current version, it is optional. The decorator is applied automatically using the metaclass.
[2021-09-16 01:58:53,294] {scheduler_job.py:643} INFO - DAG(s) dict_keys(['user_processing']) retrieved from /home/airflow/airflow/dags/user_processing.py
[2021-09-16 01:58:53,323] {logging_mixin.py:104} INFO - [2021-09-16 01:58:53,323] {dag.py:1832} INFO - Sync 1 DAGs
[2021-09-16 01:58:53,340] {logging_mixin.py:104} INFO - [2021-09-16 01:58:53,340] {dag.py:2305} INFO - Setting next_dagrun for user_processing to 2021-09-16 00:00:00+00:00
[2021-09-16 01:58:53,350] {scheduler_job.py:190} INFO - Processing /home/airflow/airflow/dags/user_processing.py took 0.607 seconds
[2021-09-16 01:59:23,658] {scheduler_job.py:182} INFO - Started process (PID=53560) to work on /home/airflow/airflow/dags/user_processing.py
[2021-09-16 01:59:23,664] {scheduler_job.py:633} INFO - Processing file /home/airflow/airflow/dags/user_processing.py for tasks to queue
[2021-09-16 01:59:23,665] {logging_mixin.py:104} INFO - [2021-09-16 01:59:23,665] {dagbag.py:487} INFO - Filling up the DagBag from /home/airflow/airflow/dags/user_processing.py
[2021-09-16 01:59:24,264] {logging_mixin.py:104} WARNING - /home/airflow/sandbox/lib/python3.8/site-packages/airflow/providers/sqlite/operators/sqlite.py:25 DeprecationWarning: This decorator is deprecated.

In previous versions, all subclasses of BaseOperator must use apply_default decorator for the`default_args` feature to work properly.

In current version, it is optional. The decorator is applied automatically using the metaclass.
[2021-09-16 01:59:24,325] {scheduler_job.py:643} INFO - DAG(s) dict_keys(['user_processing']) retrieved from /home/airflow/airflow/dags/user_processing.py
[2021-09-16 01:59:24,345] {logging_mixin.py:104} INFO - [2021-09-16 01:59:24,345] {dag.py:1832} INFO - Sync 1 DAGs
[2021-09-16 01:59:24,354] {logging_mixin.py:104} INFO - [2021-09-16 01:59:24,354] {dag.py:2305} INFO - Setting next_dagrun for user_processing to 2021-09-16 00:00:00+00:00
[2021-09-16 01:59:24,359] {scheduler_job.py:190} INFO - Processing /home/airflow/airflow/dags/user_processing.py took 0.706 seconds
[2021-09-16 01:59:54,659] {scheduler_job.py:182} INFO - Started process (PID=53689) to work on /home/airflow/airflow/dags/user_processing.py
[2021-09-16 01:59:54,660] {scheduler_job.py:633} INFO - Processing file /home/airflow/airflow/dags/user_processing.py for tasks to queue
[2021-09-16 01:59:54,660] {logging_mixin.py:104} INFO - [2021-09-16 01:59:54,660] {dagbag.py:487} INFO - Filling up the DagBag from /home/airflow/airflow/dags/user_processing.py
[2021-09-16 01:59:55,130] {logging_mixin.py:104} WARNING - /home/airflow/sandbox/lib/python3.8/site-packages/airflow/providers/sqlite/operators/sqlite.py:25 DeprecationWarning: This decorator is deprecated.

In previous versions, all subclasses of BaseOperator must use apply_default decorator for the`default_args` feature to work properly.

In current version, it is optional. The decorator is applied automatically using the metaclass.
[2021-09-16 01:59:55,174] {scheduler_job.py:643} INFO - DAG(s) dict_keys(['user_processing']) retrieved from /home/airflow/airflow/dags/user_processing.py
[2021-09-16 01:59:55,203] {logging_mixin.py:104} INFO - [2021-09-16 01:59:55,203] {dag.py:1832} INFO - Sync 1 DAGs
[2021-09-16 01:59:55,218] {logging_mixin.py:104} INFO - [2021-09-16 01:59:55,218] {dag.py:2305} INFO - Setting next_dagrun for user_processing to 2021-09-16 00:00:00+00:00
[2021-09-16 01:59:55,226] {scheduler_job.py:190} INFO - Processing /home/airflow/airflow/dags/user_processing.py took 0.570 seconds
