[2021-09-16 01:35:04,281] {scheduler_job.py:182} INFO - Started process (PID=45141) to work on /home/airflow/airflow/dags/xcom_dag.py
[2021-09-16 01:35:04,308] {scheduler_job.py:633} INFO - Processing file /home/airflow/airflow/dags/xcom_dag.py for tasks to queue
[2021-09-16 01:35:04,309] {logging_mixin.py:104} INFO - [2021-09-16 01:35:04,309] {dagbag.py:487} INFO - Filling up the DagBag from /home/airflow/airflow/dags/xcom_dag.py
[2021-09-16 01:35:04,516] {scheduler_job.py:643} INFO - DAG(s) dict_keys(['xcom_dag']) retrieved from /home/airflow/airflow/dags/xcom_dag.py
[2021-09-16 01:35:04,671] {logging_mixin.py:104} INFO - [2021-09-16 01:35:04,670] {dag.py:1832} INFO - Sync 1 DAGs
[2021-09-16 01:35:04,831] {logging_mixin.py:104} INFO - [2021-09-16 01:35:04,831] {dag.py:2305} INFO - Setting next_dagrun for xcom_dag to 2021-09-15 00:00:00+00:00
[2021-09-16 01:35:04,936] {scheduler_job.py:190} INFO - Processing /home/airflow/airflow/dags/xcom_dag.py took 0.676 seconds
[2021-09-16 01:35:35,555] {scheduler_job.py:182} INFO - Started process (PID=45791) to work on /home/airflow/airflow/dags/xcom_dag.py
[2021-09-16 01:35:35,562] {scheduler_job.py:633} INFO - Processing file /home/airflow/airflow/dags/xcom_dag.py for tasks to queue
[2021-09-16 01:35:35,563] {logging_mixin.py:104} INFO - [2021-09-16 01:35:35,563] {dagbag.py:487} INFO - Filling up the DagBag from /home/airflow/airflow/dags/xcom_dag.py
[2021-09-16 01:35:35,581] {scheduler_job.py:643} INFO - DAG(s) dict_keys(['xcom_dag']) retrieved from /home/airflow/airflow/dags/xcom_dag.py
[2021-09-16 01:35:35,621] {logging_mixin.py:104} INFO - [2021-09-16 01:35:35,621] {dag.py:1832} INFO - Sync 1 DAGs
[2021-09-16 01:35:35,637] {logging_mixin.py:104} INFO - [2021-09-16 01:35:35,637] {dag.py:2305} INFO - Setting next_dagrun for xcom_dag to 2021-09-15 00:00:00+00:00
[2021-09-16 01:35:35,649] {scheduler_job.py:190} INFO - Processing /home/airflow/airflow/dags/xcom_dag.py took 0.096 seconds
[2021-09-16 01:36:06,174] {scheduler_job.py:182} INFO - Started process (PID=46413) to work on /home/airflow/airflow/dags/xcom_dag.py
[2021-09-16 01:36:06,178] {scheduler_job.py:633} INFO - Processing file /home/airflow/airflow/dags/xcom_dag.py for tasks to queue
[2021-09-16 01:36:06,186] {logging_mixin.py:104} INFO - [2021-09-16 01:36:06,186] {dagbag.py:487} INFO - Filling up the DagBag from /home/airflow/airflow/dags/xcom_dag.py
[2021-09-16 01:36:06,219] {scheduler_job.py:643} INFO - DAG(s) dict_keys(['xcom_dag']) retrieved from /home/airflow/airflow/dags/xcom_dag.py
[2021-09-16 01:36:06,262] {logging_mixin.py:104} INFO - [2021-09-16 01:36:06,262] {dag.py:1832} INFO - Sync 1 DAGs
[2021-09-16 01:36:06,284] {logging_mixin.py:104} INFO - [2021-09-16 01:36:06,284] {dag.py:2305} INFO - Setting next_dagrun for xcom_dag to 2021-09-15 00:00:00+00:00
[2021-09-16 01:36:06,298] {scheduler_job.py:190} INFO - Processing /home/airflow/airflow/dags/xcom_dag.py took 0.126 seconds
[2021-09-16 01:36:36,536] {scheduler_job.py:182} INFO - Started process (PID=46556) to work on /home/airflow/airflow/dags/xcom_dag.py
[2021-09-16 01:36:36,543] {scheduler_job.py:633} INFO - Processing file /home/airflow/airflow/dags/xcom_dag.py for tasks to queue
[2021-09-16 01:36:36,547] {logging_mixin.py:104} INFO - [2021-09-16 01:36:36,547] {dagbag.py:487} INFO - Filling up the DagBag from /home/airflow/airflow/dags/xcom_dag.py
[2021-09-16 01:36:36,603] {scheduler_job.py:643} INFO - DAG(s) dict_keys(['xcom_dag']) retrieved from /home/airflow/airflow/dags/xcom_dag.py
[2021-09-16 01:36:36,649] {logging_mixin.py:104} INFO - [2021-09-16 01:36:36,649] {dag.py:1832} INFO - Sync 1 DAGs
[2021-09-16 01:36:36,682] {logging_mixin.py:104} INFO - [2021-09-16 01:36:36,682] {dag.py:2305} INFO - Setting next_dagrun for xcom_dag to 2021-09-15 00:00:00+00:00
[2021-09-16 01:36:36,697] {scheduler_job.py:190} INFO - Processing /home/airflow/airflow/dags/xcom_dag.py took 0.164 seconds
[2021-09-16 01:37:06,831] {scheduler_job.py:182} INFO - Started process (PID=47150) to work on /home/airflow/airflow/dags/xcom_dag.py
[2021-09-16 01:37:06,835] {scheduler_job.py:633} INFO - Processing file /home/airflow/airflow/dags/xcom_dag.py for tasks to queue
[2021-09-16 01:37:06,847] {logging_mixin.py:104} INFO - [2021-09-16 01:37:06,847] {dagbag.py:487} INFO - Filling up the DagBag from /home/airflow/airflow/dags/xcom_dag.py
[2021-09-16 01:37:06,865] {scheduler_job.py:643} INFO - DAG(s) dict_keys(['xcom_dag']) retrieved from /home/airflow/airflow/dags/xcom_dag.py
[2021-09-16 01:37:06,909] {logging_mixin.py:104} INFO - [2021-09-16 01:37:06,909] {dag.py:1832} INFO - Sync 1 DAGs
[2021-09-16 01:37:06,929] {logging_mixin.py:104} INFO - [2021-09-16 01:37:06,929] {dag.py:2305} INFO - Setting next_dagrun for xcom_dag to 2021-09-15 00:00:00+00:00
[2021-09-16 01:37:06,939] {scheduler_job.py:190} INFO - Processing /home/airflow/airflow/dags/xcom_dag.py took 0.110 seconds
[2021-09-16 01:37:37,468] {scheduler_job.py:182} INFO - Started process (PID=47420) to work on /home/airflow/airflow/dags/xcom_dag.py
[2021-09-16 01:37:37,477] {scheduler_job.py:633} INFO - Processing file /home/airflow/airflow/dags/xcom_dag.py for tasks to queue
[2021-09-16 01:37:37,478] {logging_mixin.py:104} INFO - [2021-09-16 01:37:37,478] {dagbag.py:487} INFO - Filling up the DagBag from /home/airflow/airflow/dags/xcom_dag.py
[2021-09-16 01:37:37,507] {scheduler_job.py:643} INFO - DAG(s) dict_keys(['xcom_dag']) retrieved from /home/airflow/airflow/dags/xcom_dag.py
[2021-09-16 01:37:37,546] {logging_mixin.py:104} INFO - [2021-09-16 01:37:37,546] {dag.py:1832} INFO - Sync 1 DAGs
[2021-09-16 01:37:37,566] {logging_mixin.py:104} INFO - [2021-09-16 01:37:37,566] {dag.py:2305} INFO - Setting next_dagrun for xcom_dag to 2021-09-15 00:00:00+00:00
[2021-09-16 01:37:37,578] {scheduler_job.py:190} INFO - Processing /home/airflow/airflow/dags/xcom_dag.py took 0.113 seconds
[2021-09-16 01:38:08,132] {scheduler_job.py:182} INFO - Started process (PID=47526) to work on /home/airflow/airflow/dags/xcom_dag.py
[2021-09-16 01:38:08,139] {scheduler_job.py:633} INFO - Processing file /home/airflow/airflow/dags/xcom_dag.py for tasks to queue
[2021-09-16 01:38:08,153] {logging_mixin.py:104} INFO - [2021-09-16 01:38:08,153] {dagbag.py:487} INFO - Filling up the DagBag from /home/airflow/airflow/dags/xcom_dag.py
[2021-09-16 01:38:08,214] {scheduler_job.py:643} INFO - DAG(s) dict_keys(['xcom_dag']) retrieved from /home/airflow/airflow/dags/xcom_dag.py
[2021-09-16 01:38:08,278] {logging_mixin.py:104} INFO - [2021-09-16 01:38:08,278] {dag.py:1832} INFO - Sync 1 DAGs
[2021-09-16 01:38:08,303] {logging_mixin.py:104} INFO - [2021-09-16 01:38:08,303] {dag.py:2305} INFO - Setting next_dagrun for xcom_dag to 2021-09-15 00:00:00+00:00
[2021-09-16 01:38:08,323] {scheduler_job.py:190} INFO - Processing /home/airflow/airflow/dags/xcom_dag.py took 0.199 seconds
[2021-09-16 01:38:38,805] {scheduler_job.py:182} INFO - Started process (PID=47632) to work on /home/airflow/airflow/dags/xcom_dag.py
[2021-09-16 01:38:38,815] {scheduler_job.py:633} INFO - Processing file /home/airflow/airflow/dags/xcom_dag.py for tasks to queue
[2021-09-16 01:38:38,816] {logging_mixin.py:104} INFO - [2021-09-16 01:38:38,816] {dagbag.py:487} INFO - Filling up the DagBag from /home/airflow/airflow/dags/xcom_dag.py
[2021-09-16 01:38:38,844] {scheduler_job.py:643} INFO - DAG(s) dict_keys(['xcom_dag']) retrieved from /home/airflow/airflow/dags/xcom_dag.py
[2021-09-16 01:38:38,890] {logging_mixin.py:104} INFO - [2021-09-16 01:38:38,890] {dag.py:1832} INFO - Sync 1 DAGs
[2021-09-16 01:38:38,925] {logging_mixin.py:104} INFO - [2021-09-16 01:38:38,925] {dag.py:2305} INFO - Setting next_dagrun for xcom_dag to 2021-09-15 00:00:00+00:00
[2021-09-16 01:38:38,943] {scheduler_job.py:190} INFO - Processing /home/airflow/airflow/dags/xcom_dag.py took 0.141 seconds
[2021-09-16 01:39:09,481] {scheduler_job.py:182} INFO - Started process (PID=47748) to work on /home/airflow/airflow/dags/xcom_dag.py
[2021-09-16 01:39:09,483] {scheduler_job.py:633} INFO - Processing file /home/airflow/airflow/dags/xcom_dag.py for tasks to queue
[2021-09-16 01:39:09,491] {logging_mixin.py:104} INFO - [2021-09-16 01:39:09,491] {dagbag.py:487} INFO - Filling up the DagBag from /home/airflow/airflow/dags/xcom_dag.py
[2021-09-16 01:39:09,512] {scheduler_job.py:643} INFO - DAG(s) dict_keys(['xcom_dag']) retrieved from /home/airflow/airflow/dags/xcom_dag.py
[2021-09-16 01:39:09,566] {logging_mixin.py:104} INFO - [2021-09-16 01:39:09,566] {dag.py:1832} INFO - Sync 1 DAGs
[2021-09-16 01:39:09,591] {logging_mixin.py:104} INFO - [2021-09-16 01:39:09,591] {dag.py:2305} INFO - Setting next_dagrun for xcom_dag to 2021-09-15 00:00:00+00:00
[2021-09-16 01:39:09,613] {scheduler_job.py:190} INFO - Processing /home/airflow/airflow/dags/xcom_dag.py took 0.135 seconds
[2021-09-16 01:39:39,858] {scheduler_job.py:182} INFO - Started process (PID=47857) to work on /home/airflow/airflow/dags/xcom_dag.py
[2021-09-16 01:39:39,860] {scheduler_job.py:633} INFO - Processing file /home/airflow/airflow/dags/xcom_dag.py for tasks to queue
[2021-09-16 01:39:39,867] {logging_mixin.py:104} INFO - [2021-09-16 01:39:39,867] {dagbag.py:487} INFO - Filling up the DagBag from /home/airflow/airflow/dags/xcom_dag.py
[2021-09-16 01:39:39,898] {scheduler_job.py:643} INFO - DAG(s) dict_keys(['xcom_dag']) retrieved from /home/airflow/airflow/dags/xcom_dag.py
[2021-09-16 01:39:39,941] {logging_mixin.py:104} INFO - [2021-09-16 01:39:39,941] {dag.py:1832} INFO - Sync 1 DAGs
[2021-09-16 01:39:39,965] {logging_mixin.py:104} INFO - [2021-09-16 01:39:39,965] {dag.py:2305} INFO - Setting next_dagrun for xcom_dag to 2021-09-15 00:00:00+00:00
[2021-09-16 01:39:39,977] {scheduler_job.py:190} INFO - Processing /home/airflow/airflow/dags/xcom_dag.py took 0.122 seconds
[2021-09-16 01:40:10,889] {scheduler_job.py:182} INFO - Started process (PID=48137) to work on /home/airflow/airflow/dags/xcom_dag.py
[2021-09-16 01:40:10,896] {scheduler_job.py:633} INFO - Processing file /home/airflow/airflow/dags/xcom_dag.py for tasks to queue
[2021-09-16 01:40:10,898] {logging_mixin.py:104} INFO - [2021-09-16 01:40:10,898] {dagbag.py:487} INFO - Filling up the DagBag from /home/airflow/airflow/dags/xcom_dag.py
[2021-09-16 01:40:10,926] {scheduler_job.py:643} INFO - DAG(s) dict_keys(['xcom_dag']) retrieved from /home/airflow/airflow/dags/xcom_dag.py
[2021-09-16 01:40:10,975] {logging_mixin.py:104} INFO - [2021-09-16 01:40:10,975] {dag.py:1832} INFO - Sync 1 DAGs
[2021-09-16 01:40:11,001] {logging_mixin.py:104} INFO - [2021-09-16 01:40:11,001] {dag.py:2305} INFO - Setting next_dagrun for xcom_dag to 2021-09-15 00:00:00+00:00
[2021-09-16 01:40:11,022] {scheduler_job.py:190} INFO - Processing /home/airflow/airflow/dags/xcom_dag.py took 0.136 seconds
[2021-09-16 01:40:42,002] {scheduler_job.py:182} INFO - Started process (PID=48327) to work on /home/airflow/airflow/dags/xcom_dag.py
[2021-09-16 01:40:42,009] {scheduler_job.py:633} INFO - Processing file /home/airflow/airflow/dags/xcom_dag.py for tasks to queue
[2021-09-16 01:40:42,010] {logging_mixin.py:104} INFO - [2021-09-16 01:40:42,010] {dagbag.py:487} INFO - Filling up the DagBag from /home/airflow/airflow/dags/xcom_dag.py
[2021-09-16 01:40:42,037] {scheduler_job.py:643} INFO - DAG(s) dict_keys(['xcom_dag']) retrieved from /home/airflow/airflow/dags/xcom_dag.py
[2021-09-16 01:40:42,082] {logging_mixin.py:104} INFO - [2021-09-16 01:40:42,082] {dag.py:1832} INFO - Sync 1 DAGs
[2021-09-16 01:40:42,105] {logging_mixin.py:104} INFO - [2021-09-16 01:40:42,105] {dag.py:2305} INFO - Setting next_dagrun for xcom_dag to 2021-09-15 00:00:00+00:00
[2021-09-16 01:40:42,125] {scheduler_job.py:190} INFO - Processing /home/airflow/airflow/dags/xcom_dag.py took 0.132 seconds
[2021-09-16 01:41:13,000] {scheduler_job.py:182} INFO - Started process (PID=48448) to work on /home/airflow/airflow/dags/xcom_dag.py
[2021-09-16 01:41:13,002] {scheduler_job.py:633} INFO - Processing file /home/airflow/airflow/dags/xcom_dag.py for tasks to queue
[2021-09-16 01:41:13,003] {logging_mixin.py:104} INFO - [2021-09-16 01:41:13,003] {dagbag.py:487} INFO - Filling up the DagBag from /home/airflow/airflow/dags/xcom_dag.py
[2021-09-16 01:41:13,027] {scheduler_job.py:643} INFO - DAG(s) dict_keys(['xcom_dag']) retrieved from /home/airflow/airflow/dags/xcom_dag.py
[2021-09-16 01:41:13,077] {logging_mixin.py:104} INFO - [2021-09-16 01:41:13,077] {dag.py:1832} INFO - Sync 1 DAGs
[2021-09-16 01:41:13,096] {logging_mixin.py:104} INFO - [2021-09-16 01:41:13,096] {dag.py:2305} INFO - Setting next_dagrun for xcom_dag to 2021-09-15 00:00:00+00:00
[2021-09-16 01:41:13,109] {scheduler_job.py:190} INFO - Processing /home/airflow/airflow/dags/xcom_dag.py took 0.118 seconds
[2021-09-16 01:41:44,039] {scheduler_job.py:182} INFO - Started process (PID=48564) to work on /home/airflow/airflow/dags/xcom_dag.py
[2021-09-16 01:41:44,045] {scheduler_job.py:633} INFO - Processing file /home/airflow/airflow/dags/xcom_dag.py for tasks to queue
[2021-09-16 01:41:44,048] {logging_mixin.py:104} INFO - [2021-09-16 01:41:44,048] {dagbag.py:487} INFO - Filling up the DagBag from /home/airflow/airflow/dags/xcom_dag.py
[2021-09-16 01:41:44,082] {scheduler_job.py:643} INFO - DAG(s) dict_keys(['xcom_dag']) retrieved from /home/airflow/airflow/dags/xcom_dag.py
[2021-09-16 01:41:44,128] {logging_mixin.py:104} INFO - [2021-09-16 01:41:44,128] {dag.py:1832} INFO - Sync 1 DAGs
[2021-09-16 01:41:44,151] {logging_mixin.py:104} INFO - [2021-09-16 01:41:44,151] {dag.py:2305} INFO - Setting next_dagrun for xcom_dag to 2021-09-15 00:00:00+00:00
[2021-09-16 01:41:44,172] {scheduler_job.py:190} INFO - Processing /home/airflow/airflow/dags/xcom_dag.py took 0.137 seconds
[2021-09-16 01:42:14,355] {scheduler_job.py:182} INFO - Started process (PID=48686) to work on /home/airflow/airflow/dags/xcom_dag.py
[2021-09-16 01:42:14,356] {scheduler_job.py:633} INFO - Processing file /home/airflow/airflow/dags/xcom_dag.py for tasks to queue
[2021-09-16 01:42:14,357] {logging_mixin.py:104} INFO - [2021-09-16 01:42:14,357] {dagbag.py:487} INFO - Filling up the DagBag from /home/airflow/airflow/dags/xcom_dag.py
[2021-09-16 01:42:14,383] {scheduler_job.py:643} INFO - DAG(s) dict_keys(['xcom_dag']) retrieved from /home/airflow/airflow/dags/xcom_dag.py
[2021-09-16 01:42:14,423] {logging_mixin.py:104} INFO - [2021-09-16 01:42:14,423] {dag.py:1832} INFO - Sync 1 DAGs
[2021-09-16 01:42:14,444] {logging_mixin.py:104} INFO - [2021-09-16 01:42:14,444] {dag.py:2305} INFO - Setting next_dagrun for xcom_dag to 2021-09-15 00:00:00+00:00
[2021-09-16 01:42:14,454] {scheduler_job.py:190} INFO - Processing /home/airflow/airflow/dags/xcom_dag.py took 0.105 seconds
[2021-09-16 01:42:45,216] {scheduler_job.py:182} INFO - Started process (PID=48809) to work on /home/airflow/airflow/dags/xcom_dag.py
[2021-09-16 01:42:45,220] {scheduler_job.py:633} INFO - Processing file /home/airflow/airflow/dags/xcom_dag.py for tasks to queue
[2021-09-16 01:42:45,229] {logging_mixin.py:104} INFO - [2021-09-16 01:42:45,229] {dagbag.py:487} INFO - Filling up the DagBag from /home/airflow/airflow/dags/xcom_dag.py
[2021-09-16 01:42:45,247] {scheduler_job.py:643} INFO - DAG(s) dict_keys(['xcom_dag']) retrieved from /home/airflow/airflow/dags/xcom_dag.py
[2021-09-16 01:42:45,288] {logging_mixin.py:104} INFO - [2021-09-16 01:42:45,287] {dag.py:1832} INFO - Sync 1 DAGs
[2021-09-16 01:42:45,307] {logging_mixin.py:104} INFO - [2021-09-16 01:42:45,307] {dag.py:2305} INFO - Setting next_dagrun for xcom_dag to 2021-09-15 00:00:00+00:00
[2021-09-16 01:42:45,318] {scheduler_job.py:190} INFO - Processing /home/airflow/airflow/dags/xcom_dag.py took 0.104 seconds
[2021-09-16 01:43:16,101] {scheduler_job.py:182} INFO - Started process (PID=48930) to work on /home/airflow/airflow/dags/xcom_dag.py
[2021-09-16 01:43:16,103] {scheduler_job.py:633} INFO - Processing file /home/airflow/airflow/dags/xcom_dag.py for tasks to queue
[2021-09-16 01:43:16,110] {logging_mixin.py:104} INFO - [2021-09-16 01:43:16,110] {dagbag.py:487} INFO - Filling up the DagBag from /home/airflow/airflow/dags/xcom_dag.py
[2021-09-16 01:43:16,134] {scheduler_job.py:643} INFO - DAG(s) dict_keys(['xcom_dag']) retrieved from /home/airflow/airflow/dags/xcom_dag.py
[2021-09-16 01:43:16,179] {logging_mixin.py:104} INFO - [2021-09-16 01:43:16,179] {dag.py:1832} INFO - Sync 1 DAGs
[2021-09-16 01:43:16,210] {logging_mixin.py:104} INFO - [2021-09-16 01:43:16,210] {dag.py:2305} INFO - Setting next_dagrun for xcom_dag to 2021-09-15 00:00:00+00:00
[2021-09-16 01:43:16,221] {scheduler_job.py:190} INFO - Processing /home/airflow/airflow/dags/xcom_dag.py took 0.123 seconds
[2021-09-16 01:43:46,995] {scheduler_job.py:182} INFO - Started process (PID=49051) to work on /home/airflow/airflow/dags/xcom_dag.py
[2021-09-16 01:43:46,997] {scheduler_job.py:633} INFO - Processing file /home/airflow/airflow/dags/xcom_dag.py for tasks to queue
[2021-09-16 01:43:47,004] {logging_mixin.py:104} INFO - [2021-09-16 01:43:47,004] {dagbag.py:487} INFO - Filling up the DagBag from /home/airflow/airflow/dags/xcom_dag.py
[2021-09-16 01:43:47,025] {scheduler_job.py:643} INFO - DAG(s) dict_keys(['xcom_dag']) retrieved from /home/airflow/airflow/dags/xcom_dag.py
[2021-09-16 01:43:47,064] {logging_mixin.py:104} INFO - [2021-09-16 01:43:47,064] {dag.py:1832} INFO - Sync 1 DAGs
[2021-09-16 01:43:47,083] {logging_mixin.py:104} INFO - [2021-09-16 01:43:47,083] {dag.py:2305} INFO - Setting next_dagrun for xcom_dag to 2021-09-15 00:00:00+00:00
[2021-09-16 01:43:47,093] {scheduler_job.py:190} INFO - Processing /home/airflow/airflow/dags/xcom_dag.py took 0.101 seconds
[2021-09-16 01:44:17,951] {scheduler_job.py:182} INFO - Started process (PID=49172) to work on /home/airflow/airflow/dags/xcom_dag.py
[2021-09-16 01:44:17,953] {scheduler_job.py:633} INFO - Processing file /home/airflow/airflow/dags/xcom_dag.py for tasks to queue
[2021-09-16 01:44:17,954] {logging_mixin.py:104} INFO - [2021-09-16 01:44:17,954] {dagbag.py:487} INFO - Filling up the DagBag from /home/airflow/airflow/dags/xcom_dag.py
[2021-09-16 01:44:17,980] {scheduler_job.py:643} INFO - DAG(s) dict_keys(['xcom_dag']) retrieved from /home/airflow/airflow/dags/xcom_dag.py
[2021-09-16 01:44:18,013] {logging_mixin.py:104} INFO - [2021-09-16 01:44:18,013] {dag.py:1832} INFO - Sync 1 DAGs
[2021-09-16 01:44:18,033] {logging_mixin.py:104} INFO - [2021-09-16 01:44:18,033] {dag.py:2305} INFO - Setting next_dagrun for xcom_dag to 2021-09-15 00:00:00+00:00
[2021-09-16 01:44:18,043] {scheduler_job.py:190} INFO - Processing /home/airflow/airflow/dags/xcom_dag.py took 0.095 seconds
[2021-09-16 01:44:48,915] {scheduler_job.py:182} INFO - Started process (PID=49293) to work on /home/airflow/airflow/dags/xcom_dag.py
[2021-09-16 01:44:48,917] {scheduler_job.py:633} INFO - Processing file /home/airflow/airflow/dags/xcom_dag.py for tasks to queue
[2021-09-16 01:44:48,923] {logging_mixin.py:104} INFO - [2021-09-16 01:44:48,923] {dagbag.py:487} INFO - Filling up the DagBag from /home/airflow/airflow/dags/xcom_dag.py
[2021-09-16 01:44:48,949] {scheduler_job.py:643} INFO - DAG(s) dict_keys(['xcom_dag']) retrieved from /home/airflow/airflow/dags/xcom_dag.py
[2021-09-16 01:44:48,982] {logging_mixin.py:104} INFO - [2021-09-16 01:44:48,982] {dag.py:1832} INFO - Sync 1 DAGs
[2021-09-16 01:44:49,001] {logging_mixin.py:104} INFO - [2021-09-16 01:44:49,001] {dag.py:2305} INFO - Setting next_dagrun for xcom_dag to 2021-09-15 00:00:00+00:00
[2021-09-16 01:44:49,015] {scheduler_job.py:190} INFO - Processing /home/airflow/airflow/dags/xcom_dag.py took 0.102 seconds
[2021-09-16 01:45:19,784] {scheduler_job.py:182} INFO - Started process (PID=49664) to work on /home/airflow/airflow/dags/xcom_dag.py
[2021-09-16 01:45:19,786] {scheduler_job.py:633} INFO - Processing file /home/airflow/airflow/dags/xcom_dag.py for tasks to queue
[2021-09-16 01:45:19,791] {logging_mixin.py:104} INFO - [2021-09-16 01:45:19,791] {dagbag.py:487} INFO - Filling up the DagBag from /home/airflow/airflow/dags/xcom_dag.py
[2021-09-16 01:45:19,825] {scheduler_job.py:643} INFO - DAG(s) dict_keys(['xcom_dag']) retrieved from /home/airflow/airflow/dags/xcom_dag.py
[2021-09-16 01:45:19,865] {logging_mixin.py:104} INFO - [2021-09-16 01:45:19,865] {dag.py:1832} INFO - Sync 1 DAGs
[2021-09-16 01:45:19,881] {logging_mixin.py:104} INFO - [2021-09-16 01:45:19,881] {dag.py:2305} INFO - Setting next_dagrun for xcom_dag to 2021-09-15 00:00:00+00:00
[2021-09-16 01:45:19,893] {scheduler_job.py:190} INFO - Processing /home/airflow/airflow/dags/xcom_dag.py took 0.112 seconds
[2021-09-16 01:45:50,664] {scheduler_job.py:182} INFO - Started process (PID=49785) to work on /home/airflow/airflow/dags/xcom_dag.py
[2021-09-16 01:45:50,666] {scheduler_job.py:633} INFO - Processing file /home/airflow/airflow/dags/xcom_dag.py for tasks to queue
[2021-09-16 01:45:50,668] {logging_mixin.py:104} INFO - [2021-09-16 01:45:50,667] {dagbag.py:487} INFO - Filling up the DagBag from /home/airflow/airflow/dags/xcom_dag.py
[2021-09-16 01:45:50,689] {scheduler_job.py:643} INFO - DAG(s) dict_keys(['xcom_dag']) retrieved from /home/airflow/airflow/dags/xcom_dag.py
[2021-09-16 01:45:50,729] {logging_mixin.py:104} INFO - [2021-09-16 01:45:50,729] {dag.py:1832} INFO - Sync 1 DAGs
[2021-09-16 01:45:50,745] {logging_mixin.py:104} INFO - [2021-09-16 01:45:50,745] {dag.py:2305} INFO - Setting next_dagrun for xcom_dag to 2021-09-15 00:00:00+00:00
[2021-09-16 01:45:50,756] {scheduler_job.py:190} INFO - Processing /home/airflow/airflow/dags/xcom_dag.py took 0.094 seconds
[2021-09-16 01:46:21,513] {scheduler_job.py:182} INFO - Started process (PID=49912) to work on /home/airflow/airflow/dags/xcom_dag.py
[2021-09-16 01:46:21,526] {scheduler_job.py:633} INFO - Processing file /home/airflow/airflow/dags/xcom_dag.py for tasks to queue
[2021-09-16 01:46:21,530] {logging_mixin.py:104} INFO - [2021-09-16 01:46:21,529] {dagbag.py:487} INFO - Filling up the DagBag from /home/airflow/airflow/dags/xcom_dag.py
[2021-09-16 01:46:21,551] {scheduler_job.py:643} INFO - DAG(s) dict_keys(['xcom_dag']) retrieved from /home/airflow/airflow/dags/xcom_dag.py
[2021-09-16 01:46:21,587] {logging_mixin.py:104} INFO - [2021-09-16 01:46:21,587] {dag.py:1832} INFO - Sync 1 DAGs
[2021-09-16 01:46:21,604] {logging_mixin.py:104} INFO - [2021-09-16 01:46:21,603] {dag.py:2305} INFO - Setting next_dagrun for xcom_dag to 2021-09-15 00:00:00+00:00
[2021-09-16 01:46:21,614] {scheduler_job.py:190} INFO - Processing /home/airflow/airflow/dags/xcom_dag.py took 0.104 seconds
[2021-09-16 01:46:52,514] {scheduler_job.py:182} INFO - Started process (PID=50039) to work on /home/airflow/airflow/dags/xcom_dag.py
[2021-09-16 01:46:52,515] {scheduler_job.py:633} INFO - Processing file /home/airflow/airflow/dags/xcom_dag.py for tasks to queue
[2021-09-16 01:46:52,522] {logging_mixin.py:104} INFO - [2021-09-16 01:46:52,522] {dagbag.py:487} INFO - Filling up the DagBag from /home/airflow/airflow/dags/xcom_dag.py
[2021-09-16 01:46:52,542] {scheduler_job.py:643} INFO - DAG(s) dict_keys(['xcom_dag']) retrieved from /home/airflow/airflow/dags/xcom_dag.py
[2021-09-16 01:46:52,580] {logging_mixin.py:104} INFO - [2021-09-16 01:46:52,580] {dag.py:1832} INFO - Sync 1 DAGs
[2021-09-16 01:46:52,602] {logging_mixin.py:104} INFO - [2021-09-16 01:46:52,601] {dag.py:2305} INFO - Setting next_dagrun for xcom_dag to 2021-09-15 00:00:00+00:00
[2021-09-16 01:46:52,610] {scheduler_job.py:190} INFO - Processing /home/airflow/airflow/dags/xcom_dag.py took 0.099 seconds
[2021-09-16 01:47:23,580] {scheduler_job.py:182} INFO - Started process (PID=50160) to work on /home/airflow/airflow/dags/xcom_dag.py
[2021-09-16 01:47:23,584] {scheduler_job.py:633} INFO - Processing file /home/airflow/airflow/dags/xcom_dag.py for tasks to queue
[2021-09-16 01:47:23,585] {logging_mixin.py:104} INFO - [2021-09-16 01:47:23,585] {dagbag.py:487} INFO - Filling up the DagBag from /home/airflow/airflow/dags/xcom_dag.py
[2021-09-16 01:47:23,616] {scheduler_job.py:643} INFO - DAG(s) dict_keys(['xcom_dag']) retrieved from /home/airflow/airflow/dags/xcom_dag.py
[2021-09-16 01:47:23,712] {logging_mixin.py:104} INFO - [2021-09-16 01:47:23,712] {dag.py:1832} INFO - Sync 1 DAGs
[2021-09-16 01:47:23,758] {logging_mixin.py:104} INFO - [2021-09-16 01:47:23,758] {dag.py:2305} INFO - Setting next_dagrun for xcom_dag to 2021-09-15 00:00:00+00:00
[2021-09-16 01:47:23,770] {scheduler_job.py:190} INFO - Processing /home/airflow/airflow/dags/xcom_dag.py took 0.202 seconds
[2021-09-16 01:47:54,585] {scheduler_job.py:182} INFO - Started process (PID=50288) to work on /home/airflow/airflow/dags/xcom_dag.py
[2021-09-16 01:47:54,590] {scheduler_job.py:633} INFO - Processing file /home/airflow/airflow/dags/xcom_dag.py for tasks to queue
[2021-09-16 01:47:54,591] {logging_mixin.py:104} INFO - [2021-09-16 01:47:54,591] {dagbag.py:487} INFO - Filling up the DagBag from /home/airflow/airflow/dags/xcom_dag.py
[2021-09-16 01:47:54,614] {scheduler_job.py:643} INFO - DAG(s) dict_keys(['xcom_dag']) retrieved from /home/airflow/airflow/dags/xcom_dag.py
[2021-09-16 01:47:54,652] {logging_mixin.py:104} INFO - [2021-09-16 01:47:54,652] {dag.py:1832} INFO - Sync 1 DAGs
[2021-09-16 01:47:54,669] {logging_mixin.py:104} INFO - [2021-09-16 01:47:54,669] {dag.py:2305} INFO - Setting next_dagrun for xcom_dag to 2021-09-15 00:00:00+00:00
[2021-09-16 01:47:54,680] {scheduler_job.py:190} INFO - Processing /home/airflow/airflow/dags/xcom_dag.py took 0.099 seconds
[2021-09-16 01:48:25,442] {scheduler_job.py:182} INFO - Started process (PID=50410) to work on /home/airflow/airflow/dags/xcom_dag.py
[2021-09-16 01:48:25,449] {scheduler_job.py:633} INFO - Processing file /home/airflow/airflow/dags/xcom_dag.py for tasks to queue
[2021-09-16 01:48:25,450] {logging_mixin.py:104} INFO - [2021-09-16 01:48:25,450] {dagbag.py:487} INFO - Filling up the DagBag from /home/airflow/airflow/dags/xcom_dag.py
[2021-09-16 01:48:25,475] {scheduler_job.py:643} INFO - DAG(s) dict_keys(['xcom_dag']) retrieved from /home/airflow/airflow/dags/xcom_dag.py
[2021-09-16 01:48:25,509] {logging_mixin.py:104} INFO - [2021-09-16 01:48:25,509] {dag.py:1832} INFO - Sync 1 DAGs
[2021-09-16 01:48:25,530] {logging_mixin.py:104} INFO - [2021-09-16 01:48:25,530] {dag.py:2305} INFO - Setting next_dagrun for xcom_dag to 2021-09-15 00:00:00+00:00
[2021-09-16 01:48:25,537] {scheduler_job.py:190} INFO - Processing /home/airflow/airflow/dags/xcom_dag.py took 0.099 seconds
[2021-09-16 01:48:56,300] {scheduler_job.py:182} INFO - Started process (PID=50531) to work on /home/airflow/airflow/dags/xcom_dag.py
[2021-09-16 01:48:56,301] {scheduler_job.py:633} INFO - Processing file /home/airflow/airflow/dags/xcom_dag.py for tasks to queue
[2021-09-16 01:48:56,304] {logging_mixin.py:104} INFO - [2021-09-16 01:48:56,304] {dagbag.py:487} INFO - Filling up the DagBag from /home/airflow/airflow/dags/xcom_dag.py
[2021-09-16 01:48:56,321] {scheduler_job.py:643} INFO - DAG(s) dict_keys(['xcom_dag']) retrieved from /home/airflow/airflow/dags/xcom_dag.py
[2021-09-16 01:48:56,365] {logging_mixin.py:104} INFO - [2021-09-16 01:48:56,365] {dag.py:1832} INFO - Sync 1 DAGs
[2021-09-16 01:48:56,385] {logging_mixin.py:104} INFO - [2021-09-16 01:48:56,385] {dag.py:2305} INFO - Setting next_dagrun for xcom_dag to 2021-09-15 00:00:00+00:00
[2021-09-16 01:48:56,397] {scheduler_job.py:190} INFO - Processing /home/airflow/airflow/dags/xcom_dag.py took 0.103 seconds
[2021-09-16 01:49:27,305] {scheduler_job.py:182} INFO - Started process (PID=50652) to work on /home/airflow/airflow/dags/xcom_dag.py
[2021-09-16 01:49:27,307] {scheduler_job.py:633} INFO - Processing file /home/airflow/airflow/dags/xcom_dag.py for tasks to queue
[2021-09-16 01:49:27,312] {logging_mixin.py:104} INFO - [2021-09-16 01:49:27,312] {dagbag.py:487} INFO - Filling up the DagBag from /home/airflow/airflow/dags/xcom_dag.py
[2021-09-16 01:49:27,337] {scheduler_job.py:643} INFO - DAG(s) dict_keys(['xcom_dag']) retrieved from /home/airflow/airflow/dags/xcom_dag.py
[2021-09-16 01:49:27,373] {logging_mixin.py:104} INFO - [2021-09-16 01:49:27,373] {dag.py:1832} INFO - Sync 1 DAGs
[2021-09-16 01:49:27,391] {logging_mixin.py:104} INFO - [2021-09-16 01:49:27,391] {dag.py:2305} INFO - Setting next_dagrun for xcom_dag to 2021-09-15 00:00:00+00:00
[2021-09-16 01:49:27,400] {scheduler_job.py:190} INFO - Processing /home/airflow/airflow/dags/xcom_dag.py took 0.097 seconds
[2021-09-16 01:49:58,248] {scheduler_job.py:182} INFO - Started process (PID=50776) to work on /home/airflow/airflow/dags/xcom_dag.py
[2021-09-16 01:49:58,250] {scheduler_job.py:633} INFO - Processing file /home/airflow/airflow/dags/xcom_dag.py for tasks to queue
[2021-09-16 01:49:58,255] {logging_mixin.py:104} INFO - [2021-09-16 01:49:58,255] {dagbag.py:487} INFO - Filling up the DagBag from /home/airflow/airflow/dags/xcom_dag.py
[2021-09-16 01:49:58,279] {scheduler_job.py:643} INFO - DAG(s) dict_keys(['xcom_dag']) retrieved from /home/airflow/airflow/dags/xcom_dag.py
[2021-09-16 01:49:58,313] {logging_mixin.py:104} INFO - [2021-09-16 01:49:58,313] {dag.py:1832} INFO - Sync 1 DAGs
[2021-09-16 01:49:58,334] {logging_mixin.py:104} INFO - [2021-09-16 01:49:58,333] {dag.py:2305} INFO - Setting next_dagrun for xcom_dag to 2021-09-15 00:00:00+00:00
[2021-09-16 01:49:58,342] {scheduler_job.py:190} INFO - Processing /home/airflow/airflow/dags/xcom_dag.py took 0.096 seconds
[2021-09-16 01:50:29,115] {scheduler_job.py:182} INFO - Started process (PID=51141) to work on /home/airflow/airflow/dags/xcom_dag.py
[2021-09-16 01:50:29,122] {scheduler_job.py:633} INFO - Processing file /home/airflow/airflow/dags/xcom_dag.py for tasks to queue
[2021-09-16 01:50:29,123] {logging_mixin.py:104} INFO - [2021-09-16 01:50:29,123] {dagbag.py:487} INFO - Filling up the DagBag from /home/airflow/airflow/dags/xcom_dag.py
[2021-09-16 01:50:29,148] {scheduler_job.py:643} INFO - DAG(s) dict_keys(['xcom_dag']) retrieved from /home/airflow/airflow/dags/xcom_dag.py
[2021-09-16 01:50:29,189] {logging_mixin.py:104} INFO - [2021-09-16 01:50:29,189] {dag.py:1832} INFO - Sync 1 DAGs
[2021-09-16 01:50:29,206] {logging_mixin.py:104} INFO - [2021-09-16 01:50:29,206] {dag.py:2305} INFO - Setting next_dagrun for xcom_dag to 2021-09-15 00:00:00+00:00
[2021-09-16 01:50:29,228] {scheduler_job.py:190} INFO - Processing /home/airflow/airflow/dags/xcom_dag.py took 0.116 seconds
[2021-09-16 01:51:00,032] {scheduler_job.py:182} INFO - Started process (PID=51263) to work on /home/airflow/airflow/dags/xcom_dag.py
[2021-09-16 01:51:00,033] {scheduler_job.py:633} INFO - Processing file /home/airflow/airflow/dags/xcom_dag.py for tasks to queue
[2021-09-16 01:51:00,038] {logging_mixin.py:104} INFO - [2021-09-16 01:51:00,038] {dagbag.py:487} INFO - Filling up the DagBag from /home/airflow/airflow/dags/xcom_dag.py
[2021-09-16 01:51:00,061] {scheduler_job.py:643} INFO - DAG(s) dict_keys(['xcom_dag']) retrieved from /home/airflow/airflow/dags/xcom_dag.py
[2021-09-16 01:51:00,102] {logging_mixin.py:104} INFO - [2021-09-16 01:51:00,102] {dag.py:1832} INFO - Sync 1 DAGs
[2021-09-16 01:51:00,132] {logging_mixin.py:104} INFO - [2021-09-16 01:51:00,132] {dag.py:2305} INFO - Setting next_dagrun for xcom_dag to 2021-09-15 00:00:00+00:00
[2021-09-16 01:51:00,146] {scheduler_job.py:190} INFO - Processing /home/airflow/airflow/dags/xcom_dag.py took 0.117 seconds
[2021-09-16 01:51:30,959] {scheduler_job.py:182} INFO - Started process (PID=51390) to work on /home/airflow/airflow/dags/xcom_dag.py
[2021-09-16 01:51:30,960] {scheduler_job.py:633} INFO - Processing file /home/airflow/airflow/dags/xcom_dag.py for tasks to queue
[2021-09-16 01:51:30,967] {logging_mixin.py:104} INFO - [2021-09-16 01:51:30,967] {dagbag.py:487} INFO - Filling up the DagBag from /home/airflow/airflow/dags/xcom_dag.py
[2021-09-16 01:51:30,991] {scheduler_job.py:643} INFO - DAG(s) dict_keys(['xcom_dag']) retrieved from /home/airflow/airflow/dags/xcom_dag.py
[2021-09-16 01:51:31,026] {logging_mixin.py:104} INFO - [2021-09-16 01:51:31,026] {dag.py:1832} INFO - Sync 1 DAGs
[2021-09-16 01:51:31,048] {logging_mixin.py:104} INFO - [2021-09-16 01:51:31,048] {dag.py:2305} INFO - Setting next_dagrun for xcom_dag to 2021-09-15 00:00:00+00:00
[2021-09-16 01:51:31,056] {scheduler_job.py:190} INFO - Processing /home/airflow/airflow/dags/xcom_dag.py took 0.099 seconds
[2021-09-16 01:52:01,915] {scheduler_job.py:182} INFO - Started process (PID=51517) to work on /home/airflow/airflow/dags/xcom_dag.py
[2021-09-16 01:52:01,923] {scheduler_job.py:633} INFO - Processing file /home/airflow/airflow/dags/xcom_dag.py for tasks to queue
[2021-09-16 01:52:01,926] {logging_mixin.py:104} INFO - [2021-09-16 01:52:01,926] {dagbag.py:487} INFO - Filling up the DagBag from /home/airflow/airflow/dags/xcom_dag.py
[2021-09-16 01:52:01,956] {scheduler_job.py:643} INFO - DAG(s) dict_keys(['xcom_dag']) retrieved from /home/airflow/airflow/dags/xcom_dag.py
[2021-09-16 01:52:01,997] {logging_mixin.py:104} INFO - [2021-09-16 01:52:01,997] {dag.py:1832} INFO - Sync 1 DAGs
[2021-09-16 01:52:02,016] {logging_mixin.py:104} INFO - [2021-09-16 01:52:02,013] {dag.py:2305} INFO - Setting next_dagrun for xcom_dag to 2021-09-15 00:00:00+00:00
[2021-09-16 01:52:02,025] {scheduler_job.py:190} INFO - Processing /home/airflow/airflow/dags/xcom_dag.py took 0.113 seconds
[2021-09-16 01:52:32,787] {scheduler_job.py:182} INFO - Started process (PID=51641) to work on /home/airflow/airflow/dags/xcom_dag.py
[2021-09-16 01:52:32,790] {scheduler_job.py:633} INFO - Processing file /home/airflow/airflow/dags/xcom_dag.py for tasks to queue
[2021-09-16 01:52:32,795] {logging_mixin.py:104} INFO - [2021-09-16 01:52:32,795] {dagbag.py:487} INFO - Filling up the DagBag from /home/airflow/airflow/dags/xcom_dag.py
[2021-09-16 01:52:32,830] {scheduler_job.py:643} INFO - DAG(s) dict_keys(['xcom_dag']) retrieved from /home/airflow/airflow/dags/xcom_dag.py
[2021-09-16 01:52:32,874] {logging_mixin.py:104} INFO - [2021-09-16 01:52:32,874] {dag.py:1832} INFO - Sync 1 DAGs
[2021-09-16 01:52:32,892] {logging_mixin.py:104} INFO - [2021-09-16 01:52:32,891] {dag.py:2305} INFO - Setting next_dagrun for xcom_dag to 2021-09-15 00:00:00+00:00
[2021-09-16 01:52:32,903] {scheduler_job.py:190} INFO - Processing /home/airflow/airflow/dags/xcom_dag.py took 0.118 seconds
[2021-09-16 01:53:03,675] {scheduler_job.py:182} INFO - Started process (PID=51765) to work on /home/airflow/airflow/dags/xcom_dag.py
[2021-09-16 01:53:03,681] {scheduler_job.py:633} INFO - Processing file /home/airflow/airflow/dags/xcom_dag.py for tasks to queue
[2021-09-16 01:53:03,684] {logging_mixin.py:104} INFO - [2021-09-16 01:53:03,684] {dagbag.py:487} INFO - Filling up the DagBag from /home/airflow/airflow/dags/xcom_dag.py
[2021-09-16 01:53:03,705] {scheduler_job.py:643} INFO - DAG(s) dict_keys(['xcom_dag']) retrieved from /home/airflow/airflow/dags/xcom_dag.py
[2021-09-16 01:53:03,751] {logging_mixin.py:104} INFO - [2021-09-16 01:53:03,750] {dag.py:1832} INFO - Sync 1 DAGs
[2021-09-16 01:53:03,768] {logging_mixin.py:104} INFO - [2021-09-16 01:53:03,768] {dag.py:2305} INFO - Setting next_dagrun for xcom_dag to 2021-09-15 00:00:00+00:00
[2021-09-16 01:53:03,780] {scheduler_job.py:190} INFO - Processing /home/airflow/airflow/dags/xcom_dag.py took 0.107 seconds
[2021-09-16 01:53:34,528] {scheduler_job.py:182} INFO - Started process (PID=51893) to work on /home/airflow/airflow/dags/xcom_dag.py
[2021-09-16 01:53:34,530] {scheduler_job.py:633} INFO - Processing file /home/airflow/airflow/dags/xcom_dag.py for tasks to queue
[2021-09-16 01:53:34,537] {logging_mixin.py:104} INFO - [2021-09-16 01:53:34,537] {dagbag.py:487} INFO - Filling up the DagBag from /home/airflow/airflow/dags/xcom_dag.py
[2021-09-16 01:53:34,559] {scheduler_job.py:643} INFO - DAG(s) dict_keys(['xcom_dag']) retrieved from /home/airflow/airflow/dags/xcom_dag.py
[2021-09-16 01:53:34,601] {logging_mixin.py:104} INFO - [2021-09-16 01:53:34,601] {dag.py:1832} INFO - Sync 1 DAGs
[2021-09-16 01:53:34,617] {logging_mixin.py:104} INFO - [2021-09-16 01:53:34,617] {dag.py:2305} INFO - Setting next_dagrun for xcom_dag to 2021-09-15 00:00:00+00:00
[2021-09-16 01:53:34,633] {scheduler_job.py:190} INFO - Processing /home/airflow/airflow/dags/xcom_dag.py took 0.107 seconds
[2021-09-16 01:54:05,404] {scheduler_job.py:182} INFO - Started process (PID=52021) to work on /home/airflow/airflow/dags/xcom_dag.py
[2021-09-16 01:54:05,407] {scheduler_job.py:633} INFO - Processing file /home/airflow/airflow/dags/xcom_dag.py for tasks to queue
[2021-09-16 01:54:05,409] {logging_mixin.py:104} INFO - [2021-09-16 01:54:05,409] {dagbag.py:487} INFO - Filling up the DagBag from /home/airflow/airflow/dags/xcom_dag.py
[2021-09-16 01:54:05,431] {scheduler_job.py:643} INFO - DAG(s) dict_keys(['xcom_dag']) retrieved from /home/airflow/airflow/dags/xcom_dag.py
[2021-09-16 01:54:05,473] {logging_mixin.py:104} INFO - [2021-09-16 01:54:05,473] {dag.py:1832} INFO - Sync 1 DAGs
[2021-09-16 01:54:05,491] {logging_mixin.py:104} INFO - [2021-09-16 01:54:05,491] {dag.py:2305} INFO - Setting next_dagrun for xcom_dag to 2021-09-15 00:00:00+00:00
[2021-09-16 01:54:05,501] {scheduler_job.py:190} INFO - Processing /home/airflow/airflow/dags/xcom_dag.py took 0.099 seconds
[2021-09-16 01:54:36,327] {scheduler_job.py:182} INFO - Started process (PID=52148) to work on /home/airflow/airflow/dags/xcom_dag.py
[2021-09-16 01:54:36,335] {scheduler_job.py:633} INFO - Processing file /home/airflow/airflow/dags/xcom_dag.py for tasks to queue
[2021-09-16 01:54:36,336] {logging_mixin.py:104} INFO - [2021-09-16 01:54:36,335] {dagbag.py:487} INFO - Filling up the DagBag from /home/airflow/airflow/dags/xcom_dag.py
[2021-09-16 01:54:36,361] {scheduler_job.py:643} INFO - DAG(s) dict_keys(['xcom_dag']) retrieved from /home/airflow/airflow/dags/xcom_dag.py
[2021-09-16 01:54:36,401] {logging_mixin.py:104} INFO - [2021-09-16 01:54:36,401] {dag.py:1832} INFO - Sync 1 DAGs
[2021-09-16 01:54:36,421] {logging_mixin.py:104} INFO - [2021-09-16 01:54:36,421] {dag.py:2305} INFO - Setting next_dagrun for xcom_dag to 2021-09-15 00:00:00+00:00
[2021-09-16 01:54:36,430] {scheduler_job.py:190} INFO - Processing /home/airflow/airflow/dags/xcom_dag.py took 0.105 seconds
[2021-09-16 01:55:07,234] {scheduler_job.py:182} INFO - Started process (PID=52392) to work on /home/airflow/airflow/dags/xcom_dag.py
[2021-09-16 01:55:07,244] {scheduler_job.py:633} INFO - Processing file /home/airflow/airflow/dags/xcom_dag.py for tasks to queue
[2021-09-16 01:55:07,251] {logging_mixin.py:104} INFO - [2021-09-16 01:55:07,251] {dagbag.py:487} INFO - Filling up the DagBag from /home/airflow/airflow/dags/xcom_dag.py
[2021-09-16 01:55:07,275] {scheduler_job.py:643} INFO - DAG(s) dict_keys(['xcom_dag']) retrieved from /home/airflow/airflow/dags/xcom_dag.py
[2021-09-16 01:55:07,315] {logging_mixin.py:104} INFO - [2021-09-16 01:55:07,315] {dag.py:1832} INFO - Sync 1 DAGs
[2021-09-16 01:55:07,331] {logging_mixin.py:104} INFO - [2021-09-16 01:55:07,331] {dag.py:2305} INFO - Setting next_dagrun for xcom_dag to 2021-09-15 00:00:00+00:00
[2021-09-16 01:55:07,343] {scheduler_job.py:190} INFO - Processing /home/airflow/airflow/dags/xcom_dag.py took 0.112 seconds
[2021-09-16 01:55:38,106] {scheduler_job.py:182} INFO - Started process (PID=52639) to work on /home/airflow/airflow/dags/xcom_dag.py
[2021-09-16 01:55:38,111] {scheduler_job.py:633} INFO - Processing file /home/airflow/airflow/dags/xcom_dag.py for tasks to queue
[2021-09-16 01:55:38,114] {logging_mixin.py:104} INFO - [2021-09-16 01:55:38,114] {dagbag.py:487} INFO - Filling up the DagBag from /home/airflow/airflow/dags/xcom_dag.py
[2021-09-16 01:55:38,139] {scheduler_job.py:643} INFO - DAG(s) dict_keys(['xcom_dag']) retrieved from /home/airflow/airflow/dags/xcom_dag.py
[2021-09-16 01:55:38,179] {logging_mixin.py:104} INFO - [2021-09-16 01:55:38,179] {dag.py:1832} INFO - Sync 1 DAGs
[2021-09-16 01:55:38,197] {logging_mixin.py:104} INFO - [2021-09-16 01:55:38,197] {dag.py:2305} INFO - Setting next_dagrun for xcom_dag to 2021-09-15 00:00:00+00:00
[2021-09-16 01:55:38,206] {scheduler_job.py:190} INFO - Processing /home/airflow/airflow/dags/xcom_dag.py took 0.104 seconds
[2021-09-16 01:56:09,141] {scheduler_job.py:182} INFO - Started process (PID=52760) to work on /home/airflow/airflow/dags/xcom_dag.py
[2021-09-16 01:56:09,146] {scheduler_job.py:633} INFO - Processing file /home/airflow/airflow/dags/xcom_dag.py for tasks to queue
[2021-09-16 01:56:09,149] {logging_mixin.py:104} INFO - [2021-09-16 01:56:09,149] {dagbag.py:487} INFO - Filling up the DagBag from /home/airflow/airflow/dags/xcom_dag.py
[2021-09-16 01:56:09,185] {scheduler_job.py:643} INFO - DAG(s) dict_keys(['xcom_dag']) retrieved from /home/airflow/airflow/dags/xcom_dag.py
[2021-09-16 01:56:09,237] {logging_mixin.py:104} INFO - [2021-09-16 01:56:09,237] {dag.py:1832} INFO - Sync 1 DAGs
[2021-09-16 01:56:09,269] {logging_mixin.py:104} INFO - [2021-09-16 01:56:09,269] {dag.py:2305} INFO - Setting next_dagrun for xcom_dag to 2021-09-15 00:00:00+00:00
[2021-09-16 01:56:09,288] {scheduler_job.py:190} INFO - Processing /home/airflow/airflow/dags/xcom_dag.py took 0.151 seconds
[2021-09-16 01:56:40,117] {scheduler_job.py:182} INFO - Started process (PID=52887) to work on /home/airflow/airflow/dags/xcom_dag.py
[2021-09-16 01:56:40,121] {scheduler_job.py:633} INFO - Processing file /home/airflow/airflow/dags/xcom_dag.py for tasks to queue
[2021-09-16 01:56:40,124] {logging_mixin.py:104} INFO - [2021-09-16 01:56:40,123] {dagbag.py:487} INFO - Filling up the DagBag from /home/airflow/airflow/dags/xcom_dag.py
[2021-09-16 01:56:40,141] {scheduler_job.py:643} INFO - DAG(s) dict_keys(['xcom_dag']) retrieved from /home/airflow/airflow/dags/xcom_dag.py
[2021-09-16 01:56:40,176] {logging_mixin.py:104} INFO - [2021-09-16 01:56:40,176] {dag.py:1832} INFO - Sync 1 DAGs
[2021-09-16 01:56:40,201] {logging_mixin.py:104} INFO - [2021-09-16 01:56:40,201] {dag.py:2305} INFO - Setting next_dagrun for xcom_dag to 2021-09-15 00:00:00+00:00
[2021-09-16 01:56:40,211] {scheduler_job.py:190} INFO - Processing /home/airflow/airflow/dags/xcom_dag.py took 0.096 seconds
[2021-09-16 01:57:10,972] {scheduler_job.py:182} INFO - Started process (PID=53015) to work on /home/airflow/airflow/dags/xcom_dag.py
[2021-09-16 01:57:10,974] {scheduler_job.py:633} INFO - Processing file /home/airflow/airflow/dags/xcom_dag.py for tasks to queue
[2021-09-16 01:57:10,980] {logging_mixin.py:104} INFO - [2021-09-16 01:57:10,980] {dagbag.py:487} INFO - Filling up the DagBag from /home/airflow/airflow/dags/xcom_dag.py
[2021-09-16 01:57:11,002] {scheduler_job.py:643} INFO - DAG(s) dict_keys(['xcom_dag']) retrieved from /home/airflow/airflow/dags/xcom_dag.py
[2021-09-16 01:57:11,037] {logging_mixin.py:104} INFO - [2021-09-16 01:57:11,037] {dag.py:1832} INFO - Sync 1 DAGs
[2021-09-16 01:57:11,058] {logging_mixin.py:104} INFO - [2021-09-16 01:57:11,058] {dag.py:2305} INFO - Setting next_dagrun for xcom_dag to 2021-09-15 00:00:00+00:00
[2021-09-16 01:57:11,068] {scheduler_job.py:190} INFO - Processing /home/airflow/airflow/dags/xcom_dag.py took 0.099 seconds
[2021-09-16 01:57:41,819] {scheduler_job.py:182} INFO - Started process (PID=53136) to work on /home/airflow/airflow/dags/xcom_dag.py
[2021-09-16 01:57:41,826] {scheduler_job.py:633} INFO - Processing file /home/airflow/airflow/dags/xcom_dag.py for tasks to queue
[2021-09-16 01:57:41,827] {logging_mixin.py:104} INFO - [2021-09-16 01:57:41,827] {dagbag.py:487} INFO - Filling up the DagBag from /home/airflow/airflow/dags/xcom_dag.py
[2021-09-16 01:57:41,847] {scheduler_job.py:643} INFO - DAG(s) dict_keys(['xcom_dag']) retrieved from /home/airflow/airflow/dags/xcom_dag.py
[2021-09-16 01:57:41,881] {logging_mixin.py:104} INFO - [2021-09-16 01:57:41,881] {dag.py:1832} INFO - Sync 1 DAGs
[2021-09-16 01:57:41,898] {logging_mixin.py:104} INFO - [2021-09-16 01:57:41,898] {dag.py:2305} INFO - Setting next_dagrun for xcom_dag to 2021-09-15 00:00:00+00:00
[2021-09-16 01:57:41,906] {scheduler_job.py:190} INFO - Processing /home/airflow/airflow/dags/xcom_dag.py took 0.091 seconds
[2021-09-16 01:58:12,662] {scheduler_job.py:182} INFO - Started process (PID=53263) to work on /home/airflow/airflow/dags/xcom_dag.py
[2021-09-16 01:58:12,663] {scheduler_job.py:633} INFO - Processing file /home/airflow/airflow/dags/xcom_dag.py for tasks to queue
[2021-09-16 01:58:12,670] {logging_mixin.py:104} INFO - [2021-09-16 01:58:12,670] {dagbag.py:487} INFO - Filling up the DagBag from /home/airflow/airflow/dags/xcom_dag.py
[2021-09-16 01:58:12,691] {scheduler_job.py:643} INFO - DAG(s) dict_keys(['xcom_dag']) retrieved from /home/airflow/airflow/dags/xcom_dag.py
[2021-09-16 01:58:12,733] {logging_mixin.py:104} INFO - [2021-09-16 01:58:12,733] {dag.py:1832} INFO - Sync 1 DAGs
[2021-09-16 01:58:12,753] {logging_mixin.py:104} INFO - [2021-09-16 01:58:12,753] {dag.py:2305} INFO - Setting next_dagrun for xcom_dag to 2021-09-15 00:00:00+00:00
[2021-09-16 01:58:12,764] {scheduler_job.py:190} INFO - Processing /home/airflow/airflow/dags/xcom_dag.py took 0.106 seconds
[2021-09-16 01:58:43,532] {scheduler_job.py:182} INFO - Started process (PID=53390) to work on /home/airflow/airflow/dags/xcom_dag.py
[2021-09-16 01:58:43,539] {scheduler_job.py:633} INFO - Processing file /home/airflow/airflow/dags/xcom_dag.py for tasks to queue
[2021-09-16 01:58:43,539] {logging_mixin.py:104} INFO - [2021-09-16 01:58:43,539] {dagbag.py:487} INFO - Filling up the DagBag from /home/airflow/airflow/dags/xcom_dag.py
[2021-09-16 01:58:43,563] {scheduler_job.py:643} INFO - DAG(s) dict_keys(['xcom_dag']) retrieved from /home/airflow/airflow/dags/xcom_dag.py
[2021-09-16 01:58:43,605] {logging_mixin.py:104} INFO - [2021-09-16 01:58:43,605] {dag.py:1832} INFO - Sync 1 DAGs
[2021-09-16 01:58:43,623] {logging_mixin.py:104} INFO - [2021-09-16 01:58:43,623] {dag.py:2305} INFO - Setting next_dagrun for xcom_dag to 2021-09-15 00:00:00+00:00
[2021-09-16 01:58:43,633] {scheduler_job.py:190} INFO - Processing /home/airflow/airflow/dags/xcom_dag.py took 0.104 seconds
[2021-09-16 01:59:14,436] {scheduler_job.py:182} INFO - Started process (PID=53512) to work on /home/airflow/airflow/dags/xcom_dag.py
[2021-09-16 01:59:14,443] {scheduler_job.py:633} INFO - Processing file /home/airflow/airflow/dags/xcom_dag.py for tasks to queue
[2021-09-16 01:59:14,444] {logging_mixin.py:104} INFO - [2021-09-16 01:59:14,444] {dagbag.py:487} INFO - Filling up the DagBag from /home/airflow/airflow/dags/xcom_dag.py
[2021-09-16 01:59:14,464] {scheduler_job.py:643} INFO - DAG(s) dict_keys(['xcom_dag']) retrieved from /home/airflow/airflow/dags/xcom_dag.py
[2021-09-16 01:59:14,506] {logging_mixin.py:104} INFO - [2021-09-16 01:59:14,506] {dag.py:1832} INFO - Sync 1 DAGs
[2021-09-16 01:59:14,530] {logging_mixin.py:104} INFO - [2021-09-16 01:59:14,530] {dag.py:2305} INFO - Setting next_dagrun for xcom_dag to 2021-09-15 00:00:00+00:00
[2021-09-16 01:59:14,542] {scheduler_job.py:190} INFO - Processing /home/airflow/airflow/dags/xcom_dag.py took 0.109 seconds
[2021-09-16 01:59:45,431] {scheduler_job.py:182} INFO - Started process (PID=53634) to work on /home/airflow/airflow/dags/xcom_dag.py
[2021-09-16 01:59:45,432] {scheduler_job.py:633} INFO - Processing file /home/airflow/airflow/dags/xcom_dag.py for tasks to queue
[2021-09-16 01:59:45,438] {logging_mixin.py:104} INFO - [2021-09-16 01:59:45,438] {dagbag.py:487} INFO - Filling up the DagBag from /home/airflow/airflow/dags/xcom_dag.py
[2021-09-16 01:59:45,461] {scheduler_job.py:643} INFO - DAG(s) dict_keys(['xcom_dag']) retrieved from /home/airflow/airflow/dags/xcom_dag.py
[2021-09-16 01:59:45,508] {logging_mixin.py:104} INFO - [2021-09-16 01:59:45,508] {dag.py:1832} INFO - Sync 1 DAGs
[2021-09-16 01:59:45,530] {logging_mixin.py:104} INFO - [2021-09-16 01:59:45,529] {dag.py:2305} INFO - Setting next_dagrun for xcom_dag to 2021-09-15 00:00:00+00:00
[2021-09-16 01:59:45,543] {scheduler_job.py:190} INFO - Processing /home/airflow/airflow/dags/xcom_dag.py took 0.115 seconds
[2021-09-16 02:00:16,336] {scheduler_job.py:182} INFO - Started process (PID=54067) to work on /home/airflow/airflow/dags/xcom_dag.py
[2021-09-16 02:00:16,337] {scheduler_job.py:633} INFO - Processing file /home/airflow/airflow/dags/xcom_dag.py for tasks to queue
[2021-09-16 02:00:16,338] {logging_mixin.py:104} INFO - [2021-09-16 02:00:16,338] {dagbag.py:487} INFO - Filling up the DagBag from /home/airflow/airflow/dags/xcom_dag.py
[2021-09-16 02:00:16,358] {scheduler_job.py:643} INFO - DAG(s) dict_keys(['xcom_dag']) retrieved from /home/airflow/airflow/dags/xcom_dag.py
[2021-09-16 02:00:16,399] {logging_mixin.py:104} INFO - [2021-09-16 02:00:16,399] {dag.py:1832} INFO - Sync 1 DAGs
[2021-09-16 02:00:16,424] {logging_mixin.py:104} INFO - [2021-09-16 02:00:16,424] {dag.py:2305} INFO - Setting next_dagrun for xcom_dag to 2021-09-15 00:00:00+00:00
[2021-09-16 02:00:16,438] {scheduler_job.py:190} INFO - Processing /home/airflow/airflow/dags/xcom_dag.py took 0.110 seconds
