[2021-08-09 17:40:19,167] {taskinstance.py:876} INFO - Dependencies all met for <TaskInstance: parallel_dag.task_3 2021-08-08T00:00:00+00:00 [queued]>
[2021-08-09 17:40:19,171] {taskinstance.py:876} INFO - Dependencies all met for <TaskInstance: parallel_dag.task_3 2021-08-08T00:00:00+00:00 [queued]>
[2021-08-09 17:40:19,182] {taskinstance.py:1067} INFO - 
--------------------------------------------------------------------------------
[2021-08-09 17:40:19,182] {taskinstance.py:1068} INFO - Starting attempt 1 of 1
[2021-08-09 17:40:19,182] {taskinstance.py:1069} INFO - 
--------------------------------------------------------------------------------
[2021-08-09 17:40:19,198] {taskinstance.py:1087} INFO - Executing <Task(BashOperator): task_3> on 2021-08-08T00:00:00+00:00
[2021-08-09 17:40:19,200] {standard_task_runner.py:52} INFO - Started process 141200 to run task
[2021-08-09 17:40:19,218] {standard_task_runner.py:76} INFO - Running: ['airflow', 'tasks', 'run', 'parallel_dag', 'task_3', '2021-08-08T00:00:00+00:00', '--job-id', '26', '--pool', 'default_pool', '--raw', '--subdir', 'DAGS_FOLDER/parallel_dag.py', '--cfg-path', '/tmp/tmpj29l4k1i', '--error-file', '/tmp/tmpwj8u1gu0']
[2021-08-09 17:40:19,223] {standard_task_runner.py:77} INFO - Job 26: Subtask task_3
[2021-08-09 17:40:19,342] {logging_mixin.py:104} INFO - Running <TaskInstance: parallel_dag.task_3 2021-08-08T00:00:00+00:00 [running]> on host airflowvm
[2021-08-09 17:40:19,478] {taskinstance.py:1280} INFO - Exporting the following env vars:
AIRFLOW_CTX_DAG_OWNER=airflow
AIRFLOW_CTX_DAG_ID=parallel_dag
AIRFLOW_CTX_TASK_ID=task_3
AIRFLOW_CTX_EXECUTION_DATE=2021-08-08T00:00:00+00:00
AIRFLOW_CTX_DAG_RUN_ID=scheduled__2021-08-08T00:00:00+00:00
[2021-08-09 17:40:19,509] {subprocess.py:52} INFO - Tmp dir root location: 
 /tmp
[2021-08-09 17:40:19,510] {subprocess.py:63} INFO - Running command: ['bash', '-c', 'sleep 3']
[2021-08-09 17:40:19,540] {subprocess.py:75} INFO - Output:
[2021-08-09 17:40:22,556] {subprocess.py:83} INFO - Command exited with return code 0
[2021-08-09 17:40:22,577] {taskinstance.py:1184} INFO - Marking task as SUCCESS. dag_id=parallel_dag, task_id=task_3, execution_date=20210808T000000, start_date=20210809T174019, end_date=20210809T174022
[2021-08-09 17:40:22,602] {taskinstance.py:1245} INFO - 1 downstream tasks scheduled from follow-on schedule check
[2021-08-09 17:40:22,636] {local_task_job.py:151} INFO - Task exited with return code 0
[2021-08-09 18:16:13,906] {taskinstance.py:876} INFO - Dependencies all met for <TaskInstance: parallel_dag.task_3 2021-08-08T00:00:00+00:00 [queued]>
[2021-08-09 18:16:13,935] {taskinstance.py:876} INFO - Dependencies all met for <TaskInstance: parallel_dag.task_3 2021-08-08T00:00:00+00:00 [queued]>
[2021-08-09 18:16:13,936] {taskinstance.py:1067} INFO - 
--------------------------------------------------------------------------------
[2021-08-09 18:16:13,936] {taskinstance.py:1068} INFO - Starting attempt 1 of 1
[2021-08-09 18:16:13,936] {taskinstance.py:1069} INFO - 
--------------------------------------------------------------------------------
[2021-08-09 18:16:13,951] {taskinstance.py:1087} INFO - Executing <Task(BashOperator): task_3> on 2021-08-08T00:00:00+00:00
[2021-08-09 18:16:13,953] {standard_task_runner.py:52} INFO - Started process 153524 to run task
[2021-08-09 18:16:13,971] {standard_task_runner.py:76} INFO - Running: ['airflow', 'tasks', 'run', 'parallel_dag', 'task_3', '2021-08-08T00:00:00+00:00', '--job-id', '3', '--pool', 'default_pool', '--raw', '--subdir', 'DAGS_FOLDER/parallel_dag.py', '--cfg-path', '/tmp/tmpcxpoqxth', '--error-file', '/tmp/tmp1utwpy4y']
[2021-08-09 18:16:13,972] {standard_task_runner.py:77} INFO - Job 3: Subtask task_3
[2021-08-09 18:16:14,124] {logging_mixin.py:104} INFO - Running <TaskInstance: parallel_dag.task_3 2021-08-08T00:00:00+00:00 [running]> on host airflowvm
[2021-08-09 18:16:14,305] {taskinstance.py:1280} INFO - Exporting the following env vars:
AIRFLOW_CTX_DAG_OWNER=airflow
AIRFLOW_CTX_DAG_ID=parallel_dag
AIRFLOW_CTX_TASK_ID=task_3
AIRFLOW_CTX_EXECUTION_DATE=2021-08-08T00:00:00+00:00
AIRFLOW_CTX_DAG_RUN_ID=scheduled__2021-08-08T00:00:00+00:00
[2021-08-09 18:16:14,306] {subprocess.py:52} INFO - Tmp dir root location: 
 /tmp
[2021-08-09 18:16:14,306] {subprocess.py:63} INFO - Running command: ['bash', '-c', 'sleep 3']
[2021-08-09 18:16:14,334] {subprocess.py:75} INFO - Output:
[2021-08-09 18:16:17,337] {subprocess.py:83} INFO - Command exited with return code 0
[2021-08-09 18:16:17,392] {taskinstance.py:1184} INFO - Marking task as SUCCESS. dag_id=parallel_dag, task_id=task_3, execution_date=20210808T000000, start_date=20210809T181613, end_date=20210809T181617
[2021-08-09 18:16:17,471] {taskinstance.py:1245} INFO - 1 downstream tasks scheduled from follow-on schedule check
[2021-08-09 18:16:17,476] {local_task_job.py:151} INFO - Task exited with return code 0
