[2021-08-10 21:14:35,880] {taskinstance.py:876} INFO - Dependencies all met for <TaskInstance: xcom_dag.processing_tasks.training_model_a 2021-08-10T21:14:30.469538+00:00 [queued]>
[2021-08-10 21:14:35,952] {taskinstance.py:876} INFO - Dependencies all met for <TaskInstance: xcom_dag.processing_tasks.training_model_a 2021-08-10T21:14:30.469538+00:00 [queued]>
[2021-08-10 21:14:35,952] {taskinstance.py:1067} INFO - 
--------------------------------------------------------------------------------
[2021-08-10 21:14:35,952] {taskinstance.py:1068} INFO - Starting attempt 1 of 1
[2021-08-10 21:14:35,952] {taskinstance.py:1069} INFO - 
--------------------------------------------------------------------------------
[2021-08-10 21:14:35,974] {taskinstance.py:1087} INFO - Executing <Task(PythonOperator): processing_tasks.training_model_a> on 2021-08-10T21:14:30.469538+00:00
[2021-08-10 21:14:35,975] {standard_task_runner.py:52} INFO - Started process 311598 to run task
[2021-08-10 21:14:35,987] {standard_task_runner.py:76} INFO - Running: ['airflow', 'tasks', 'run', 'xcom_dag', 'processing_tasks.training_model_a', '2021-08-10T21:14:30.469538+00:00', '--job-id', '73', '--pool', 'default_pool', '--raw', '--subdir', 'DAGS_FOLDER/xcom_dag.py', '--cfg-path', '/tmp/tmp3qc4qshi', '--error-file', '/tmp/tmpz3yd68ks']
[2021-08-10 21:14:36,013] {standard_task_runner.py:77} INFO - Job 73: Subtask processing_tasks.training_model_a
[2021-08-10 21:14:36,319] {logging_mixin.py:104} INFO - Running <TaskInstance: xcom_dag.processing_tasks.training_model_a 2021-08-10T21:14:30.469538+00:00 [running]> on host airflowvm
[2021-08-10 21:14:36,576] {taskinstance.py:1280} INFO - Exporting the following env vars:
AIRFLOW_CTX_DAG_OWNER=airflow
AIRFLOW_CTX_DAG_ID=xcom_dag
AIRFLOW_CTX_TASK_ID=processing_tasks.training_model_a
AIRFLOW_CTX_EXECUTION_DATE=2021-08-10T21:14:30.469538+00:00
AIRFLOW_CTX_DAG_RUN_ID=manual__2021-08-10T21:14:30.469538+00:00
[2021-08-10 21:14:36,577] {logging_mixin.py:104} INFO - model's accuracy: 4.589618802343136
[2021-08-10 21:14:36,655] {python.py:151} INFO - Done. Returned value was: None
[2021-08-10 21:14:36,686] {taskinstance.py:1184} INFO - Marking task as SUCCESS. dag_id=xcom_dag, task_id=processing_tasks.training_model_a, execution_date=20210810T211430, start_date=20210810T211435, end_date=20210810T211436
[2021-08-10 21:14:36,804] {taskinstance.py:1245} INFO - 0 downstream tasks scheduled from follow-on schedule check
[2021-08-10 21:14:36,815] {local_task_job.py:151} INFO - Task exited with return code 0
