[2021-08-10 21:14:16,658] {taskinstance.py:876} INFO - Dependencies all met for <TaskInstance: xcom_dag.processing_tasks.training_model_c 2021-08-10T21:14:11.253221+00:00 [queued]>
[2021-08-10 21:14:16,731] {taskinstance.py:876} INFO - Dependencies all met for <TaskInstance: xcom_dag.processing_tasks.training_model_c 2021-08-10T21:14:11.253221+00:00 [queued]>
[2021-08-10 21:14:16,732] {taskinstance.py:1067} INFO - 
--------------------------------------------------------------------------------
[2021-08-10 21:14:16,732] {taskinstance.py:1068} INFO - Starting attempt 1 of 1
[2021-08-10 21:14:16,736] {taskinstance.py:1069} INFO - 
--------------------------------------------------------------------------------
[2021-08-10 21:14:16,767] {taskinstance.py:1087} INFO - Executing <Task(PythonOperator): processing_tasks.training_model_c> on 2021-08-10T21:14:11.253221+00:00
[2021-08-10 21:14:16,785] {standard_task_runner.py:52} INFO - Started process 310926 to run task
[2021-08-10 21:14:16,823] {standard_task_runner.py:76} INFO - Running: ['airflow', 'tasks', 'run', 'xcom_dag', 'processing_tasks.training_model_c', '2021-08-10T21:14:11.253221+00:00', '--job-id', '67', '--pool', 'default_pool', '--raw', '--subdir', 'DAGS_FOLDER/xcom_dag.py', '--cfg-path', '/tmp/tmp1mk1y2xs', '--error-file', '/tmp/tmp5id0px9k']
[2021-08-10 21:14:16,826] {standard_task_runner.py:77} INFO - Job 67: Subtask processing_tasks.training_model_c
[2021-08-10 21:14:17,192] {logging_mixin.py:104} INFO - Running <TaskInstance: xcom_dag.processing_tasks.training_model_c 2021-08-10T21:14:11.253221+00:00 [running]> on host airflowvm
[2021-08-10 21:14:17,543] {taskinstance.py:1280} INFO - Exporting the following env vars:
AIRFLOW_CTX_DAG_OWNER=airflow
AIRFLOW_CTX_DAG_ID=xcom_dag
AIRFLOW_CTX_TASK_ID=processing_tasks.training_model_c
AIRFLOW_CTX_EXECUTION_DATE=2021-08-10T21:14:11.253221+00:00
AIRFLOW_CTX_DAG_RUN_ID=manual__2021-08-10T21:14:11.253221+00:00
[2021-08-10 21:14:17,544] {logging_mixin.py:104} INFO - model's accuracy: 7.527061466021165
[2021-08-10 21:14:17,655] {python.py:151} INFO - Done. Returned value was: None
[2021-08-10 21:14:17,697] {taskinstance.py:1184} INFO - Marking task as SUCCESS. dag_id=xcom_dag, task_id=processing_tasks.training_model_c, execution_date=20210810T211411, start_date=20210810T211416, end_date=20210810T211417
[2021-08-10 21:14:17,842] {taskinstance.py:1245} INFO - 0 downstream tasks scheduled from follow-on schedule check
[2021-08-10 21:14:17,892] {local_task_job.py:151} INFO - Task exited with return code 0
