[2021-08-09 17:40:14,371] {taskinstance.py:876} INFO - Dependencies all met for <TaskInstance: parallel_dag.task_2 2021-08-08T00:00:00+00:00 [queued]>
[2021-08-09 17:40:14,377] {taskinstance.py:876} INFO - Dependencies all met for <TaskInstance: parallel_dag.task_2 2021-08-08T00:00:00+00:00 [queued]>
[2021-08-09 17:40:14,377] {taskinstance.py:1067} INFO - 
--------------------------------------------------------------------------------
[2021-08-09 17:40:14,377] {taskinstance.py:1068} INFO - Starting attempt 1 of 1
[2021-08-09 17:40:14,378] {taskinstance.py:1069} INFO - 
--------------------------------------------------------------------------------
[2021-08-09 17:40:14,391] {taskinstance.py:1087} INFO - Executing <Task(BashOperator): task_2> on 2021-08-08T00:00:00+00:00
[2021-08-09 17:40:14,393] {standard_task_runner.py:52} INFO - Started process 141137 to run task
[2021-08-09 17:40:14,399] {standard_task_runner.py:76} INFO - Running: ['airflow', 'tasks', 'run', 'parallel_dag', 'task_2', '2021-08-08T00:00:00+00:00', '--job-id', '25', '--pool', 'default_pool', '--raw', '--subdir', 'DAGS_FOLDER/parallel_dag.py', '--cfg-path', '/tmp/tmpzara1nqg', '--error-file', '/tmp/tmprujww06j']
[2021-08-09 17:40:14,400] {standard_task_runner.py:77} INFO - Job 25: Subtask task_2
[2021-08-09 17:40:14,525] {logging_mixin.py:104} INFO - Running <TaskInstance: parallel_dag.task_2 2021-08-08T00:00:00+00:00 [running]> on host airflowvm
[2021-08-09 17:40:14,649] {taskinstance.py:1280} INFO - Exporting the following env vars:
AIRFLOW_CTX_DAG_OWNER=airflow
AIRFLOW_CTX_DAG_ID=parallel_dag
AIRFLOW_CTX_TASK_ID=task_2
AIRFLOW_CTX_EXECUTION_DATE=2021-08-08T00:00:00+00:00
AIRFLOW_CTX_DAG_RUN_ID=scheduled__2021-08-08T00:00:00+00:00
[2021-08-09 17:40:14,650] {subprocess.py:52} INFO - Tmp dir root location: 
 /tmp
[2021-08-09 17:40:14,650] {subprocess.py:63} INFO - Running command: ['bash', '-c', 'sleep 3']
[2021-08-09 17:40:14,656] {subprocess.py:75} INFO - Output:
[2021-08-09 17:40:17,659] {subprocess.py:83} INFO - Command exited with return code 0
[2021-08-09 17:40:17,680] {taskinstance.py:1184} INFO - Marking task as SUCCESS. dag_id=parallel_dag, task_id=task_2, execution_date=20210808T000000, start_date=20210809T174014, end_date=20210809T174017
[2021-08-09 17:40:17,699] {taskinstance.py:1245} INFO - 0 downstream tasks scheduled from follow-on schedule check
[2021-08-09 17:40:17,715] {local_task_job.py:151} INFO - Task exited with return code 0
[2021-08-09 18:16:13,910] {taskinstance.py:876} INFO - Dependencies all met for <TaskInstance: parallel_dag.task_2 2021-08-08T00:00:00+00:00 [queued]>
[2021-08-09 18:16:13,944] {taskinstance.py:876} INFO - Dependencies all met for <TaskInstance: parallel_dag.task_2 2021-08-08T00:00:00+00:00 [queued]>
[2021-08-09 18:16:13,944] {taskinstance.py:1067} INFO - 
--------------------------------------------------------------------------------
[2021-08-09 18:16:13,944] {taskinstance.py:1068} INFO - Starting attempt 1 of 1
[2021-08-09 18:16:13,945] {taskinstance.py:1069} INFO - 
--------------------------------------------------------------------------------
[2021-08-09 18:16:13,957] {taskinstance.py:1087} INFO - Executing <Task(BashOperator): task_2> on 2021-08-08T00:00:00+00:00
[2021-08-09 18:16:13,959] {standard_task_runner.py:52} INFO - Started process 153525 to run task
[2021-08-09 18:16:13,969] {standard_task_runner.py:76} INFO - Running: ['airflow', 'tasks', 'run', 'parallel_dag', 'task_2', '2021-08-08T00:00:00+00:00', '--job-id', '4', '--pool', 'default_pool', '--raw', '--subdir', 'DAGS_FOLDER/parallel_dag.py', '--cfg-path', '/tmp/tmpkrar4mov', '--error-file', '/tmp/tmpr6zwysny']
[2021-08-09 18:16:13,974] {standard_task_runner.py:77} INFO - Job 4: Subtask task_2
[2021-08-09 18:16:14,120] {logging_mixin.py:104} INFO - Running <TaskInstance: parallel_dag.task_2 2021-08-08T00:00:00+00:00 [running]> on host airflowvm
[2021-08-09 18:16:14,322] {taskinstance.py:1280} INFO - Exporting the following env vars:
AIRFLOW_CTX_DAG_OWNER=airflow
AIRFLOW_CTX_DAG_ID=parallel_dag
AIRFLOW_CTX_TASK_ID=task_2
AIRFLOW_CTX_EXECUTION_DATE=2021-08-08T00:00:00+00:00
AIRFLOW_CTX_DAG_RUN_ID=scheduled__2021-08-08T00:00:00+00:00
[2021-08-09 18:16:14,322] {subprocess.py:52} INFO - Tmp dir root location: 
 /tmp
[2021-08-09 18:16:14,324] {subprocess.py:63} INFO - Running command: ['bash', '-c', 'sleep 3']
[2021-08-09 18:16:14,347] {subprocess.py:75} INFO - Output:
[2021-08-09 18:16:17,354] {subprocess.py:83} INFO - Command exited with return code 0
[2021-08-09 18:16:17,422] {taskinstance.py:1184} INFO - Marking task as SUCCESS. dag_id=parallel_dag, task_id=task_2, execution_date=20210808T000000, start_date=20210809T181613, end_date=20210809T181617
[2021-08-09 18:16:17,473] {taskinstance.py:1245} INFO - 0 downstream tasks scheduled from follow-on schedule check
[2021-08-09 18:16:17,517] {local_task_job.py:151} INFO - Task exited with return code 0
