[2021-08-10 20:12:07,942] {taskinstance.py:876} INFO - Dependencies all met for <TaskInstance: xcom_dag.task_4 2021-08-10T20:12:00.546068+00:00 [queued]>
[2021-08-10 20:12:07,956] {taskinstance.py:876} INFO - Dependencies all met for <TaskInstance: xcom_dag.task_4 2021-08-10T20:12:00.546068+00:00 [queued]>
[2021-08-10 20:12:07,956] {taskinstance.py:1067} INFO - 
--------------------------------------------------------------------------------
[2021-08-10 20:12:07,957] {taskinstance.py:1068} INFO - Starting attempt 1 of 1
[2021-08-10 20:12:07,957] {taskinstance.py:1069} INFO - 
--------------------------------------------------------------------------------
[2021-08-10 20:12:07,972] {taskinstance.py:1087} INFO - Executing <Task(PythonOperator): task_4> on 2021-08-10T20:12:00.546068+00:00
[2021-08-10 20:12:07,976] {standard_task_runner.py:52} INFO - Started process 295480 to run task
[2021-08-10 20:12:07,985] {standard_task_runner.py:76} INFO - Running: ['airflow', 'tasks', 'run', 'xcom_dag', 'task_4', '2021-08-10T20:12:00.546068+00:00', '--job-id', '49', '--pool', 'default_pool', '--raw', '--subdir', 'DAGS_FOLDER/xcom_dag.py', '--cfg-path', '/tmp/tmpd69au5s9', '--error-file', '/tmp/tmpflkp6zcf']
[2021-08-10 20:12:07,991] {standard_task_runner.py:77} INFO - Job 49: Subtask task_4
[2021-08-10 20:12:08,161] {logging_mixin.py:104} INFO - Running <TaskInstance: xcom_dag.task_4 2021-08-10T20:12:00.546068+00:00 [running]> on host airflowvm
[2021-08-10 20:12:08,310] {taskinstance.py:1280} INFO - Exporting the following env vars:
AIRFLOW_CTX_DAG_OWNER=airflow
AIRFLOW_CTX_DAG_ID=xcom_dag
AIRFLOW_CTX_TASK_ID=task_4
AIRFLOW_CTX_EXECUTION_DATE=2021-08-10T20:12:00.546068+00:00
AIRFLOW_CTX_DAG_RUN_ID=manual__2021-08-10T20:12:00.546068+00:00
[2021-08-10 20:12:08,312] {logging_mixin.py:104} INFO - choose best model
[2021-08-10 20:12:08,326] {logging_mixin.py:104} INFO - [3.777360639141315, 1.5748939074486, 3.0115281430204046]
[2021-08-10 20:12:08,326] {python.py:151} INFO - Done. Returned value was: None
[2021-08-10 20:12:08,341] {taskinstance.py:1184} INFO - Marking task as SUCCESS. dag_id=xcom_dag, task_id=task_4, execution_date=20210810T201200, start_date=20210810T201207, end_date=20210810T201208
[2021-08-10 20:12:08,400] {taskinstance.py:1245} INFO - 0 downstream tasks scheduled from follow-on schedule check
[2021-08-10 20:12:08,431] {local_task_job.py:151} INFO - Task exited with return code 0
