[2021-08-10 20:15:34,863] {taskinstance.py:876} INFO - Dependencies all met for <TaskInstance: xcom_dag.downloading_data 2021-08-10T20:15:32.111619+00:00 [queued]>
[2021-08-10 20:15:34,879] {taskinstance.py:876} INFO - Dependencies all met for <TaskInstance: xcom_dag.downloading_data 2021-08-10T20:15:32.111619+00:00 [queued]>
[2021-08-10 20:15:34,879] {taskinstance.py:1067} INFO - 
--------------------------------------------------------------------------------
[2021-08-10 20:15:34,880] {taskinstance.py:1068} INFO - Starting attempt 1 of 1
[2021-08-10 20:15:34,880] {taskinstance.py:1069} INFO - 
--------------------------------------------------------------------------------
[2021-08-10 20:15:34,888] {taskinstance.py:1087} INFO - Executing <Task(BashOperator): downloading_data> on 2021-08-10T20:15:32.111619+00:00
[2021-08-10 20:15:34,890] {standard_task_runner.py:52} INFO - Started process 296457 to run task
[2021-08-10 20:15:34,896] {standard_task_runner.py:76} INFO - Running: ['airflow', 'tasks', 'run', 'xcom_dag', 'downloading_data', '2021-08-10T20:15:32.111619+00:00', '--job-id', '50', '--pool', 'default_pool', '--raw', '--subdir', 'DAGS_FOLDER/xcom_dag.py', '--cfg-path', '/tmp/tmpg0vhpki7', '--error-file', '/tmp/tmpv4uio9jx']
[2021-08-10 20:15:34,897] {standard_task_runner.py:77} INFO - Job 50: Subtask downloading_data
[2021-08-10 20:15:35,000] {logging_mixin.py:104} INFO - Running <TaskInstance: xcom_dag.downloading_data 2021-08-10T20:15:32.111619+00:00 [running]> on host airflowvm
[2021-08-10 20:15:35,127] {taskinstance.py:1280} INFO - Exporting the following env vars:
AIRFLOW_CTX_DAG_OWNER=airflow
AIRFLOW_CTX_DAG_ID=xcom_dag
AIRFLOW_CTX_TASK_ID=downloading_data
AIRFLOW_CTX_EXECUTION_DATE=2021-08-10T20:15:32.111619+00:00
AIRFLOW_CTX_DAG_RUN_ID=manual__2021-08-10T20:15:32.111619+00:00
[2021-08-10 20:15:35,128] {subprocess.py:52} INFO - Tmp dir root location: 
 /tmp
[2021-08-10 20:15:35,129] {subprocess.py:63} INFO - Running command: ['bash', '-c', 'sleep 3']
[2021-08-10 20:15:35,136] {subprocess.py:75} INFO - Output:
[2021-08-10 20:15:38,138] {subprocess.py:83} INFO - Command exited with return code 0
[2021-08-10 20:15:38,160] {taskinstance.py:1184} INFO - Marking task as SUCCESS. dag_id=xcom_dag, task_id=downloading_data, execution_date=20210810T201532, start_date=20210810T201534, end_date=20210810T201538
[2021-08-10 20:15:38,230] {taskinstance.py:1245} INFO - 3 downstream tasks scheduled from follow-on schedule check
[2021-08-10 20:15:38,280] {local_task_job.py:151} INFO - Task exited with return code 0
