[2021-08-10 02:11:56,118] {taskinstance.py:876} INFO - Dependencies all met for <TaskInstance: parallel_dag.processing 2021-08-10T02:11:50.752524+00:00 [queued]>
[2021-08-10 02:11:56,135] {taskinstance.py:876} INFO - Dependencies all met for <TaskInstance: parallel_dag.processing 2021-08-10T02:11:50.752524+00:00 [queued]>
[2021-08-10 02:11:56,135] {taskinstance.py:1067} INFO - 
--------------------------------------------------------------------------------
[2021-08-10 02:11:56,136] {taskinstance.py:1068} INFO - Starting attempt 1 of 1
[2021-08-10 02:11:56,136] {taskinstance.py:1069} INFO - 
--------------------------------------------------------------------------------
[2021-08-10 02:11:56,144] {taskinstance.py:1087} INFO - Executing <Task(SubDagOperator): processing> on 2021-08-10T02:11:50.752524+00:00
[2021-08-10 02:11:56,146] {standard_task_runner.py:52} INFO - Started process 216365 to run task
[2021-08-10 02:11:56,153] {standard_task_runner.py:76} INFO - Running: ['airflow', 'tasks', 'run', 'parallel_dag', 'processing', '2021-08-10T02:11:50.752524+00:00', '--job-id', '19', '--pool', 'default_pool', '--raw', '--subdir', 'DAGS_FOLDER/parallel_dag.py', '--cfg-path', '/tmp/tmp_8v8hgor', '--error-file', '/tmp/tmpckx20gly']
[2021-08-10 02:11:56,154] {standard_task_runner.py:77} INFO - Job 19: Subtask processing
[2021-08-10 02:11:56,279] {logging_mixin.py:104} INFO - Running <TaskInstance: parallel_dag.processing 2021-08-10T02:11:50.752524+00:00 [running]> on host airflowvm
[2021-08-10 02:11:56,431] {taskinstance.py:1280} INFO - Exporting the following env vars:
AIRFLOW_CTX_DAG_OWNER=airflow
AIRFLOW_CTX_DAG_ID=parallel_dag
AIRFLOW_CTX_TASK_ID=processing
AIRFLOW_CTX_EXECUTION_DATE=2021-08-10T02:11:50.752524+00:00
AIRFLOW_CTX_DAG_RUN_ID=manual__2021-08-10T02:11:50.752524+00:00
[2021-08-10 02:11:56,469] {subdag.py:155} INFO - Created DagRun: scheduled__2021-08-10T02:11:50.752524+00:00
[2021-08-10 02:12:56,556] {base.py:243} INFO - Success criteria met. Exiting.
[2021-08-10 02:12:56,567] {subdag.py:169} INFO - Execution finished. State is success
[2021-08-10 02:12:56,579] {taskinstance.py:1184} INFO - Marking task as SUCCESS. dag_id=parallel_dag, task_id=processing, execution_date=20210810T021150, start_date=20210810T021156, end_date=20210810T021256
[2021-08-10 02:12:56,606] {taskinstance.py:1245} INFO - 1 downstream tasks scheduled from follow-on schedule check
[2021-08-10 02:12:56,611] {local_task_job.py:151} INFO - Task exited with return code 0
