[2021-08-09 17:40:09,295] {taskinstance.py:876} INFO - Dependencies all met for <TaskInstance: parallel_dag.task_1 2021-08-08T00:00:00+00:00 [queued]>
[2021-08-09 17:40:09,302] {taskinstance.py:876} INFO - Dependencies all met for <TaskInstance: parallel_dag.task_1 2021-08-08T00:00:00+00:00 [queued]>
[2021-08-09 17:40:09,302] {taskinstance.py:1067} INFO - 
--------------------------------------------------------------------------------
[2021-08-09 17:40:09,302] {taskinstance.py:1068} INFO - Starting attempt 1 of 1
[2021-08-09 17:40:09,303] {taskinstance.py:1069} INFO - 
--------------------------------------------------------------------------------
[2021-08-09 17:40:09,316] {taskinstance.py:1087} INFO - Executing <Task(BashOperator): task_1> on 2021-08-08T00:00:00+00:00
[2021-08-09 17:40:09,318] {standard_task_runner.py:52} INFO - Started process 141074 to run task
[2021-08-09 17:40:09,325] {standard_task_runner.py:76} INFO - Running: ['airflow', 'tasks', 'run', 'parallel_dag', 'task_1', '2021-08-08T00:00:00+00:00', '--job-id', '24', '--pool', 'default_pool', '--raw', '--subdir', 'DAGS_FOLDER/parallel_dag.py', '--cfg-path', '/tmp/tmphuc6mgdc', '--error-file', '/tmp/tmpeer5twkb']
[2021-08-09 17:40:09,326] {standard_task_runner.py:77} INFO - Job 24: Subtask task_1
[2021-08-09 17:40:09,505] {logging_mixin.py:104} INFO - Running <TaskInstance: parallel_dag.task_1 2021-08-08T00:00:00+00:00 [running]> on host airflowvm
[2021-08-09 17:40:09,612] {taskinstance.py:1280} INFO - Exporting the following env vars:
AIRFLOW_CTX_DAG_OWNER=airflow
AIRFLOW_CTX_DAG_ID=parallel_dag
AIRFLOW_CTX_TASK_ID=task_1
AIRFLOW_CTX_EXECUTION_DATE=2021-08-08T00:00:00+00:00
AIRFLOW_CTX_DAG_RUN_ID=scheduled__2021-08-08T00:00:00+00:00
[2021-08-09 17:40:09,612] {subprocess.py:52} INFO - Tmp dir root location: 
 /tmp
[2021-08-09 17:40:09,612] {subprocess.py:63} INFO - Running command: ['bash', '-c', 'sleep 3']
[2021-08-09 17:40:09,633] {subprocess.py:75} INFO - Output:
[2021-08-09 17:40:12,640] {subprocess.py:83} INFO - Command exited with return code 0
[2021-08-09 17:40:12,660] {taskinstance.py:1184} INFO - Marking task as SUCCESS. dag_id=parallel_dag, task_id=task_1, execution_date=20210808T000000, start_date=20210809T174009, end_date=20210809T174012
[2021-08-09 17:40:12,685] {taskinstance.py:1245} INFO - 2 downstream tasks scheduled from follow-on schedule check
[2021-08-09 17:40:12,690] {local_task_job.py:151} INFO - Task exited with return code 0
[2021-08-09 18:16:09,682] {taskinstance.py:876} INFO - Dependencies all met for <TaskInstance: parallel_dag.task_1 2021-08-08T00:00:00+00:00 [queued]>
[2021-08-09 18:16:09,696] {taskinstance.py:876} INFO - Dependencies all met for <TaskInstance: parallel_dag.task_1 2021-08-08T00:00:00+00:00 [queued]>
[2021-08-09 18:16:09,697] {taskinstance.py:1067} INFO - 
--------------------------------------------------------------------------------
[2021-08-09 18:16:09,697] {taskinstance.py:1068} INFO - Starting attempt 1 of 1
[2021-08-09 18:16:09,697] {taskinstance.py:1069} INFO - 
--------------------------------------------------------------------------------
[2021-08-09 18:16:09,705] {taskinstance.py:1087} INFO - Executing <Task(BashOperator): task_1> on 2021-08-08T00:00:00+00:00
[2021-08-09 18:16:09,708] {standard_task_runner.py:52} INFO - Started process 153331 to run task
[2021-08-09 18:16:09,713] {standard_task_runner.py:76} INFO - Running: ['airflow', 'tasks', 'run', 'parallel_dag', 'task_1', '2021-08-08T00:00:00+00:00', '--job-id', '2', '--pool', 'default_pool', '--raw', '--subdir', 'DAGS_FOLDER/parallel_dag.py', '--cfg-path', '/tmp/tmp4zbe3die', '--error-file', '/tmp/tmpjpzkbm9g']
[2021-08-09 18:16:09,714] {standard_task_runner.py:77} INFO - Job 2: Subtask task_1
[2021-08-09 18:16:09,843] {logging_mixin.py:104} INFO - Running <TaskInstance: parallel_dag.task_1 2021-08-08T00:00:00+00:00 [running]> on host airflowvm
[2021-08-09 18:16:09,967] {taskinstance.py:1280} INFO - Exporting the following env vars:
AIRFLOW_CTX_DAG_OWNER=airflow
AIRFLOW_CTX_DAG_ID=parallel_dag
AIRFLOW_CTX_TASK_ID=task_1
AIRFLOW_CTX_EXECUTION_DATE=2021-08-08T00:00:00+00:00
AIRFLOW_CTX_DAG_RUN_ID=scheduled__2021-08-08T00:00:00+00:00
[2021-08-09 18:16:09,968] {subprocess.py:52} INFO - Tmp dir root location: 
 /tmp
[2021-08-09 18:16:09,969] {subprocess.py:63} INFO - Running command: ['bash', '-c', 'sleep 3']
[2021-08-09 18:16:09,976] {subprocess.py:75} INFO - Output:
[2021-08-09 18:16:12,978] {subprocess.py:83} INFO - Command exited with return code 0
[2021-08-09 18:16:13,013] {taskinstance.py:1184} INFO - Marking task as SUCCESS. dag_id=parallel_dag, task_id=task_1, execution_date=20210808T000000, start_date=20210809T181609, end_date=20210809T181613
[2021-08-09 18:16:13,044] {taskinstance.py:1245} INFO - 2 downstream tasks scheduled from follow-on schedule check
[2021-08-09 18:16:13,063] {local_task_job.py:151} INFO - Task exited with return code 0
