[2021-08-09 17:40:24,064] {taskinstance.py:876} INFO - Dependencies all met for <TaskInstance: parallel_dag.task_4 2021-08-08T00:00:00+00:00 [queued]>
[2021-08-09 17:40:24,078] {taskinstance.py:876} INFO - Dependencies all met for <TaskInstance: parallel_dag.task_4 2021-08-08T00:00:00+00:00 [queued]>
[2021-08-09 17:40:24,080] {taskinstance.py:1067} INFO - 
--------------------------------------------------------------------------------
[2021-08-09 17:40:24,081] {taskinstance.py:1068} INFO - Starting attempt 1 of 1
[2021-08-09 17:40:24,081] {taskinstance.py:1069} INFO - 
--------------------------------------------------------------------------------
[2021-08-09 17:40:24,105] {taskinstance.py:1087} INFO - Executing <Task(BashOperator): task_4> on 2021-08-08T00:00:00+00:00
[2021-08-09 17:40:24,121] {standard_task_runner.py:52} INFO - Started process 141259 to run task
[2021-08-09 17:40:24,131] {standard_task_runner.py:76} INFO - Running: ['airflow', 'tasks', 'run', 'parallel_dag', 'task_4', '2021-08-08T00:00:00+00:00', '--job-id', '27', '--pool', 'default_pool', '--raw', '--subdir', 'DAGS_FOLDER/parallel_dag.py', '--cfg-path', '/tmp/tmpjmwt6at3', '--error-file', '/tmp/tmpf6p2nicg']
[2021-08-09 17:40:24,134] {standard_task_runner.py:77} INFO - Job 27: Subtask task_4
[2021-08-09 17:40:24,258] {logging_mixin.py:104} INFO - Running <TaskInstance: parallel_dag.task_4 2021-08-08T00:00:00+00:00 [running]> on host airflowvm
[2021-08-09 17:40:24,401] {taskinstance.py:1280} INFO - Exporting the following env vars:
AIRFLOW_CTX_DAG_OWNER=airflow
AIRFLOW_CTX_DAG_ID=parallel_dag
AIRFLOW_CTX_TASK_ID=task_4
AIRFLOW_CTX_EXECUTION_DATE=2021-08-08T00:00:00+00:00
AIRFLOW_CTX_DAG_RUN_ID=scheduled__2021-08-08T00:00:00+00:00
[2021-08-09 17:40:24,407] {subprocess.py:52} INFO - Tmp dir root location: 
 /tmp
[2021-08-09 17:40:24,407] {subprocess.py:63} INFO - Running command: ['bash', '-c', 'sleep 3']
[2021-08-09 17:40:24,421] {subprocess.py:75} INFO - Output:
[2021-08-09 17:40:27,424] {subprocess.py:83} INFO - Command exited with return code 0
[2021-08-09 17:40:27,442] {taskinstance.py:1184} INFO - Marking task as SUCCESS. dag_id=parallel_dag, task_id=task_4, execution_date=20210808T000000, start_date=20210809T174024, end_date=20210809T174027
[2021-08-09 17:40:27,463] {taskinstance.py:1245} INFO - 0 downstream tasks scheduled from follow-on schedule check
[2021-08-09 17:40:27,488] {local_task_job.py:151} INFO - Task exited with return code 0
[2021-08-09 18:16:18,395] {taskinstance.py:876} INFO - Dependencies all met for <TaskInstance: parallel_dag.task_4 2021-08-08T00:00:00+00:00 [queued]>
[2021-08-09 18:16:18,419] {taskinstance.py:876} INFO - Dependencies all met for <TaskInstance: parallel_dag.task_4 2021-08-08T00:00:00+00:00 [queued]>
[2021-08-09 18:16:18,419] {taskinstance.py:1067} INFO - 
--------------------------------------------------------------------------------
[2021-08-09 18:16:18,419] {taskinstance.py:1068} INFO - Starting attempt 1 of 1
[2021-08-09 18:16:18,420] {taskinstance.py:1069} INFO - 
--------------------------------------------------------------------------------
[2021-08-09 18:16:18,432] {taskinstance.py:1087} INFO - Executing <Task(BashOperator): task_4> on 2021-08-08T00:00:00+00:00
[2021-08-09 18:16:18,438] {standard_task_runner.py:52} INFO - Started process 153745 to run task
[2021-08-09 18:16:18,446] {standard_task_runner.py:76} INFO - Running: ['airflow', 'tasks', 'run', 'parallel_dag', 'task_4', '2021-08-08T00:00:00+00:00', '--job-id', '5', '--pool', 'default_pool', '--raw', '--subdir', 'DAGS_FOLDER/parallel_dag.py', '--cfg-path', '/tmp/tmpqfiyn7qe', '--error-file', '/tmp/tmpg297fo1q']
[2021-08-09 18:16:18,453] {standard_task_runner.py:77} INFO - Job 5: Subtask task_4
[2021-08-09 18:16:18,632] {logging_mixin.py:104} INFO - Running <TaskInstance: parallel_dag.task_4 2021-08-08T00:00:00+00:00 [running]> on host airflowvm
[2021-08-09 18:16:18,771] {taskinstance.py:1280} INFO - Exporting the following env vars:
AIRFLOW_CTX_DAG_OWNER=airflow
AIRFLOW_CTX_DAG_ID=parallel_dag
AIRFLOW_CTX_TASK_ID=task_4
AIRFLOW_CTX_EXECUTION_DATE=2021-08-08T00:00:00+00:00
AIRFLOW_CTX_DAG_RUN_ID=scheduled__2021-08-08T00:00:00+00:00
[2021-08-09 18:16:18,772] {subprocess.py:52} INFO - Tmp dir root location: 
 /tmp
[2021-08-09 18:16:18,773] {subprocess.py:63} INFO - Running command: ['bash', '-c', 'sleep 3']
[2021-08-09 18:16:18,779] {subprocess.py:75} INFO - Output:
[2021-08-09 18:16:21,781] {subprocess.py:83} INFO - Command exited with return code 0
[2021-08-09 18:16:21,814] {taskinstance.py:1184} INFO - Marking task as SUCCESS. dag_id=parallel_dag, task_id=task_4, execution_date=20210808T000000, start_date=20210809T181618, end_date=20210809T181621
[2021-08-09 18:16:21,843] {taskinstance.py:1245} INFO - 0 downstream tasks scheduled from follow-on schedule check
[2021-08-09 18:16:21,859] {local_task_job.py:151} INFO - Task exited with return code 0
