[2021-08-10 22:10:29,706] {taskinstance.py:876} INFO - Dependencies all met for <TaskInstance: trigger_rule.task_2 2021-08-09T00:00:00+00:00 [queued]>
[2021-08-10 22:10:29,796] {taskinstance.py:876} INFO - Dependencies all met for <TaskInstance: trigger_rule.task_2 2021-08-09T00:00:00+00:00 [queued]>
[2021-08-10 22:10:29,797] {taskinstance.py:1067} INFO - 
--------------------------------------------------------------------------------
[2021-08-10 22:10:29,798] {taskinstance.py:1068} INFO - Starting attempt 1 of 1
[2021-08-10 22:10:29,805] {taskinstance.py:1069} INFO - 
--------------------------------------------------------------------------------
[2021-08-10 22:10:29,861] {taskinstance.py:1087} INFO - Executing <Task(BashOperator): task_2> on 2021-08-09T00:00:00+00:00
[2021-08-10 22:10:29,890] {standard_task_runner.py:52} INFO - Started process 333881 to run task
[2021-08-10 22:10:29,915] {standard_task_runner.py:76} INFO - Running: ['airflow', 'tasks', 'run', 'trigger_rule', 'task_2', '2021-08-09T00:00:00+00:00', '--job-id', '77', '--pool', 'default_pool', '--raw', '--subdir', 'DAGS_FOLDER/trigger_rule.py', '--cfg-path', '/tmp/tmpo4ywugoe', '--error-file', '/tmp/tmpzturr1q0']
[2021-08-10 22:10:29,923] {standard_task_runner.py:77} INFO - Job 77: Subtask task_2
[2021-08-10 22:10:30,315] {logging_mixin.py:104} INFO - Running <TaskInstance: trigger_rule.task_2 2021-08-09T00:00:00+00:00 [running]> on host airflowvm
[2021-08-10 22:10:30,687] {taskinstance.py:1280} INFO - Exporting the following env vars:
AIRFLOW_CTX_DAG_OWNER=airflow
AIRFLOW_CTX_DAG_ID=trigger_rule
AIRFLOW_CTX_TASK_ID=task_2
AIRFLOW_CTX_EXECUTION_DATE=2021-08-09T00:00:00+00:00
AIRFLOW_CTX_DAG_RUN_ID=scheduled__2021-08-09T00:00:00+00:00
[2021-08-10 22:10:30,688] {subprocess.py:52} INFO - Tmp dir root location: 
 /tmp
[2021-08-10 22:10:30,688] {subprocess.py:63} INFO - Running command: ['bash', '-c', 'exit 0']
[2021-08-10 22:10:30,728] {subprocess.py:75} INFO - Output:
[2021-08-10 22:10:30,738] {subprocess.py:83} INFO - Command exited with return code 0
[2021-08-10 22:10:30,803] {taskinstance.py:1184} INFO - Marking task as SUCCESS. dag_id=trigger_rule, task_id=task_2, execution_date=20210809T000000, start_date=20210810T221029, end_date=20210810T221030
[2021-08-10 22:10:31,014] {taskinstance.py:1245} INFO - 1 downstream tasks scheduled from follow-on schedule check
[2021-08-10 22:10:31,045] {local_task_job.py:151} INFO - Task exited with return code 0
