[2021-08-10 22:10:29,707] {taskinstance.py:876} INFO - Dependencies all met for <TaskInstance: trigger_rule.task_1 2021-08-10T22:10:21.757888+00:00 [queued]>
[2021-08-10 22:10:29,797] {taskinstance.py:876} INFO - Dependencies all met for <TaskInstance: trigger_rule.task_1 2021-08-10T22:10:21.757888+00:00 [queued]>
[2021-08-10 22:10:29,803] {taskinstance.py:1067} INFO - 
--------------------------------------------------------------------------------
[2021-08-10 22:10:29,803] {taskinstance.py:1068} INFO - Starting attempt 1 of 1
[2021-08-10 22:10:29,803] {taskinstance.py:1069} INFO - 
--------------------------------------------------------------------------------
[2021-08-10 22:10:29,867] {taskinstance.py:1087} INFO - Executing <Task(BashOperator): task_1> on 2021-08-10T22:10:21.757888+00:00
[2021-08-10 22:10:29,892] {standard_task_runner.py:52} INFO - Started process 333882 to run task
[2021-08-10 22:10:29,907] {standard_task_runner.py:76} INFO - Running: ['airflow', 'tasks', 'run', 'trigger_rule', 'task_1', '2021-08-10T22:10:21.757888+00:00', '--job-id', '78', '--pool', 'default_pool', '--raw', '--subdir', 'DAGS_FOLDER/trigger_rule.py', '--cfg-path', '/tmp/tmpgol8a6fa', '--error-file', '/tmp/tmpgl3d0k_v']
[2021-08-10 22:10:29,924] {standard_task_runner.py:77} INFO - Job 78: Subtask task_1
[2021-08-10 22:10:30,316] {logging_mixin.py:104} INFO - Running <TaskInstance: trigger_rule.task_1 2021-08-10T22:10:21.757888+00:00 [running]> on host airflowvm
[2021-08-10 22:10:30,675] {taskinstance.py:1280} INFO - Exporting the following env vars:
AIRFLOW_CTX_DAG_OWNER=airflow
AIRFLOW_CTX_DAG_ID=trigger_rule
AIRFLOW_CTX_TASK_ID=task_1
AIRFLOW_CTX_EXECUTION_DATE=2021-08-10T22:10:21.757888+00:00
AIRFLOW_CTX_DAG_RUN_ID=manual__2021-08-10T22:10:21.757888+00:00
[2021-08-10 22:10:30,678] {subprocess.py:52} INFO - Tmp dir root location: 
 /tmp
[2021-08-10 22:10:30,682] {subprocess.py:63} INFO - Running command: ['bash', '-c', 'exit 0']
[2021-08-10 22:10:30,730] {subprocess.py:75} INFO - Output:
[2021-08-10 22:10:30,750] {subprocess.py:83} INFO - Command exited with return code 0
[2021-08-10 22:10:30,813] {taskinstance.py:1184} INFO - Marking task as SUCCESS. dag_id=trigger_rule, task_id=task_1, execution_date=20210810T221021, start_date=20210810T221029, end_date=20210810T221030
[2021-08-10 22:10:31,012] {taskinstance.py:1245} INFO - 0 downstream tasks scheduled from follow-on schedule check
[2021-08-10 22:10:31,042] {local_task_job.py:151} INFO - Task exited with return code 0
