[2021-08-10 20:12:05,736] {taskinstance.py:876} INFO - Dependencies all met for <TaskInstance: xcom_dag.processing_tasks.training_model_a 2021-08-10T20:12:00.546068+00:00 [queued]>
[2021-08-10 20:12:05,789] {taskinstance.py:876} INFO - Dependencies all met for <TaskInstance: xcom_dag.processing_tasks.training_model_a 2021-08-10T20:12:00.546068+00:00 [queued]>
[2021-08-10 20:12:05,789] {taskinstance.py:1067} INFO - 
--------------------------------------------------------------------------------
[2021-08-10 20:12:05,789] {taskinstance.py:1068} INFO - Starting attempt 1 of 1
[2021-08-10 20:12:05,789] {taskinstance.py:1069} INFO - 
--------------------------------------------------------------------------------
[2021-08-10 20:12:05,826] {taskinstance.py:1087} INFO - Executing <Task(PythonOperator): processing_tasks.training_model_a> on 2021-08-10T20:12:00.546068+00:00
[2021-08-10 20:12:05,836] {standard_task_runner.py:52} INFO - Started process 295373 to run task
[2021-08-10 20:12:05,859] {standard_task_runner.py:76} INFO - Running: ['airflow', 'tasks', 'run', 'xcom_dag', 'processing_tasks.training_model_a', '2021-08-10T20:12:00.546068+00:00', '--job-id', '47', '--pool', 'default_pool', '--raw', '--subdir', 'DAGS_FOLDER/xcom_dag.py', '--cfg-path', '/tmp/tmpfn6by_uo', '--error-file', '/tmp/tmpqyh6jhds']
[2021-08-10 20:12:05,868] {standard_task_runner.py:77} INFO - Job 47: Subtask processing_tasks.training_model_a
[2021-08-10 20:12:06,099] {logging_mixin.py:104} INFO - Running <TaskInstance: xcom_dag.processing_tasks.training_model_a 2021-08-10T20:12:00.546068+00:00 [running]> on host airflowvm
[2021-08-10 20:12:06,401] {taskinstance.py:1280} INFO - Exporting the following env vars:
AIRFLOW_CTX_DAG_OWNER=airflow
AIRFLOW_CTX_DAG_ID=xcom_dag
AIRFLOW_CTX_TASK_ID=processing_tasks.training_model_a
AIRFLOW_CTX_EXECUTION_DATE=2021-08-10T20:12:00.546068+00:00
AIRFLOW_CTX_DAG_RUN_ID=manual__2021-08-10T20:12:00.546068+00:00
[2021-08-10 20:12:06,405] {logging_mixin.py:104} INFO - model's accuracy: 3.777360639141315
[2021-08-10 20:12:06,487] {python.py:151} INFO - Done. Returned value was: None
[2021-08-10 20:12:06,536] {taskinstance.py:1184} INFO - Marking task as SUCCESS. dag_id=xcom_dag, task_id=processing_tasks.training_model_a, execution_date=20210810T201200, start_date=20210810T201205, end_date=20210810T201206
[2021-08-10 20:12:06,669] {taskinstance.py:1245} INFO - 0 downstream tasks scheduled from follow-on schedule check
[2021-08-10 20:12:06,715] {local_task_job.py:151} INFO - Task exited with return code 0
