[2021-08-10 21:08:50,848] {taskinstance.py:876} INFO - Dependencies all met for <TaskInstance: xcom_dag.processing_tasks.training_model_c 2021-08-10T21:08:43.266384+00:00 [queued]>
[2021-08-10 21:08:50,904] {taskinstance.py:876} INFO - Dependencies all met for <TaskInstance: xcom_dag.processing_tasks.training_model_c 2021-08-10T21:08:43.266384+00:00 [queued]>
[2021-08-10 21:08:50,904] {taskinstance.py:1067} INFO - 
--------------------------------------------------------------------------------
[2021-08-10 21:08:50,904] {taskinstance.py:1068} INFO - Starting attempt 1 of 1
[2021-08-10 21:08:50,904] {taskinstance.py:1069} INFO - 
--------------------------------------------------------------------------------
[2021-08-10 21:08:50,938] {taskinstance.py:1087} INFO - Executing <Task(PythonOperator): processing_tasks.training_model_c> on 2021-08-10T21:08:43.266384+00:00
[2021-08-10 21:08:50,956] {standard_task_runner.py:52} INFO - Started process 307365 to run task
[2021-08-10 21:08:50,982] {standard_task_runner.py:76} INFO - Running: ['airflow', 'tasks', 'run', 'xcom_dag', 'processing_tasks.training_model_c', '2021-08-10T21:08:43.266384+00:00', '--job-id', '62', '--pool', 'default_pool', '--raw', '--subdir', 'DAGS_FOLDER/xcom_dag.py', '--cfg-path', '/tmp/tmpdtljt6pp', '--error-file', '/tmp/tmpos5ndbk4']
[2021-08-10 21:08:51,017] {standard_task_runner.py:77} INFO - Job 62: Subtask processing_tasks.training_model_c
[2021-08-10 21:08:51,326] {logging_mixin.py:104} INFO - Running <TaskInstance: xcom_dag.processing_tasks.training_model_c 2021-08-10T21:08:43.266384+00:00 [running]> on host airflowvm
[2021-08-10 21:08:51,583] {taskinstance.py:1280} INFO - Exporting the following env vars:
AIRFLOW_CTX_DAG_OWNER=airflow
AIRFLOW_CTX_DAG_ID=xcom_dag
AIRFLOW_CTX_TASK_ID=processing_tasks.training_model_c
AIRFLOW_CTX_EXECUTION_DATE=2021-08-10T21:08:43.266384+00:00
AIRFLOW_CTX_DAG_RUN_ID=manual__2021-08-10T21:08:43.266384+00:00
[2021-08-10 21:08:51,584] {logging_mixin.py:104} INFO - model's accuracy: 4.926436363466727
[2021-08-10 21:08:51,648] {python.py:151} INFO - Done. Returned value was: None
[2021-08-10 21:08:51,701] {taskinstance.py:1184} INFO - Marking task as SUCCESS. dag_id=xcom_dag, task_id=processing_tasks.training_model_c, execution_date=20210810T210843, start_date=20210810T210850, end_date=20210810T210851
[2021-08-10 21:08:51,840] {taskinstance.py:1245} INFO - 0 downstream tasks scheduled from follow-on schedule check
[2021-08-10 21:08:51,874] {local_task_job.py:151} INFO - Task exited with return code 0
