[2021-08-08 21:03:23,156] {taskinstance.py:876} INFO - Dependencies all met for <TaskInstance: user_processing.storing_user 2021-08-07T00:00:00+00:00 [queued]>
[2021-08-08 21:03:23,160] {taskinstance.py:876} INFO - Dependencies all met for <TaskInstance: user_processing.storing_user 2021-08-07T00:00:00+00:00 [queued]>
[2021-08-08 21:03:23,165] {taskinstance.py:1067} INFO - 
--------------------------------------------------------------------------------
[2021-08-08 21:03:23,165] {taskinstance.py:1068} INFO - Starting attempt 1 of 1
[2021-08-08 21:03:23,165] {taskinstance.py:1069} INFO - 
--------------------------------------------------------------------------------
[2021-08-08 21:03:23,181] {taskinstance.py:1087} INFO - Executing <Task(BashOperator): storing_user> on 2021-08-07T00:00:00+00:00
[2021-08-08 21:03:23,183] {standard_task_runner.py:52} INFO - Started process 131376 to run task
[2021-08-08 21:03:23,196] {standard_task_runner.py:76} INFO - Running: ['airflow', 'tasks', 'run', 'user_processing', 'storing_user', '2021-08-07T00:00:00+00:00', '--job-id', '22', '--pool', 'default_pool', '--raw', '--subdir', 'DAGS_FOLDER/user_processing.py', '--cfg-path', '/tmp/tmpnjc0cx02', '--error-file', '/tmp/tmpb9oazums']
[2021-08-08 21:03:23,197] {standard_task_runner.py:77} INFO - Job 22: Subtask storing_user
[2021-08-08 21:03:23,316] {logging_mixin.py:104} INFO - Running <TaskInstance: user_processing.storing_user 2021-08-07T00:00:00+00:00 [running]> on host airflowvm
[2021-08-08 21:03:23,415] {taskinstance.py:1280} INFO - Exporting the following env vars:
AIRFLOW_CTX_DAG_OWNER=airflow
AIRFLOW_CTX_DAG_ID=user_processing
AIRFLOW_CTX_TASK_ID=storing_user
AIRFLOW_CTX_EXECUTION_DATE=2021-08-07T00:00:00+00:00
AIRFLOW_CTX_DAG_RUN_ID=scheduled__2021-08-07T00:00:00+00:00
[2021-08-08 21:03:23,415] {subprocess.py:52} INFO - Tmp dir root location: 
 /tmp
[2021-08-08 21:03:23,415] {subprocess.py:63} INFO - Running command: ['bash', '-c', 'echo -e ".separator ","\n.import /tmp/processed_user.csv users" | sqlite3 /home/airflow/airflow/airflow.db']
[2021-08-08 21:03:23,424] {subprocess.py:75} INFO - Output:
[2021-08-08 21:03:23,449] {subprocess.py:83} INFO - Command exited with return code 0
[2021-08-08 21:03:23,468] {taskinstance.py:1184} INFO - Marking task as SUCCESS. dag_id=user_processing, task_id=storing_user, execution_date=20210807T000000, start_date=20210808T210323, end_date=20210808T210323
[2021-08-08 21:03:23,491] {taskinstance.py:1245} INFO - 0 downstream tasks scheduled from follow-on schedule check
[2021-08-08 21:03:23,512] {local_task_job.py:151} INFO - Task exited with return code 0
