[2021-08-10 22:24:10,550] {taskinstance.py:876} INFO - Dependencies all met for <TaskInstance: xcom_dag.task_4 2021-08-10T22:24:02.391204+00:00 [queued]>
[2021-08-10 22:24:10,565] {taskinstance.py:876} INFO - Dependencies all met for <TaskInstance: xcom_dag.task_4 2021-08-10T22:24:02.391204+00:00 [queued]>
[2021-08-10 22:24:10,566] {taskinstance.py:1067} INFO - 
--------------------------------------------------------------------------------
[2021-08-10 22:24:10,566] {taskinstance.py:1068} INFO - Starting attempt 1 of 1
[2021-08-10 22:24:10,567] {taskinstance.py:1069} INFO - 
--------------------------------------------------------------------------------
[2021-08-10 22:24:10,574] {taskinstance.py:1087} INFO - Executing <Task(BranchPythonOperator): task_4> on 2021-08-10T22:24:02.391204+00:00
[2021-08-10 22:24:10,577] {standard_task_runner.py:52} INFO - Started process 342647 to run task
[2021-08-10 22:24:10,583] {standard_task_runner.py:76} INFO - Running: ['airflow', 'tasks', 'run', 'xcom_dag', 'task_4', '2021-08-10T22:24:02.391204+00:00', '--job-id', '95', '--pool', 'default_pool', '--raw', '--subdir', 'DAGS_FOLDER/xcom_dag.py', '--cfg-path', '/tmp/tmpy8ay1_xb', '--error-file', '/tmp/tmploliyfz2']
[2021-08-10 22:24:10,583] {standard_task_runner.py:77} INFO - Job 95: Subtask task_4
[2021-08-10 22:24:10,687] {logging_mixin.py:104} INFO - Running <TaskInstance: xcom_dag.task_4 2021-08-10T22:24:02.391204+00:00 [running]> on host airflowvm
[2021-08-10 22:24:10,803] {taskinstance.py:1280} INFO - Exporting the following env vars:
AIRFLOW_CTX_DAG_OWNER=airflow
AIRFLOW_CTX_DAG_ID=xcom_dag
AIRFLOW_CTX_TASK_ID=task_4
AIRFLOW_CTX_EXECUTION_DATE=2021-08-10T22:24:02.391204+00:00
AIRFLOW_CTX_DAG_RUN_ID=manual__2021-08-10T22:24:02.391204+00:00
[2021-08-10 22:24:10,804] {logging_mixin.py:104} INFO - choose best model
[2021-08-10 22:24:10,814] {python.py:151} INFO - Done. Returned value was: inaccurate
[2021-08-10 22:24:10,814] {skipmixin.py:124} INFO - Following branch inaccurate
[2021-08-10 22:24:10,823] {skipmixin.py:155} INFO - Skipping tasks ['accurate']
[2021-08-10 22:24:10,868] {taskinstance.py:1184} INFO - Marking task as SUCCESS. dag_id=xcom_dag, task_id=task_4, execution_date=20210810T222402, start_date=20210810T222410, end_date=20210810T222410
[2021-08-10 22:24:10,891] {taskinstance.py:1245} INFO - 1 downstream tasks scheduled from follow-on schedule check
[2021-08-10 22:24:10,898] {local_task_job.py:151} INFO - Task exited with return code 0
