[2021-08-10 20:15:45,226] {taskinstance.py:876} INFO - Dependencies all met for <TaskInstance: xcom_dag.task_4 2021-08-10T20:15:36.364934+00:00 [queued]>
[2021-08-10 20:15:45,256] {taskinstance.py:876} INFO - Dependencies all met for <TaskInstance: xcom_dag.task_4 2021-08-10T20:15:36.364934+00:00 [queued]>
[2021-08-10 20:15:45,256] {taskinstance.py:1067} INFO - 
--------------------------------------------------------------------------------
[2021-08-10 20:15:45,256] {taskinstance.py:1068} INFO - Starting attempt 1 of 1
[2021-08-10 20:15:45,256] {taskinstance.py:1069} INFO - 
--------------------------------------------------------------------------------
[2021-08-10 20:15:45,270] {taskinstance.py:1087} INFO - Executing <Task(PythonOperator): task_4> on 2021-08-10T20:15:36.364934+00:00
[2021-08-10 20:15:45,273] {standard_task_runner.py:52} INFO - Started process 297015 to run task
[2021-08-10 20:15:45,288] {standard_task_runner.py:76} INFO - Running: ['airflow', 'tasks', 'run', 'xcom_dag', 'task_4', '2021-08-10T20:15:36.364934+00:00', '--job-id', '59', '--pool', 'default_pool', '--raw', '--subdir', 'DAGS_FOLDER/xcom_dag.py', '--cfg-path', '/tmp/tmplm3zfa_r', '--error-file', '/tmp/tmprairomw4']
[2021-08-10 20:15:45,294] {standard_task_runner.py:77} INFO - Job 59: Subtask task_4
[2021-08-10 20:15:45,538] {logging_mixin.py:104} INFO - Running <TaskInstance: xcom_dag.task_4 2021-08-10T20:15:36.364934+00:00 [running]> on host airflowvm
[2021-08-10 20:15:45,727] {taskinstance.py:1280} INFO - Exporting the following env vars:
AIRFLOW_CTX_DAG_OWNER=airflow
AIRFLOW_CTX_DAG_ID=xcom_dag
AIRFLOW_CTX_TASK_ID=task_4
AIRFLOW_CTX_EXECUTION_DATE=2021-08-10T20:15:36.364934+00:00
AIRFLOW_CTX_DAG_RUN_ID=manual__2021-08-10T20:15:36.364934+00:00
[2021-08-10 20:15:45,730] {logging_mixin.py:104} INFO - choose best model
[2021-08-10 20:15:45,778] {logging_mixin.py:104} INFO - [2.5130710387628814, 3.675545447540632, 4.473228579300943]
[2021-08-10 20:15:45,786] {python.py:151} INFO - Done. Returned value was: None
[2021-08-10 20:15:45,827] {taskinstance.py:1184} INFO - Marking task as SUCCESS. dag_id=xcom_dag, task_id=task_4, execution_date=20210810T201536, start_date=20210810T201545, end_date=20210810T201545
[2021-08-10 20:15:45,930] {taskinstance.py:1245} INFO - 0 downstream tasks scheduled from follow-on schedule check
[2021-08-10 20:15:45,968] {local_task_job.py:151} INFO - Task exited with return code 0
