[2021-08-10 22:23:41,656] {taskinstance.py:876} INFO - Dependencies all met for <TaskInstance: xcom_dag.processing_tasks.training_model_a 2021-08-10T22:23:35.600133+00:00 [queued]>
[2021-08-10 22:23:41,707] {taskinstance.py:876} INFO - Dependencies all met for <TaskInstance: xcom_dag.processing_tasks.training_model_a 2021-08-10T22:23:35.600133+00:00 [queued]>
[2021-08-10 22:23:41,708] {taskinstance.py:1067} INFO - 
--------------------------------------------------------------------------------
[2021-08-10 22:23:41,708] {taskinstance.py:1068} INFO - Starting attempt 1 of 1
[2021-08-10 22:23:41,723] {taskinstance.py:1069} INFO - 
--------------------------------------------------------------------------------
[2021-08-10 22:23:41,762] {taskinstance.py:1087} INFO - Executing <Task(PythonOperator): processing_tasks.training_model_a> on 2021-08-10T22:23:35.600133+00:00
[2021-08-10 22:23:41,766] {standard_task_runner.py:52} INFO - Started process 341800 to run task
[2021-08-10 22:23:41,783] {standard_task_runner.py:76} INFO - Running: ['airflow', 'tasks', 'run', 'xcom_dag', 'processing_tasks.training_model_a', '2021-08-10T22:23:35.600133+00:00', '--job-id', '87', '--pool', 'default_pool', '--raw', '--subdir', 'DAGS_FOLDER/xcom_dag.py', '--cfg-path', '/tmp/tmpjbbeb70h', '--error-file', '/tmp/tmpbzgnisv8']
[2021-08-10 22:23:41,813] {standard_task_runner.py:77} INFO - Job 87: Subtask processing_tasks.training_model_a
[2021-08-10 22:23:42,039] {logging_mixin.py:104} INFO - Running <TaskInstance: xcom_dag.processing_tasks.training_model_a 2021-08-10T22:23:35.600133+00:00 [running]> on host airflowvm
[2021-08-10 22:23:42,289] {taskinstance.py:1280} INFO - Exporting the following env vars:
AIRFLOW_CTX_DAG_OWNER=airflow
AIRFLOW_CTX_DAG_ID=xcom_dag
AIRFLOW_CTX_TASK_ID=processing_tasks.training_model_a
AIRFLOW_CTX_EXECUTION_DATE=2021-08-10T22:23:35.600133+00:00
AIRFLOW_CTX_DAG_RUN_ID=manual__2021-08-10T22:23:35.600133+00:00
[2021-08-10 22:23:42,297] {logging_mixin.py:104} INFO - model's accuracy: 7.115497791976507
[2021-08-10 22:23:42,377] {python.py:151} INFO - Done. Returned value was: None
[2021-08-10 22:23:42,416] {taskinstance.py:1184} INFO - Marking task as SUCCESS. dag_id=xcom_dag, task_id=processing_tasks.training_model_a, execution_date=20210810T222335, start_date=20210810T222341, end_date=20210810T222342
[2021-08-10 22:23:42,533] {taskinstance.py:1245} INFO - 0 downstream tasks scheduled from follow-on schedule check
[2021-08-10 22:23:42,554] {local_task_job.py:151} INFO - Task exited with return code 0
