[2021-08-10 20:12:01,292] {taskinstance.py:876} INFO - Dependencies all met for <TaskInstance: xcom_dag.downloading_data 2021-08-10T20:12:00.546068+00:00 [queued]>
[2021-08-10 20:12:01,325] {taskinstance.py:876} INFO - Dependencies all met for <TaskInstance: xcom_dag.downloading_data 2021-08-10T20:12:00.546068+00:00 [queued]>
[2021-08-10 20:12:01,326] {taskinstance.py:1067} INFO - 
--------------------------------------------------------------------------------
[2021-08-10 20:12:01,326] {taskinstance.py:1068} INFO - Starting attempt 1 of 1
[2021-08-10 20:12:01,331] {taskinstance.py:1069} INFO - 
--------------------------------------------------------------------------------
[2021-08-10 20:12:01,340] {taskinstance.py:1087} INFO - Executing <Task(BashOperator): downloading_data> on 2021-08-10T20:12:00.546068+00:00
[2021-08-10 20:12:01,342] {standard_task_runner.py:52} INFO - Started process 295157 to run task
[2021-08-10 20:12:01,349] {standard_task_runner.py:76} INFO - Running: ['airflow', 'tasks', 'run', 'xcom_dag', 'downloading_data', '2021-08-10T20:12:00.546068+00:00', '--job-id', '45', '--pool', 'default_pool', '--raw', '--subdir', 'DAGS_FOLDER/xcom_dag.py', '--cfg-path', '/tmp/tmppjuxfybj', '--error-file', '/tmp/tmp22l2nfmi']
[2021-08-10 20:12:01,359] {standard_task_runner.py:77} INFO - Job 45: Subtask downloading_data
[2021-08-10 20:12:01,504] {logging_mixin.py:104} INFO - Running <TaskInstance: xcom_dag.downloading_data 2021-08-10T20:12:00.546068+00:00 [running]> on host airflowvm
[2021-08-10 20:12:01,752] {taskinstance.py:1280} INFO - Exporting the following env vars:
AIRFLOW_CTX_DAG_OWNER=airflow
AIRFLOW_CTX_DAG_ID=xcom_dag
AIRFLOW_CTX_TASK_ID=downloading_data
AIRFLOW_CTX_EXECUTION_DATE=2021-08-10T20:12:00.546068+00:00
AIRFLOW_CTX_DAG_RUN_ID=manual__2021-08-10T20:12:00.546068+00:00
[2021-08-10 20:12:01,753] {subprocess.py:52} INFO - Tmp dir root location: 
 /tmp
[2021-08-10 20:12:01,754] {subprocess.py:63} INFO - Running command: ['bash', '-c', 'sleep 3']
[2021-08-10 20:12:01,781] {subprocess.py:75} INFO - Output:
[2021-08-10 20:12:04,787] {subprocess.py:83} INFO - Command exited with return code 0
[2021-08-10 20:12:04,818] {taskinstance.py:1184} INFO - Marking task as SUCCESS. dag_id=xcom_dag, task_id=downloading_data, execution_date=20210810T201200, start_date=20210810T201201, end_date=20210810T201204
[2021-08-10 20:12:04,858] {taskinstance.py:1245} INFO - 3 downstream tasks scheduled from follow-on schedule check
[2021-08-10 20:12:04,895] {local_task_job.py:151} INFO - Task exited with return code 0
