[2021-08-10 22:23:37,022] {taskinstance.py:876} INFO - Dependencies all met for <TaskInstance: xcom_dag.downloading_data 2021-08-10T22:23:35.600133+00:00 [queued]>
[2021-08-10 22:23:37,038] {taskinstance.py:876} INFO - Dependencies all met for <TaskInstance: xcom_dag.downloading_data 2021-08-10T22:23:35.600133+00:00 [queued]>
[2021-08-10 22:23:37,038] {taskinstance.py:1067} INFO - 
--------------------------------------------------------------------------------
[2021-08-10 22:23:37,038] {taskinstance.py:1068} INFO - Starting attempt 1 of 1
[2021-08-10 22:23:37,039] {taskinstance.py:1069} INFO - 
--------------------------------------------------------------------------------
[2021-08-10 22:23:37,048] {taskinstance.py:1087} INFO - Executing <Task(BashOperator): downloading_data> on 2021-08-10T22:23:35.600133+00:00
[2021-08-10 22:23:37,052] {standard_task_runner.py:52} INFO - Started process 341605 to run task
[2021-08-10 22:23:37,061] {standard_task_runner.py:76} INFO - Running: ['airflow', 'tasks', 'run', 'xcom_dag', 'downloading_data', '2021-08-10T22:23:35.600133+00:00', '--job-id', '86', '--pool', 'default_pool', '--raw', '--subdir', 'DAGS_FOLDER/xcom_dag.py', '--cfg-path', '/tmp/tmp5xokzhu_', '--error-file', '/tmp/tmpuh1w1snr']
[2021-08-10 22:23:37,062] {standard_task_runner.py:77} INFO - Job 86: Subtask downloading_data
[2021-08-10 22:23:37,177] {logging_mixin.py:104} INFO - Running <TaskInstance: xcom_dag.downloading_data 2021-08-10T22:23:35.600133+00:00 [running]> on host airflowvm
[2021-08-10 22:23:37,300] {taskinstance.py:1280} INFO - Exporting the following env vars:
AIRFLOW_CTX_DAG_OWNER=airflow
AIRFLOW_CTX_DAG_ID=xcom_dag
AIRFLOW_CTX_TASK_ID=downloading_data
AIRFLOW_CTX_EXECUTION_DATE=2021-08-10T22:23:35.600133+00:00
AIRFLOW_CTX_DAG_RUN_ID=manual__2021-08-10T22:23:35.600133+00:00
[2021-08-10 22:23:37,301] {subprocess.py:52} INFO - Tmp dir root location: 
 /tmp
[2021-08-10 22:23:37,301] {subprocess.py:63} INFO - Running command: ['bash', '-c', 'sleep 3']
[2021-08-10 22:23:37,308] {subprocess.py:75} INFO - Output:
[2021-08-10 22:23:40,312] {subprocess.py:83} INFO - Command exited with return code 0
[2021-08-10 22:23:40,326] {taskinstance.py:1184} INFO - Marking task as SUCCESS. dag_id=xcom_dag, task_id=downloading_data, execution_date=20210810T222335, start_date=20210810T222337, end_date=20210810T222340
[2021-08-10 22:23:40,358] {taskinstance.py:1245} INFO - 3 downstream tasks scheduled from follow-on schedule check
[2021-08-10 22:23:40,373] {local_task_job.py:151} INFO - Task exited with return code 0
