[2021-08-10 20:15:39,859] {taskinstance.py:876} INFO - Dependencies all met for <TaskInstance: xcom_dag.processing_tasks.training_model_b 2021-08-10T20:15:32.111619+00:00 [queued]>
[2021-08-10 20:15:39,950] {taskinstance.py:876} INFO - Dependencies all met for <TaskInstance: xcom_dag.processing_tasks.training_model_b 2021-08-10T20:15:32.111619+00:00 [queued]>
[2021-08-10 20:15:39,950] {taskinstance.py:1067} INFO - 
--------------------------------------------------------------------------------
[2021-08-10 20:15:39,951] {taskinstance.py:1068} INFO - Starting attempt 1 of 1
[2021-08-10 20:15:39,953] {taskinstance.py:1069} INFO - 
--------------------------------------------------------------------------------
[2021-08-10 20:15:39,997] {taskinstance.py:1087} INFO - Executing <Task(PythonOperator): processing_tasks.training_model_b> on 2021-08-10T20:15:32.111619+00:00
[2021-08-10 20:15:40,003] {standard_task_runner.py:52} INFO - Started process 296689 to run task
[2021-08-10 20:15:40,043] {standard_task_runner.py:76} INFO - Running: ['airflow', 'tasks', 'run', 'xcom_dag', 'processing_tasks.training_model_b', '2021-08-10T20:15:32.111619+00:00', '--job-id', '52', '--pool', 'default_pool', '--raw', '--subdir', 'DAGS_FOLDER/xcom_dag.py', '--cfg-path', '/tmp/tmpe2ru03ml', '--error-file', '/tmp/tmpwltfbbxx']
[2021-08-10 20:15:40,044] {standard_task_runner.py:77} INFO - Job 52: Subtask processing_tasks.training_model_b
[2021-08-10 20:15:40,291] {logging_mixin.py:104} INFO - Running <TaskInstance: xcom_dag.processing_tasks.training_model_b 2021-08-10T20:15:32.111619+00:00 [running]> on host airflowvm
[2021-08-10 20:15:40,567] {taskinstance.py:1280} INFO - Exporting the following env vars:
AIRFLOW_CTX_DAG_OWNER=airflow
AIRFLOW_CTX_DAG_ID=xcom_dag
AIRFLOW_CTX_TASK_ID=processing_tasks.training_model_b
AIRFLOW_CTX_EXECUTION_DATE=2021-08-10T20:15:32.111619+00:00
AIRFLOW_CTX_DAG_RUN_ID=manual__2021-08-10T20:15:32.111619+00:00
[2021-08-10 20:15:40,577] {logging_mixin.py:104} INFO - model's accuracy: 5.125931561926347
[2021-08-10 20:15:40,683] {python.py:151} INFO - Done. Returned value was: None
[2021-08-10 20:15:40,722] {taskinstance.py:1184} INFO - Marking task as SUCCESS. dag_id=xcom_dag, task_id=processing_tasks.training_model_b, execution_date=20210810T201532, start_date=20210810T201539, end_date=20210810T201540
[2021-08-10 20:15:40,910] {taskinstance.py:1245} INFO - 1 downstream tasks scheduled from follow-on schedule check
[2021-08-10 20:15:40,961] {local_task_job.py:151} INFO - Task exited with return code 0
