[2021-08-10 21:08:50,838] {taskinstance.py:876} INFO - Dependencies all met for <TaskInstance: xcom_dag.processing_tasks.training_model_a 2021-08-10T21:08:43.266384+00:00 [queued]>
[2021-08-10 21:08:50,896] {taskinstance.py:876} INFO - Dependencies all met for <TaskInstance: xcom_dag.processing_tasks.training_model_a 2021-08-10T21:08:43.266384+00:00 [queued]>
[2021-08-10 21:08:50,896] {taskinstance.py:1067} INFO - 
--------------------------------------------------------------------------------
[2021-08-10 21:08:50,896] {taskinstance.py:1068} INFO - Starting attempt 1 of 1
[2021-08-10 21:08:50,896] {taskinstance.py:1069} INFO - 
--------------------------------------------------------------------------------
[2021-08-10 21:08:50,935] {taskinstance.py:1087} INFO - Executing <Task(PythonOperator): processing_tasks.training_model_a> on 2021-08-10T21:08:43.266384+00:00
[2021-08-10 21:08:50,945] {standard_task_runner.py:52} INFO - Started process 307364 to run task
[2021-08-10 21:08:50,952] {standard_task_runner.py:76} INFO - Running: ['airflow', 'tasks', 'run', 'xcom_dag', 'processing_tasks.training_model_a', '2021-08-10T21:08:43.266384+00:00', '--job-id', '61', '--pool', 'default_pool', '--raw', '--subdir', 'DAGS_FOLDER/xcom_dag.py', '--cfg-path', '/tmp/tmp3v3i3rfa', '--error-file', '/tmp/tmp2jw26zoy']
[2021-08-10 21:08:50,976] {standard_task_runner.py:77} INFO - Job 61: Subtask processing_tasks.training_model_a
[2021-08-10 21:08:51,325] {logging_mixin.py:104} INFO - Running <TaskInstance: xcom_dag.processing_tasks.training_model_a 2021-08-10T21:08:43.266384+00:00 [running]> on host airflowvm
[2021-08-10 21:08:51,580] {taskinstance.py:1280} INFO - Exporting the following env vars:
AIRFLOW_CTX_DAG_OWNER=airflow
AIRFLOW_CTX_DAG_ID=xcom_dag
AIRFLOW_CTX_TASK_ID=processing_tasks.training_model_a
AIRFLOW_CTX_EXECUTION_DATE=2021-08-10T21:08:43.266384+00:00
AIRFLOW_CTX_DAG_RUN_ID=manual__2021-08-10T21:08:43.266384+00:00
[2021-08-10 21:08:51,580] {logging_mixin.py:104} INFO - model's accuracy: 5.947743846303898
[2021-08-10 21:08:51,646] {python.py:151} INFO - Done. Returned value was: None
[2021-08-10 21:08:51,693] {taskinstance.py:1184} INFO - Marking task as SUCCESS. dag_id=xcom_dag, task_id=processing_tasks.training_model_a, execution_date=20210810T210843, start_date=20210810T210850, end_date=20210810T210851
[2021-08-10 21:08:51,832] {taskinstance.py:1245} INFO - 1 downstream tasks scheduled from follow-on schedule check
[2021-08-10 21:08:51,856] {local_task_job.py:151} INFO - Task exited with return code 0
