[2021-08-10 02:26:05,512] {taskinstance.py:876} INFO - Dependencies all met for <TaskInstance: parallel_dag.processing_tasks.task_3 2021-08-10T02:25:59.333769+00:00 [queued]>
[2021-08-10 02:26:05,555] {taskinstance.py:876} INFO - Dependencies all met for <TaskInstance: parallel_dag.processing_tasks.task_3 2021-08-10T02:25:59.333769+00:00 [queued]>
[2021-08-10 02:26:05,556] {taskinstance.py:1067} INFO - 
--------------------------------------------------------------------------------
[2021-08-10 02:26:05,556] {taskinstance.py:1068} INFO - Starting attempt 1 of 1
[2021-08-10 02:26:05,557] {taskinstance.py:1069} INFO - 
--------------------------------------------------------------------------------
[2021-08-10 02:26:05,588] {taskinstance.py:1087} INFO - Executing <Task(BashOperator): processing_tasks.task_3> on 2021-08-10T02:25:59.333769+00:00
[2021-08-10 02:26:05,596] {standard_task_runner.py:52} INFO - Started process 219591 to run task
[2021-08-10 02:26:05,612] {standard_task_runner.py:76} INFO - Running: ['airflow', 'tasks', 'run', 'parallel_dag', 'processing_tasks.task_3', '2021-08-10T02:25:59.333769+00:00', '--job-id', '25', '--pool', 'default_pool', '--raw', '--subdir', 'DAGS_FOLDER/parallel_dag.py', '--cfg-path', '/tmp/tmp6_rv8fq0', '--error-file', '/tmp/tmpq_kod6fn']
[2021-08-10 02:26:05,625] {standard_task_runner.py:77} INFO - Job 25: Subtask processing_tasks.task_3
[2021-08-10 02:26:05,810] {logging_mixin.py:104} INFO - Running <TaskInstance: parallel_dag.processing_tasks.task_3 2021-08-10T02:25:59.333769+00:00 [running]> on host airflowvm
[2021-08-10 02:26:06,033] {taskinstance.py:1280} INFO - Exporting the following env vars:
AIRFLOW_CTX_DAG_OWNER=airflow
AIRFLOW_CTX_DAG_ID=parallel_dag
AIRFLOW_CTX_TASK_ID=processing_tasks.task_3
AIRFLOW_CTX_EXECUTION_DATE=2021-08-10T02:25:59.333769+00:00
AIRFLOW_CTX_DAG_RUN_ID=manual__2021-08-10T02:25:59.333769+00:00
[2021-08-10 02:26:06,036] {subprocess.py:52} INFO - Tmp dir root location: 
 /tmp
[2021-08-10 02:26:06,038] {subprocess.py:63} INFO - Running command: ['bash', '-c', 'sleep 3']
[2021-08-10 02:26:06,074] {subprocess.py:75} INFO - Output:
[2021-08-10 02:26:09,085] {subprocess.py:83} INFO - Command exited with return code 0
[2021-08-10 02:26:09,140] {taskinstance.py:1184} INFO - Marking task as SUCCESS. dag_id=parallel_dag, task_id=processing_tasks.task_3, execution_date=20210810T022559, start_date=20210810T022605, end_date=20210810T022609
[2021-08-10 02:26:09,191] {taskinstance.py:1245} INFO - 1 downstream tasks scheduled from follow-on schedule check
[2021-08-10 02:26:09,206] {local_task_job.py:151} INFO - Task exited with return code 0
