[2021-08-10 02:12:57,811] {taskinstance.py:876} INFO - Dependencies all met for <TaskInstance: parallel_dag.task_4 2021-08-10T02:11:50.752524+00:00 [queued]>
[2021-08-10 02:12:57,829] {taskinstance.py:876} INFO - Dependencies all met for <TaskInstance: parallel_dag.task_4 2021-08-10T02:11:50.752524+00:00 [queued]>
[2021-08-10 02:12:57,829] {taskinstance.py:1067} INFO - 
--------------------------------------------------------------------------------
[2021-08-10 02:12:57,830] {taskinstance.py:1068} INFO - Starting attempt 1 of 1
[2021-08-10 02:12:57,830] {taskinstance.py:1069} INFO - 
--------------------------------------------------------------------------------
[2021-08-10 02:12:57,838] {taskinstance.py:1087} INFO - Executing <Task(BashOperator): task_4> on 2021-08-10T02:11:50.752524+00:00
[2021-08-10 02:12:57,841] {standard_task_runner.py:52} INFO - Started process 217501 to run task
[2021-08-10 02:12:57,848] {standard_task_runner.py:76} INFO - Running: ['airflow', 'tasks', 'run', 'parallel_dag', 'task_4', '2021-08-10T02:11:50.752524+00:00', '--job-id', '23', '--pool', 'default_pool', '--raw', '--subdir', 'DAGS_FOLDER/parallel_dag.py', '--cfg-path', '/tmp/tmp12k_e21p', '--error-file', '/tmp/tmp2i4fc4cd']
[2021-08-10 02:12:57,849] {standard_task_runner.py:77} INFO - Job 23: Subtask task_4
[2021-08-10 02:12:57,960] {logging_mixin.py:104} INFO - Running <TaskInstance: parallel_dag.task_4 2021-08-10T02:11:50.752524+00:00 [running]> on host airflowvm
[2021-08-10 02:12:58,082] {taskinstance.py:1280} INFO - Exporting the following env vars:
AIRFLOW_CTX_DAG_OWNER=airflow
AIRFLOW_CTX_DAG_ID=parallel_dag
AIRFLOW_CTX_TASK_ID=task_4
AIRFLOW_CTX_EXECUTION_DATE=2021-08-10T02:11:50.752524+00:00
AIRFLOW_CTX_DAG_RUN_ID=manual__2021-08-10T02:11:50.752524+00:00
[2021-08-10 02:12:58,083] {subprocess.py:52} INFO - Tmp dir root location: 
 /tmp
[2021-08-10 02:12:58,084] {subprocess.py:63} INFO - Running command: ['bash', '-c', 'sleep 3']
[2021-08-10 02:12:58,091] {subprocess.py:75} INFO - Output:
[2021-08-10 02:13:01,094] {subprocess.py:83} INFO - Command exited with return code 0
[2021-08-10 02:13:01,125] {taskinstance.py:1184} INFO - Marking task as SUCCESS. dag_id=parallel_dag, task_id=task_4, execution_date=20210810T021150, start_date=20210810T021257, end_date=20210810T021301
[2021-08-10 02:13:01,153] {taskinstance.py:1245} INFO - 0 downstream tasks scheduled from follow-on schedule check
[2021-08-10 02:13:01,166] {local_task_job.py:151} INFO - Task exited with return code 0
