[2021-08-10 02:26:00,366] {taskinstance.py:876} INFO - Dependencies all met for <TaskInstance: parallel_dag.task_1 2021-08-10T02:25:59.333769+00:00 [queued]>
[2021-08-10 02:26:00,394] {taskinstance.py:876} INFO - Dependencies all met for <TaskInstance: parallel_dag.task_1 2021-08-10T02:25:59.333769+00:00 [queued]>
[2021-08-10 02:26:00,395] {taskinstance.py:1067} INFO - 
--------------------------------------------------------------------------------
[2021-08-10 02:26:00,395] {taskinstance.py:1068} INFO - Starting attempt 1 of 1
[2021-08-10 02:26:00,396] {taskinstance.py:1069} INFO - 
--------------------------------------------------------------------------------
[2021-08-10 02:26:00,409] {taskinstance.py:1087} INFO - Executing <Task(BashOperator): task_1> on 2021-08-10T02:25:59.333769+00:00
[2021-08-10 02:26:00,412] {standard_task_runner.py:52} INFO - Started process 219389 to run task
[2021-08-10 02:26:00,442] {standard_task_runner.py:76} INFO - Running: ['airflow', 'tasks', 'run', 'parallel_dag', 'task_1', '2021-08-10T02:25:59.333769+00:00', '--job-id', '24', '--pool', 'default_pool', '--raw', '--subdir', 'DAGS_FOLDER/parallel_dag.py', '--cfg-path', '/tmp/tmpw37fhq6a', '--error-file', '/tmp/tmptta46r2w']
[2021-08-10 02:26:00,447] {standard_task_runner.py:77} INFO - Job 24: Subtask task_1
[2021-08-10 02:26:00,585] {logging_mixin.py:104} INFO - Running <TaskInstance: parallel_dag.task_1 2021-08-10T02:25:59.333769+00:00 [running]> on host airflowvm
[2021-08-10 02:26:00,810] {taskinstance.py:1280} INFO - Exporting the following env vars:
AIRFLOW_CTX_DAG_OWNER=airflow
AIRFLOW_CTX_DAG_ID=parallel_dag
AIRFLOW_CTX_TASK_ID=task_1
AIRFLOW_CTX_EXECUTION_DATE=2021-08-10T02:25:59.333769+00:00
AIRFLOW_CTX_DAG_RUN_ID=manual__2021-08-10T02:25:59.333769+00:00
[2021-08-10 02:26:00,811] {subprocess.py:52} INFO - Tmp dir root location: 
 /tmp
[2021-08-10 02:26:00,813] {subprocess.py:63} INFO - Running command: ['bash', '-c', 'sleep 3']
[2021-08-10 02:26:00,832] {subprocess.py:75} INFO - Output:
[2021-08-10 02:26:03,845] {subprocess.py:83} INFO - Command exited with return code 0
[2021-08-10 02:26:03,893] {taskinstance.py:1184} INFO - Marking task as SUCCESS. dag_id=parallel_dag, task_id=task_1, execution_date=20210810T022559, start_date=20210810T022600, end_date=20210810T022603
[2021-08-10 02:26:03,931] {taskinstance.py:1245} INFO - 2 downstream tasks scheduled from follow-on schedule check
[2021-08-10 02:26:03,974] {local_task_job.py:151} INFO - Task exited with return code 0
