[2021-08-10 18:56:38,768] {taskinstance.py:876} INFO - Dependencies all met for <TaskInstance: xcom_dag.processing_tasks.training_model_a 2021-08-09T00:00:00+00:00 [queued]>
[2021-08-10 18:56:38,799] {taskinstance.py:876} INFO - Dependencies all met for <TaskInstance: xcom_dag.processing_tasks.training_model_a 2021-08-09T00:00:00+00:00 [queued]>
[2021-08-10 18:56:38,803] {taskinstance.py:1067} INFO - 
--------------------------------------------------------------------------------
[2021-08-10 18:56:38,805] {taskinstance.py:1068} INFO - Starting attempt 1 of 1
[2021-08-10 18:56:38,805] {taskinstance.py:1069} INFO - 
--------------------------------------------------------------------------------
[2021-08-10 18:56:38,859] {taskinstance.py:1087} INFO - Executing <Task(PythonOperator): processing_tasks.training_model_a> on 2021-08-09T00:00:00+00:00
[2021-08-10 18:56:38,864] {standard_task_runner.py:52} INFO - Started process 278839 to run task
[2021-08-10 18:56:38,886] {standard_task_runner.py:76} INFO - Running: ['airflow', 'tasks', 'run', 'xcom_dag', 'processing_tasks.training_model_a', '2021-08-09T00:00:00+00:00', '--job-id', '36', '--pool', 'default_pool', '--raw', '--subdir', 'DAGS_FOLDER/xcom_dag.py', '--cfg-path', '/tmp/tmpqd8vcy05', '--error-file', '/tmp/tmpr3oi58ie']
[2021-08-10 18:56:38,902] {standard_task_runner.py:77} INFO - Job 36: Subtask processing_tasks.training_model_a
[2021-08-10 18:56:39,215] {logging_mixin.py:104} INFO - Running <TaskInstance: xcom_dag.processing_tasks.training_model_a 2021-08-09T00:00:00+00:00 [running]> on host airflowvm
[2021-08-10 18:56:39,468] {taskinstance.py:1280} INFO - Exporting the following env vars:
AIRFLOW_CTX_DAG_OWNER=airflow
AIRFLOW_CTX_DAG_ID=xcom_dag
AIRFLOW_CTX_TASK_ID=processing_tasks.training_model_a
AIRFLOW_CTX_EXECUTION_DATE=2021-08-09T00:00:00+00:00
AIRFLOW_CTX_DAG_RUN_ID=scheduled__2021-08-09T00:00:00+00:00
[2021-08-10 18:56:39,468] {logging_mixin.py:104} INFO - model's accuracy: 9.619911419676626
[2021-08-10 18:56:39,554] {python.py:151} INFO - Done. Returned value was: None
[2021-08-10 18:56:39,595] {taskinstance.py:1184} INFO - Marking task as SUCCESS. dag_id=xcom_dag, task_id=processing_tasks.training_model_a, execution_date=20210809T000000, start_date=20210810T185638, end_date=20210810T185639
[2021-08-10 18:56:39,718] {taskinstance.py:1245} INFO - 0 downstream tasks scheduled from follow-on schedule check
[2021-08-10 18:56:39,762] {local_task_job.py:151} INFO - Task exited with return code 0
