[2021-08-10 20:15:37,352] {taskinstance.py:876} INFO - Dependencies all met for <TaskInstance: xcom_dag.downloading_data 2021-08-10T20:15:36.364934+00:00 [queued]>
[2021-08-10 20:15:37,381] {taskinstance.py:876} INFO - Dependencies all met for <TaskInstance: xcom_dag.downloading_data 2021-08-10T20:15:36.364934+00:00 [queued]>
[2021-08-10 20:15:37,381] {taskinstance.py:1067} INFO - 
--------------------------------------------------------------------------------
[2021-08-10 20:15:37,382] {taskinstance.py:1068} INFO - Starting attempt 1 of 1
[2021-08-10 20:15:37,382] {taskinstance.py:1069} INFO - 
--------------------------------------------------------------------------------
[2021-08-10 20:15:37,412] {taskinstance.py:1087} INFO - Executing <Task(BashOperator): downloading_data> on 2021-08-10T20:15:36.364934+00:00
[2021-08-10 20:15:37,416] {standard_task_runner.py:52} INFO - Started process 296610 to run task
[2021-08-10 20:15:37,432] {standard_task_runner.py:76} INFO - Running: ['airflow', 'tasks', 'run', 'xcom_dag', 'downloading_data', '2021-08-10T20:15:36.364934+00:00', '--job-id', '51', '--pool', 'default_pool', '--raw', '--subdir', 'DAGS_FOLDER/xcom_dag.py', '--cfg-path', '/tmp/tmp1j6w4qia', '--error-file', '/tmp/tmp3cjffyvg']
[2021-08-10 20:15:37,438] {standard_task_runner.py:77} INFO - Job 51: Subtask downloading_data
[2021-08-10 20:15:37,594] {logging_mixin.py:104} INFO - Running <TaskInstance: xcom_dag.downloading_data 2021-08-10T20:15:36.364934+00:00 [running]> on host airflowvm
[2021-08-10 20:15:37,770] {taskinstance.py:1280} INFO - Exporting the following env vars:
AIRFLOW_CTX_DAG_OWNER=airflow
AIRFLOW_CTX_DAG_ID=xcom_dag
AIRFLOW_CTX_TASK_ID=downloading_data
AIRFLOW_CTX_EXECUTION_DATE=2021-08-10T20:15:36.364934+00:00
AIRFLOW_CTX_DAG_RUN_ID=manual__2021-08-10T20:15:36.364934+00:00
[2021-08-10 20:15:37,772] {subprocess.py:52} INFO - Tmp dir root location: 
 /tmp
[2021-08-10 20:15:37,774] {subprocess.py:63} INFO - Running command: ['bash', '-c', 'sleep 3']
[2021-08-10 20:15:37,797] {subprocess.py:75} INFO - Output:
[2021-08-10 20:15:40,803] {subprocess.py:83} INFO - Command exited with return code 0
[2021-08-10 20:15:40,872] {taskinstance.py:1184} INFO - Marking task as SUCCESS. dag_id=xcom_dag, task_id=downloading_data, execution_date=20210810T201536, start_date=20210810T201537, end_date=20210810T201540
[2021-08-10 20:15:41,068] {taskinstance.py:1245} INFO - 3 downstream tasks scheduled from follow-on schedule check
[2021-08-10 20:15:41,124] {local_task_job.py:151} INFO - Task exited with return code 0
