[2021-08-10 21:08:54,780] {taskinstance.py:876} INFO - Dependencies all met for <TaskInstance: xcom_dag.is_accurate 2021-08-10T21:08:43.266384+00:00 [queued]>
[2021-08-10 21:08:54,795] {taskinstance.py:876} INFO - Dependencies all met for <TaskInstance: xcom_dag.is_accurate 2021-08-10T21:08:43.266384+00:00 [queued]>
[2021-08-10 21:08:54,796] {taskinstance.py:1067} INFO - 
--------------------------------------------------------------------------------
[2021-08-10 21:08:54,796] {taskinstance.py:1068} INFO - Starting attempt 1 of 1
[2021-08-10 21:08:54,796] {taskinstance.py:1069} INFO - 
--------------------------------------------------------------------------------
[2021-08-10 21:08:54,804] {taskinstance.py:1087} INFO - Executing <Task(BranchPythonOperator): is_accurate> on 2021-08-10T21:08:43.266384+00:00
[2021-08-10 21:08:54,806] {standard_task_runner.py:52} INFO - Started process 307614 to run task
[2021-08-10 21:08:54,813] {standard_task_runner.py:76} INFO - Running: ['airflow', 'tasks', 'run', 'xcom_dag', 'is_accurate', '2021-08-10T21:08:43.266384+00:00', '--job-id', '65', '--pool', 'default_pool', '--raw', '--subdir', 'DAGS_FOLDER/xcom_dag.py', '--cfg-path', '/tmp/tmppg8gh6fw', '--error-file', '/tmp/tmpnt6cz0vp']
[2021-08-10 21:08:54,814] {standard_task_runner.py:77} INFO - Job 65: Subtask is_accurate
[2021-08-10 21:08:54,934] {logging_mixin.py:104} INFO - Running <TaskInstance: xcom_dag.is_accurate 2021-08-10T21:08:43.266384+00:00 [running]> on host airflowvm
[2021-08-10 21:08:55,099] {taskinstance.py:1280} INFO - Exporting the following env vars:
AIRFLOW_CTX_DAG_OWNER=airflow
AIRFLOW_CTX_DAG_ID=xcom_dag
AIRFLOW_CTX_TASK_ID=is_accurate
AIRFLOW_CTX_EXECUTION_DATE=2021-08-10T21:08:43.266384+00:00
AIRFLOW_CTX_DAG_RUN_ID=manual__2021-08-10T21:08:43.266384+00:00
[2021-08-10 21:08:55,100] {python.py:151} INFO - Done. Returned value was: accurate
[2021-08-10 21:08:55,100] {skipmixin.py:124} INFO - Following branch accurate
[2021-08-10 21:08:55,111] {skipmixin.py:155} INFO - Skipping tasks ['inaccurate']
[2021-08-10 21:08:55,208] {taskinstance.py:1184} INFO - Marking task as SUCCESS. dag_id=xcom_dag, task_id=is_accurate, execution_date=20210810T210843, start_date=20210810T210854, end_date=20210810T210855
[2021-08-10 21:08:55,282] {taskinstance.py:1245} INFO - 1 downstream tasks scheduled from follow-on schedule check
[2021-08-10 21:08:55,308] {local_task_job.py:151} INFO - Task exited with return code 0
