[2021-08-10 20:15:43,004] {taskinstance.py:876} INFO - Dependencies all met for <TaskInstance: xcom_dag.processing_tasks.training_model_a 2021-08-10T20:15:36.364934+00:00 [queued]>
[2021-08-10 20:15:43,072] {taskinstance.py:876} INFO - Dependencies all met for <TaskInstance: xcom_dag.processing_tasks.training_model_a 2021-08-10T20:15:36.364934+00:00 [queued]>
[2021-08-10 20:15:43,073] {taskinstance.py:1067} INFO - 
--------------------------------------------------------------------------------
[2021-08-10 20:15:43,074] {taskinstance.py:1068} INFO - Starting attempt 1 of 1
[2021-08-10 20:15:43,075] {taskinstance.py:1069} INFO - 
--------------------------------------------------------------------------------
[2021-08-10 20:15:43,128] {taskinstance.py:1087} INFO - Executing <Task(PythonOperator): processing_tasks.training_model_a> on 2021-08-10T20:15:36.364934+00:00
[2021-08-10 20:15:43,158] {standard_task_runner.py:52} INFO - Started process 296931 to run task
[2021-08-10 20:15:43,168] {standard_task_runner.py:76} INFO - Running: ['airflow', 'tasks', 'run', 'xcom_dag', 'processing_tasks.training_model_a', '2021-08-10T20:15:36.364934+00:00', '--job-id', '58', '--pool', 'default_pool', '--raw', '--subdir', 'DAGS_FOLDER/xcom_dag.py', '--cfg-path', '/tmp/tmplinwmjfo', '--error-file', '/tmp/tmpzxbls5ic']
[2021-08-10 20:15:43,187] {standard_task_runner.py:77} INFO - Job 58: Subtask processing_tasks.training_model_a
[2021-08-10 20:15:43,517] {logging_mixin.py:104} INFO - Running <TaskInstance: xcom_dag.processing_tasks.training_model_a 2021-08-10T20:15:36.364934+00:00 [running]> on host airflowvm
[2021-08-10 20:15:43,835] {taskinstance.py:1280} INFO - Exporting the following env vars:
AIRFLOW_CTX_DAG_OWNER=airflow
AIRFLOW_CTX_DAG_ID=xcom_dag
AIRFLOW_CTX_TASK_ID=processing_tasks.training_model_a
AIRFLOW_CTX_EXECUTION_DATE=2021-08-10T20:15:36.364934+00:00
AIRFLOW_CTX_DAG_RUN_ID=manual__2021-08-10T20:15:36.364934+00:00
[2021-08-10 20:15:43,836] {logging_mixin.py:104} INFO - model's accuracy: 2.5130710387628814
[2021-08-10 20:15:43,930] {python.py:151} INFO - Done. Returned value was: None
[2021-08-10 20:15:43,996] {taskinstance.py:1184} INFO - Marking task as SUCCESS. dag_id=xcom_dag, task_id=processing_tasks.training_model_a, execution_date=20210810T201536, start_date=20210810T201543, end_date=20210810T201543
[2021-08-10 20:15:44,142] {taskinstance.py:1245} INFO - 1 downstream tasks scheduled from follow-on schedule check
[2021-08-10 20:15:44,212] {local_task_job.py:151} INFO - Task exited with return code 0
