[2021-08-10 02:11:38,024] {taskinstance.py:876} INFO - Dependencies all met for <TaskInstance: parallel_dag.processing 2021-08-09T00:00:00+00:00 [queued]>
[2021-08-10 02:11:38,040] {taskinstance.py:876} INFO - Dependencies all met for <TaskInstance: parallel_dag.processing 2021-08-09T00:00:00+00:00 [queued]>
[2021-08-10 02:11:38,040] {taskinstance.py:1067} INFO - 
--------------------------------------------------------------------------------
[2021-08-10 02:11:38,041] {taskinstance.py:1068} INFO - Starting attempt 1 of 1
[2021-08-10 02:11:38,041] {taskinstance.py:1069} INFO - 
--------------------------------------------------------------------------------
[2021-08-10 02:11:38,049] {taskinstance.py:1087} INFO - Executing <Task(SubDagOperator): processing> on 2021-08-09T00:00:00+00:00
[2021-08-10 02:11:38,051] {standard_task_runner.py:52} INFO - Started process 215610 to run task
[2021-08-10 02:11:38,059] {standard_task_runner.py:76} INFO - Running: ['airflow', 'tasks', 'run', 'parallel_dag', 'processing', '2021-08-09T00:00:00+00:00', '--job-id', '15', '--pool', 'default_pool', '--raw', '--subdir', 'DAGS_FOLDER/parallel_dag.py', '--cfg-path', '/tmp/tmpkwq2aapo', '--error-file', '/tmp/tmpuapii4ms']
[2021-08-10 02:11:38,060] {standard_task_runner.py:77} INFO - Job 15: Subtask processing
[2021-08-10 02:11:38,257] {logging_mixin.py:104} INFO - Running <TaskInstance: parallel_dag.processing 2021-08-09T00:00:00+00:00 [running]> on host airflowvm
[2021-08-10 02:11:38,397] {taskinstance.py:1280} INFO - Exporting the following env vars:
AIRFLOW_CTX_DAG_OWNER=airflow
AIRFLOW_CTX_DAG_ID=parallel_dag
AIRFLOW_CTX_TASK_ID=processing
AIRFLOW_CTX_EXECUTION_DATE=2021-08-09T00:00:00+00:00
AIRFLOW_CTX_DAG_RUN_ID=scheduled__2021-08-09T00:00:00+00:00
[2021-08-10 02:11:38,431] {subdag.py:155} INFO - Created DagRun: scheduled__2021-08-09T00:00:00+00:00
[2021-08-10 02:12:38,523] {base.py:243} INFO - Success criteria met. Exiting.
[2021-08-10 02:12:38,534] {subdag.py:169} INFO - Execution finished. State is success
[2021-08-10 02:12:38,545] {taskinstance.py:1184} INFO - Marking task as SUCCESS. dag_id=parallel_dag, task_id=processing, execution_date=20210809T000000, start_date=20210810T021138, end_date=20210810T021238
[2021-08-10 02:12:38,580] {taskinstance.py:1245} INFO - 1 downstream tasks scheduled from follow-on schedule check
[2021-08-10 02:12:38,592] {local_task_job.py:151} INFO - Task exited with return code 0
