[2021-08-10 02:32:05,016] {taskinstance.py:876} INFO - Dependencies all met for <TaskInstance: parallel_dag.processing_tasks.task_2 2021-08-10T02:31:59.977766+00:00 [queued]>
[2021-08-10 02:32:05,068] {taskinstance.py:876} INFO - Dependencies all met for <TaskInstance: parallel_dag.processing_tasks.task_2 2021-08-10T02:31:59.977766+00:00 [queued]>
[2021-08-10 02:32:05,076] {taskinstance.py:1067} INFO - 
--------------------------------------------------------------------------------
[2021-08-10 02:32:05,078] {taskinstance.py:1068} INFO - Starting attempt 1 of 1
[2021-08-10 02:32:05,078] {taskinstance.py:1069} INFO - 
--------------------------------------------------------------------------------
[2021-08-10 02:32:05,116] {taskinstance.py:1087} INFO - Executing <Task(BashOperator): processing_tasks.task_2> on 2021-08-10T02:31:59.977766+00:00
[2021-08-10 02:32:05,133] {standard_task_runner.py:76} INFO - Running: ['airflow', 'tasks', 'run', 'parallel_dag', 'processing_tasks.task_2', '2021-08-10T02:31:59.977766+00:00', '--job-id', '31', '--pool', 'default_pool', '--raw', '--subdir', 'DAGS_FOLDER/parallel_dag.py', '--cfg-path', '/tmp/tmphfbweep8', '--error-file', '/tmp/tmppohd9i3q']
[2021-08-10 02:32:05,123] {standard_task_runner.py:52} INFO - Started process 222716 to run task
[2021-08-10 02:32:05,153] {standard_task_runner.py:77} INFO - Job 31: Subtask processing_tasks.task_2
[2021-08-10 02:32:05,380] {logging_mixin.py:104} INFO - Running <TaskInstance: parallel_dag.processing_tasks.task_2 2021-08-10T02:31:59.977766+00:00 [running]> on host airflowvm
[2021-08-10 02:32:05,683] {taskinstance.py:1280} INFO - Exporting the following env vars:
AIRFLOW_CTX_DAG_OWNER=airflow
AIRFLOW_CTX_DAG_ID=parallel_dag
AIRFLOW_CTX_TASK_ID=processing_tasks.task_2
AIRFLOW_CTX_EXECUTION_DATE=2021-08-10T02:31:59.977766+00:00
AIRFLOW_CTX_DAG_RUN_ID=manual__2021-08-10T02:31:59.977766+00:00
[2021-08-10 02:32:05,685] {subprocess.py:52} INFO - Tmp dir root location: 
 /tmp
[2021-08-10 02:32:05,690] {subprocess.py:63} INFO - Running command: ['bash', '-c', 'sleep 3']
[2021-08-10 02:32:05,716] {subprocess.py:75} INFO - Output:
[2021-08-10 02:32:08,725] {subprocess.py:83} INFO - Command exited with return code 0
[2021-08-10 02:32:08,844] {taskinstance.py:1184} INFO - Marking task as SUCCESS. dag_id=parallel_dag, task_id=processing_tasks.task_2, execution_date=20210810T023159, start_date=20210810T023205, end_date=20210810T023208
[2021-08-10 02:32:08,945] {taskinstance.py:1245} INFO - 0 downstream tasks scheduled from follow-on schedule check
[2021-08-10 02:32:08,973] {local_task_job.py:151} INFO - Task exited with return code 0
