[2021-08-10 02:11:33,998] {taskinstance.py:876} INFO - Dependencies all met for <TaskInstance: parallel_dag.task_1 2021-08-09T00:00:00+00:00 [queued]>
[2021-08-10 02:11:34,018] {taskinstance.py:876} INFO - Dependencies all met for <TaskInstance: parallel_dag.task_1 2021-08-09T00:00:00+00:00 [queued]>
[2021-08-10 02:11:34,019] {taskinstance.py:1067} INFO - 
--------------------------------------------------------------------------------
[2021-08-10 02:11:34,019] {taskinstance.py:1068} INFO - Starting attempt 1 of 1
[2021-08-10 02:11:34,020] {taskinstance.py:1069} INFO - 
--------------------------------------------------------------------------------
[2021-08-10 02:11:34,028] {taskinstance.py:1087} INFO - Executing <Task(BashOperator): task_1> on 2021-08-09T00:00:00+00:00
[2021-08-10 02:11:34,031] {standard_task_runner.py:52} INFO - Started process 215438 to run task
[2021-08-10 02:11:34,041] {standard_task_runner.py:76} INFO - Running: ['airflow', 'tasks', 'run', 'parallel_dag', 'task_1', '2021-08-09T00:00:00+00:00', '--job-id', '14', '--pool', 'default_pool', '--raw', '--subdir', 'DAGS_FOLDER/parallel_dag.py', '--cfg-path', '/tmp/tmpf1140j1k', '--error-file', '/tmp/tmps5yn5x5l']
[2021-08-10 02:11:34,045] {standard_task_runner.py:77} INFO - Job 14: Subtask task_1
[2021-08-10 02:11:34,209] {logging_mixin.py:104} INFO - Running <TaskInstance: parallel_dag.task_1 2021-08-09T00:00:00+00:00 [running]> on host airflowvm
[2021-08-10 02:11:34,454] {taskinstance.py:1280} INFO - Exporting the following env vars:
AIRFLOW_CTX_DAG_OWNER=airflow
AIRFLOW_CTX_DAG_ID=parallel_dag
AIRFLOW_CTX_TASK_ID=task_1
AIRFLOW_CTX_EXECUTION_DATE=2021-08-09T00:00:00+00:00
AIRFLOW_CTX_DAG_RUN_ID=scheduled__2021-08-09T00:00:00+00:00
[2021-08-10 02:11:34,455] {subprocess.py:52} INFO - Tmp dir root location: 
 /tmp
[2021-08-10 02:11:34,456] {subprocess.py:63} INFO - Running command: ['bash', '-c', 'sleep 3']
[2021-08-10 02:11:34,502] {subprocess.py:75} INFO - Output:
[2021-08-10 02:11:37,510] {subprocess.py:83} INFO - Command exited with return code 0
[2021-08-10 02:11:37,543] {taskinstance.py:1184} INFO - Marking task as SUCCESS. dag_id=parallel_dag, task_id=task_1, execution_date=20210809T000000, start_date=20210810T021133, end_date=20210810T021137
[2021-08-10 02:11:37,581] {taskinstance.py:1245} INFO - 1 downstream tasks scheduled from follow-on schedule check
[2021-08-10 02:11:37,601] {local_task_job.py:151} INFO - Task exited with return code 0
