[2021-08-06 18:27:26,944] {taskinstance.py:876} INFO - Dependencies all met for <TaskInstance: example_bash_operator.runme_1 2021-08-04T00:00:00+00:00 [queued]>
[2021-08-06 18:27:26,949] {taskinstance.py:876} INFO - Dependencies all met for <TaskInstance: example_bash_operator.runme_1 2021-08-04T00:00:00+00:00 [queued]>
[2021-08-06 18:27:26,949] {taskinstance.py:1067} INFO - 
--------------------------------------------------------------------------------
[2021-08-06 18:27:26,949] {taskinstance.py:1068} INFO - Starting attempt 1 of 1
[2021-08-06 18:27:26,949] {taskinstance.py:1069} INFO - 
--------------------------------------------------------------------------------
[2021-08-06 18:27:26,956] {taskinstance.py:1087} INFO - Executing <Task(BashOperator): runme_1> on 2021-08-04T00:00:00+00:00
[2021-08-06 18:27:26,957] {standard_task_runner.py:52} INFO - Started process 45296 to run task
[2021-08-06 18:27:26,963] {standard_task_runner.py:76} INFO - Running: ['airflow', 'tasks', 'run', 'example_bash_operator', 'runme_1', '2021-08-04T00:00:00+00:00', '--job-id', '4', '--pool', 'default_pool', '--raw', '--subdir', '/home/airflow/sandbox/lib/python3.8/site-packages/airflow/example_dags/example_bash_operator.py', '--cfg-path', '/tmp/tmpypt8ccja', '--error-file', '/tmp/tmp80ip6bbr']
[2021-08-06 18:27:26,964] {standard_task_runner.py:77} INFO - Job 4: Subtask runme_1
[2021-08-06 18:27:27,048] {logging_mixin.py:104} INFO - Running <TaskInstance: example_bash_operator.runme_1 2021-08-04T00:00:00+00:00 [running]> on host airflowvm
[2021-08-06 18:27:27,138] {taskinstance.py:1280} INFO - Exporting the following env vars:
AIRFLOW_CTX_DAG_OWNER=airflow
AIRFLOW_CTX_DAG_ID=example_bash_operator
AIRFLOW_CTX_TASK_ID=runme_1
AIRFLOW_CTX_EXECUTION_DATE=2021-08-04T00:00:00+00:00
AIRFLOW_CTX_DAG_RUN_ID=scheduled__2021-08-04T00:00:00+00:00
[2021-08-06 18:27:27,139] {subprocess.py:52} INFO - Tmp dir root location: 
 /tmp
[2021-08-06 18:27:27,139] {subprocess.py:63} INFO - Running command: ['bash', '-c', 'echo "example_bash_operator__runme_1__20210804" && sleep 1']
[2021-08-06 18:27:27,142] {subprocess.py:75} INFO - Output:
[2021-08-06 18:27:27,144] {subprocess.py:79} INFO - example_bash_operator__runme_1__20210804
[2021-08-06 18:27:28,145] {subprocess.py:83} INFO - Command exited with return code 0
[2021-08-06 18:27:28,158] {taskinstance.py:1184} INFO - Marking task as SUCCESS. dag_id=example_bash_operator, task_id=runme_1, execution_date=20210804T000000, start_date=20210806T182726, end_date=20210806T182728
[2021-08-06 18:27:28,171] {taskinstance.py:1245} INFO - 0 downstream tasks scheduled from follow-on schedule check
[2021-08-06 18:27:28,195] {local_task_job.py:151} INFO - Task exited with return code 0
