[2021-08-10 20:15:43,004] {taskinstance.py:876} INFO - Dependencies all met for <TaskInstance: xcom_dag.processing_tasks.training_model_c 2021-08-10T20:15:36.364934+00:00 [queued]>
[2021-08-10 20:15:43,089] {taskinstance.py:876} INFO - Dependencies all met for <TaskInstance: xcom_dag.processing_tasks.training_model_c 2021-08-10T20:15:36.364934+00:00 [queued]>
[2021-08-10 20:15:43,089] {taskinstance.py:1067} INFO - 
--------------------------------------------------------------------------------
[2021-08-10 20:15:43,089] {taskinstance.py:1068} INFO - Starting attempt 1 of 1
[2021-08-10 20:15:43,089] {taskinstance.py:1069} INFO - 
--------------------------------------------------------------------------------
[2021-08-10 20:15:43,151] {taskinstance.py:1087} INFO - Executing <Task(PythonOperator): processing_tasks.training_model_c> on 2021-08-10T20:15:36.364934+00:00
[2021-08-10 20:15:43,172] {standard_task_runner.py:52} INFO - Started process 296934 to run task
[2021-08-10 20:15:43,172] {standard_task_runner.py:76} INFO - Running: ['airflow', 'tasks', 'run', 'xcom_dag', 'processing_tasks.training_model_c', '2021-08-10T20:15:36.364934+00:00', '--job-id', '57', '--pool', 'default_pool', '--raw', '--subdir', 'DAGS_FOLDER/xcom_dag.py', '--cfg-path', '/tmp/tmpxm7ixrfw', '--error-file', '/tmp/tmppf2dkcf7']
[2021-08-10 20:15:43,206] {standard_task_runner.py:77} INFO - Job 57: Subtask processing_tasks.training_model_c
[2021-08-10 20:15:43,519] {logging_mixin.py:104} INFO - Running <TaskInstance: xcom_dag.processing_tasks.training_model_c 2021-08-10T20:15:36.364934+00:00 [running]> on host airflowvm
[2021-08-10 20:15:43,850] {taskinstance.py:1280} INFO - Exporting the following env vars:
AIRFLOW_CTX_DAG_OWNER=airflow
AIRFLOW_CTX_DAG_ID=xcom_dag
AIRFLOW_CTX_TASK_ID=processing_tasks.training_model_c
AIRFLOW_CTX_EXECUTION_DATE=2021-08-10T20:15:36.364934+00:00
AIRFLOW_CTX_DAG_RUN_ID=manual__2021-08-10T20:15:36.364934+00:00
[2021-08-10 20:15:43,851] {logging_mixin.py:104} INFO - model's accuracy: 4.473228579300943
[2021-08-10 20:15:43,935] {python.py:151} INFO - Done. Returned value was: None
[2021-08-10 20:15:44,002] {taskinstance.py:1184} INFO - Marking task as SUCCESS. dag_id=xcom_dag, task_id=processing_tasks.training_model_c, execution_date=20210810T201536, start_date=20210810T201543, end_date=20210810T201544
[2021-08-10 20:15:44,187] {taskinstance.py:1245} INFO - 0 downstream tasks scheduled from follow-on schedule check
[2021-08-10 20:15:44,216] {local_task_job.py:151} INFO - Task exited with return code 0
