[2021-08-10 22:23:41,660] {taskinstance.py:876} INFO - Dependencies all met for <TaskInstance: xcom_dag.processing_tasks.training_model_c 2021-08-10T22:23:35.600133+00:00 [queued]>
[2021-08-10 22:23:41,735] {taskinstance.py:876} INFO - Dependencies all met for <TaskInstance: xcom_dag.processing_tasks.training_model_c 2021-08-10T22:23:35.600133+00:00 [queued]>
[2021-08-10 22:23:41,739] {taskinstance.py:1067} INFO - 
--------------------------------------------------------------------------------
[2021-08-10 22:23:41,740] {taskinstance.py:1068} INFO - Starting attempt 1 of 1
[2021-08-10 22:23:41,740] {taskinstance.py:1069} INFO - 
--------------------------------------------------------------------------------
[2021-08-10 22:23:41,773] {taskinstance.py:1087} INFO - Executing <Task(PythonOperator): processing_tasks.training_model_c> on 2021-08-10T22:23:35.600133+00:00
[2021-08-10 22:23:41,797] {standard_task_runner.py:52} INFO - Started process 341802 to run task
[2021-08-10 22:23:41,812] {standard_task_runner.py:76} INFO - Running: ['airflow', 'tasks', 'run', 'xcom_dag', 'processing_tasks.training_model_c', '2021-08-10T22:23:35.600133+00:00', '--job-id', '89', '--pool', 'default_pool', '--raw', '--subdir', 'DAGS_FOLDER/xcom_dag.py', '--cfg-path', '/tmp/tmpmqh81t4j', '--error-file', '/tmp/tmp7u3kdt9k']
[2021-08-10 22:23:41,822] {standard_task_runner.py:77} INFO - Job 89: Subtask processing_tasks.training_model_c
[2021-08-10 22:23:42,038] {logging_mixin.py:104} INFO - Running <TaskInstance: xcom_dag.processing_tasks.training_model_c 2021-08-10T22:23:35.600133+00:00 [running]> on host airflowvm
[2021-08-10 22:23:42,307] {taskinstance.py:1280} INFO - Exporting the following env vars:
AIRFLOW_CTX_DAG_OWNER=airflow
AIRFLOW_CTX_DAG_ID=xcom_dag
AIRFLOW_CTX_TASK_ID=processing_tasks.training_model_c
AIRFLOW_CTX_EXECUTION_DATE=2021-08-10T22:23:35.600133+00:00
AIRFLOW_CTX_DAG_RUN_ID=manual__2021-08-10T22:23:35.600133+00:00
[2021-08-10 22:23:42,307] {logging_mixin.py:104} INFO - model's accuracy: 4.792168290780865
[2021-08-10 22:23:42,386] {python.py:151} INFO - Done. Returned value was: None
[2021-08-10 22:23:42,419] {taskinstance.py:1184} INFO - Marking task as SUCCESS. dag_id=xcom_dag, task_id=processing_tasks.training_model_c, execution_date=20210810T222335, start_date=20210810T222341, end_date=20210810T222342
[2021-08-10 22:23:42,538] {taskinstance.py:1245} INFO - 1 downstream tasks scheduled from follow-on schedule check
[2021-08-10 22:23:42,566] {local_task_job.py:151} INFO - Task exited with return code 0
