[2021-08-10 21:14:18,630] {taskinstance.py:876} INFO - Dependencies all met for <TaskInstance: xcom_dag.task_4 2021-08-10T21:14:11.253221+00:00 [queued]>
[2021-08-10 21:14:18,646] {taskinstance.py:876} INFO - Dependencies all met for <TaskInstance: xcom_dag.task_4 2021-08-10T21:14:11.253221+00:00 [queued]>
[2021-08-10 21:14:18,647] {taskinstance.py:1067} INFO - 
--------------------------------------------------------------------------------
[2021-08-10 21:14:18,647] {taskinstance.py:1068} INFO - Starting attempt 1 of 1
[2021-08-10 21:14:18,647] {taskinstance.py:1069} INFO - 
--------------------------------------------------------------------------------
[2021-08-10 21:14:18,656] {taskinstance.py:1087} INFO - Executing <Task(BranchPythonOperator): task_4> on 2021-08-10T21:14:11.253221+00:00
[2021-08-10 21:14:18,658] {standard_task_runner.py:52} INFO - Started process 311034 to run task
[2021-08-10 21:14:18,670] {standard_task_runner.py:76} INFO - Running: ['airflow', 'tasks', 'run', 'xcom_dag', 'task_4', '2021-08-10T21:14:11.253221+00:00', '--job-id', '70', '--pool', 'default_pool', '--raw', '--subdir', 'DAGS_FOLDER/xcom_dag.py', '--cfg-path', '/tmp/tmpt95wvjxy', '--error-file', '/tmp/tmpdj0w4gv2']
[2021-08-10 21:14:18,672] {standard_task_runner.py:77} INFO - Job 70: Subtask task_4
[2021-08-10 21:14:18,787] {logging_mixin.py:104} INFO - Running <TaskInstance: xcom_dag.task_4 2021-08-10T21:14:11.253221+00:00 [running]> on host airflowvm
[2021-08-10 21:14:18,959] {taskinstance.py:1280} INFO - Exporting the following env vars:
AIRFLOW_CTX_DAG_OWNER=airflow
AIRFLOW_CTX_DAG_ID=xcom_dag
AIRFLOW_CTX_TASK_ID=task_4
AIRFLOW_CTX_EXECUTION_DATE=2021-08-10T21:14:11.253221+00:00
AIRFLOW_CTX_DAG_RUN_ID=manual__2021-08-10T21:14:11.253221+00:00
[2021-08-10 21:14:18,960] {logging_mixin.py:104} INFO - choose best model
[2021-08-10 21:14:18,978] {python.py:151} INFO - Done. Returned value was: accurate
[2021-08-10 21:14:18,978] {skipmixin.py:124} INFO - Following branch accurate
[2021-08-10 21:14:18,992] {skipmixin.py:155} INFO - Skipping tasks ['inaccurate']
[2021-08-10 21:14:19,072] {taskinstance.py:1184} INFO - Marking task as SUCCESS. dag_id=xcom_dag, task_id=task_4, execution_date=20210810T211411, start_date=20210810T211418, end_date=20210810T211419
[2021-08-10 21:14:19,120] {taskinstance.py:1245} INFO - 1 downstream tasks scheduled from follow-on schedule check
[2021-08-10 21:14:19,148] {local_task_job.py:151} INFO - Task exited with return code 0
