[2021-08-10 20:15:39,861] {taskinstance.py:876} INFO - Dependencies all met for <TaskInstance: xcom_dag.processing_tasks.training_model_c 2021-08-10T20:15:32.111619+00:00 [queued]>
[2021-08-10 20:15:39,957] {taskinstance.py:876} INFO - Dependencies all met for <TaskInstance: xcom_dag.processing_tasks.training_model_c 2021-08-10T20:15:32.111619+00:00 [queued]>
[2021-08-10 20:15:39,958] {taskinstance.py:1067} INFO - 
--------------------------------------------------------------------------------
[2021-08-10 20:15:39,970] {taskinstance.py:1068} INFO - Starting attempt 1 of 1
[2021-08-10 20:15:39,971] {taskinstance.py:1069} INFO - 
--------------------------------------------------------------------------------
[2021-08-10 20:15:40,008] {taskinstance.py:1087} INFO - Executing <Task(PythonOperator): processing_tasks.training_model_c> on 2021-08-10T20:15:32.111619+00:00
[2021-08-10 20:15:40,036] {standard_task_runner.py:52} INFO - Started process 296690 to run task
[2021-08-10 20:15:40,041] {standard_task_runner.py:76} INFO - Running: ['airflow', 'tasks', 'run', 'xcom_dag', 'processing_tasks.training_model_c', '2021-08-10T20:15:32.111619+00:00', '--job-id', '54', '--pool', 'default_pool', '--raw', '--subdir', 'DAGS_FOLDER/xcom_dag.py', '--cfg-path', '/tmp/tmp7n5teoq5', '--error-file', '/tmp/tmplezw9pgt']
[2021-08-10 20:15:40,065] {standard_task_runner.py:77} INFO - Job 54: Subtask processing_tasks.training_model_c
[2021-08-10 20:15:40,288] {logging_mixin.py:104} INFO - Running <TaskInstance: xcom_dag.processing_tasks.training_model_c 2021-08-10T20:15:32.111619+00:00 [running]> on host airflowvm
[2021-08-10 20:15:40,573] {taskinstance.py:1280} INFO - Exporting the following env vars:
AIRFLOW_CTX_DAG_OWNER=airflow
AIRFLOW_CTX_DAG_ID=xcom_dag
AIRFLOW_CTX_TASK_ID=processing_tasks.training_model_c
AIRFLOW_CTX_EXECUTION_DATE=2021-08-10T20:15:32.111619+00:00
AIRFLOW_CTX_DAG_RUN_ID=manual__2021-08-10T20:15:32.111619+00:00
[2021-08-10 20:15:40,576] {logging_mixin.py:104} INFO - model's accuracy: 1.2324157787503378
[2021-08-10 20:15:40,678] {python.py:151} INFO - Done. Returned value was: None
[2021-08-10 20:15:40,730] {taskinstance.py:1184} INFO - Marking task as SUCCESS. dag_id=xcom_dag, task_id=processing_tasks.training_model_c, execution_date=20210810T201532, start_date=20210810T201539, end_date=20210810T201540
[2021-08-10 20:15:40,928] {taskinstance.py:1245} INFO - 0 downstream tasks scheduled from follow-on schedule check
[2021-08-10 20:15:40,941] {local_task_job.py:151} INFO - Task exited with return code 0
