[2021-08-06 18:27:34,214] {taskinstance.py:876} INFO - Dependencies all met for <TaskInstance: example_bash_operator.runme_0 2021-08-05T00:00:00+00:00 [queued]>
[2021-08-06 18:27:34,220] {taskinstance.py:876} INFO - Dependencies all met for <TaskInstance: example_bash_operator.runme_0 2021-08-05T00:00:00+00:00 [queued]>
[2021-08-06 18:27:34,220] {taskinstance.py:1067} INFO - 
--------------------------------------------------------------------------------
[2021-08-06 18:27:34,220] {taskinstance.py:1068} INFO - Starting attempt 1 of 1
[2021-08-06 18:27:34,220] {taskinstance.py:1069} INFO - 
--------------------------------------------------------------------------------
[2021-08-06 18:27:34,227] {taskinstance.py:1087} INFO - Executing <Task(BashOperator): runme_0> on 2021-08-05T00:00:00+00:00
[2021-08-06 18:27:34,228] {standard_task_runner.py:52} INFO - Started process 45385 to run task
[2021-08-06 18:27:34,233] {standard_task_runner.py:76} INFO - Running: ['airflow', 'tasks', 'run', 'example_bash_operator', 'runme_0', '2021-08-05T00:00:00+00:00', '--job-id', '8', '--pool', 'default_pool', '--raw', '--subdir', '/home/airflow/sandbox/lib/python3.8/site-packages/airflow/example_dags/example_bash_operator.py', '--cfg-path', '/tmp/tmpomfpulkd', '--error-file', '/tmp/tmph2b5zn5m']
[2021-08-06 18:27:34,233] {standard_task_runner.py:77} INFO - Job 8: Subtask runme_0
[2021-08-06 18:27:34,324] {logging_mixin.py:104} INFO - Running <TaskInstance: example_bash_operator.runme_0 2021-08-05T00:00:00+00:00 [running]> on host airflowvm
[2021-08-06 18:27:34,480] {taskinstance.py:1280} INFO - Exporting the following env vars:
AIRFLOW_CTX_DAG_OWNER=airflow
AIRFLOW_CTX_DAG_ID=example_bash_operator
AIRFLOW_CTX_TASK_ID=runme_0
AIRFLOW_CTX_EXECUTION_DATE=2021-08-05T00:00:00+00:00
AIRFLOW_CTX_DAG_RUN_ID=scheduled__2021-08-05T00:00:00+00:00
[2021-08-06 18:27:34,481] {subprocess.py:52} INFO - Tmp dir root location: 
 /tmp
[2021-08-06 18:27:34,481] {subprocess.py:63} INFO - Running command: ['bash', '-c', 'echo "example_bash_operator__runme_0__20210805" && sleep 1']
[2021-08-06 18:27:34,484] {subprocess.py:75} INFO - Output:
[2021-08-06 18:27:34,485] {subprocess.py:79} INFO - example_bash_operator__runme_0__20210805
[2021-08-06 18:27:35,486] {subprocess.py:83} INFO - Command exited with return code 0
[2021-08-06 18:27:35,499] {taskinstance.py:1184} INFO - Marking task as SUCCESS. dag_id=example_bash_operator, task_id=runme_0, execution_date=20210805T000000, start_date=20210806T182734, end_date=20210806T182735
[2021-08-06 18:27:35,512] {taskinstance.py:1245} INFO - 0 downstream tasks scheduled from follow-on schedule check
[2021-08-06 18:27:35,542] {local_task_job.py:151} INFO - Task exited with return code 0
