[2021-08-11 00:00:05,046] {taskinstance.py:876} INFO - Dependencies all met for <TaskInstance: xcom_dag.processing_tasks.training_model_c 2021-08-10T00:00:00+00:00 [queued]>
[2021-08-11 00:00:05,101] {taskinstance.py:876} INFO - Dependencies all met for <TaskInstance: xcom_dag.processing_tasks.training_model_c 2021-08-10T00:00:00+00:00 [queued]>
[2021-08-11 00:00:05,103] {taskinstance.py:1067} INFO - 
--------------------------------------------------------------------------------
[2021-08-11 00:00:05,103] {taskinstance.py:1068} INFO - Starting attempt 1 of 1
[2021-08-11 00:00:05,105] {taskinstance.py:1069} INFO - 
--------------------------------------------------------------------------------
[2021-08-11 00:00:05,124] {taskinstance.py:1087} INFO - Executing <Task(PythonOperator): processing_tasks.training_model_c> on 2021-08-10T00:00:00+00:00
[2021-08-11 00:00:05,136] {standard_task_runner.py:52} INFO - Started process 371538 to run task
[2021-08-11 00:00:05,182] {standard_task_runner.py:76} INFO - Running: ['airflow', 'tasks', 'run', 'xcom_dag', 'processing_tasks.training_model_c', '2021-08-10T00:00:00+00:00', '--job-id', '99', '--pool', 'default_pool', '--raw', '--subdir', 'DAGS_FOLDER/xcom_dag.py', '--cfg-path', '/tmp/tmplipz32yq', '--error-file', '/tmp/tmphzo1mb4p']
[2021-08-11 00:00:05,187] {standard_task_runner.py:77} INFO - Job 99: Subtask processing_tasks.training_model_c
[2021-08-11 00:00:05,522] {logging_mixin.py:104} INFO - Running <TaskInstance: xcom_dag.processing_tasks.training_model_c 2021-08-10T00:00:00+00:00 [running]> on host airflowvm
[2021-08-11 00:00:05,773] {taskinstance.py:1280} INFO - Exporting the following env vars:
AIRFLOW_CTX_DAG_OWNER=airflow
AIRFLOW_CTX_DAG_ID=xcom_dag
AIRFLOW_CTX_TASK_ID=processing_tasks.training_model_c
AIRFLOW_CTX_EXECUTION_DATE=2021-08-10T00:00:00+00:00
AIRFLOW_CTX_DAG_RUN_ID=scheduled__2021-08-10T00:00:00+00:00
[2021-08-11 00:00:05,774] {logging_mixin.py:104} INFO - model's accuracy: 1.742579551240386
[2021-08-11 00:00:05,854] {python.py:151} INFO - Done. Returned value was: None
[2021-08-11 00:00:05,895] {taskinstance.py:1184} INFO - Marking task as SUCCESS. dag_id=xcom_dag, task_id=processing_tasks.training_model_c, execution_date=20210810T000000, start_date=20210811T000005, end_date=20210811T000005
[2021-08-11 00:00:05,991] {taskinstance.py:1245} INFO - 0 downstream tasks scheduled from follow-on schedule check
[2021-08-11 00:00:06,008] {local_task_job.py:151} INFO - Task exited with return code 0
