[2021-08-10 02:32:05,021] {taskinstance.py:876} INFO - Dependencies all met for <TaskInstance: parallel_dag.processing_tasks.flink_task.task3_flink 2021-08-10T02:31:59.977766+00:00 [queued]>
[2021-08-10 02:32:05,079] {taskinstance.py:876} INFO - Dependencies all met for <TaskInstance: parallel_dag.processing_tasks.flink_task.task3_flink 2021-08-10T02:31:59.977766+00:00 [queued]>
[2021-08-10 02:32:05,080] {taskinstance.py:1067} INFO - 
--------------------------------------------------------------------------------
[2021-08-10 02:32:05,080] {taskinstance.py:1068} INFO - Starting attempt 1 of 1
[2021-08-10 02:32:05,080] {taskinstance.py:1069} INFO - 
--------------------------------------------------------------------------------
[2021-08-10 02:32:05,114] {taskinstance.py:1087} INFO - Executing <Task(BashOperator): processing_tasks.flink_task.task3_flink> on 2021-08-10T02:31:59.977766+00:00
[2021-08-10 02:32:05,121] {standard_task_runner.py:52} INFO - Started process 222715 to run task
[2021-08-10 02:32:05,140] {standard_task_runner.py:76} INFO - Running: ['airflow', 'tasks', 'run', 'parallel_dag', 'processing_tasks.flink_task.task3_flink', '2021-08-10T02:31:59.977766+00:00', '--job-id', '29', '--pool', 'default_pool', '--raw', '--subdir', 'DAGS_FOLDER/parallel_dag.py', '--cfg-path', '/tmp/tmpzy9hijun', '--error-file', '/tmp/tmpvaab_4w3']
[2021-08-10 02:32:05,147] {standard_task_runner.py:77} INFO - Job 29: Subtask processing_tasks.flink_task.task3_flink
[2021-08-10 02:32:05,382] {logging_mixin.py:104} INFO - Running <TaskInstance: parallel_dag.processing_tasks.flink_task.task3_flink 2021-08-10T02:31:59.977766+00:00 [running]> on host airflowvm
[2021-08-10 02:32:05,681] {taskinstance.py:1280} INFO - Exporting the following env vars:
AIRFLOW_CTX_DAG_OWNER=airflow
AIRFLOW_CTX_DAG_ID=parallel_dag
AIRFLOW_CTX_TASK_ID=processing_tasks.flink_task.task3_flink
AIRFLOW_CTX_EXECUTION_DATE=2021-08-10T02:31:59.977766+00:00
AIRFLOW_CTX_DAG_RUN_ID=manual__2021-08-10T02:31:59.977766+00:00
[2021-08-10 02:32:05,685] {subprocess.py:52} INFO - Tmp dir root location: 
 /tmp
[2021-08-10 02:32:05,690] {subprocess.py:63} INFO - Running command: ['bash', '-c', 'sleep 3']
[2021-08-10 02:32:05,715] {subprocess.py:75} INFO - Output:
[2021-08-10 02:32:08,726] {subprocess.py:83} INFO - Command exited with return code 0
[2021-08-10 02:32:08,845] {taskinstance.py:1184} INFO - Marking task as SUCCESS. dag_id=parallel_dag, task_id=processing_tasks.flink_task.task3_flink, execution_date=20210810T023159, start_date=20210810T023205, end_date=20210810T023208
[2021-08-10 02:32:08,938] {taskinstance.py:1245} INFO - 0 downstream tasks scheduled from follow-on schedule check
[2021-08-10 02:32:08,970] {local_task_job.py:151} INFO - Task exited with return code 0
