[2021-08-10 21:14:16,661] {taskinstance.py:876} INFO - Dependencies all met for <TaskInstance: xcom_dag.processing_tasks.training_model_b 2021-08-10T21:14:11.253221+00:00 [queued]>
[2021-08-10 21:14:16,727] {taskinstance.py:876} INFO - Dependencies all met for <TaskInstance: xcom_dag.processing_tasks.training_model_b 2021-08-10T21:14:11.253221+00:00 [queued]>
[2021-08-10 21:14:16,733] {taskinstance.py:1067} INFO - 
--------------------------------------------------------------------------------
[2021-08-10 21:14:16,738] {taskinstance.py:1068} INFO - Starting attempt 1 of 1
[2021-08-10 21:14:16,738] {taskinstance.py:1069} INFO - 
--------------------------------------------------------------------------------
[2021-08-10 21:14:16,781] {taskinstance.py:1087} INFO - Executing <Task(PythonOperator): processing_tasks.training_model_b> on 2021-08-10T21:14:11.253221+00:00
[2021-08-10 21:14:16,808] {standard_task_runner.py:76} INFO - Running: ['airflow', 'tasks', 'run', 'xcom_dag', 'processing_tasks.training_model_b', '2021-08-10T21:14:11.253221+00:00', '--job-id', '68', '--pool', 'default_pool', '--raw', '--subdir', 'DAGS_FOLDER/xcom_dag.py', '--cfg-path', '/tmp/tmpxhd9k9y9', '--error-file', '/tmp/tmplx8j957n']
[2021-08-10 21:14:16,788] {standard_task_runner.py:52} INFO - Started process 310927 to run task
[2021-08-10 21:14:16,838] {standard_task_runner.py:77} INFO - Job 68: Subtask processing_tasks.training_model_b
[2021-08-10 21:14:17,191] {logging_mixin.py:104} INFO - Running <TaskInstance: xcom_dag.processing_tasks.training_model_b 2021-08-10T21:14:11.253221+00:00 [running]> on host airflowvm
[2021-08-10 21:14:17,539] {taskinstance.py:1280} INFO - Exporting the following env vars:
AIRFLOW_CTX_DAG_OWNER=airflow
AIRFLOW_CTX_DAG_ID=xcom_dag
AIRFLOW_CTX_TASK_ID=processing_tasks.training_model_b
AIRFLOW_CTX_EXECUTION_DATE=2021-08-10T21:14:11.253221+00:00
AIRFLOW_CTX_DAG_RUN_ID=manual__2021-08-10T21:14:11.253221+00:00
[2021-08-10 21:14:17,540] {logging_mixin.py:104} INFO - model's accuracy: 3.675396536522968
[2021-08-10 21:14:17,651] {python.py:151} INFO - Done. Returned value was: None
[2021-08-10 21:14:17,701] {taskinstance.py:1184} INFO - Marking task as SUCCESS. dag_id=xcom_dag, task_id=processing_tasks.training_model_b, execution_date=20210810T211411, start_date=20210810T211416, end_date=20210810T211417
[2021-08-10 21:14:17,849] {taskinstance.py:1245} INFO - 0 downstream tasks scheduled from follow-on schedule check
[2021-08-10 21:14:17,900] {local_task_job.py:151} INFO - Task exited with return code 0
