[2021-08-10 20:15:43,007] {taskinstance.py:876} INFO - Dependencies all met for <TaskInstance: xcom_dag.task_4 2021-08-10T20:15:32.111619+00:00 [queued]>
[2021-08-10 20:15:43,085] {taskinstance.py:876} INFO - Dependencies all met for <TaskInstance: xcom_dag.task_4 2021-08-10T20:15:32.111619+00:00 [queued]>
[2021-08-10 20:15:43,086] {taskinstance.py:1067} INFO - 
--------------------------------------------------------------------------------
[2021-08-10 20:15:43,086] {taskinstance.py:1068} INFO - Starting attempt 1 of 1
[2021-08-10 20:15:43,086] {taskinstance.py:1069} INFO - 
--------------------------------------------------------------------------------
[2021-08-10 20:15:43,136] {taskinstance.py:1087} INFO - Executing <Task(PythonOperator): task_4> on 2021-08-10T20:15:32.111619+00:00
[2021-08-10 20:15:43,159] {standard_task_runner.py:52} INFO - Started process 296933 to run task
[2021-08-10 20:15:43,178] {standard_task_runner.py:76} INFO - Running: ['airflow', 'tasks', 'run', 'xcom_dag', 'task_4', '2021-08-10T20:15:32.111619+00:00', '--job-id', '56', '--pool', 'default_pool', '--raw', '--subdir', 'DAGS_FOLDER/xcom_dag.py', '--cfg-path', '/tmp/tmp_z8wtxow', '--error-file', '/tmp/tmpbyg4zhsl']
[2021-08-10 20:15:43,193] {standard_task_runner.py:77} INFO - Job 56: Subtask task_4
[2021-08-10 20:15:43,515] {logging_mixin.py:104} INFO - Running <TaskInstance: xcom_dag.task_4 2021-08-10T20:15:32.111619+00:00 [running]> on host airflowvm
[2021-08-10 20:15:43,854] {taskinstance.py:1280} INFO - Exporting the following env vars:
AIRFLOW_CTX_DAG_OWNER=airflow
AIRFLOW_CTX_DAG_ID=xcom_dag
AIRFLOW_CTX_TASK_ID=task_4
AIRFLOW_CTX_EXECUTION_DATE=2021-08-10T20:15:32.111619+00:00
AIRFLOW_CTX_DAG_RUN_ID=manual__2021-08-10T20:15:32.111619+00:00
[2021-08-10 20:15:43,855] {logging_mixin.py:104} INFO - choose best model
[2021-08-10 20:15:43,913] {logging_mixin.py:104} INFO - [7.661683865077485, 5.125931561926347, 1.2324157787503378]
[2021-08-10 20:15:43,913] {python.py:151} INFO - Done. Returned value was: None
[2021-08-10 20:15:43,972] {taskinstance.py:1184} INFO - Marking task as SUCCESS. dag_id=xcom_dag, task_id=task_4, execution_date=20210810T201532, start_date=20210810T201543, end_date=20210810T201543
[2021-08-10 20:15:44,116] {taskinstance.py:1245} INFO - 0 downstream tasks scheduled from follow-on schedule check
[2021-08-10 20:15:44,130] {local_task_job.py:151} INFO - Task exited with return code 0
