[2021-08-10 22:24:08,439] {taskinstance.py:876} INFO - Dependencies all met for <TaskInstance: xcom_dag.processing_tasks.training_model_a 2021-08-10T22:24:02.391204+00:00 [queued]>
[2021-08-10 22:24:08,496] {taskinstance.py:876} INFO - Dependencies all met for <TaskInstance: xcom_dag.processing_tasks.training_model_a 2021-08-10T22:24:02.391204+00:00 [queued]>
[2021-08-10 22:24:08,498] {taskinstance.py:1067} INFO - 
--------------------------------------------------------------------------------
[2021-08-10 22:24:08,500] {taskinstance.py:1068} INFO - Starting attempt 1 of 1
[2021-08-10 22:24:08,501] {taskinstance.py:1069} INFO - 
--------------------------------------------------------------------------------
[2021-08-10 22:24:08,526] {taskinstance.py:1087} INFO - Executing <Task(PythonOperator): processing_tasks.training_model_a> on 2021-08-10T22:24:02.391204+00:00
[2021-08-10 22:24:08,541] {standard_task_runner.py:52} INFO - Started process 342546 to run task
[2021-08-10 22:24:08,550] {standard_task_runner.py:76} INFO - Running: ['airflow', 'tasks', 'run', 'xcom_dag', 'processing_tasks.training_model_a', '2021-08-10T22:24:02.391204+00:00', '--job-id', '94', '--pool', 'default_pool', '--raw', '--subdir', 'DAGS_FOLDER/xcom_dag.py', '--cfg-path', '/tmp/tmp_wua4kem', '--error-file', '/tmp/tmpihjt21uj']
[2021-08-10 22:24:08,561] {standard_task_runner.py:77} INFO - Job 94: Subtask processing_tasks.training_model_a
[2021-08-10 22:24:08,784] {logging_mixin.py:104} INFO - Running <TaskInstance: xcom_dag.processing_tasks.training_model_a 2021-08-10T22:24:02.391204+00:00 [running]> on host airflowvm
[2021-08-10 22:24:09,043] {taskinstance.py:1280} INFO - Exporting the following env vars:
AIRFLOW_CTX_DAG_OWNER=airflow
AIRFLOW_CTX_DAG_ID=xcom_dag
AIRFLOW_CTX_TASK_ID=processing_tasks.training_model_a
AIRFLOW_CTX_EXECUTION_DATE=2021-08-10T22:24:02.391204+00:00
AIRFLOW_CTX_DAG_RUN_ID=manual__2021-08-10T22:24:02.391204+00:00
[2021-08-10 22:24:09,046] {logging_mixin.py:104} INFO - model's accuracy: 4.4331093138031665
[2021-08-10 22:24:09,105] {python.py:151} INFO - Done. Returned value was: None
[2021-08-10 22:24:09,146] {taskinstance.py:1184} INFO - Marking task as SUCCESS. dag_id=xcom_dag, task_id=processing_tasks.training_model_a, execution_date=20210810T222402, start_date=20210810T222408, end_date=20210810T222409
[2021-08-10 22:24:09,257] {taskinstance.py:1245} INFO - 0 downstream tasks scheduled from follow-on schedule check
[2021-08-10 22:24:09,284] {local_task_job.py:151} INFO - Task exited with return code 0
