[2021-08-10 22:24:08,432] {taskinstance.py:876} INFO - Dependencies all met for <TaskInstance: xcom_dag.processing_tasks.training_model_c 2021-08-10T22:24:02.391204+00:00 [queued]>
[2021-08-10 22:24:08,487] {taskinstance.py:876} INFO - Dependencies all met for <TaskInstance: xcom_dag.processing_tasks.training_model_c 2021-08-10T22:24:02.391204+00:00 [queued]>
[2021-08-10 22:24:08,489] {taskinstance.py:1067} INFO - 
--------------------------------------------------------------------------------
[2021-08-10 22:24:08,490] {taskinstance.py:1068} INFO - Starting attempt 1 of 1
[2021-08-10 22:24:08,490] {taskinstance.py:1069} INFO - 
--------------------------------------------------------------------------------
[2021-08-10 22:24:08,519] {taskinstance.py:1087} INFO - Executing <Task(PythonOperator): processing_tasks.training_model_c> on 2021-08-10T22:24:02.391204+00:00
[2021-08-10 22:24:08,537] {standard_task_runner.py:76} INFO - Running: ['airflow', 'tasks', 'run', 'xcom_dag', 'processing_tasks.training_model_c', '2021-08-10T22:24:02.391204+00:00', '--job-id', '93', '--pool', 'default_pool', '--raw', '--subdir', 'DAGS_FOLDER/xcom_dag.py', '--cfg-path', '/tmp/tmph0cukbpr', '--error-file', '/tmp/tmpdlpf2bq9']
[2021-08-10 22:24:08,543] {standard_task_runner.py:52} INFO - Started process 342545 to run task
[2021-08-10 22:24:08,561] {standard_task_runner.py:77} INFO - Job 93: Subtask processing_tasks.training_model_c
[2021-08-10 22:24:08,786] {logging_mixin.py:104} INFO - Running <TaskInstance: xcom_dag.processing_tasks.training_model_c 2021-08-10T22:24:02.391204+00:00 [running]> on host airflowvm
[2021-08-10 22:24:09,043] {taskinstance.py:1280} INFO - Exporting the following env vars:
AIRFLOW_CTX_DAG_OWNER=airflow
AIRFLOW_CTX_DAG_ID=xcom_dag
AIRFLOW_CTX_TASK_ID=processing_tasks.training_model_c
AIRFLOW_CTX_EXECUTION_DATE=2021-08-10T22:24:02.391204+00:00
AIRFLOW_CTX_DAG_RUN_ID=manual__2021-08-10T22:24:02.391204+00:00
[2021-08-10 22:24:09,047] {logging_mixin.py:104} INFO - model's accuracy: 2.3524702636589314
[2021-08-10 22:24:09,106] {python.py:151} INFO - Done. Returned value was: None
[2021-08-10 22:24:09,154] {taskinstance.py:1184} INFO - Marking task as SUCCESS. dag_id=xcom_dag, task_id=processing_tasks.training_model_c, execution_date=20210810T222402, start_date=20210810T222408, end_date=20210810T222409
[2021-08-10 22:24:09,245] {taskinstance.py:1245} INFO - 1 downstream tasks scheduled from follow-on schedule check
[2021-08-10 22:24:09,283] {local_task_job.py:151} INFO - Task exited with return code 0
