[2021-08-10 18:56:34,485] {taskinstance.py:876} INFO - Dependencies all met for <TaskInstance: xcom_dag.downloading_data 2021-08-09T00:00:00+00:00 [queued]>
[2021-08-10 18:56:34,517] {taskinstance.py:876} INFO - Dependencies all met for <TaskInstance: xcom_dag.downloading_data 2021-08-09T00:00:00+00:00 [queued]>
[2021-08-10 18:56:34,518] {taskinstance.py:1067} INFO - 
--------------------------------------------------------------------------------
[2021-08-10 18:56:34,518] {taskinstance.py:1068} INFO - Starting attempt 1 of 1
[2021-08-10 18:56:34,519] {taskinstance.py:1069} INFO - 
--------------------------------------------------------------------------------
[2021-08-10 18:56:34,535] {taskinstance.py:1087} INFO - Executing <Task(BashOperator): downloading_data> on 2021-08-09T00:00:00+00:00
[2021-08-10 18:56:34,538] {standard_task_runner.py:52} INFO - Started process 278631 to run task
[2021-08-10 18:56:34,547] {standard_task_runner.py:76} INFO - Running: ['airflow', 'tasks', 'run', 'xcom_dag', 'downloading_data', '2021-08-09T00:00:00+00:00', '--job-id', '35', '--pool', 'default_pool', '--raw', '--subdir', 'DAGS_FOLDER/xcom_dag.py', '--cfg-path', '/tmp/tmpg2tfgcwx', '--error-file', '/tmp/tmpsf5l_va9']
[2021-08-10 18:56:34,554] {standard_task_runner.py:77} INFO - Job 35: Subtask downloading_data
[2021-08-10 18:56:34,687] {logging_mixin.py:104} INFO - Running <TaskInstance: xcom_dag.downloading_data 2021-08-09T00:00:00+00:00 [running]> on host airflowvm
[2021-08-10 18:56:34,854] {taskinstance.py:1280} INFO - Exporting the following env vars:
AIRFLOW_CTX_DAG_OWNER=airflow
AIRFLOW_CTX_DAG_ID=xcom_dag
AIRFLOW_CTX_TASK_ID=downloading_data
AIRFLOW_CTX_EXECUTION_DATE=2021-08-09T00:00:00+00:00
AIRFLOW_CTX_DAG_RUN_ID=scheduled__2021-08-09T00:00:00+00:00
[2021-08-10 18:56:34,856] {subprocess.py:52} INFO - Tmp dir root location: 
 /tmp
[2021-08-10 18:56:34,858] {subprocess.py:63} INFO - Running command: ['bash', '-c', 'sleep 3']
[2021-08-10 18:56:34,874] {subprocess.py:75} INFO - Output:
[2021-08-10 18:56:37,881] {subprocess.py:83} INFO - Command exited with return code 0
[2021-08-10 18:56:37,914] {taskinstance.py:1184} INFO - Marking task as SUCCESS. dag_id=xcom_dag, task_id=downloading_data, execution_date=20210809T000000, start_date=20210810T185634, end_date=20210810T185637
[2021-08-10 18:56:37,947] {taskinstance.py:1245} INFO - 3 downstream tasks scheduled from follow-on schedule check
[2021-08-10 18:56:37,983] {local_task_job.py:151} INFO - Task exited with return code 0
