[2021-08-11 00:46:11,948] {taskinstance.py:876} INFO - Dependencies all met for <TaskInstance: elasticsearch_dag.print_es_info 2021-08-11T00:46:10.406085+00:00 [queued]>
[2021-08-11 00:46:12,018] {taskinstance.py:876} INFO - Dependencies all met for <TaskInstance: elasticsearch_dag.print_es_info 2021-08-11T00:46:10.406085+00:00 [queued]>
[2021-08-11 00:46:12,020] {taskinstance.py:1067} INFO - 
--------------------------------------------------------------------------------
[2021-08-11 00:46:12,020] {taskinstance.py:1068} INFO - Starting attempt 1 of 1
[2021-08-11 00:46:12,021] {taskinstance.py:1069} INFO - 
--------------------------------------------------------------------------------
[2021-08-11 00:46:12,065] {taskinstance.py:1087} INFO - Executing <Task(PythonOperator): print_es_info> on 2021-08-11T00:46:10.406085+00:00
[2021-08-11 00:46:12,075] {standard_task_runner.py:52} INFO - Started process 380909 to run task
[2021-08-11 00:46:12,101] {standard_task_runner.py:76} INFO - Running: ['airflow', 'tasks', 'run', 'elasticsearch_dag', 'print_es_info', '2021-08-11T00:46:10.406085+00:00', '--job-id', '104', '--pool', 'default_pool', '--raw', '--subdir', 'DAGS_FOLDER/elasticsearch_dag.py', '--cfg-path', '/tmp/tmpzv1f9p3c', '--error-file', '/tmp/tmpdc7fm1go']
[2021-08-11 00:46:12,118] {standard_task_runner.py:77} INFO - Job 104: Subtask print_es_info
[2021-08-11 00:46:12,323] {logging_mixin.py:104} INFO - Running <TaskInstance: elasticsearch_dag.print_es_info 2021-08-11T00:46:10.406085+00:00 [running]> on host airflowvm
[2021-08-11 00:46:12,521] {taskinstance.py:1280} INFO - Exporting the following env vars:
AIRFLOW_CTX_DAG_OWNER=airflow
AIRFLOW_CTX_DAG_ID=elasticsearch_dag
AIRFLOW_CTX_TASK_ID=print_es_info
AIRFLOW_CTX_EXECUTION_DATE=2021-08-11T00:46:10.406085+00:00
AIRFLOW_CTX_DAG_RUN_ID=manual__2021-08-11T00:46:10.406085+00:00
[2021-08-11 00:46:12,552] {base.py:69} INFO - Using connection to: id: elasticsearch_default. Host: localhost, Port: 9200, Schema: http, Login: None, Password: None, extra: {}
[2021-08-11 00:46:12,574] {logging_mixin.py:104} WARNING - /home/airflow/sandbox/lib/python3.8/site-packages/elasticsearch/connection/base.py:193 ElasticsearchDeprecationWarning: Elasticsearch built-in security features are not enabled. Without authentication, your cluster could be accessible to anyone. See https://www.elastic.co/guide/en/elasticsearch/reference/7.14/security-minimal-setup.html to enable security.
[2021-08-11 00:46:12,590] {base.py:255} INFO - GET http://localhost:9200/ [status:200 request:0.015s]
[2021-08-11 00:46:12,596] {logging_mixin.py:104} INFO - {'name': 'airflowvm', 'cluster_name': 'elasticsearch', 'cluster_uuid': '-oCIroTNSi6JLYgdPruZzw', 'version': {'number': '7.14.0', 'build_flavor': 'default', 'build_type': 'deb', 'build_hash': 'dd5a0a2acaa2045ff9624f3729fc8a6f40835aa1', 'build_date': '2021-07-29T20:49:32.864135063Z', 'build_snapshot': False, 'lucene_version': '8.9.0', 'minimum_wire_compatibility_version': '6.8.0', 'minimum_index_compatibility_version': '6.0.0-beta1'}, 'tagline': 'You Know, for Search'}
[2021-08-11 00:46:12,597] {python.py:151} INFO - Done. Returned value was: None
[2021-08-11 00:46:12,619] {taskinstance.py:1184} INFO - Marking task as SUCCESS. dag_id=elasticsearch_dag, task_id=print_es_info, execution_date=20210811T004610, start_date=20210811T004611, end_date=20210811T004612
[2021-08-11 00:46:12,670] {taskinstance.py:1245} INFO - 0 downstream tasks scheduled from follow-on schedule check
[2021-08-11 00:46:12,690] {local_task_job.py:151} INFO - Task exited with return code 0
