[2021-08-10 21:08:53,041] {taskinstance.py:876} INFO - Dependencies all met for <TaskInstance: xcom_dag.task_4 2021-08-10T21:08:43.266384+00:00 [queued]>
[2021-08-10 21:08:53,121] {taskinstance.py:876} INFO - Dependencies all met for <TaskInstance: xcom_dag.task_4 2021-08-10T21:08:43.266384+00:00 [queued]>
[2021-08-10 21:08:53,122] {taskinstance.py:1067} INFO - 
--------------------------------------------------------------------------------
[2021-08-10 21:08:53,122] {taskinstance.py:1068} INFO - Starting attempt 1 of 1
[2021-08-10 21:08:53,122] {taskinstance.py:1069} INFO - 
--------------------------------------------------------------------------------
[2021-08-10 21:08:53,176] {taskinstance.py:1087} INFO - Executing <Task(PythonOperator): task_4> on 2021-08-10T21:08:43.266384+00:00
[2021-08-10 21:08:53,187] {standard_task_runner.py:52} INFO - Started process 307501 to run task
[2021-08-10 21:08:53,241] {standard_task_runner.py:76} INFO - Running: ['airflow', 'tasks', 'run', 'xcom_dag', 'task_4', '2021-08-10T21:08:43.266384+00:00', '--job-id', '64', '--pool', 'default_pool', '--raw', '--subdir', 'DAGS_FOLDER/xcom_dag.py', '--cfg-path', '/tmp/tmp9r7nq09q', '--error-file', '/tmp/tmplv3q7vrp']
[2021-08-10 21:08:53,251] {standard_task_runner.py:77} INFO - Job 64: Subtask task_4
[2021-08-10 21:08:53,488] {logging_mixin.py:104} INFO - Running <TaskInstance: xcom_dag.task_4 2021-08-10T21:08:43.266384+00:00 [running]> on host airflowvm
[2021-08-10 21:08:53,643] {taskinstance.py:1280} INFO - Exporting the following env vars:
AIRFLOW_CTX_DAG_OWNER=airflow
AIRFLOW_CTX_DAG_ID=xcom_dag
AIRFLOW_CTX_TASK_ID=task_4
AIRFLOW_CTX_EXECUTION_DATE=2021-08-10T21:08:43.266384+00:00
AIRFLOW_CTX_DAG_RUN_ID=manual__2021-08-10T21:08:43.266384+00:00
[2021-08-10 21:08:53,644] {logging_mixin.py:104} INFO - choose best model
[2021-08-10 21:08:53,660] {logging_mixin.py:104} INFO - [5.947743846303898, 2.0581261906316057, 4.926436363466727]
[2021-08-10 21:08:53,660] {python.py:151} INFO - Done. Returned value was: None
[2021-08-10 21:08:53,675] {taskinstance.py:1184} INFO - Marking task as SUCCESS. dag_id=xcom_dag, task_id=task_4, execution_date=20210810T210843, start_date=20210810T210853, end_date=20210810T210853
[2021-08-10 21:08:53,713] {taskinstance.py:1245} INFO - 1 downstream tasks scheduled from follow-on schedule check
[2021-08-10 21:08:53,723] {local_task_job.py:151} INFO - Task exited with return code 0
