[2021-08-10 21:08:50,849] {taskinstance.py:876} INFO - Dependencies all met for <TaskInstance: xcom_dag.processing_tasks.training_model_b 2021-08-10T21:08:43.266384+00:00 [queued]>
[2021-08-10 21:08:50,913] {taskinstance.py:876} INFO - Dependencies all met for <TaskInstance: xcom_dag.processing_tasks.training_model_b 2021-08-10T21:08:43.266384+00:00 [queued]>
[2021-08-10 21:08:50,914] {taskinstance.py:1067} INFO - 
--------------------------------------------------------------------------------
[2021-08-10 21:08:50,914] {taskinstance.py:1068} INFO - Starting attempt 1 of 1
[2021-08-10 21:08:50,916] {taskinstance.py:1069} INFO - 
--------------------------------------------------------------------------------
[2021-08-10 21:08:50,957] {taskinstance.py:1087} INFO - Executing <Task(PythonOperator): processing_tasks.training_model_b> on 2021-08-10T21:08:43.266384+00:00
[2021-08-10 21:08:50,959] {standard_task_runner.py:52} INFO - Started process 307366 to run task
[2021-08-10 21:08:50,981] {standard_task_runner.py:76} INFO - Running: ['airflow', 'tasks', 'run', 'xcom_dag', 'processing_tasks.training_model_b', '2021-08-10T21:08:43.266384+00:00', '--job-id', '63', '--pool', 'default_pool', '--raw', '--subdir', 'DAGS_FOLDER/xcom_dag.py', '--cfg-path', '/tmp/tmp3vvpsgc9', '--error-file', '/tmp/tmp6ahxpnvl']
[2021-08-10 21:08:51,003] {standard_task_runner.py:77} INFO - Job 63: Subtask processing_tasks.training_model_b
[2021-08-10 21:08:51,323] {logging_mixin.py:104} INFO - Running <TaskInstance: xcom_dag.processing_tasks.training_model_b 2021-08-10T21:08:43.266384+00:00 [running]> on host airflowvm
[2021-08-10 21:08:51,587] {taskinstance.py:1280} INFO - Exporting the following env vars:
AIRFLOW_CTX_DAG_OWNER=airflow
AIRFLOW_CTX_DAG_ID=xcom_dag
AIRFLOW_CTX_TASK_ID=processing_tasks.training_model_b
AIRFLOW_CTX_EXECUTION_DATE=2021-08-10T21:08:43.266384+00:00
AIRFLOW_CTX_DAG_RUN_ID=manual__2021-08-10T21:08:43.266384+00:00
[2021-08-10 21:08:51,588] {logging_mixin.py:104} INFO - model's accuracy: 2.0581261906316057
[2021-08-10 21:08:51,648] {python.py:151} INFO - Done. Returned value was: None
[2021-08-10 21:08:51,693] {taskinstance.py:1184} INFO - Marking task as SUCCESS. dag_id=xcom_dag, task_id=processing_tasks.training_model_b, execution_date=20210810T210843, start_date=20210810T210850, end_date=20210810T210851
[2021-08-10 21:08:51,834] {taskinstance.py:1245} INFO - 0 downstream tasks scheduled from follow-on schedule check
[2021-08-10 21:08:51,876] {local_task_job.py:151} INFO - Task exited with return code 0
