[2021-08-10 21:14:37,933] {taskinstance.py:876} INFO - Dependencies all met for <TaskInstance: xcom_dag.task_4 2021-08-10T21:14:30.469538+00:00 [queued]>
[2021-08-10 21:14:37,948] {taskinstance.py:876} INFO - Dependencies all met for <TaskInstance: xcom_dag.task_4 2021-08-10T21:14:30.469538+00:00 [queued]>
[2021-08-10 21:14:37,949] {taskinstance.py:1067} INFO - 
--------------------------------------------------------------------------------
[2021-08-10 21:14:37,949] {taskinstance.py:1068} INFO - Starting attempt 1 of 1
[2021-08-10 21:14:37,950] {taskinstance.py:1069} INFO - 
--------------------------------------------------------------------------------
[2021-08-10 21:14:37,957] {taskinstance.py:1087} INFO - Executing <Task(BranchPythonOperator): task_4> on 2021-08-10T21:14:30.469538+00:00
[2021-08-10 21:14:37,959] {standard_task_runner.py:52} INFO - Started process 311709 to run task
[2021-08-10 21:14:37,965] {standard_task_runner.py:76} INFO - Running: ['airflow', 'tasks', 'run', 'xcom_dag', 'task_4', '2021-08-10T21:14:30.469538+00:00', '--job-id', '75', '--pool', 'default_pool', '--raw', '--subdir', 'DAGS_FOLDER/xcom_dag.py', '--cfg-path', '/tmp/tmp5frh_pnh', '--error-file', '/tmp/tmpmwnqttn9']
[2021-08-10 21:14:37,966] {standard_task_runner.py:77} INFO - Job 75: Subtask task_4
[2021-08-10 21:14:38,080] {logging_mixin.py:104} INFO - Running <TaskInstance: xcom_dag.task_4 2021-08-10T21:14:30.469538+00:00 [running]> on host airflowvm
[2021-08-10 21:14:38,209] {taskinstance.py:1280} INFO - Exporting the following env vars:
AIRFLOW_CTX_DAG_OWNER=airflow
AIRFLOW_CTX_DAG_ID=xcom_dag
AIRFLOW_CTX_TASK_ID=task_4
AIRFLOW_CTX_EXECUTION_DATE=2021-08-10T21:14:30.469538+00:00
AIRFLOW_CTX_DAG_RUN_ID=manual__2021-08-10T21:14:30.469538+00:00
[2021-08-10 21:14:38,210] {logging_mixin.py:104} INFO - choose best model
[2021-08-10 21:14:38,223] {python.py:151} INFO - Done. Returned value was: inaccurate
[2021-08-10 21:14:38,224] {skipmixin.py:124} INFO - Following branch inaccurate
[2021-08-10 21:14:38,233] {skipmixin.py:155} INFO - Skipping tasks ['accurate']
[2021-08-10 21:14:38,303] {taskinstance.py:1184} INFO - Marking task as SUCCESS. dag_id=xcom_dag, task_id=task_4, execution_date=20210810T211430, start_date=20210810T211437, end_date=20210810T211438
[2021-08-10 21:14:38,362] {taskinstance.py:1245} INFO - 1 downstream tasks scheduled from follow-on schedule check
[2021-08-10 21:14:38,382] {local_task_job.py:151} INFO - Task exited with return code 0
