[2021-08-09 20:28:01,796] {taskinstance.py:876} INFO - Dependencies all met for <TaskInstance: parallel_dag.task_2 2021-08-09T20:27:54.689148+00:00 [queued]>
[2021-08-09 20:28:01,830] {taskinstance.py:876} INFO - Dependencies all met for <TaskInstance: parallel_dag.task_2 2021-08-09T20:27:54.689148+00:00 [queued]>
[2021-08-09 20:28:01,830] {taskinstance.py:1067} INFO - 
--------------------------------------------------------------------------------
[2021-08-09 20:28:01,830] {taskinstance.py:1068} INFO - Starting attempt 1 of 1
[2021-08-09 20:28:01,830] {taskinstance.py:1069} INFO - 
--------------------------------------------------------------------------------
[2021-08-09 20:28:01,840] {taskinstance.py:1087} INFO - Executing <Task(BashOperator): task_2> on 2021-08-09T20:27:54.689148+00:00
[2021-08-09 20:28:01,843] {standard_task_runner.py:52} INFO - Started process 172457 to run task
[2021-08-09 20:28:01,857] {standard_task_runner.py:76} INFO - Running: ['airflow', 'tasks', 'run', 'parallel_dag', 'task_2', '2021-08-09T20:27:54.689148+00:00', '--job-id', '10', '--pool', 'default_pool', '--raw', '--subdir', 'DAGS_FOLDER/parallel_dag.py', '--cfg-path', '/tmp/tmpee4av8dp', '--error-file', '/tmp/tmp_wtq_vkn']
[2021-08-09 20:28:01,857] {standard_task_runner.py:77} INFO - Job 10: Subtask task_2
[2021-08-09 20:28:02,041] {logging_mixin.py:104} INFO - Running <TaskInstance: parallel_dag.task_2 2021-08-09T20:27:54.689148+00:00 [running]> on host airflowvm
[2021-08-09 20:28:02,220] {taskinstance.py:1280} INFO - Exporting the following env vars:
AIRFLOW_CTX_DAG_OWNER=airflow
AIRFLOW_CTX_DAG_ID=parallel_dag
AIRFLOW_CTX_TASK_ID=task_2
AIRFLOW_CTX_EXECUTION_DATE=2021-08-09T20:27:54.689148+00:00
AIRFLOW_CTX_DAG_RUN_ID=manual__2021-08-09T20:27:54.689148+00:00
[2021-08-09 20:28:02,221] {subprocess.py:52} INFO - Tmp dir root location: 
 /tmp
[2021-08-09 20:28:02,221] {subprocess.py:63} INFO - Running command: ['bash', '-c', 'sleep 3']
[2021-08-09 20:28:02,230] {subprocess.py:75} INFO - Output:
[2021-08-09 20:28:05,234] {subprocess.py:83} INFO - Command exited with return code 0
[2021-08-09 20:28:05,296] {taskinstance.py:1184} INFO - Marking task as SUCCESS. dag_id=parallel_dag, task_id=task_2, execution_date=20210809T202754, start_date=20210809T202801, end_date=20210809T202805
[2021-08-09 20:28:05,360] {taskinstance.py:1245} INFO - 1 downstream tasks scheduled from follow-on schedule check
[2021-08-09 20:28:05,394] {local_task_job.py:151} INFO - Task exited with return code 0
