[2021-08-10 22:10:32,456] {taskinstance.py:876} INFO - Dependencies all met for <TaskInstance: trigger_rule.task_3 2021-08-09T00:00:00+00:00 [queued]>
[2021-08-10 22:10:32,494] {taskinstance.py:876} INFO - Dependencies all met for <TaskInstance: trigger_rule.task_3 2021-08-09T00:00:00+00:00 [queued]>
[2021-08-10 22:10:32,497] {taskinstance.py:1067} INFO - 
--------------------------------------------------------------------------------
[2021-08-10 22:10:32,497] {taskinstance.py:1068} INFO - Starting attempt 1 of 1
[2021-08-10 22:10:32,498] {taskinstance.py:1069} INFO - 
--------------------------------------------------------------------------------
[2021-08-10 22:10:32,523] {taskinstance.py:1087} INFO - Executing <Task(BashOperator): task_3> on 2021-08-09T00:00:00+00:00
[2021-08-10 22:10:32,527] {standard_task_runner.py:52} INFO - Started process 334111 to run task
[2021-08-10 22:10:32,556] {standard_task_runner.py:76} INFO - Running: ['airflow', 'tasks', 'run', 'trigger_rule', 'task_3', '2021-08-09T00:00:00+00:00', '--job-id', '82', '--pool', 'default_pool', '--raw', '--subdir', 'DAGS_FOLDER/trigger_rule.py', '--cfg-path', '/tmp/tmpo1905xzg', '--error-file', '/tmp/tmpzvq3xr3h']
[2021-08-10 22:10:32,562] {standard_task_runner.py:77} INFO - Job 82: Subtask task_3
[2021-08-10 22:10:32,741] {logging_mixin.py:104} INFO - Running <TaskInstance: trigger_rule.task_3 2021-08-09T00:00:00+00:00 [running]> on host airflowvm
[2021-08-10 22:10:33,037] {taskinstance.py:1280} INFO - Exporting the following env vars:
AIRFLOW_CTX_DAG_OWNER=airflow
AIRFLOW_CTX_DAG_ID=trigger_rule
AIRFLOW_CTX_TASK_ID=task_3
AIRFLOW_CTX_EXECUTION_DATE=2021-08-09T00:00:00+00:00
AIRFLOW_CTX_DAG_RUN_ID=scheduled__2021-08-09T00:00:00+00:00
[2021-08-10 22:10:33,038] {subprocess.py:52} INFO - Tmp dir root location: 
 /tmp
[2021-08-10 22:10:33,038] {subprocess.py:63} INFO - Running command: ['bash', '-c', 'exit 0']
[2021-08-10 22:10:33,052] {subprocess.py:75} INFO - Output:
[2021-08-10 22:10:33,056] {subprocess.py:83} INFO - Command exited with return code 0
[2021-08-10 22:10:33,080] {taskinstance.py:1184} INFO - Marking task as SUCCESS. dag_id=trigger_rule, task_id=task_3, execution_date=20210809T000000, start_date=20210810T221032, end_date=20210810T221033
[2021-08-10 22:10:33,149] {taskinstance.py:1245} INFO - 0 downstream tasks scheduled from follow-on schedule check
[2021-08-10 22:10:33,170] {local_task_job.py:151} INFO - Task exited with return code 0
