[2021-08-08 21:03:20,893] {taskinstance.py:876} INFO - Dependencies all met for <TaskInstance: user_processing.processing_user 2021-08-07T00:00:00+00:00 [queued]>
[2021-08-08 21:03:20,900] {taskinstance.py:876} INFO - Dependencies all met for <TaskInstance: user_processing.processing_user 2021-08-07T00:00:00+00:00 [queued]>
[2021-08-08 21:03:20,900] {taskinstance.py:1067} INFO - 
--------------------------------------------------------------------------------
[2021-08-08 21:03:20,900] {taskinstance.py:1068} INFO - Starting attempt 1 of 1
[2021-08-08 21:03:20,901] {taskinstance.py:1069} INFO - 
--------------------------------------------------------------------------------
[2021-08-08 21:03:20,920] {taskinstance.py:1087} INFO - Executing <Task(PythonOperator): processing_user> on 2021-08-07T00:00:00+00:00
[2021-08-08 21:03:20,922] {standard_task_runner.py:52} INFO - Started process 131355 to run task
[2021-08-08 21:03:20,931] {standard_task_runner.py:76} INFO - Running: ['airflow', 'tasks', 'run', 'user_processing', 'processing_user', '2021-08-07T00:00:00+00:00', '--job-id', '21', '--pool', 'default_pool', '--raw', '--subdir', 'DAGS_FOLDER/user_processing.py', '--cfg-path', '/tmp/tmp_y7i9fle', '--error-file', '/tmp/tmpthq0w5in']
[2021-08-08 21:03:20,938] {standard_task_runner.py:77} INFO - Job 21: Subtask processing_user
[2021-08-08 21:03:21,070] {logging_mixin.py:104} INFO - Running <TaskInstance: user_processing.processing_user 2021-08-07T00:00:00+00:00 [running]> on host airflowvm
[2021-08-08 21:03:21,171] {taskinstance.py:1280} INFO - Exporting the following env vars:
AIRFLOW_CTX_DAG_OWNER=airflow
AIRFLOW_CTX_DAG_ID=user_processing
AIRFLOW_CTX_TASK_ID=processing_user
AIRFLOW_CTX_EXECUTION_DATE=2021-08-07T00:00:00+00:00
AIRFLOW_CTX_DAG_RUN_ID=scheduled__2021-08-07T00:00:00+00:00
[2021-08-08 21:03:21,184] {python.py:151} INFO - Done. Returned value was: None
[2021-08-08 21:03:21,204] {taskinstance.py:1184} INFO - Marking task as SUCCESS. dag_id=user_processing, task_id=processing_user, execution_date=20210807T000000, start_date=20210808T210320, end_date=20210808T210321
[2021-08-08 21:03:21,241] {taskinstance.py:1245} INFO - 1 downstream tasks scheduled from follow-on schedule check
[2021-08-08 21:03:21,271] {local_task_job.py:151} INFO - Task exited with return code 0
