[2021-08-10 18:56:38,778] {taskinstance.py:876} INFO - Dependencies all met for <TaskInstance: xcom_dag.processing_tasks.training_model_b 2021-08-09T00:00:00+00:00 [queued]>
[2021-08-10 18:56:38,845] {taskinstance.py:876} INFO - Dependencies all met for <TaskInstance: xcom_dag.processing_tasks.training_model_b 2021-08-09T00:00:00+00:00 [queued]>
[2021-08-10 18:56:38,845] {taskinstance.py:1067} INFO - 
--------------------------------------------------------------------------------
[2021-08-10 18:56:38,845] {taskinstance.py:1068} INFO - Starting attempt 1 of 1
[2021-08-10 18:56:38,845] {taskinstance.py:1069} INFO - 
--------------------------------------------------------------------------------
[2021-08-10 18:56:38,879] {taskinstance.py:1087} INFO - Executing <Task(PythonOperator): processing_tasks.training_model_b> on 2021-08-09T00:00:00+00:00
[2021-08-10 18:56:38,884] {standard_task_runner.py:52} INFO - Started process 278841 to run task
[2021-08-10 18:56:38,901] {standard_task_runner.py:76} INFO - Running: ['airflow', 'tasks', 'run', 'xcom_dag', 'processing_tasks.training_model_b', '2021-08-09T00:00:00+00:00', '--job-id', '38', '--pool', 'default_pool', '--raw', '--subdir', 'DAGS_FOLDER/xcom_dag.py', '--cfg-path', '/tmp/tmpx0ed7wmx', '--error-file', '/tmp/tmpc4f_t9e2']
[2021-08-10 18:56:38,912] {standard_task_runner.py:77} INFO - Job 38: Subtask processing_tasks.training_model_b
[2021-08-10 18:56:39,214] {logging_mixin.py:104} INFO - Running <TaskInstance: xcom_dag.processing_tasks.training_model_b 2021-08-09T00:00:00+00:00 [running]> on host airflowvm
[2021-08-10 18:56:39,460] {taskinstance.py:1280} INFO - Exporting the following env vars:
AIRFLOW_CTX_DAG_OWNER=airflow
AIRFLOW_CTX_DAG_ID=xcom_dag
AIRFLOW_CTX_TASK_ID=processing_tasks.training_model_b
AIRFLOW_CTX_EXECUTION_DATE=2021-08-09T00:00:00+00:00
AIRFLOW_CTX_DAG_RUN_ID=scheduled__2021-08-09T00:00:00+00:00
[2021-08-10 18:56:39,461] {logging_mixin.py:104} INFO - model's accuracy: 8.1238192647482
[2021-08-10 18:56:39,547] {python.py:151} INFO - Done. Returned value was: None
[2021-08-10 18:56:39,579] {taskinstance.py:1184} INFO - Marking task as SUCCESS. dag_id=xcom_dag, task_id=processing_tasks.training_model_b, execution_date=20210809T000000, start_date=20210810T185638, end_date=20210810T185639
[2021-08-10 18:56:39,719] {taskinstance.py:1245} INFO - 1 downstream tasks scheduled from follow-on schedule check
[2021-08-10 18:56:39,779] {local_task_job.py:151} INFO - Task exited with return code 0
