[2021-08-10 02:12:39,624] {taskinstance.py:876} INFO - Dependencies all met for <TaskInstance: parallel_dag.task_4 2021-08-09T00:00:00+00:00 [queued]>
[2021-08-10 02:12:39,641] {taskinstance.py:876} INFO - Dependencies all met for <TaskInstance: parallel_dag.task_4 2021-08-09T00:00:00+00:00 [queued]>
[2021-08-10 02:12:39,641] {taskinstance.py:1067} INFO - 
--------------------------------------------------------------------------------
[2021-08-10 02:12:39,642] {taskinstance.py:1068} INFO - Starting attempt 1 of 1
[2021-08-10 02:12:39,642] {taskinstance.py:1069} INFO - 
--------------------------------------------------------------------------------
[2021-08-10 02:12:39,650] {taskinstance.py:1087} INFO - Executing <Task(BashOperator): task_4> on 2021-08-09T00:00:00+00:00
[2021-08-10 02:12:39,652] {standard_task_runner.py:52} INFO - Started process 217087 to run task
[2021-08-10 02:12:39,659] {standard_task_runner.py:76} INFO - Running: ['airflow', 'tasks', 'run', 'parallel_dag', 'task_4', '2021-08-09T00:00:00+00:00', '--job-id', '22', '--pool', 'default_pool', '--raw', '--subdir', 'DAGS_FOLDER/parallel_dag.py', '--cfg-path', '/tmp/tmp7obhhqir', '--error-file', '/tmp/tmpa148dem4']
[2021-08-10 02:12:39,660] {standard_task_runner.py:77} INFO - Job 22: Subtask task_4
[2021-08-10 02:12:39,765] {logging_mixin.py:104} INFO - Running <TaskInstance: parallel_dag.task_4 2021-08-09T00:00:00+00:00 [running]> on host airflowvm
[2021-08-10 02:12:39,894] {taskinstance.py:1280} INFO - Exporting the following env vars:
AIRFLOW_CTX_DAG_OWNER=airflow
AIRFLOW_CTX_DAG_ID=parallel_dag
AIRFLOW_CTX_TASK_ID=task_4
AIRFLOW_CTX_EXECUTION_DATE=2021-08-09T00:00:00+00:00
AIRFLOW_CTX_DAG_RUN_ID=scheduled__2021-08-09T00:00:00+00:00
[2021-08-10 02:12:39,895] {subprocess.py:52} INFO - Tmp dir root location: 
 /tmp
[2021-08-10 02:12:39,896] {subprocess.py:63} INFO - Running command: ['bash', '-c', 'sleep 3']
[2021-08-10 02:12:39,904] {subprocess.py:75} INFO - Output:
[2021-08-10 02:12:42,906] {subprocess.py:83} INFO - Command exited with return code 0
[2021-08-10 02:12:42,938] {taskinstance.py:1184} INFO - Marking task as SUCCESS. dag_id=parallel_dag, task_id=task_4, execution_date=20210809T000000, start_date=20210810T021239, end_date=20210810T021242
[2021-08-10 02:12:42,967] {taskinstance.py:1245} INFO - 0 downstream tasks scheduled from follow-on schedule check
[2021-08-10 02:12:42,996] {local_task_job.py:151} INFO - Task exited with return code 0
