[2021-08-10 18:56:54,996] {taskinstance.py:876} INFO - Dependencies all met for <TaskInstance: xcom_dag.processing_tasks.training_model_a 2021-08-10T18:56:49.408194+00:00 [queued]>
[2021-08-10 18:56:55,052] {taskinstance.py:876} INFO - Dependencies all met for <TaskInstance: xcom_dag.processing_tasks.training_model_a 2021-08-10T18:56:49.408194+00:00 [queued]>
[2021-08-10 18:56:55,052] {taskinstance.py:1067} INFO - 
--------------------------------------------------------------------------------
[2021-08-10 18:56:55,052] {taskinstance.py:1068} INFO - Starting attempt 1 of 1
[2021-08-10 18:56:55,052] {taskinstance.py:1069} INFO - 
--------------------------------------------------------------------------------
[2021-08-10 18:56:55,073] {taskinstance.py:1087} INFO - Executing <Task(PythonOperator): processing_tasks.training_model_a> on 2021-08-10T18:56:49.408194+00:00
[2021-08-10 18:56:55,086] {standard_task_runner.py:52} INFO - Started process 279483 to run task
[2021-08-10 18:56:55,107] {standard_task_runner.py:76} INFO - Running: ['airflow', 'tasks', 'run', 'xcom_dag', 'processing_tasks.training_model_a', '2021-08-10T18:56:49.408194+00:00', '--job-id', '42', '--pool', 'default_pool', '--raw', '--subdir', 'DAGS_FOLDER/xcom_dag.py', '--cfg-path', '/tmp/tmpdizl7_av', '--error-file', '/tmp/tmp0zlb_94p']
[2021-08-10 18:56:55,118] {standard_task_runner.py:77} INFO - Job 42: Subtask processing_tasks.training_model_a
[2021-08-10 18:56:55,262] {logging_mixin.py:104} INFO - Running <TaskInstance: xcom_dag.processing_tasks.training_model_a 2021-08-10T18:56:49.408194+00:00 [running]> on host airflowvm
[2021-08-10 18:56:55,522] {taskinstance.py:1280} INFO - Exporting the following env vars:
AIRFLOW_CTX_DAG_OWNER=airflow
AIRFLOW_CTX_DAG_ID=xcom_dag
AIRFLOW_CTX_TASK_ID=processing_tasks.training_model_a
AIRFLOW_CTX_EXECUTION_DATE=2021-08-10T18:56:49.408194+00:00
AIRFLOW_CTX_DAG_RUN_ID=manual__2021-08-10T18:56:49.408194+00:00
[2021-08-10 18:56:55,533] {logging_mixin.py:104} INFO - model's accuracy: 8.613978165536679
[2021-08-10 18:56:55,657] {python.py:151} INFO - Done. Returned value was: None
[2021-08-10 18:56:55,707] {taskinstance.py:1184} INFO - Marking task as SUCCESS. dag_id=xcom_dag, task_id=processing_tasks.training_model_a, execution_date=20210810T185649, start_date=20210810T185655, end_date=20210810T185655
[2021-08-10 18:56:55,876] {taskinstance.py:1245} INFO - 0 downstream tasks scheduled from follow-on schedule check
[2021-08-10 18:56:55,933] {local_task_job.py:151} INFO - Task exited with return code 0
