[2021-08-11 00:00:07,125] {taskinstance.py:876} INFO - Dependencies all met for <TaskInstance: xcom_dag.task_4 2021-08-10T00:00:00+00:00 [queued]>
[2021-08-11 00:00:07,148] {taskinstance.py:876} INFO - Dependencies all met for <TaskInstance: xcom_dag.task_4 2021-08-10T00:00:00+00:00 [queued]>
[2021-08-11 00:00:07,149] {taskinstance.py:1067} INFO - 
--------------------------------------------------------------------------------
[2021-08-11 00:00:07,149] {taskinstance.py:1068} INFO - Starting attempt 1 of 1
[2021-08-11 00:00:07,149] {taskinstance.py:1069} INFO - 
--------------------------------------------------------------------------------
[2021-08-11 00:00:07,172] {taskinstance.py:1087} INFO - Executing <Task(BranchPythonOperator): task_4> on 2021-08-10T00:00:00+00:00
[2021-08-11 00:00:07,175] {standard_task_runner.py:52} INFO - Started process 371660 to run task
[2021-08-11 00:00:07,198] {standard_task_runner.py:76} INFO - Running: ['airflow', 'tasks', 'run', 'xcom_dag', 'task_4', '2021-08-10T00:00:00+00:00', '--job-id', '100', '--pool', 'default_pool', '--raw', '--subdir', 'DAGS_FOLDER/xcom_dag.py', '--cfg-path', '/tmp/tmpuf4epk5m', '--error-file', '/tmp/tmp1kbbmee5']
[2021-08-11 00:00:07,203] {standard_task_runner.py:77} INFO - Job 100: Subtask task_4
[2021-08-11 00:00:07,351] {logging_mixin.py:104} INFO - Running <TaskInstance: xcom_dag.task_4 2021-08-10T00:00:00+00:00 [running]> on host airflowvm
[2021-08-11 00:00:07,489] {taskinstance.py:1280} INFO - Exporting the following env vars:
AIRFLOW_CTX_DAG_OWNER=airflow
AIRFLOW_CTX_DAG_ID=xcom_dag
AIRFLOW_CTX_TASK_ID=task_4
AIRFLOW_CTX_EXECUTION_DATE=2021-08-10T00:00:00+00:00
AIRFLOW_CTX_DAG_RUN_ID=scheduled__2021-08-10T00:00:00+00:00
[2021-08-11 00:00:07,490] {logging_mixin.py:104} INFO - choose best model
[2021-08-11 00:00:07,500] {python.py:151} INFO - Done. Returned value was: inaccurate
[2021-08-11 00:00:07,503] {skipmixin.py:124} INFO - Following branch inaccurate
[2021-08-11 00:00:07,515] {skipmixin.py:155} INFO - Skipping tasks ['accurate']
[2021-08-11 00:00:07,596] {taskinstance.py:1184} INFO - Marking task as SUCCESS. dag_id=xcom_dag, task_id=task_4, execution_date=20210810T000000, start_date=20210811T000007, end_date=20210811T000007
[2021-08-11 00:00:07,658] {taskinstance.py:1245} INFO - 1 downstream tasks scheduled from follow-on schedule check
[2021-08-11 00:00:07,673] {local_task_job.py:151} INFO - Task exited with return code 0
