[2021-08-10 18:56:38,772] {taskinstance.py:876} INFO - Dependencies all met for <TaskInstance: xcom_dag.processing_tasks.training_model_c 2021-08-09T00:00:00+00:00 [queued]>
[2021-08-10 18:56:38,828] {taskinstance.py:876} INFO - Dependencies all met for <TaskInstance: xcom_dag.processing_tasks.training_model_c 2021-08-09T00:00:00+00:00 [queued]>
[2021-08-10 18:56:38,833] {taskinstance.py:1067} INFO - 
--------------------------------------------------------------------------------
[2021-08-10 18:56:38,839] {taskinstance.py:1068} INFO - Starting attempt 1 of 1
[2021-08-10 18:56:38,839] {taskinstance.py:1069} INFO - 
--------------------------------------------------------------------------------
[2021-08-10 18:56:38,874] {taskinstance.py:1087} INFO - Executing <Task(PythonOperator): processing_tasks.training_model_c> on 2021-08-09T00:00:00+00:00
[2021-08-10 18:56:38,881] {standard_task_runner.py:52} INFO - Started process 278840 to run task
[2021-08-10 18:56:38,905] {standard_task_runner.py:76} INFO - Running: ['airflow', 'tasks', 'run', 'xcom_dag', 'processing_tasks.training_model_c', '2021-08-09T00:00:00+00:00', '--job-id', '37', '--pool', 'default_pool', '--raw', '--subdir', 'DAGS_FOLDER/xcom_dag.py', '--cfg-path', '/tmp/tmpyc34pblo', '--error-file', '/tmp/tmpvs6ug0rz']
[2021-08-10 18:56:38,908] {standard_task_runner.py:77} INFO - Job 37: Subtask processing_tasks.training_model_c
[2021-08-10 18:56:39,217] {logging_mixin.py:104} INFO - Running <TaskInstance: xcom_dag.processing_tasks.training_model_c 2021-08-09T00:00:00+00:00 [running]> on host airflowvm
[2021-08-10 18:56:39,486] {taskinstance.py:1280} INFO - Exporting the following env vars:
AIRFLOW_CTX_DAG_OWNER=airflow
AIRFLOW_CTX_DAG_ID=xcom_dag
AIRFLOW_CTX_TASK_ID=processing_tasks.training_model_c
AIRFLOW_CTX_EXECUTION_DATE=2021-08-09T00:00:00+00:00
AIRFLOW_CTX_DAG_RUN_ID=scheduled__2021-08-09T00:00:00+00:00
[2021-08-10 18:56:39,487] {logging_mixin.py:104} INFO - model's accuracy: 7.651959403329458
[2021-08-10 18:56:39,561] {python.py:151} INFO - Done. Returned value was: None
[2021-08-10 18:56:39,600] {taskinstance.py:1184} INFO - Marking task as SUCCESS. dag_id=xcom_dag, task_id=processing_tasks.training_model_c, execution_date=20210809T000000, start_date=20210810T185638, end_date=20210810T185639
[2021-08-10 18:56:39,727] {taskinstance.py:1245} INFO - 0 downstream tasks scheduled from follow-on schedule check
[2021-08-10 18:56:39,777] {local_task_job.py:151} INFO - Task exited with return code 0
