[2021-08-10 18:56:50,614] {taskinstance.py:876} INFO - Dependencies all met for <TaskInstance: xcom_dag.downloading_data 2021-08-10T18:56:49.408194+00:00 [queued]>
[2021-08-10 18:56:50,631] {taskinstance.py:876} INFO - Dependencies all met for <TaskInstance: xcom_dag.downloading_data 2021-08-10T18:56:49.408194+00:00 [queued]>
[2021-08-10 18:56:50,632] {taskinstance.py:1067} INFO - 
--------------------------------------------------------------------------------
[2021-08-10 18:56:50,632] {taskinstance.py:1068} INFO - Starting attempt 1 of 1
[2021-08-10 18:56:50,633] {taskinstance.py:1069} INFO - 
--------------------------------------------------------------------------------
[2021-08-10 18:56:50,641] {taskinstance.py:1087} INFO - Executing <Task(BashOperator): downloading_data> on 2021-08-10T18:56:49.408194+00:00
[2021-08-10 18:56:50,643] {standard_task_runner.py:52} INFO - Started process 279255 to run task
[2021-08-10 18:56:50,650] {standard_task_runner.py:76} INFO - Running: ['airflow', 'tasks', 'run', 'xcom_dag', 'downloading_data', '2021-08-10T18:56:49.408194+00:00', '--job-id', '40', '--pool', 'default_pool', '--raw', '--subdir', 'DAGS_FOLDER/xcom_dag.py', '--cfg-path', '/tmp/tmpc358arbk', '--error-file', '/tmp/tmpspn98z3i']
[2021-08-10 18:56:50,651] {standard_task_runner.py:77} INFO - Job 40: Subtask downloading_data
[2021-08-10 18:56:50,764] {logging_mixin.py:104} INFO - Running <TaskInstance: xcom_dag.downloading_data 2021-08-10T18:56:49.408194+00:00 [running]> on host airflowvm
[2021-08-10 18:56:50,891] {taskinstance.py:1280} INFO - Exporting the following env vars:
AIRFLOW_CTX_DAG_OWNER=airflow
AIRFLOW_CTX_DAG_ID=xcom_dag
AIRFLOW_CTX_TASK_ID=downloading_data
AIRFLOW_CTX_EXECUTION_DATE=2021-08-10T18:56:49.408194+00:00
AIRFLOW_CTX_DAG_RUN_ID=manual__2021-08-10T18:56:49.408194+00:00
[2021-08-10 18:56:50,892] {subprocess.py:52} INFO - Tmp dir root location: 
 /tmp
[2021-08-10 18:56:50,893] {subprocess.py:63} INFO - Running command: ['bash', '-c', 'sleep 3']
[2021-08-10 18:56:50,900] {subprocess.py:75} INFO - Output:
[2021-08-10 18:56:53,903] {subprocess.py:83} INFO - Command exited with return code 0
[2021-08-10 18:56:53,933] {taskinstance.py:1184} INFO - Marking task as SUCCESS. dag_id=xcom_dag, task_id=downloading_data, execution_date=20210810T185649, start_date=20210810T185650, end_date=20210810T185653
[2021-08-10 18:56:53,964] {taskinstance.py:1245} INFO - 3 downstream tasks scheduled from follow-on schedule check
[2021-08-10 18:56:53,983] {local_task_job.py:151} INFO - Task exited with return code 0
