[2021-08-10 20:12:05,734] {taskinstance.py:876} INFO - Dependencies all met for <TaskInstance: xcom_dag.processing_tasks.training_model_c 2021-08-10T20:12:00.546068+00:00 [queued]>
[2021-08-10 20:12:05,793] {taskinstance.py:876} INFO - Dependencies all met for <TaskInstance: xcom_dag.processing_tasks.training_model_c 2021-08-10T20:12:00.546068+00:00 [queued]>
[2021-08-10 20:12:05,793] {taskinstance.py:1067} INFO - 
--------------------------------------------------------------------------------
[2021-08-10 20:12:05,793] {taskinstance.py:1068} INFO - Starting attempt 1 of 1
[2021-08-10 20:12:05,797] {taskinstance.py:1069} INFO - 
--------------------------------------------------------------------------------
[2021-08-10 20:12:05,828] {taskinstance.py:1087} INFO - Executing <Task(PythonOperator): processing_tasks.training_model_c> on 2021-08-10T20:12:00.546068+00:00
[2021-08-10 20:12:05,834] {standard_task_runner.py:52} INFO - Started process 295374 to run task
[2021-08-10 20:12:05,853] {standard_task_runner.py:76} INFO - Running: ['airflow', 'tasks', 'run', 'xcom_dag', 'processing_tasks.training_model_c', '2021-08-10T20:12:00.546068+00:00', '--job-id', '46', '--pool', 'default_pool', '--raw', '--subdir', 'DAGS_FOLDER/xcom_dag.py', '--cfg-path', '/tmp/tmpfe434cnf', '--error-file', '/tmp/tmp32h3y6yu']
[2021-08-10 20:12:05,861] {standard_task_runner.py:77} INFO - Job 46: Subtask processing_tasks.training_model_c
[2021-08-10 20:12:06,097] {logging_mixin.py:104} INFO - Running <TaskInstance: xcom_dag.processing_tasks.training_model_c 2021-08-10T20:12:00.546068+00:00 [running]> on host airflowvm
[2021-08-10 20:12:06,388] {taskinstance.py:1280} INFO - Exporting the following env vars:
AIRFLOW_CTX_DAG_OWNER=airflow
AIRFLOW_CTX_DAG_ID=xcom_dag
AIRFLOW_CTX_TASK_ID=processing_tasks.training_model_c
AIRFLOW_CTX_EXECUTION_DATE=2021-08-10T20:12:00.546068+00:00
AIRFLOW_CTX_DAG_RUN_ID=manual__2021-08-10T20:12:00.546068+00:00
[2021-08-10 20:12:06,397] {logging_mixin.py:104} INFO - model's accuracy: 3.0115281430204046
[2021-08-10 20:12:06,481] {python.py:151} INFO - Done. Returned value was: None
[2021-08-10 20:12:06,521] {taskinstance.py:1184} INFO - Marking task as SUCCESS. dag_id=xcom_dag, task_id=processing_tasks.training_model_c, execution_date=20210810T201200, start_date=20210810T201205, end_date=20210810T201206
[2021-08-10 20:12:06,650] {taskinstance.py:1245} INFO - 1 downstream tasks scheduled from follow-on schedule check
[2021-08-10 20:12:06,674] {local_task_job.py:151} INFO - Task exited with return code 0
