[2021-08-10 22:24:03,602] {taskinstance.py:876} INFO - Dependencies all met for <TaskInstance: xcom_dag.downloading_data 2021-08-10T22:24:02.391204+00:00 [queued]>
[2021-08-10 22:24:03,664] {taskinstance.py:876} INFO - Dependencies all met for <TaskInstance: xcom_dag.downloading_data 2021-08-10T22:24:02.391204+00:00 [queued]>
[2021-08-10 22:24:03,665] {taskinstance.py:1067} INFO - 
--------------------------------------------------------------------------------
[2021-08-10 22:24:03,666] {taskinstance.py:1068} INFO - Starting attempt 1 of 1
[2021-08-10 22:24:03,670] {taskinstance.py:1069} INFO - 
--------------------------------------------------------------------------------
[2021-08-10 22:24:03,707] {taskinstance.py:1087} INFO - Executing <Task(BashOperator): downloading_data> on 2021-08-10T22:24:02.391204+00:00
[2021-08-10 22:24:03,722] {standard_task_runner.py:52} INFO - Started process 342338 to run task
[2021-08-10 22:24:03,729] {standard_task_runner.py:76} INFO - Running: ['airflow', 'tasks', 'run', 'xcom_dag', 'downloading_data', '2021-08-10T22:24:02.391204+00:00', '--job-id', '91', '--pool', 'default_pool', '--raw', '--subdir', 'DAGS_FOLDER/xcom_dag.py', '--cfg-path', '/tmp/tmpbn6qi_28', '--error-file', '/tmp/tmppmyez8b2']
[2021-08-10 22:24:03,731] {standard_task_runner.py:77} INFO - Job 91: Subtask downloading_data
[2021-08-10 22:24:03,832] {logging_mixin.py:104} INFO - Running <TaskInstance: xcom_dag.downloading_data 2021-08-10T22:24:02.391204+00:00 [running]> on host airflowvm
[2021-08-10 22:24:03,955] {taskinstance.py:1280} INFO - Exporting the following env vars:
AIRFLOW_CTX_DAG_OWNER=airflow
AIRFLOW_CTX_DAG_ID=xcom_dag
AIRFLOW_CTX_TASK_ID=downloading_data
AIRFLOW_CTX_EXECUTION_DATE=2021-08-10T22:24:02.391204+00:00
AIRFLOW_CTX_DAG_RUN_ID=manual__2021-08-10T22:24:02.391204+00:00
[2021-08-10 22:24:03,956] {subprocess.py:52} INFO - Tmp dir root location: 
 /tmp
[2021-08-10 22:24:03,957] {subprocess.py:63} INFO - Running command: ['bash', '-c', 'sleep 3']
[2021-08-10 22:24:03,964] {subprocess.py:75} INFO - Output:
[2021-08-10 22:24:06,967] {subprocess.py:83} INFO - Command exited with return code 0
[2021-08-10 22:24:06,979] {taskinstance.py:1184} INFO - Marking task as SUCCESS. dag_id=xcom_dag, task_id=downloading_data, execution_date=20210810T222402, start_date=20210810T222403, end_date=20210810T222406
[2021-08-10 22:24:07,009] {taskinstance.py:1245} INFO - 3 downstream tasks scheduled from follow-on schedule check
[2021-08-10 22:24:07,037] {local_task_job.py:151} INFO - Task exited with return code 0
